NiklasMerz commented on 5 May 2016
I am using a Apache and ran ./letsencrpt-auto renew
`2016-05-05 07:36:46,390:INFO:letsencrypt.renewal:updating legacy http01_port value
2016-05-05 07:36:46,390:WARNING:letsencrypt.renewal:Renewal configuration file /etc/letsencrypt/renewal/XXXXXX.conf produced an unexpected error: Unrecognized challenges: dvsni. Skipping.
2016-05-05 07:36:46,390:DEBUG:letsencrypt.renewal:Traceback was:
Traceback (most recent call last):
File "/root/.local/share/letsencrypt/local/lib/python2.7/site-packages/letsencrypt/renewal.py", line 325, in renew_all_lineages
renewal_candidate = _reconstitute(lineage_config, renewal_file)
File "/root/.local/share/letsencrypt/local/lib/python2.7/site-packages/letsencrypt/renewal.py", line 80, in _reconstitute
_restore_plugin_configs(config, renewalparams)
File "/root/.local/share/letsencrypt/local/lib/python2.7/site-packages/letsencrypt/renewal.py", line 155, in _restore_plugin_configs
setattr(config.namespace, config_item, cast(config_value))
File "/root/.local/share/letsencrypt/local/lib/python2.7/site-packages/letsencrypt/plugins/standalone.py", line 127, in supported_challenges_validator
"Unrecognized challenges: {0}".format(", ".join(unrecognized)))
ArgumentTypeError: Unrecognized challenges: dvsni
2016-05-05 07:36:46,391:DEBUG:letsencrypt.main:Exiting abnormally:
Traceback (most recent call last):
File "/root/.local/share/letsencrypt/bin/letsencrypt", line 11, in
sys.exit(main())
File "/root/.local/share/letsencrypt/local/lib/python2.7/site-packages/letsencrypt/main.py", line 692, in main
return config.func(config, plugins)
File "/root/.local/share/letsencrypt/local/lib/python2.7/site-packages/letsencrypt/main.py", line 538, in renew
renewal.renew_all_lineages(config)
File "/root/.local/share/letsencrypt/local/lib/python2.7/site-packages/letsencrypt/renewal.py", line 355, in renew_all_lineages
renew_skipped, parse_failures)
File "/root/.local/share/letsencrypt/local/lib/python2.7/site-packages/letsencrypt/renewal.py", line 290, in _renew_describe_results
notify(parse_failures, "parsefail")
TypeError: append() takes exactly one argument (2 given)
`