bhojanidhrumil commented on Aug 28, 2019
root@kali:~/PycharmProjects/net_cut# pip install netfilterqueue
Collecting netfilterqueue
Using cached https://files.pythonhosted.org/packages/39/c4/8f73f70442aa4094b3c37876c96cddad2c3e74c058f6cd9cb017d37ffac0/NetfilterQueue-0.8.1.tar.gz
Building wheels for collected packages: netfilterqueue
Running setup.py bdist_wheel for netfilterqueue ... error
Complete output from command /usr/bin/python -u -c "import setuptools, tokenize;file='/tmp/pip-build-aQnS2K/netfilterqueue/setup.py';f=getattr(tokenize, 'open', open)(file);code=f.read().replace('\r\n', '\n');f.close();exec(compile(code, file, 'exec'))" bdist_wheel -d /tmp/tmp3xRJkVpip-wheel- --python-tag cp27:
running bdist_wheel
running build
running build_ext
building 'netfilterqueue' extension
creating build
creating build/temp.linux-x86_64-2.7
x86_64-linux-gnu-gcc -pthread -DNDEBUG -g -fwrapv -O2 -Wall -Wstrict-prototypes -fno-strict-aliasing -Wdate-time -D_FORTIFY_SOURCE=2 -g -fdebug-prefix-map=/build/python2.7-rHYsq1/python2.7-2.7.15=. -fstack-protector-strong -Wformat -Werror=format-security -fPIC -I/usr/include/python2.7 -c netfilterqueue.c -o build/temp.linux-x86_64-2.7/netfilterqueue.o
netfilterqueue.c:437:10: fatal error: libnfnetlink/linux_nfnetlink.h: No such file or directory
#include "libnfnetlink/linux_nfnetlink.h"
^~~~~~~~~~~~~~~~~~~~~~~~~~~~~~~~
compilation terminated.
error: command 'x86_64-linux-gnu-gcc' failed with exit status 1
Failed building wheel for netfilterqueue
Running setup.py clean for netfilterqueue
Failed to build netfilterqueue
Installing collected packages: netfilterqueue
Running setup.py install for netfilterqueue ... error
Complete output from command /usr/bin/python -u -c "import setuptools, tokenize;file='/tmp/pip-build-aQnS2K/netfilterqueue/setup.py';f=getattr(tokenize, 'open', open)(file);code=f.read().replace('\r\n', '\n');f.close();exec(compile(code, file, 'exec'))" install --record /tmp/pip-qEsuww-record/install-record.txt --single-version-externally-managed --compile:
running install
running build
running build_ext
building 'netfilterqueue' extension
creating build
creating build/temp.linux-x86_64-2.7
x86_64-linux-gnu-gcc -pthread -DNDEBUG -g -fwrapv -O2 -Wall -Wstrict-prototypes -fno-strict-aliasing -Wdate-time -D_FORTIFY_SOURCE=2 -g -fdebug-prefix-map=/build/python2.7-rHYsq1/python2.7-2.7.15=. -fstack-protector-strong -Wformat -Werror=format-security -fPIC -I/usr/include/python2.7 -c netfilterqueue.c -o build/temp.linux-x86_64-2.7/netfilterqueue.o
netfilterqueue.c:437:10: fatal error: libnfnetlink/linux_nfnetlink.h: No such file or directory
#include "libnfnetlink/linux_nfnetlink.h"
^~~~~~~~~~~~~~~~~~~~~~~~~~~~~~~~
compilation terminated.
error: command 'x86_64-linux-gnu-gcc' failed with exit status 1
----------------------------------------
Command "/usr/bin/python -u -c "import setuptools, tokenize;file='/tmp/pip-build-aQnS2K/netfilterqueue/setup.py';f=getattr(tokenize, 'open', open)(file);code=f.read().replace('\r\n', '\n');f.close();exec(compile(code, file, 'exec'))" install --record /tmp/pip-qEsuww-record/install-record.txt --single-version-externally-managed --compile" failed with error code 1 in /tmp/pip-build-aQnS2K/netfilterqueue/