Contributor
SimonSapin commented on 19 Mar 2012
Running tox, I get the following error for Python 2.5, 2.6 and PyPy, but not 2.7. I have no idea where the real problem is. Is it in CPython/PyPy rather than Flask?
FAIL: test_memory_consumption (flask.testsuite.regression.MemoryTestCase)
----------------------------------------------------------------------
Traceback (most recent call last):
  File "/home/simon/dev/projects/flask/flask/testsuite/regression.py", line 77, in test_memory_consumption
    fire()
  File "/home/simon/dev/projects/flask/flask/testsuite/regression.py", line 50, in __exit__
    self.testcase.fail('Example code leaked')
AssertionError: Example code leaked