FAILED test after installation (AssertionError)