alanchang-math commented on Nov 22, 2014
I ran nosetests -v sklearn after installing scikit-learn today, and following test returned an error:
======================================================================
ERROR: sklearn.linear_model.tests.test_omp.test_omp_reaches_least_squares
----------------------------------------------------------------------
Traceback (most recent call last):
  File "/Library/Python/2.7/site-packages/nose/case.py", line 197, in runTest
    self.test(*self.arg)
  File "/Users/alanchang/Library/Python/2.7/lib/python/site-packages/sklearn/linear_model/tests/test_omp.py", line 215, in test_omp_reaches_least_squares
    omp.fit(X, Y)
  File "/Users/alanchang/Library/Python/2.7/lib/python/site-packages/sklearn/linear_model/omp.py", line 694, in fit
    copy_Gram, True).T
  File "/Users/alanchang/Library/Python/2.7/lib/python/site-packages/sklearn/linear_model/omp.py", line 482, in orthogonal_mp_gram
    return_path=return_path)
  File "/Users/alanchang/Library/Python/2.7/lib/python/site-packages/sklearn/linear_model/omp.py", line 220, in _gram_omp
    **solve_triangular_args)
  File "/System/Library/Frameworks/Python.framework/Versions/2.7/Extras/lib/python/scipy/linalg/basic.py", line 137, in solve_triangular
    a1, b1 = map(np.asarray_chkfinite,(a,b))
  File "/System/Library/Frameworks/Python.framework/Versions/2.7/Extras/lib/python/numpy/lib/function_base.py", line 590, in asarray_chkfinite
    "array must not contain infs or NaNs")
ValueError: array must not contain infs or NaNs

----------------------------------------------------------------------
Ran 3342 tests in 210.842s

FAILED (SKIP=22, errors=1)
Does anyone know what the problem might be?