Billy213 commented on Mar 31, 2015
ERROR: sklearn.tests.test_common.test_transformer_n_iter('CCA', CCA(copy=True, m
ax_iter=500, n_components=2, scale=True, tol=1e-06))
Traceback (most recent call last):
File "C:\Python27\lib\site-packages\nose\case.py", line 197, in runTest
self.test(*self.arg)
File "C:\Python27\lib\site-packages\sklearn\utils\estimator_checks.py", line 1
112, in check_transformer_n_iter
estimator.fit(X, y_)
File "C:\Python27\lib\site-packages\sklearn\cross_decomposition\pls_.py", line
329, in fit
linalg.pinv(np.dot(self.x_loadings_.T, self.x_weights_)))
File "C:\Python27\lib\site-packages\scipy\linalg\basic.py", line 600, in pinv
a = np.asarray_chkfinite(a)
File "C:\Python27\lib\site-packages\numpy\lib\function_base.py", line 595, in
asarray_chkfinite
"array must not contain infs or NaNs")
ValueError: array must not contain infs or NaNs
Ran 4063 tests in 126.356s
FAILED (SKIP=25, errors=1)