Member
fabianp commented on Aug 24, 2011
The _svmlight_format.cpp does not build over Python3. I'm putting it as a milestone as I would really like to have python3 support in the next release.
Here is the backtrace:
g++: scikits/learn/datasets/_svmlight_format.cpp
scikits/learn/datasets/_svmlight_format.cpp:82:67: warning: missing braces around initializer for 'PyObject'
scikits/learn/datasets/_svmlight_format.cpp:83:67: warning: missing braces around initializer for 'PyObject'
scikits/learn/datasets/_svmlight_format.cpp: In function 'PyObject* init_svmlight_format()':
scikits/learn/datasets/_svmlight_format.cpp:332:5: error: return-statement with no value, in function returning 'PyObject*'
scikits/learn/datasets/_svmlight_format.cpp:336:37: error: 'Py_InitModule3' was not declared in this scope
scikits/learn/datasets/_svmlight_format.cpp:337:1: warning: no return statement in function returning non-void
scikits/learn/datasets/_svmlight_format.cpp:82:67: warning: missing braces around initializer for 'PyObject'
scikits/learn/datasets/_svmlight_format.cpp:83:67: warning: missing braces around initializer for 'PyObject'
scikits/learn/datasets/_svmlight_format.cpp: In function 'PyObject* init_svmlight_format()':
scikits/learn/datasets/_svmlight_format.cpp:332:5: error: return-statement with no value, in function returning 'PyObject*'
scikits/learn/datasets/_svmlight_format.cpp:336:37: error: 'Py_InitModule3' was not declared in this scope
scikits/learn/datasets/_svmlight_format.cpp:337:1: warning: no return statement in function returning non-void
ping also @mblondel :-)