BabyOutcast commented on Jul 3, 2018
_dbscan_inner.cpp
c:\users\prasanth chettri\appdata\local\programs\python\python37\lib\site-packages\numpy\core\include\numpy\npy_1_7_deprecated_api.h(12) : Warning Msg: Using deprecated NumPy API, disable it by #defining NPY_NO_DEPRECATED_API NPY_1_7_API_VERSION
sklearn\cluster_dbscan_inner.cpp(5960): error C2039: 'exc_type': is not a member of '_ts'
c:\users\prasanth chettri\appdata\local\programs\python\python37\include\pystate.h(209): note: see declaration of '_ts'
sklearn\cluster_dbscan_inner.cpp(5961): error C2039: 'exc_value': is not a member of '_ts'
c:\users\prasanth chettri\appdata\local\programs\python\python37\include\pystate.h(209): note: see declaration of '_ts'
sklearn\cluster_dbscan_inner.cpp(5962): error C2039: 'exc_traceback': is not a member of '_ts'
c:\users\prasanth chettri\appdata\local\programs\python\python37\include\pystate.h(209): note: see declaration of '_ts'
sklearn\cluster_dbscan_inner.cpp(5969): error C2039: 'exc_type': is not a member of '_ts'
c:\users\prasanth chettri\appdata\local\programs\python\python37\include\pystate.h(209): note: see declaration of '_ts'
sklearn\cluster_dbscan_inner.cpp(5970): error C2039: 'exc_value': is not a member of '_ts'
c:\users\prasanth chettri\appdata\local\programs\python\python37\include\pystate.h(209): note: see declaration of '_ts'
sklearn\cluster_dbscan_inner.cpp(5971): error C2039: 'exc_traceback': is not a member of '_ts'
c:\users\prasanth chettri\appdata\local\programs\python\python37\include\pystate.h(209): note: see declaration of '_ts'
sklearn\cluster_dbscan_inner.cpp(5972): error C2039: 'exc_type': is not a member of '_ts'
c:\users\prasanth chettri\appdata\local\programs\python\python37\include\pystate.h(209): note: see declaration of '_ts'
sklearn\cluster_dbscan_inner.cpp(5973): error C2039: 'exc_value': is not a member of '_ts'
c:\users\prasanth chettri\appdata\local\programs\python\python37\include\pystate.h(209): note: see declaration of '_ts'
sklearn\cluster_dbscan_inner.cpp(5974): error C2039: 'exc_traceback': is not a member of '_ts'
c:\users\prasanth chettri\appdata\local\programs\python\python37\include\pystate.h(209): note: see declaration of '_ts'
sklearn\cluster_dbscan_inner.cpp(6029): error C2039: 'exc_type': is not a member of '_ts'
c:\users\prasanth chettri\appdata\local\programs\python\python37\include\pystate.h(209): note: see declaration of '_ts'
sklearn\cluster_dbscan_inner.cpp(6030): error C2039: 'exc_value': is not a member of '_ts'
c:\users\prasanth chettri\appdata\local\programs\python\python37\include\pystate.h(209): note: see declaration of '_ts'
sklearn\cluster_dbscan_inner.cpp(6031): error C2039: 'exc_traceback': is not a member of '_ts'
c:\users\prasanth chettri\appdata\local\programs\python\python37\include\pystate.h(209): note: see declaration of '_ts'
sklearn\cluster_dbscan_inner.cpp(6032): error C2039: 'exc_type': is not a member of '_ts'
c:\users\prasanth chettri\appdata\local\programs\python\python37\include\pystate.h(209): note: see declaration of '_ts'
sklearn\cluster_dbscan_inner.cpp(6033): error C2039: 'exc_value': is not a member of '_ts'
c:\users\prasanth chettri\appdata\local\programs\python\python37\include\pystate.h(209): note: see declaration of '_ts'
sklearn\cluster_dbscan_inner.cpp(6034): error C2039: 'exc_traceback': is not a member of '_ts'
c:\users\prasanth chettri\appdata\local\programs\python\python37\include\pystate.h(209): note: see declaration of '_ts'
----------------------------------------
Command ""c:\users\prasanth chettri\appdata\local\programs\python\python37\python.exe" -u -c "import setuptools, tokenize;file='C:\Users\PRASAN1\AppData\Local\Temp\pip-install-sxdgy2gx\scikit-learn\setup.py';f=getattr(tokenize, 'open', open)(file);code=f.read().replace('\r\n', '\n');f.close();exec(compile(code, file, 'exec'))" install --record C:\Users\PRASAN1\AppData\Local\Temp\pip-record-dheiq8_j\install-record.txt --single-version-externally-managed --compile" failed with error code 1 in C:\Users\PRASAN~1\AppData\Local\Temp\pip-install-sxdgy2gx\scikit-learn\