izLHC commented on Aug 26, 2015
I installed scikit-learn on a RedHat 6 machine using conda. Below is the output of install testing command
nosetests -v sklearn > sklearn.test.log.txt 2>&1
less all "... ok" lines
"LOCAL-MINICONDA-DIR" is the path to my root conda directory that also has Python 2.7.10 installed in it.
Questions:
How can I get rid of the errors?
Are these errors critical to running Naive Bayes components of the library?
sklearn.cluster.tests.test_bicluster.test_perfect_checkerboard ... SKIP: This test is failing on the buildbot, but cannot reproduce. Temporarily disabling it until it can be reproduced and fixed.
sklearn.cluster.tests.test_k_means.test_k_means_plus_plus_init_2_jobs ... SKIP: Multi-process bug with OpenBLAS (see issue #636)
sklearn.covariance.tests.test_graph_lasso.test_graph_lasso_cv ... LOCAL-MINICONDA-DIR/lib/python2.7/site-packages/sklearn/covariance/graph_lasso_.py:221: RuntimeWarning: invalid value encountered in multiply
coefs)
LOCAL-MINICONDA-DIR/lib/python2.7/site-packages/sklearn/covariance/graph_lasso_.py:223: RuntimeWarning: invalid value encountered in multiply
coefs)
LOCAL-MINICONDA-DIR/lib/python2.7/site-packages/numpy/linalg/linalg.py:1676: RuntimeWarning: invalid value encountered in slogdet
sign, logdet = _umath_linalg.slogdet(a, signature=signature)
ok
sklearn.datasets.tests.test_20news.test_20news ... SKIP: Download 20 newsgroups to run this test
sklearn.datasets.tests.test_20news.test_20news_vectorized ... SKIP: Test too slow.
sklearn.datasets.tests.test_base.test_load_sample_images ... LOCAL-MINICONDA-DIR/lib/python2.7/site-packages/sklearn/datasets/tests/test_base.py:118: UserWarning: Could not load sample images, PIL is not available.
warnings.warn("Could not load sample images, PIL is not available.")
ok
sklearn.datasets.tests.test_base.test_load_sample_image ... LOCAL-MINICONDA-DIR/lib/python2.7/site-packages/sklearn/datasets/tests/test_base.py:139: UserWarning: Could not load sample images, PIL is not available.
warnings.warn("Could not load sample images, PIL is not available.")
ok
sklearn.datasets.tests.test_base.test_load_missing_sample_image_error ... LOCAL-MINICONDA-DIR/lib/python2.7/site-packages/sklearn/datasets/tests/test_base.py:155: UserWarning: Could not load sample images, PIL is not available.
warnings.warn("Could not load sample images, PIL is not available.")
ok
sklearn.datasets.tests.test_covtype.test_fetch ... SKIP: Covertype dataset can not be loaded.
SKIP: PIL not installed.
sklearn.decomposition.tests.test_kernel_pca.test_kernel_pca ... LOCAL-MINICONDA-DIR/lib/python2.7/unittest/case.py:521: DeprecationWarning: elementwise comparison failed; this will raise the error in the future.
if not first != second:
ok
sklearn.decomposition.tests.test_sparse_pca.test_fit_transform ... LOCAL-MINICONDA-DIR/lib/python2.7/site-packages/sklearn/linear_model/coordinate_descent.py:444: ConvergenceWarning: Objective did not converge. You might want to increase the number of iterations
ConvergenceWarning)
ok
sklearn.decomposition.tests.test_sparse_pca.test_mini_batch_fit_transform ... SKIP: skipping mini_batch_fit_transform.
sklearn.ensemble.tests.test_partial_dependence.test_plot_partial_dependence ... SKIP: Matplotlib not available.
sklearn.ensemble.tests.test_partial_dependence.test_plot_partial_dependence_input ... SKIP: Matplotlib not available.
sklearn.ensemble.tests.test_partial_dependence.test_plot_partial_dependence_multiclass ... SKIP: Matplotlib not available.
sklearn.feature_selection.tests.test_rfe.test_rfe_set_params ... LOCAL-MINICONDA-DIR/lib/python2.7/site-packages/sklearn/feature_selection/rfe.py:145: DeprecationWarning: The parameter 'estimator_params' is deprecated as of version 0.16 and will be removed in 0.18. The parameter is no longer necessary because the value is set via the estimator initialisation or set_params function.
, DeprecationWarning)
ok
sklearn.gaussian_process.tests.test_gaussian_process.test_2d ... ERROR
sklearn.gaussian_process.tests.test_gaussian_process.test_2d_2d ... ERROR
sklearn.gaussian_process.tests.test_gaussian_process.test_more_builtin_correlation_models ... ERROR
sklearn.gaussian_process.tests.test_gaussian_process.test_ordinary_kriging ... ERROR
sklearn.gaussian_process.tests.test_gaussian_process.test_random_starts ... ERROR
sklearn.linear_model.tests.test_bayes.test_bayesian_on_diabetes ... SKIP: XFailed Test
sklearn.linear_model.tests.test_coordinate_descent.test_multitask_enet_and_lasso_cv ... LOCAL-MINICONDA-DIR/lib/python2.7/site-packages/sklearn/linear_model/coordinate_descent.py:1615: UserWarning: Objective did not converge, you might want to increase the number of iterations
warnings.warn('Objective did not converge, you might want'
ok
sklearn.linear_model.tests.test_least_angle.test_lasso_lars_vs_lasso_cd_ill_conditioned2 ... LOCAL-MINICONDA-DIR/lib/python2.7/site-packages/sklearn/linear_model/coordinate_descent.py:444: ConvergenceWarning: Objective did not converge. You might want to increase the number of iterations
ConvergenceWarning)
ok
sklearn.linear_model.tests.test_logistic.test_logistic_regression_convergence_warnings ... iter 1 act 8.152e+00 pre 7.238e+00 delta 1.234e+00 f 1.386e+01 |g| 1.661e+01 CG 3
iter 2 act 1.018e+00 pre 8.898e-01 delta 1.234e+00 f 5.711e+00 |g| 3.802e+00 CG 3
ok
sklearn.linear_model.tests.test_omp.test_unreachable_accuracy ... LOCAL-MINICONDA-DIR/lib/python2.7/site-packages/sklearn/linear_model/omp.py:383: RuntimeWarning: Orthogonal matching pursuit ended prematurely due to linear
dependence in the dictionary. The requested precision might not have been met.
copy_X=copy_X, return_path=return_path)
LOCAL-MINICONDA-DIR/lib/python2.7/site-packages/sklearn/linear_model/omp.py:372: RuntimeWarning: Orthogonal matching pursuit ended prematurely due to linear
dependence in the dictionary. The requested precision might not have been met.
copy_Gram=copy_X, copy_Xy=False, return_path=return_path)
ok
sklearn.linear_model.tests.test_omp.test_omp_cv ... LOCAL-MINICONDA-DIR/lib/python2.7/site-packages/sklearn/linear_model/omp.py:383: RuntimeWarning: Orthogonal matching pursuit ended prematurely due to linear
dependence in the dictionary. The requested precision might not have been met.
copy_X=copy_X, return_path=return_path)
ok
test_sgd_proba (sklearn.linear_model.tests.test_sgd.DenseSGDClassifierTestCase) ... LOCAL-MINICONDA-DIR/lib/python2.7/site-packages/sklearn/linear_model/stochastic_gradient.py:841: RuntimeWarning: divide by zero encountered in log
return np.log(self.predict_proba(X))
ok
test_sgd_proba (sklearn.linear_model.tests.test_sgd.SparseSGDClassifierTestCase) ... LOCAL-MINICONDA-DIR/lib/python2.7/site-packages/sklearn/linear_model/stochastic_gradient.py:841: RuntimeWarning: divide by zero encountered in log
return np.log(self.predict_proba(X))
ok
Assert Silhouette Coefficient != nan when there is 1 sample in a class. ... LOCAL-MINICONDA-DIR/lib/python2.7/site-packages/numpy/core/_methods.py:59: RuntimeWarning: Mean of empty slice.
warnings.warn("Mean of empty slice.", RuntimeWarning)
LOCAL-MINICONDA-DIR/lib/python2.7/site-packages/numpy/core/_methods.py:71: RuntimeWarning: invalid value encountered in double_scalars
ret = ret.dtype.type(ret / rcount)
ok
sklearn.metrics.tests.test_classification.test_multilabel_hamming_loss ... LOCAL-MINICONDA-DIR/lib/python2.7/site-packages/numpy/core/fromnumeric.py:2055: DeprecationWarning: numpy boolean subtract (the binary - operator) is deprecated, use the bitwise_xor (the ^ operator) or the logical_xor function instead.
return ptp(axis, out)
ok
sklearn.metrics.tests.test_common.test_no_averaging_labels ... LOCAL-MINICONDA-DIR/lib/python2.7/site-packages/sklearn/metrics/classification.py:958: UndefinedMetricWarning: Precision is ill-defined and being set to 0.0 in labels with no predicted samples.
'precision', 'predicted', average, warn_for)
LOCAL-MINICONDA-DIR/lib/python2.7/site-packages/sklearn/metrics/classification.py:960: UndefinedMetricWarning: Recall is ill-defined and being set to 0.0 in labels with no true samples.
'recall', 'true', average, warn_for)
LOCAL-MINICONDA-DIR/lib/python2.7/site-packages/sklearn/metrics/classification.py:958: UndefinedMetricWarning: F-score is ill-defined and being set to 0.0 in labels with no predicted samples.
'precision', 'predicted', average, warn_for)
LOCAL-MINICONDA-DIR/lib/python2.7/site-packages/sklearn/metrics/classification.py:960: UndefinedMetricWarning: F-score is ill-defined and being set to 0.0 in labels with no true samples.
'recall', 'true', average, warn_for)
ok
sklearn.metrics.tests.test_ranking.test_roc_curve_toydata ... LOCAL-MINICONDA-DIR/lib/python2.7/site-packages/sklearn/metrics/ranking.py:496: UndefinedMetricWarning: No positive samples in y_true, true positive value should be meaningless
UndefinedMetricWarning)
LOCAL-MINICONDA-DIR/lib/python2.7/site-packages/sklearn/metrics/ranking.py:488: UndefinedMetricWarning: No negative samples in y_true, false positive value should be meaningless
UndefinedMetricWarning)
ok
sklearn.metrics.tests.test_ranking.test_precision_recall_curve_errors ... LOCAL-MINICONDA-DIR/lib/python2.7/site-packages/sklearn/metrics/ranking.py:292: DeprecationWarning: elementwise comparison failed; this will raise the error in the future.
not (np.all(classes == [0, 1]) or
LOCAL-MINICONDA-DIR/lib/python2.7/site-packages/sklearn/metrics/ranking.py:293: DeprecationWarning: elementwise comparison failed; this will raise the error in the future.
np.all(classes == [-1, 1]) or
ok
sklearn.svm.tests.test_sparse.test_consistent_proba ... LOCAL-MINICONDA-DIR/lib/python2.7/site-packages/sklearn/svm/base.py:209: ConvergenceWarning: Solver terminated early (max_iter=1). Consider pre-processing your data with StandardScaler or MinMaxScaler.
% self.max_iter, ConvergenceWarning)
ok
sklearn.svm.tests.test_svm.test_auto_weight ... LOCAL-MINICONDA-DIR/lib/python2.7/site-packages/sklearn/metrics/classification.py:958: UndefinedMetricWarning: F-score is ill-defined and being set to 0.0 in labels with no predicted samples.
'precision', 'predicted', average, warn_for)
ok
sklearn.svm.tests.test_svm.test_consistent_proba ... LOCAL-MINICONDA-DIR/lib/python2.7/site-packages/sklearn/svm/base.py:209: ConvergenceWarning: Solver terminated early (max_iter=1). Consider pre-processing your data with StandardScaler or MinMaxScaler.
% self.max_iter, ConvergenceWarning)
ok
sklearn.svm.tests.test_svm.test_linear_svc_convergence_warnings ...
optimization finished, #iter = 2
WARNING: reaching max number of iterations
Using -s 2 may be faster (also see FAQ)
Objective value = -0.205991
nSV = 3
ok
sklearn.tree.tests.test_tree.test_probability ... LOCAL-MINICONDA-DIR/lib/python2.7/site-packages/sklearn/tree/tree.py:634: RuntimeWarning: divide by zero encountered in log
return np.log(proba)
ok
sklearn.tree.tests.test_tree.test_multioutput ... LOCAL-MINICONDA-DIR/lib/python2.7/site-packages/sklearn/tree/tree.py:638: RuntimeWarning: divide by zero encountered in log
proba[k] = np.log(proba[k])
ok
sklearn.utils.tests.test_multiclass.test_is_label_indicator_matrix ... LOCAL-MINICONDA-DIR/lib/python2.7/site-packages/numpy/core/arrayprint.py:641: DeprecationWarning: elementwise comparison failed; this will raise the error in the future.
max_str_len = max(len(str(maximum.reduce(data))),
LOCAL-MINICONDA-DIR/lib/python2.7/site-packages/numpy/core/fromnumeric.py:2055: DeprecationWarning: numpy boolean subtract (the binary - operator) is deprecated, use the bitwise_xor (the ^ operator) or the logical_xor function instead.
return ptp(axis, out)
ok
sklearn.utils.tests.test_multiclass.test_is_sequence_of_sequences ... LOCAL-MINICONDA-DIR/lib/python2.7/site-packages/numpy/core/arrayprint.py:641: DeprecationWarning: elementwise comparison failed; this will raise the error in the future.
max_str_len = max(len(str(maximum.reduce(data))),
ok
sklearn.utils.tests.test_random.test_random_choice_csc ... LOCAL-MINICONDA-DIR/lib/python2.7/site-packages/sklearn/utils/random.py:279: RuntimeWarning: invalid value encountered in true_divide
np.sum(class_probability_nz))
ok
sklearn.tests.test_common.test_all_estimator_no_base_class ... LOCAL-MINICONDA-DIR/lib/python2.7/site-packages/sklearn/metrics/metrics.py:4: DeprecationWarning: sklearn.metrics.metrics is deprecated and will be removed in 0.18. Please import from sklearn.metrics
DeprecationWarning)
ok
sklearn.tests.test_common.test_non_meta_estimators('CCA', <class 'sklearn.cross_decomposition.cca_.CCA'>) ... LOCAL-MINICONDA-DIR/lib/python2.7/site-packages/sklearn/cross_decomposition/pls_.py:277: UserWarning: Y residual constant at iteration 1
warnings.warn('Y residual constant at iteration %s' % k)
ok
sklearn.tests.test_common.test_non_meta_estimators('ElasticNetCV', <class 'sklearn.linear_model.coordinate_descent.ElasticNetCV'>) ... LOCAL-MINICONDA-DIR/lib/python2.7/site-packages/sklearn/linear_model/coordinate_descent.py:444: ConvergenceWarning: Objective did not converge. You might want to increase the number of iterations
ConvergenceWarning)
ok
sklearn.tests.test_common.test_non_meta_estimators('ElasticNetCV', <class 'sklearn.linear_model.coordinate_descent.ElasticNetCV'>) ... LOCAL-MINICONDA-DIR/lib/python2.7/site-packages/sklearn/linear_model/coordinate_descent.py:444: ConvergenceWarning: Objective did not converge. You might want to increase the number of iterations
ConvergenceWarning)
ok
sklearn.tests.test_common.test_non_meta_estimators('FastICA', <class 'sklearn.decomposition.fastica_.FastICA'>) ... LOCAL-MINICONDA-DIR/lib/python2.7/site-packages/sklearn/decomposition/fastica_.py:117: UserWarning: FastICA did not converge. You might want to increase the number of iterations.
' to increase the number of iterations.')
ok
sklearn.tests.test_common.test_non_meta_estimators('KernelRidge', <class 'sklearn.kernel_ridge.KernelRidge'>) ... ERROR
sklearn.tests.test_common.test_non_meta_estimators('LSHForest', <class 'sklearn.neighbors.approximate.LSHForest'>) ... LOCAL-MINICONDA-DIR/lib/python2.7/site-packages/sklearn/random_projection.py:369: DataDimensionalityWarning: The number of components is higher than the number of features: n_features < n_components (10 < 32).The dimensionality of the problem will not be reduced.
DataDimensionalityWarning)
ok
sklearn.tests.test_common.test_non_meta_estimators('LSHForest', <class 'sklearn.neighbors.approximate.LSHForest'>) ... LOCAL-MINICONDA-DIR/lib/python2.7/site-packages/sklearn/random_projection.py:369: DataDimensionalityWarning: The number of components is higher than the number of features: n_features < n_components (2 < 32).The dimensionality of the problem will not be reduced.
DataDimensionalityWarning)
ok
sklearn.tests.test_common.test_non_meta_estimators('LSHForest', <class 'sklearn.neighbors.approximate.LSHForest'>) ... LOCAL-MINICONDA-DIR/lib/python2.7/site-packages/sklearn/random_projection.py:369: DataDimensionalityWarning: The number of components is higher than the number of features: n_features < n_components (10 < 32).The dimensionality of the problem will not be reduced.
DataDimensionalityWarning)
ok
sklearn.tests.test_common.test_non_meta_estimators('LassoCV', <class 'sklearn.linear_model.coordinate_descent.LassoCV'>) ... LOCAL-MINICONDA-DIR/lib/python2.7/site-packages/sklearn/linear_model/coordinate_descent.py:444: ConvergenceWarning: Objective did not converge. You might want to increase the number of iterations
ConvergenceWarning)
ok
sklearn.tests.test_common.test_non_meta_estimators('MultiTaskElasticNetCV', <class 'sklearn.linear_model.coordinate_descent.MultiTaskElasticNetCV'>) ... LOCAL-MINICONDA-DIR/lib/python2.7/site-packages/sklearn/linear_model/coordinate_descent.py:444: ConvergenceWarning: Objective did not converge. You might want to increase the number of iterations
ConvergenceWarning)
LOCAL-MINICONDA-DIR/lib/python2.7/site-packages/sklearn/linear_model/coordinate_descent.py:1615: UserWarning: Objective did not converge, you might want to increase the number of iterations
warnings.warn('Objective did not converge, you might want'
ok
sklearn.tests.test_common.test_non_meta_estimators('MultiTaskLassoCV', <class 'sklearn.linear_model.coordinate_descent.MultiTaskLassoCV'>) ... LOCAL-MINICONDA-DIR/lib/python2.7/site-packages/sklearn/linear_model/coordinate_descent.py:444: ConvergenceWarning: Objective did not converge. You might want to increase the number of iterations
ConvergenceWarning)
LOCAL-MINICONDA-DIR/lib/python2.7/site-packages/sklearn/linear_model/coordinate_descent.py:1615: UserWarning: Objective did not converge, you might want to increase the number of iterations
warnings.warn('Objective did not converge, you might want'
ok
sklearn.tests.test_common.test_non_meta_estimators('NMF', <class 'sklearn.decomposition.nmf.NMF'>) ... LOCAL-MINICONDA-DIR/lib/python2.7/site-packages/sklearn/decomposition/nmf.py:532: UserWarning: Iteration limit reached during fit. Solving for W exactly.
warnings.warn("Iteration limit reached during fit. Solving for W exactly.")
ok
sklearn.tests.test_common.test_non_meta_estimators('Nystroem', <class 'sklearn.kernel_approximation.Nystroem'>) ... LOCAL-MINICONDA-DIR/lib/python2.7/site-packages/sklearn/kernel_approximation.py:455: UserWarning: n_components > n_samples. This is not possible.
n_components was set to n_samples, which results in inefficient evaluation of the full kernel.
warnings.warn("n_components > n_samples. This is not possible.\n"
ok
sklearn.tests.test_common.test_non_meta_estimators('PLSCanonical', <class 'sklearn.cross_decomposition.pls_.PLSCanonical'>) ... LOCAL-MINICONDA-DIR/lib/python2.7/site-packages/sklearn/cross_decomposition/pls_.py:277: UserWarning: Y residual constant at iteration 1
warnings.warn('Y residual constant at iteration %s' % k)
ok
sklearn.tests.test_common.test_non_meta_estimators('ProjectedGradientNMF', <class 'sklearn.decomposition.nmf.ProjectedGradientNMF'>) ... LOCAL-MINICONDA-DIR/lib/python2.7/site-packages/sklearn/decomposition/nmf.py:532: UserWarning: Iteration limit reached during fit. Solving for W exactly.
warnings.warn("Iteration limit reached during fit. Solving for W exactly.")
ok
sklearn.tests.test_common.test_non_meta_estimators('QDA', <class 'sklearn.qda.QDA'>) ... LOCAL-MINICONDA-DIR/lib/python2.7/site-packages/sklearn/qda.py:133: UserWarning: Variables are collinear
warnings.warn("Variables are collinear")
ok
sklearn.tests.test_common.test_non_meta_estimators('SpectralEmbedding', <class 'sklearn.manifold.spectral_embedding_.SpectralEmbedding'>) ... LOCAL-MINICONDA-DIR/lib/python2.7/site-packages/sklearn/manifold/spectral_embedding_.py:407: UserWarning: Nearest neighbors affinity currently does not support sparse input, falling back to rbf affinity
warnings.warn("Nearest neighbors affinity currently does "
ok
sklearn.tests.test_common.test_non_meta_estimators('TheilSenRegressor', <class 'sklearn.linear_model.theil_sen.TheilSenRegressor'>) ... LOCAL-MINICONDA-DIR/lib/python2.7/site-packages/sklearn/linear_model/theil_sen.py:128: ConvergenceWarning: Maximum number of iterations 5 reached in spatial median for TheilSen regressor.
"".format(max_iter=max_iter), ConvergenceWarning)
ok
sklearn.tests.test_common.test_non_meta_estimators('Ward', <class 'sklearn.cluster.hierarchical.Ward'>) ... LOCAL-MINICONDA-DIR/lib/python2.7/site-packages/sklearn/cluster/hierarchical.py:938: DeprecationWarning: The Ward class is deprecated since 0.14 and will be removed in 0.17. Use the AgglomerativeClustering instead.
"instead.", DeprecationWarning)
ok
sklearn.tests.test_common.test_non_meta_estimators('WardAgglomeration', <class 'sklearn.cluster.hierarchical.WardAgglomeration'>) ... LOCAL-MINICONDA-DIR/lib/python2.7/site-packages/sklearn/cluster/hierarchical.py:938: DeprecationWarning: The Ward class is deprecated since 0.14 and will be removed in 0.17. Use the AgglomerativeClustering instead.
"instead.", DeprecationWarning)
ok
sklearn.tests.test_common.test_transformers('Birch', <class 'sklearn.cluster.birch.Birch'>) ... LOCAL-MINICONDA-DIR/lib/python2.7/site-packages/sklearn/cluster/birch.py:599: UserWarning: Number of subclusters found (2) by Birch is less than (3). Decrease the threshold.
% (len(centroids), self.n_clusters))
ok
sklearn.tests.test_common.test_transformers('CCA', <class 'sklearn.cross_decomposition.cca_.CCA'>) ... LOCAL-MINICONDA-DIR/lib/python2.7/site-packages/sklearn/cross_decomposition/pls_.py:298: UserWarning: X scores are null at iteration 1
warnings.warn('X scores are null at iteration %s' % k)
ok
sklearn.tests.test_common.test_transformers('CCA', <class 'sklearn.cross_decomposition.cca_.CCA'>) ... LOCAL-MINICONDA-DIR/lib/python2.7/site-packages/sklearn/cross_decomposition/pls_.py:387: DeprecationWarning: Implicitly casting between incompatible kinds. In a future numpy release, this will raise an error. Use casting="unsafe" if this is intentional.
Y -= self.y_mean_
LOCAL-MINICONDA-DIR/lib/python2.7/site-packages/sklearn/cross_decomposition/pls_.py:388: DeprecationWarning: Implicitly casting between incompatible kinds. In a future numpy release, this will raise an error. Use casting="unsafe" if this is intentional.
Y /= self.y_std_
ok
sklearn.tests.test_common.test_transformers('FastICA', <class 'sklearn.decomposition.fastica_.FastICA'>) ... LOCAL-MINICONDA-DIR/lib/python2.7/site-packages/sklearn/decomposition/fastica_.py:117: UserWarning: FastICA did not converge. You might want to increase the number of iterations.
' to increase the number of iterations.')
ok
sklearn.tests.test_common.test_transformers('NMF', <class 'sklearn.decomposition.nmf.NMF'>) ... LOCAL-MINICONDA-DIR/lib/python2.7/site-packages/sklearn/decomposition/nmf.py:532: UserWarning: Iteration limit reached during fit. Solving for W exactly.
warnings.warn("Iteration limit reached during fit. Solving for W exactly.")
ok
sklearn.tests.test_common.test_transformers('Nystroem', <class 'sklearn.kernel_approximation.Nystroem'>) ... LOCAL-MINICONDA-DIR/lib/python2.7/site-packages/sklearn/kernel_approximation.py:455: UserWarning: n_components > n_samples. This is not possible.
n_components was set to n_samples, which results in inefficient evaluation of the full kernel.
warnings.warn("n_components > n_samples. This is not possible.\n"
ok
sklearn.tests.test_common.test_clustering('DBSCAN', <class 'sklearn.cluster.dbscan_.DBSCAN'>) ... LOCAL-MINICONDA-DIR/lib/python2.7/site-packages/sklearn/cluster/dbscan_.py:106: DeprecationWarning: The parameter random_state is deprecated in 0.16 and will be removed in version 0.18. DBSCAN is deterministic except for rare border cases.
category=DeprecationWarning)
ok
sklearn.tests.test_common.test_regressors('CCA', <class 'sklearn.cross_decomposition.cca_.CCA'>) ... LOCAL-MINICONDA-DIR/lib/python2.7/site-packages/sklearn/cross_decomposition/pls_.py:67: UserWarning: Maximum number of iterations reached
warnings.warn('Maximum number of iterations reached')
ok
sklearn.tests.test_common.test_regressors('CCA', <class 'sklearn.cross_decomposition.cca_.CCA'>) ... SKIP
sklearn.tests.test_common.test_regressors('ElasticNet', <class 'sklearn.linear_model.coordinate_descent.ElasticNet'>) ... LOCAL-MINICONDA-DIR/lib/python2.7/site-packages/sklearn/linear_model/coordinate_descent.py:444: ConvergenceWarning: Objective did not converge. You might want to increase the number of iterations
ConvergenceWarning)
ok
sklearn.tests.test_common.test_regressors('MultiTaskElasticNet', <class 'sklearn.linear_model.coordinate_descent.MultiTaskElasticNet'>) ... LOCAL-MINICONDA-DIR/lib/python2.7/site-packages/sklearn/linear_model/coordinate_descent.py:1615: UserWarning: Objective did not converge, you might want to increase the number of iterations
warnings.warn('Objective did not converge, you might want'
ok
sklearn.tests.test_common.test_regressors('PLSCanonical', <class 'sklearn.cross_decomposition.pls_.PLSCanonical'>) ... SKIP
sklearn.tests.test_common.test_regressors('PLSRegression', <class 'sklearn.cross_decomposition.pls_.PLSRegression'>) ... SKIP
sklearn.tests.test_common.test_regressors('TheilSenRegressor', <class 'sklearn.linear_model.theil_sen.TheilSenRegressor'>) ... LOCAL-MINICONDA-DIR/lib/python2.7/site-packages/sklearn/linear_model/theil_sen.py:128: ConvergenceWarning: Maximum number of iterations 5 reached in spatial median for TheilSen regressor.
"".format(max_iter=max_iter), ConvergenceWarning)
ok
Failure: SkipTest (This test requires redefinition) ... SKIP: This test requires redefinition
LOCAL-MINICONDA-DIR/lib/python2.7/site-packages/sklearn/cluster/hierarchical.py:938: DeprecationWarning: The Ward class is deprecated since 0.14 and will be removed in 0.17. Use the AgglomerativeClustering instead.
"instead.", DeprecationWarning)
sklearn.tests.test_cross_validation.test_shuffle_kfold ... LOCAL-MINICONDA-DIR/lib/python2.7/site-packages/sklearn/tests/test_cross_validation.py:291: DeprecationWarning: elementwise comparison failed; this will raise the error in the future.
assert_true(np.any(sorted_array != ind[train]))
LOCAL-MINICONDA-DIR/lib/python2.7/site-packages/sklearn/tests/test_cross_validation.py:293: DeprecationWarning: elementwise comparison failed; this will raise the error in the future.
assert_true(np.any(sorted_array != ind[train]))
LOCAL-MINICONDA-DIR/lib/python2.7/site-packages/sklearn/tests/test_cross_validation.py:295: DeprecationWarning: elementwise comparison failed; this will raise the error in the future.
assert_true(np.any(sorted_array != ind[train]))
ok
sklearn.tests.test_grid_search.test_grid_search ... [Parallel(n_jobs=1)]: Done 1 jobs | elapsed: 0.0s
[Parallel(n_jobs=1)]: Done 9 out of 9 | elapsed: 0.0s finished
ok
sklearn.tests.test_grid_search.test_refit ... LOCAL-MINICONDA-DIR/lib/python2.7/site-packages/sklearn/metrics/classification.py:958: UndefinedMetricWarning: Precision is ill-defined and being set to 0.0 due to no predicted samples.
'precision', 'predicted', average, warn_for)
ok
test_attributes (sklearn.tests.test_hmm.MultinomialHMMTestCase) ... LOCAL-MINICONDA-DIR/lib/python2.7/site-packages/sklearn/utils/init.py:76: DeprecationWarning: Class BaseHMM is deprecated; WARNING: The HMM module and its function will be removed in 0.17as it no longer falls within the project's scope and API. It has been moved to a separate repository: https://github.com/hmmlearn/hmmlearn
warnings.warn(msg, category=DeprecationWarning)
ok
test_fit (sklearn.tests.test_hmm.MultinomialHMMTestCase) ... LOCAL-MINICONDA-DIR/lib/python2.7/site-packages/sklearn/utils/init.py:94: DeprecationWarning: Function normalize is deprecated; WARNING: The HMM module and its functions will be removed in 0.17 as it no longer falls within the project's scope and API. It has been moved to a separate repository: https://github.com/hmmlearn/hmmlearn
warnings.warn(msg, category=DeprecationWarning)
ok
test_fit (sklearn.tests.test_hmm.TestGMMHMMWithDiagCovars) ... LOCAL-MINICONDA-DIR/lib/python2.7/site-packages/sklearn/hmm.py:1269: DeprecationWarning: using a non-integer number instead of an integer will result in an error in the future
cvnorm.shape = shape
LOCAL-MINICONDA-DIR/lib/python2.7/site-packages/sklearn/hmm.py:1292: DeprecationWarning: using a non-integer number instead of an integer will result in an error in the future
cvnorm.shape = shape
SKIP: Unstable test: trainll is not always increasing depending on seed
test_fit_means (sklearn.tests.test_hmm.TestGMMHMMWithDiagCovars) ... SKIP: Unstable test: trainll is not always increasing depending on seed
test_fit_startprob_and_transmat (sklearn.tests.test_hmm.TestGMMHMMWithDiagCovars) ... SKIP: Unstable test: trainll is not always increasing depending on seed
test_fit (sklearn.tests.test_hmm.TestGMMHMMWithFullCovars) ... SKIP: Unstable test: trainll is not always increasing depending on seed
test_fit (sklearn.tests.test_hmm.TestGMMHMMWithTiedCovars) ... SKIP: Unstable test: trainll is not always increasing depending on seed
sklearn.tests.test_learning_curve.test_learning_curve_verbose ... [Parallel(n_jobs=1)]: Done 1 jobs | elapsed: 0.0s
[Parallel(n_jobs=1)]: Done 15 out of 15 | elapsed: 0.0s finished
ok
sklearn.tests.test_learning_curve.test_learning_curve_with_boolean_indices ... LOCAL-MINICONDA-DIR/lib/python2.7/site-packages/sklearn/cross_validation.py:69: DeprecationWarning: The indices parameter is deprecated and will be removed (assumed True) in 0.17
stacklevel=1)
ok
sklearn.tests.test_naive_bayes.test_input_check_partial_fit ... LOCAL-MINICONDA-DIR/lib/python2.7/site-packages/sklearn/utils/multiclass.py:340: DeprecationWarning: elementwise comparison failed; this will raise the error in the future.
if not np.all(clf.classes == unique_labels(classes)):
ok
ERROR: sklearn.gaussian_process.tests.test_gaussian_process.test_2d
Traceback (most recent call last):
File "LOCAL-MINICONDA-DIR/lib/python2.7/site-packages/nose/case.py", line 197, in runTest
self.test(_self.arg)
File "LOCAL-MINICONDA-DIR/lib/python2.7/site-packages/sklearn/gaussian_process/tests/test_gaussian_process.py", line 64, in test_2d
gp.fit(X, y)
File "LOCAL-MINICONDA-DIR/lib/python2.7/site-packages/sklearn/gaussian_process/gaussian_process.py", line 338, in fit
self._arg_max_reduced_likelihood_function()
File "LOCAL-MINICONDA-DIR/lib/python2.7/site-packages/sklearn/gaussian_process/gaussian_process.py", line 730, in _arg_max_reduced_likelihood_function
iprint=0)
File "LOCAL-MINICONDA-DIR/lib/python2.7/site-packages/scipy/optimize/cobyla.py", line 177, in fmin_cobyla
*_opts)
File "LOCAL-MINICONDA-DIR/lib/python2.7/site-packages/scipy/optimize/cobyla.py", line 244, in _minimize_cobyla
f = c['fun'](x0, *c['args'])
File "LOCAL-MINICONDA-DIR/lib/python2.7/site-packages/sklearn/gaussian_process/gaussian_process.py", line 707, in
log10t[i] - np.log10(self.thetaL[0, i]))
IndexError: index 1 is out of bounds for axis 0 with size 1
ERROR: sklearn.gaussian_process.tests.test_gaussian_process.test_2d_2d
Traceback (most recent call last):
File "LOCAL-MINICONDA-DIR/lib/python2.7/site-packages/nose/case.py", line 197, in runTest
self.test(_self.arg)
File "LOCAL-MINICONDA-DIR/lib/python2.7/site-packages/sklearn/gaussian_process/tests/test_gaussian_process.py", line 94, in test_2d_2d
gp.fit(X, y)
File "LOCAL-MINICONDA-DIR/lib/python2.7/site-packages/sklearn/gaussian_process/gaussian_process.py", line 338, in fit
self._arg_max_reduced_likelihood_function()
File "LOCAL-MINICONDA-DIR/lib/python2.7/site-packages/sklearn/gaussian_process/gaussian_process.py", line 730, in _arg_max_reduced_likelihood_function
iprint=0)
File "LOCAL-MINICONDA-DIR/lib/python2.7/site-packages/scipy/optimize/cobyla.py", line 177, in fmin_cobyla
*_opts)
File "LOCAL-MINICONDA-DIR/lib/python2.7/site-packages/scipy/optimize/cobyla.py", line 244, in _minimize_cobyla
f = c['fun'](x0, *c['args'])
File "LOCAL-MINICONDA-DIR/lib/python2.7/site-packages/sklearn/gaussian_process/gaussian_process.py", line 707, in
log10t[i] - np.log10(self.thetaL[0, i]))
IndexError: index 1 is out of bounds for axis 0 with size 1
ERROR: sklearn.gaussian_process.tests.test_gaussian_process.test_more_builtin_correlation_models
Traceback (most recent call last):
File "LOCAL-MINICONDA-DIR/lib/python2.7/site-packages/nose/case.py", line 197, in runTest
self.test(_self.arg)
File "LOCAL-MINICONDA-DIR/lib/python2.7/site-packages/sklearn/gaussian_process/tests/test_gaussian_process.py", line 114, in test_more_builtin_correlation_models
test_2d(regr='constant', corr=corr, random_start=random_start)
File "LOCAL-MINICONDA-DIR/lib/python2.7/site-packages/sklearn/gaussian_process/tests/test_gaussian_process.py", line 64, in test_2d
gp.fit(X, y)
File "LOCAL-MINICONDA-DIR/lib/python2.7/site-packages/sklearn/gaussian_process/gaussian_process.py", line 338, in fit
self._arg_max_reduced_likelihood_function()
File "LOCAL-MINICONDA-DIR/lib/python2.7/site-packages/sklearn/gaussian_process/gaussian_process.py", line 730, in _arg_max_reduced_likelihood_function
iprint=0)
File "LOCAL-MINICONDA-DIR/lib/python2.7/site-packages/scipy/optimize/cobyla.py", line 177, in fmin_cobyla
*_opts)
File "LOCAL-MINICONDA-DIR/lib/python2.7/site-packages/scipy/optimize/cobyla.py", line 244, in _minimize_cobyla
f = c['fun'](x0, *c['args'])
File "LOCAL-MINICONDA-DIR/lib/python2.7/site-packages/sklearn/gaussian_process/gaussian_process.py", line 707, in
log10t[i] - np.log10(self.thetaL[0, i]))
IndexError: index 1 is out of bounds for axis 0 with size 1
ERROR: sklearn.gaussian_process.tests.test_gaussian_process.test_ordinary_kriging
Traceback (most recent call last):
File "LOCAL-MINICONDA-DIR/lib/python2.7/site-packages/nose/case.py", line 197, in runTest
self.test(_self.arg)
File "LOCAL-MINICONDA-DIR/lib/python2.7/site-packages/sklearn/gaussian_process/tests/test_gaussian_process.py", line 123, in test_ordinary_kriging
test_2d(regr='linear', beta0=[0., 0.5, 0.5])
File "LOCAL-MINICONDA-DIR/lib/python2.7/site-packages/sklearn/gaussian_process/tests/test_gaussian_process.py", line 64, in test_2d
gp.fit(X, y)
File "LOCAL-MINICONDA-DIR/lib/python2.7/site-packages/sklearn/gaussian_process/gaussian_process.py", line 338, in fit
self._arg_max_reduced_likelihood_function()
File "LOCAL-MINICONDA-DIR/lib/python2.7/site-packages/sklearn/gaussian_process/gaussian_process.py", line 730, in _arg_max_reduced_likelihood_function
iprint=0)
File "LOCAL-MINICONDA-DIR/lib/python2.7/site-packages/scipy/optimize/cobyla.py", line 177, in fmin_cobyla
*_opts)
File "LOCAL-MINICONDA-DIR/lib/python2.7/site-packages/scipy/optimize/cobyla.py", line 244, in _minimize_cobyla
f = c['fun'](x0, *c['args'])
File "LOCAL-MINICONDA-DIR/lib/python2.7/site-packages/sklearn/gaussian_process/gaussian_process.py", line 707, in
log10t[i] - np.log10(self.thetaL[0, i]))
IndexError: index 1 is out of bounds for axis 0 with size 1
ERROR: sklearn.gaussian_process.tests.test_gaussian_process.test_random_starts
Traceback (most recent call last):
File "LOCAL-MINICONDA-DIR/lib/python2.7/site-packages/nose/case.py", line 197, in runTest
self.test(_self.arg)
File "LOCAL-MINICONDA-DIR/lib/python2.7/site-packages/sklearn/gaussian_process/tests/test_gaussian_process.py", line 150, in test_random_starts
verbose=False).fit(X, y)
File "LOCAL-MINICONDA-DIR/lib/python2.7/site-packages/sklearn/gaussian_process/gaussian_process.py", line 338, in fit
self._arg_max_reduced_likelihood_function()
File "LOCAL-MINICONDA-DIR/lib/python2.7/site-packages/sklearn/gaussian_process/gaussian_process.py", line 730, in _arg_max_reduced_likelihood_function
iprint=0)
File "LOCAL-MINICONDA-DIR/lib/python2.7/site-packages/scipy/optimize/cobyla.py", line 177, in fmin_cobyla
*_opts)
File "LOCAL-MINICONDA-DIR/lib/python2.7/site-packages/scipy/optimize/cobyla.py", line 244, in _minimize_cobyla
f = c['fun'](x0, *c['args'])
File "LOCAL-MINICONDA-DIR/lib/python2.7/site-packages/sklearn/gaussian_process/gaussian_process.py", line 707, in
log10t[i] - np.log10(self.thetaL[0, i]))
IndexError: index 1 is out of bounds for axis 0 with size 1
ERROR: sklearn.tests.test_common.test_non_meta_estimators('KernelRidge', <class 'sklearn.kernel_ridge.KernelRidge'>)
Traceback (most recent call last):
File "LOCAL-MINICONDA-DIR/lib/python2.7/site-packages/nose/case.py", line 197, in runTest
self.test(*self.arg)
File "LOCAL-MINICONDA-DIR/lib/python2.7/site-packages/sklearn/utils/estimator_checks.py", line 174, in check_dtype_object
estimator.fit(X, y.astype(object))
File "LOCAL-MINICONDA-DIR/lib/python2.7/site-packages/sklearn/kernel_ridge.py", line 158, in fit
copy)
File "LOCAL-MINICONDA-DIR/lib/python2.7/site-packages/sklearn/linear_model/ridge.py", line 145, in _solve_cholesky_kernel
overwrite_a=False)
File "LOCAL-MINICONDA-DIR/lib/python2.7/site-packages/scipy/linalg/basic.py", line 77, in solve
b1 = _asarray_validated(b, check_finite=check_finite)
File "LOCAL-MINICONDA-DIR/lib/python2.7/site-packages/scipy/_lib/_util.py", line 140, in _asarray_validated
raise ValueError('object arrays are not supported')
ValueError: object arrays are not supported
Ran 4087 tests in 154.844s
FAILED (SKIP=20, errors=6)