praveern commented on Mar 11, 2018
Description
I'm not understanding, why it is suddenly throwing this error. It worked fine in the last month when I'd used it.
Error: ImportError: DLL load failed: The specified module could not be found.
Steps/Code to Reproduce
Example:
from sklearn.feature_extraction.text import TfidfTransformer
Expected Results
--- The library should get imported---
Actual Results
from sklearn.feature_extraction.text import TfidfTransformer
Traceback (most recent call last):
File "C:\WinPython-64bit-3.6.3.0Qt5\python-3.6.3.amd64\lib\site-packages\IPython\core\interactiveshell.py", line 2910, in run_code
exec(code_obj, self.user_global_ns, self.user_ns)
File "", line 1, in
from sklearn.feature_extraction.text import TfidfTransformer
File "C:\Program Files\JetBrains\PyCharm Community Edition 2017.3\helpers\pydev_pydev_bundle\pydev_import_hook.py", line 20, in do_import
module = self.system_import(name, *args, **kwargs)
File "C:\WinPython-64bit-3.6.3.0Qt5\python-3.6.3.amd64\lib\site-packages\sklearn_init.py", line 134, in
from .base import clone
File "C:\Program Files\JetBrains\PyCharm Community Edition 2017.3\helpers\pydev_pydev_bundle\pydev_import_hook.py", line 20, in do_import
module = self._system_import(name, *args, **kwargs)
File "C:\WinPython-64bit-3.6.3.0Qt5\python-3.6.3.amd64\lib\site-packages\sklearn\base.py", line 13, in
from .utils.fixes import signature
File "C:\Program Files\JetBrains\PyCharm Community Edition 2017.3\helpers\pydev_pydev_bundle\pydev_import_hook.py", line 20, in do_import
module = self.system_import(name, *args, **kwargs)
File "C:\WinPython-64bit-3.6.3.0Qt5\python-3.6.3.amd64\lib\site-packages\sklearn\utils_init.py", line 11, in
from .validation import (as_float_array,
File "C:\Program Files\JetBrains\PyCharm Community Edition 2017.3\helpers\pydev_pydev_bundle\pydev_import_hook.py", line 20, in do_import
module = self._system_import(name, *args, **kwargs)
File "C:\WinPython-64bit-3.6.3.0Qt5\python-3.6.3.amd64\lib\site-packages\sklearn\utils\validation.py", line 18, in
from ..utils.fixes import signature
File "C:\Program Files\JetBrains\PyCharm Community Edition 2017.3\helpers\pydev_pydev_bundle\pydev_import_hook.py", line 20, in do_import
module = self._system_import(name, *args, **kwargs)
File "C:\WinPython-64bit-3.6.3.0Qt5\python-3.6.3.amd64\lib\site-packages\sklearn\utils\fixes.py", line 144, in
from scipy.sparse.linalg import lsqr as sparse_lsqr # noqa
File "C:\Program Files\JetBrains\PyCharm Community Edition 2017.3\helpers\pydev_pydev_bundle\pydev_import_hook.py", line 20, in do_import
module = self.system_import(name, *args, **kwargs)
File "C:\WinPython-64bit-3.6.3.0Qt5\python-3.6.3.amd64\lib\site-packages\scipy\sparse\linalg_init.py", line 114, in
from .isolve import *
File "C:\Program Files\JetBrains\PyCharm Community Edition 2017.3\helpers\pydev_pydev_bundle\pydev_import_hook.py", line 20, in do_import
module = self.system_import(name, *args, **kwargs)
File "C:\WinPython-64bit-3.6.3.0Qt5\python-3.6.3.amd64\lib\site-packages\scipy\sparse\linalg\isolve_init.py", line 6, in
from .iterative import *
File "C:\Program Files\JetBrains\PyCharm Community Edition 2017.3\helpers\pydev_pydev_bundle\pydev_import_hook.py", line 20, in do_import
module = self._system_import(name, *args, **kwargs)
File "C:\WinPython-64bit-3.6.3.0Qt5\python-3.6.3.amd64\lib\site-packages\scipy\sparse\linalg\isolve\iterative.py", line 7, in
from . import _iterative
File "C:\Program Files\JetBrains\PyCharm Community Edition 2017.3\helpers\pydev_pydev_bundle\pydev_import_hook.py", line 20, in do_import
module = self._system_import(name, *args, **kwargs)
ImportError: DLL load failed: The specified module could not be found.
Versions
Windows-10-10.0.16299-SP0
NumPy 1.14.1
Python 3.6.3 (v3.6.3:2c5fed8, Oct 3 2017, 18:11:49) [MSC v.1900 64 bit (AMD64)]
SciPy 1.0.0
import sklearn
Traceback (most recent call last): ImportError: DLL load failed: The specified module could not be found.