besser82 commented on Jun 2, 2014
My environment:
atlas-devel-3.8.4-11.fc20.x86_64
blas-devel-3.4.2-3.fc20.x86_64
Cython-0.20-1.fc20.x86_64
1:numpy-1.8.0-4.fc20.x86_64
python-joblib-0.7.1-2.fc20.noarch
python-matplotlib-1.3.1-3.fc20.x86_64
python-nose-1.3.0-1.fc20.noarch
python-pillow-2.2.1-4.fc20.x86_64
python-six-1.6.1-1.fc20.noarch
python-devel-2.7.5-11.fc20.x86_64
scipy-0.12.1-1.fc20.x86_64
python-sphinx-1.1.3-8.fc20.noarch
When I'm building scikit from 083b5f5 I get these testsuite-failures on Python 2.7.5:
======================================================================
ERROR: Check classification for various parameter settings.
----------------------------------------------------------------------
Traceback (most recent call last):
  File "/usr/lib/python2.7/site-packages/nose/case.py", line 197, in runTest
    self.test(*self.arg)
  File "/home/besser82/rpmbuild/BUILDROOT/python-scikit-learn-0.15-0.1.git20140602.083b5f5.fc20.x86_64/usr/lib64/python2.7/site-packages/sklearn/ensemble/tests/test_bagging.py", line 70, in test_classification
    **params).fit(X_train, y_train).predict(X_test)
  File "/home/besser82/rpmbuild/BUILDROOT/python-scikit-learn-0.15-0.1.git20140602.083b5f5.fc20.x86_64/usr/lib64/python2.7/site-packages/sklearn/ensemble/bagging.py", line 291, in fit
    for i in range(n_jobs))
  File "/usr/lib/python2.7/site-packages/joblib/parallel.py", line 517, in __call__
    self.dispatch(function, args, kwargs)
  File "/usr/lib/python2.7/site-packages/joblib/parallel.py", line 312, in dispatch
    job = ImmediateApply(func, args, kwargs)
  File "/usr/lib/python2.7/site-packages/joblib/parallel.py", line 136, in __init__
    self.results = func(*args, **kwargs)
  File "/home/besser82/rpmbuild/BUILDROOT/python-scikit-learn-0.15-0.1.git20140602.083b5f5.fc20.x86_64/usr/lib64/python2.7/site-packages/sklearn/ensemble/bagging.py", line 99, in _parallel_build_estimators
    estimator.fit(X[:, features], y, sample_weight=curr_sample_weight)
  File "/home/besser82/rpmbuild/BUILDROOT/python-scikit-learn-0.15-0.1.git20140602.083b5f5.fc20.x86_64/usr/lib64/python2.7/site-packages/sklearn/linear_model/stochastic_gradient.py", line 485, in fit
    sample_weight=sample_weight)
  File "/home/besser82/rpmbuild/BUILDROOT/python-scikit-learn-0.15-0.1.git20140602.083b5f5.fc20.x86_64/usr/lib64/python2.7/site-packages/sklearn/linear_model/stochastic_gradient.py", line 389, in _fit
    classes, sample_weight, coef_init, intercept_init)
  File "/home/besser82/rpmbuild/BUILDROOT/python-scikit-learn-0.15-0.1.git20140602.083b5f5.fc20.x86_64/usr/lib64/python2.7/site-packages/sklearn/linear_model/stochastic_gradient.py", line 351, in _partial_fit
    sample_weight=sample_weight, n_iter=n_iter)
  File "/home/besser82/rpmbuild/BUILDROOT/python-scikit-learn-0.15-0.1.git20140602.083b5f5.fc20.x86_64/usr/lib64/python2.7/site-packages/sklearn/linear_model/stochastic_gradient.py", line 415, in _fit_multiclass
    verbose=self.verbose)(
TypeError: __init__() got an unexpected keyword argument 'backend'

======================================================================
ERROR: Check BaseEnsemble methods.
----------------------------------------------------------------------
Traceback (most recent call last):
  File "/usr/lib/python2.7/site-packages/nose/case.py", line 197, in runTest
    self.test(*self.arg)
  File "/home/besser82/rpmbuild/BUILDROOT/python-scikit-learn-0.15-0.1.git20140602.083b5f5.fc20.x86_64/usr/lib64/python2.7/site-packages/sklearn/ensemble/tests/test_base.py", line 21, in test_base
    ensemble.fit(iris.data, iris.target)
  File "/home/besser82/rpmbuild/BUILDROOT/python-scikit-learn-0.15-0.1.git20140602.083b5f5.fc20.x86_64/usr/lib64/python2.7/site-packages/sklearn/ensemble/bagging.py", line 291, in fit
    for i in range(n_jobs))
  File "/usr/lib/python2.7/site-packages/joblib/parallel.py", line 517, in __call__
    self.dispatch(function, args, kwargs)
  File "/usr/lib/python2.7/site-packages/joblib/parallel.py", line 312, in dispatch
    job = ImmediateApply(func, args, kwargs)
  File "/usr/lib/python2.7/site-packages/joblib/parallel.py", line 136, in __init__
    self.results = func(*args, **kwargs)
  File "/home/besser82/rpmbuild/BUILDROOT/python-scikit-learn-0.15-0.1.git20140602.083b5f5.fc20.x86_64/usr/lib64/python2.7/site-packages/sklearn/ensemble/bagging.py", line 99, in _parallel_build_estimators
    estimator.fit(X[:, features], y, sample_weight=curr_sample_weight)
  File "/home/besser82/rpmbuild/BUILDROOT/python-scikit-learn-0.15-0.1.git20140602.083b5f5.fc20.x86_64/usr/lib64/python2.7/site-packages/sklearn/linear_model/stochastic_gradient.py", line 485, in fit
    sample_weight=sample_weight)
  File "/home/besser82/rpmbuild/BUILDROOT/python-scikit-learn-0.15-0.1.git20140602.083b5f5.fc20.x86_64/usr/lib64/python2.7/site-packages/sklearn/linear_model/stochastic_gradient.py", line 389, in _fit
    classes, sample_weight, coef_init, intercept_init)
  File "/home/besser82/rpmbuild/BUILDROOT/python-scikit-learn-0.15-0.1.git20140602.083b5f5.fc20.x86_64/usr/lib64/python2.7/site-packages/sklearn/linear_model/stochastic_gradient.py", line 351, in _partial_fit
    sample_weight=sample_weight, n_iter=n_iter)
  File "/home/besser82/rpmbuild/BUILDROOT/python-scikit-learn-0.15-0.1.git20140602.083b5f5.fc20.x86_64/usr/lib64/python2.7/site-packages/sklearn/linear_model/stochastic_gradient.py", line 415, in _fit_multiclass
    verbose=self.verbose)(
TypeError: __init__() got an unexpected keyword argument 'backend'

======================================================================
ERROR: sklearn.ensemble.tests.test_forest.test_classification_toy('ExtraTreesClassifier',)
----------------------------------------------------------------------
Traceback (most recent call last):
  File "/usr/lib/python2.7/site-packages/nose/case.py", line 197, in runTest
    self.test(*self.arg)
  File "/home/besser82/rpmbuild/BUILDROOT/python-scikit-learn-0.15-0.1.git20140602.083b5f5.fc20.x86_64/usr/lib64/python2.7/site-packages/sklearn/ensemble/tests/test_forest.py", line 80, in check_classification_toy
    clf.fit(X, y)
  File "/home/besser82/rpmbuild/BUILDROOT/python-scikit-learn-0.15-0.1.git20140602.083b5f5.fc20.x86_64/usr/lib64/python2.7/site-packages/sklearn/ensemble/forest.py", line 271, in fit
    backend="threading")(
TypeError: __init__() got an unexpected keyword argument 'backend'

======================================================================
ERROR: sklearn.ensemble.tests.test_forest.test_classification_toy('RandomForestClassifier',)
----------------------------------------------------------------------
Traceback (most recent call last):
  File "/usr/lib/python2.7/site-packages/nose/case.py", line 197, in runTest
    self.test(*self.arg)
  File "/home/besser82/rpmbuild/BUILDROOT/python-scikit-learn-0.15-0.1.git20140602.083b5f5.fc20.x86_64/usr/lib64/python2.7/site-packages/sklearn/ensemble/tests/test_forest.py", line 80, in check_classification_toy
    clf.fit(X, y)
  File "/home/besser82/rpmbuild/BUILDROOT/python-scikit-learn-0.15-0.1.git20140602.083b5f5.fc20.x86_64/usr/lib64/python2.7/site-packages/sklearn/ensemble/forest.py", line 271, in fit
    backend="threading")(
TypeError: __init__() got an unexpected keyword argument 'backend'

======================================================================
ERROR: sklearn.ensemble.tests.test_forest.test_iris('ExtraTreesClassifier', 'gini')
----------------------------------------------------------------------
Traceback (most recent call last):
  File "/usr/lib/python2.7/site-packages/nose/case.py", line 197, in runTest
    self.test(*self.arg)
  File "/home/besser82/rpmbuild/BUILDROOT/python-scikit-learn-0.15-0.1.git20140602.083b5f5.fc20.x86_64/usr/lib64/python2.7/site-packages/sklearn/ensemble/tests/test_forest.py", line 105, in check_iris_criterion
    clf.fit(iris.data, iris.target)
  File "/home/besser82/rpmbuild/BUILDROOT/python-scikit-learn-0.15-0.1.git20140602.083b5f5.fc20.x86_64/usr/lib64/python2.7/site-packages/sklearn/ensemble/forest.py", line 271, in fit
    backend="threading")(
TypeError: __init__() got an unexpected keyword argument 'backend'

======================================================================
ERROR: sklearn.ensemble.tests.test_forest.test_iris('ExtraTreesClassifier', 'entropy')
----------------------------------------------------------------------
Traceback (most recent call last):
  File "/usr/lib/python2.7/site-packages/nose/case.py", line 197, in runTest
    self.test(*self.arg)
  File "/home/besser82/rpmbuild/BUILDROOT/python-scikit-learn-0.15-0.1.git20140602.083b5f5.fc20.x86_64/usr/lib64/python2.7/site-packages/sklearn/ensemble/tests/test_forest.py", line 105, in check_iris_criterion
    clf.fit(iris.data, iris.target)
  File "/home/besser82/rpmbuild/BUILDROOT/python-scikit-learn-0.15-0.1.git20140602.083b5f5.fc20.x86_64/usr/lib64/python2.7/site-packages/sklearn/ensemble/forest.py", line 271, in fit
    backend="threading")(
TypeError: __init__() got an unexpected keyword argument 'backend'

======================================================================
ERROR: sklearn.ensemble.tests.test_forest.test_iris('RandomForestClassifier', 'gini')
----------------------------------------------------------------------
Traceback (most recent call last):
  File "/usr/lib/python2.7/site-packages/nose/case.py", line 197, in runTest
    self.test(*self.arg)
  File "/home/besser82/rpmbuild/BUILDROOT/python-scikit-learn-0.15-0.1.git20140602.083b5f5.fc20.x86_64/usr/lib64/python2.7/site-packages/sklearn/ensemble/tests/test_forest.py", line 105, in check_iris_criterion
    clf.fit(iris.data, iris.target)
  File "/home/besser82/rpmbuild/BUILDROOT/python-scikit-learn-0.15-0.1.git20140602.083b5f5.fc20.x86_64/usr/lib64/python2.7/site-packages/sklearn/ensemble/forest.py", line 271, in fit
    backend="threading")(
TypeError: __init__() got an unexpected keyword argument 'backend'

======================================================================
ERROR: sklearn.ensemble.tests.test_forest.test_iris('RandomForestClassifier', 'entropy')
----------------------------------------------------------------------
Traceback (most recent call last):
  File "/usr/lib/python2.7/site-packages/nose/case.py", line 197, in runTest
    self.test(*self.arg)
  File "/home/besser82/rpmbuild/BUILDROOT/python-scikit-learn-0.15-0.1.git20140602.083b5f5.fc20.x86_64/usr/lib64/python2.7/site-packages/sklearn/ensemble/tests/test_forest.py", line 105, in check_iris_criterion
    clf.fit(iris.data, iris.target)
  File "/home/besser82/rpmbuild/BUILDROOT/python-scikit-learn-0.15-0.1.git20140602.083b5f5.fc20.x86_64/usr/lib64/python2.7/site-packages/sklearn/ensemble/forest.py", line 271, in fit
    backend="threading")(
TypeError: __init__() got an unexpected keyword argument 'backend'

======================================================================
ERROR: sklearn.ensemble.tests.test_forest.test_boston('ExtraTreesRegressor', 'mse')
----------------------------------------------------------------------
Traceback (most recent call last):
  File "/usr/lib/python2.7/site-packages/nose/case.py", line 197, in runTest
    self.test(*self.arg)
  File "/home/besser82/rpmbuild/BUILDROOT/python-scikit-learn-0.15-0.1.git20140602.083b5f5.fc20.x86_64/usr/lib64/python2.7/site-packages/sklearn/ensemble/tests/test_forest.py", line 128, in check_boston_criterion
    clf.fit(boston.data, boston.target)
  File "/home/besser82/rpmbuild/BUILDROOT/python-scikit-learn-0.15-0.1.git20140602.083b5f5.fc20.x86_64/usr/lib64/python2.7/site-packages/sklearn/ensemble/forest.py", line 271, in fit
    backend="threading")(
TypeError: __init__() got an unexpected keyword argument 'backend'

======================================================================
ERROR: sklearn.ensemble.tests.test_forest.test_boston('RandomForestRegressor', 'mse')
----------------------------------------------------------------------
Traceback (most recent call last):
  File "/usr/lib/python2.7/site-packages/nose/case.py", line 197, in runTest
    self.test(*self.arg)
  File "/home/besser82/rpmbuild/BUILDROOT/python-scikit-learn-0.15-0.1.git20140602.083b5f5.fc20.x86_64/usr/lib64/python2.7/site-packages/sklearn/ensemble/tests/test_forest.py", line 128, in check_boston_criterion
    clf.fit(boston.data, boston.target)
  File "/home/besser82/rpmbuild/BUILDROOT/python-scikit-learn-0.15-0.1.git20140602.083b5f5.fc20.x86_64/usr/lib64/python2.7/site-packages/sklearn/ensemble/forest.py", line 271, in fit
    backend="threading")(
TypeError: __init__() got an unexpected keyword argument 'backend'

======================================================================
ERROR: sklearn.ensemble.tests.test_forest.test_regressor_attributes('ExtraTreesRegressor',)
----------------------------------------------------------------------
Traceback (most recent call last):
  File "/usr/lib/python2.7/site-packages/nose/case.py", line 197, in runTest
    self.test(*self.arg)
  File "/home/besser82/rpmbuild/BUILDROOT/python-scikit-learn-0.15-0.1.git20140602.083b5f5.fc20.x86_64/usr/lib64/python2.7/site-packages/sklearn/ensemble/tests/test_forest.py", line 152, in check_regressor_attributes
    r.fit([[1, 2, 3], [4, 5, 6]], [1, 2])
  File "/home/besser82/rpmbuild/BUILDROOT/python-scikit-learn-0.15-0.1.git20140602.083b5f5.fc20.x86_64/usr/lib64/python2.7/site-packages/sklearn/ensemble/forest.py", line 271, in fit
    backend="threading")(
TypeError: __init__() got an unexpected keyword argument 'backend'

======================================================================
ERROR: sklearn.ensemble.tests.test_forest.test_regressor_attributes('RandomForestRegressor',)
----------------------------------------------------------------------
Traceback (most recent call last):
  File "/usr/lib/python2.7/site-packages/nose/case.py", line 197, in runTest
    self.test(*self.arg)
  File "/home/besser82/rpmbuild/BUILDROOT/python-scikit-learn-0.15-0.1.git20140602.083b5f5.fc20.x86_64/usr/lib64/python2.7/site-packages/sklearn/ensemble/tests/test_forest.py", line 152, in check_regressor_attributes
    r.fit([[1, 2, 3], [4, 5, 6]], [1, 2])
  File "/home/besser82/rpmbuild/BUILDROOT/python-scikit-learn-0.15-0.1.git20140602.083b5f5.fc20.x86_64/usr/lib64/python2.7/site-packages/sklearn/ensemble/forest.py", line 271, in fit
    backend="threading")(
TypeError: __init__() got an unexpected keyword argument 'backend'

======================================================================
ERROR: sklearn.ensemble.tests.test_forest.test_probability('ExtraTreesClassifier',)
----------------------------------------------------------------------
Traceback (most recent call last):
  File "/usr/lib/python2.7/site-packages/nose/case.py", line 197, in runTest
    self.test(*self.arg)
  File "/home/besser82/rpmbuild/BUILDROOT/python-scikit-learn-0.15-0.1.git20140602.083b5f5.fc20.x86_64/usr/lib64/python2.7/site-packages/sklearn/ensemble/tests/test_forest.py", line 168, in check_probability
    clf.fit(iris.data, iris.target)
  File "/home/besser82/rpmbuild/BUILDROOT/python-scikit-learn-0.15-0.1.git20140602.083b5f5.fc20.x86_64/usr/lib64/python2.7/site-packages/sklearn/ensemble/forest.py", line 271, in fit
    backend="threading")(
TypeError: __init__() got an unexpected keyword argument 'backend'

======================================================================
ERROR: sklearn.ensemble.tests.test_forest.test_probability('RandomForestClassifier',)
----------------------------------------------------------------------
Traceback (most recent call last):
  File "/usr/lib/python2.7/site-packages/nose/case.py", line 197, in runTest
    self.test(*self.arg)
  File "/home/besser82/rpmbuild/BUILDROOT/python-scikit-learn-0.15-0.1.git20140602.083b5f5.fc20.x86_64/usr/lib64/python2.7/site-packages/sklearn/ensemble/tests/test_forest.py", line 168, in check_probability
    clf.fit(iris.data, iris.target)
  File "/home/besser82/rpmbuild/BUILDROOT/python-scikit-learn-0.15-0.1.git20140602.083b5f5.fc20.x86_64/usr/lib64/python2.7/site-packages/sklearn/ensemble/forest.py", line 271, in fit
    backend="threading")(
TypeError: __init__() got an unexpected keyword argument 'backend'

======================================================================
ERROR: sklearn.ensemble.tests.test_forest.test_importances('ExtraTreesClassifier', array([[ 1.48006984, -1.35738004,  0.46249366, ..., -1.28080671,
----------------------------------------------------------------------
Traceback (most recent call last):
  File "/usr/lib/python2.7/site-packages/nose/case.py", line 197, in runTest
    self.test(*self.arg)
  File "/home/besser82/rpmbuild/BUILDROOT/python-scikit-learn-0.15-0.1.git20140602.083b5f5.fc20.x86_64/usr/lib64/python2.7/site-packages/sklearn/ensemble/tests/test_forest.py", line 186, in check_importance
    clf.fit(X, y)
  File "/home/besser82/rpmbuild/BUILDROOT/python-scikit-learn-0.15-0.1.git20140602.083b5f5.fc20.x86_64/usr/lib64/python2.7/site-packages/sklearn/ensemble/forest.py", line 271, in fit
    backend="threading")(
TypeError: __init__() got an unexpected keyword argument 'backend'

======================================================================
ERROR: sklearn.ensemble.tests.test_forest.test_importances('RandomForestClassifier', array([[ 1.48006984, -1.35738004,  0.46249366, ..., -1.28080671,
----------------------------------------------------------------------
Traceback (most recent call last):
  File "/usr/lib/python2.7/site-packages/nose/case.py", line 197, in runTest
    self.test(*self.arg)
  File "/home/besser82/rpmbuild/BUILDROOT/python-scikit-learn-0.15-0.1.git20140602.083b5f5.fc20.x86_64/usr/lib64/python2.7/site-packages/sklearn/ensemble/tests/test_forest.py", line 186, in check_importance
    clf.fit(X, y)
  File "/home/besser82/rpmbuild/BUILDROOT/python-scikit-learn-0.15-0.1.git20140602.083b5f5.fc20.x86_64/usr/lib64/python2.7/site-packages/sklearn/ensemble/forest.py", line 271, in fit
    backend="threading")(
TypeError: __init__() got an unexpected keyword argument 'backend'

======================================================================
ERROR: sklearn.ensemble.tests.test_forest.test_oob_score('RandomForestClassifier', array([[ 5.8,  2.8,  5.1,  2.4],
----------------------------------------------------------------------
Traceback (most recent call last):
  File "/usr/lib/python2.7/site-packages/nose/case.py", line 197, in runTest
    self.test(*self.arg)
  File "/home/besser82/rpmbuild/BUILDROOT/python-scikit-learn-0.15-0.1.git20140602.083b5f5.fc20.x86_64/usr/lib64/python2.7/site-packages/sklearn/ensemble/tests/test_forest.py", line 225, in check_oob_score
    est.fit(X[:n_samples // 2, :], y[:n_samples // 2])
  File "/home/besser82/rpmbuild/BUILDROOT/python-scikit-learn-0.15-0.1.git20140602.083b5f5.fc20.x86_64/usr/lib64/python2.7/site-packages/sklearn/ensemble/forest.py", line 271, in fit
    backend="threading")(
TypeError: __init__() got an unexpected keyword argument 'backend'

======================================================================
ERROR: sklearn.ensemble.tests.test_forest.test_oob_score('RandomForestRegressor', array([[  3.16360000e+00,   0.00000000e+00,   1.81000000e+01, ...,
----------------------------------------------------------------------
Traceback (most recent call last):
  File "/usr/lib/python2.7/site-packages/nose/case.py", line 197, in runTest
    self.test(*self.arg)
  File "/home/besser82/rpmbuild/BUILDROOT/python-scikit-learn-0.15-0.1.git20140602.083b5f5.fc20.x86_64/usr/lib64/python2.7/site-packages/sklearn/ensemble/tests/test_forest.py", line 225, in check_oob_score
    est.fit(X[:n_samples // 2, :], y[:n_samples // 2])
  File "/home/besser82/rpmbuild/BUILDROOT/python-scikit-learn-0.15-0.1.git20140602.083b5f5.fc20.x86_64/usr/lib64/python2.7/site-packages/sklearn/ensemble/forest.py", line 271, in fit
    backend="threading")(
TypeError: __init__() got an unexpected keyword argument 'backend'

======================================================================
ERROR: sklearn.ensemble.tests.test_forest.test_oob_score('RandomForestClassifier', array([[ 5.8,  2.8,  5.1,  2.4],
----------------------------------------------------------------------
Traceback (most recent call last):
  File "/usr/lib/python2.7/site-packages/nose/case.py", line 197, in runTest
    self.test(*self.arg)
  File "/home/besser82/rpmbuild/BUILDROOT/python-scikit-learn-0.15-0.1.git20140602.083b5f5.fc20.x86_64/usr/lib64/python2.7/site-packages/sklearn/ensemble/tests/test_forest.py", line 225, in check_oob_score
    est.fit(X[:n_samples // 2, :], y[:n_samples // 2])
  File "/home/besser82/rpmbuild/BUILDROOT/python-scikit-learn-0.15-0.1.git20140602.083b5f5.fc20.x86_64/usr/lib64/python2.7/site-packages/sklearn/ensemble/forest.py", line 271, in fit
    backend="threading")(
TypeError: __init__() got an unexpected keyword argument 'backend'

======================================================================
ERROR: Check that base trees can be grid-searched.
----------------------------------------------------------------------
Traceback (most recent call last):
  File "/usr/lib/python2.7/site-packages/nose/case.py", line 197, in runTest
    self.test(*self.arg)
  File "/home/besser82/rpmbuild/BUILDROOT/python-scikit-learn-0.15-0.1.git20140602.083b5f5.fc20.x86_64/usr/lib64/python2.7/site-packages/sklearn/ensemble/tests/test_forest.py", line 246, in check_gridsearch
    clf.fit(iris.data, iris.target)
  File "/home/besser82/rpmbuild/BUILDROOT/python-scikit-learn-0.15-0.1.git20140602.083b5f5.fc20.x86_64/usr/lib64/python2.7/site-packages/sklearn/grid_search.py", line 597, in fit
    return self._fit(X, y, ParameterGrid(self.param_grid))
  File "/home/besser82/rpmbuild/BUILDROOT/python-scikit-learn-0.15-0.1.git20140602.083b5f5.fc20.x86_64/usr/lib64/python2.7/site-packages/sklearn/grid_search.py", line 379, in _fit
    for parameters in parameter_iterable
  File "/usr/lib/python2.7/site-packages/joblib/parallel.py", line 517, in __call__
    self.dispatch(function, args, kwargs)
  File "/usr/lib/python2.7/site-packages/joblib/parallel.py", line 312, in dispatch
    job = ImmediateApply(func, args, kwargs)
  File "/usr/lib/python2.7/site-packages/joblib/parallel.py", line 136, in __init__
    self.results = func(*args, **kwargs)
  File "/home/besser82/rpmbuild/BUILDROOT/python-scikit-learn-0.15-0.1.git20140602.083b5f5.fc20.x86_64/usr/lib64/python2.7/site-packages/sklearn/cross_validation.py", line 1233, in _fit_and_score
    estimator.fit(X_train, y_train, **fit_params)
  File "/home/besser82/rpmbuild/BUILDROOT/python-scikit-learn-0.15-0.1.git20140602.083b5f5.fc20.x86_64/usr/lib64/python2.7/site-packages/sklearn/ensemble/forest.py", line 271, in fit
    backend="threading")(
TypeError: __init__() got an unexpected keyword argument 'backend'

======================================================================
ERROR: Check that base trees can be grid-searched.
----------------------------------------------------------------------
Traceback (most recent call last):
  File "/usr/lib/python2.7/site-packages/nose/case.py", line 197, in runTest
    self.test(*self.arg)
  File "/home/besser82/rpmbuild/BUILDROOT/python-scikit-learn-0.15-0.1.git20140602.083b5f5.fc20.x86_64/usr/lib64/python2.7/site-packages/sklearn/ensemble/tests/test_forest.py", line 246, in check_gridsearch
    clf.fit(iris.data, iris.target)
  File "/home/besser82/rpmbuild/BUILDROOT/python-scikit-learn-0.15-0.1.git20140602.083b5f5.fc20.x86_64/usr/lib64/python2.7/site-packages/sklearn/grid_search.py", line 597, in fit
    return self._fit(X, y, ParameterGrid(self.param_grid))
  File "/home/besser82/rpmbuild/BUILDROOT/python-scikit-learn-0.15-0.1.git20140602.083b5f5.fc20.x86_64/usr/lib64/python2.7/site-packages/sklearn/grid_search.py", line 379, in _fit
    for parameters in parameter_iterable
  File "/usr/lib/python2.7/site-packages/joblib/parallel.py", line 517, in __call__
    self.dispatch(function, args, kwargs)
  File "/usr/lib/python2.7/site-packages/joblib/parallel.py", line 312, in dispatch
    job = ImmediateApply(func, args, kwargs)
  File "/usr/lib/python2.7/site-packages/joblib/parallel.py", line 136, in __init__
    self.results = func(*args, **kwargs)
  File "/home/besser82/rpmbuild/BUILDROOT/python-scikit-learn-0.15-0.1.git20140602.083b5f5.fc20.x86_64/usr/lib64/python2.7/site-packages/sklearn/cross_validation.py", line 1233, in _fit_and_score
    estimator.fit(X_train, y_train, **fit_params)
  File "/home/besser82/rpmbuild/BUILDROOT/python-scikit-learn-0.15-0.1.git20140602.083b5f5.fc20.x86_64/usr/lib64/python2.7/site-packages/sklearn/ensemble/forest.py", line 271, in fit
    backend="threading")(
TypeError: __init__() got an unexpected keyword argument 'backend'

======================================================================
ERROR: sklearn.ensemble.tests.test_forest.test_parallel('ExtraTreesClassifier', array([[ 5.8,  2.8,  5.1,  2.4],
----------------------------------------------------------------------
Traceback (most recent call last):
  File "/usr/lib/python2.7/site-packages/nose/case.py", line 197, in runTest
    self.test(*self.arg)
  File "/home/besser82/rpmbuild/BUILDROOT/python-scikit-learn-0.15-0.1.git20140602.083b5f5.fc20.x86_64/usr/lib64/python2.7/site-packages/sklearn/ensemble/tests/test_forest.py", line 260, in check_parallel
    forest.fit(X, y)
  File "/home/besser82/rpmbuild/BUILDROOT/python-scikit-learn-0.15-0.1.git20140602.083b5f5.fc20.x86_64/usr/lib64/python2.7/site-packages/sklearn/ensemble/forest.py", line 271, in fit
    backend="threading")(
TypeError: __init__() got an unexpected keyword argument 'backend'

======================================================================
ERROR: sklearn.ensemble.tests.test_forest.test_parallel('RandomForestClassifier', array([[ 5.8,  2.8,  5.1,  2.4],
----------------------------------------------------------------------
Traceback (most recent call last):
  File "/usr/lib/python2.7/site-packages/nose/case.py", line 197, in runTest
    self.test(*self.arg)
  File "/home/besser82/rpmbuild/BUILDROOT/python-scikit-learn-0.15-0.1.git20140602.083b5f5.fc20.x86_64/usr/lib64/python2.7/site-packages/sklearn/ensemble/tests/test_forest.py", line 260, in check_parallel
    forest.fit(X, y)
  File "/home/besser82/rpmbuild/BUILDROOT/python-scikit-learn-0.15-0.1.git20140602.083b5f5.fc20.x86_64/usr/lib64/python2.7/site-packages/sklearn/ensemble/forest.py", line 271, in fit
    backend="threading")(
TypeError: __init__() got an unexpected keyword argument 'backend'

======================================================================
ERROR: sklearn.ensemble.tests.test_forest.test_parallel('ExtraTreesRegressor', array([[  3.16360000e+00,   0.00000000e+00,   1.81000000e+01, ...,
----------------------------------------------------------------------
Traceback (most recent call last):
  File "/usr/lib/python2.7/site-packages/nose/case.py", line 197, in runTest
    self.test(*self.arg)
  File "/home/besser82/rpmbuild/BUILDROOT/python-scikit-learn-0.15-0.1.git20140602.083b5f5.fc20.x86_64/usr/lib64/python2.7/site-packages/sklearn/ensemble/tests/test_forest.py", line 260, in check_parallel
    forest.fit(X, y)
  File "/home/besser82/rpmbuild/BUILDROOT/python-scikit-learn-0.15-0.1.git20140602.083b5f5.fc20.x86_64/usr/lib64/python2.7/site-packages/sklearn/ensemble/forest.py", line 271, in fit
    backend="threading")(
TypeError: __init__() got an unexpected keyword argument 'backend'

======================================================================
ERROR: sklearn.ensemble.tests.test_forest.test_parallel('RandomForestRegressor', array([[  3.16360000e+00,   0.00000000e+00,   1.81000000e+01, ...,
----------------------------------------------------------------------
Traceback (most recent call last):
  File "/usr/lib/python2.7/site-packages/nose/case.py", line 197, in runTest
    self.test(*self.arg)
  File "/home/besser82/rpmbuild/BUILDROOT/python-scikit-learn-0.15-0.1.git20140602.083b5f5.fc20.x86_64/usr/lib64/python2.7/site-packages/sklearn/ensemble/tests/test_forest.py", line 260, in check_parallel
    forest.fit(X, y)
  File "/home/besser82/rpmbuild/BUILDROOT/python-scikit-learn-0.15-0.1.git20140602.083b5f5.fc20.x86_64/usr/lib64/python2.7/site-packages/sklearn/ensemble/forest.py", line 271, in fit
    backend="threading")(
TypeError: __init__() got an unexpected keyword argument 'backend'

======================================================================
ERROR: sklearn.ensemble.tests.test_forest.test_pickle('ExtraTreesClassifier', array([[ 5.8,  2.8,  5.1,  2.4],
----------------------------------------------------------------------
Traceback (most recent call last):
  File "/usr/lib/python2.7/site-packages/nose/case.py", line 197, in runTest
    self.test(*self.arg)
  File "/home/besser82/rpmbuild/BUILDROOT/python-scikit-learn-0.15-0.1.git20140602.083b5f5.fc20.x86_64/usr/lib64/python2.7/site-packages/sklearn/ensemble/tests/test_forest.py", line 283, in check_pickle
    obj.fit(X, y)
  File "/home/besser82/rpmbuild/BUILDROOT/python-scikit-learn-0.15-0.1.git20140602.083b5f5.fc20.x86_64/usr/lib64/python2.7/site-packages/sklearn/ensemble/forest.py", line 271, in fit
    backend="threading")(
TypeError: __init__() got an unexpected keyword argument 'backend'

======================================================================
ERROR: sklearn.ensemble.tests.test_forest.test_pickle('RandomForestClassifier', array([[ 5.8,  2.8,  5.1,  2.4],
----------------------------------------------------------------------
Traceback (most recent call last):
  File "/usr/lib/python2.7/site-packages/nose/case.py", line 197, in runTest
    self.test(*self.arg)
  File "/home/besser82/rpmbuild/BUILDROOT/python-scikit-learn-0.15-0.1.git20140602.083b5f5.fc20.x86_64/usr/lib64/python2.7/site-packages/sklearn/ensemble/tests/test_forest.py", line 283, in check_pickle
    obj.fit(X, y)
  File "/home/besser82/rpmbuild/BUILDROOT/python-scikit-learn-0.15-0.1.git20140602.083b5f5.fc20.x86_64/usr/lib64/python2.7/site-packages/sklearn/ensemble/forest.py", line 271, in fit
    backend="threading")(
TypeError: __init__() got an unexpected keyword argument 'backend'

======================================================================
ERROR: sklearn.ensemble.tests.test_forest.test_pickle('ExtraTreesRegressor', array([[  3.16360000e+00,   0.00000000e+00,   1.81000000e+01, ...,
----------------------------------------------------------------------
Traceback (most recent call last):
  File "/usr/lib/python2.7/site-packages/nose/case.py", line 197, in runTest
    self.test(*self.arg)
  File "/home/besser82/rpmbuild/BUILDROOT/python-scikit-learn-0.15-0.1.git20140602.083b5f5.fc20.x86_64/usr/lib64/python2.7/site-packages/sklearn/ensemble/tests/test_forest.py", line 283, in check_pickle
    obj.fit(X, y)
  File "/home/besser82/rpmbuild/BUILDROOT/python-scikit-learn-0.15-0.1.git20140602.083b5f5.fc20.x86_64/usr/lib64/python2.7/site-packages/sklearn/ensemble/forest.py", line 271, in fit
    backend="threading")(
TypeError: __init__() got an unexpected keyword argument 'backend'

======================================================================
ERROR: sklearn.ensemble.tests.test_forest.test_pickle('RandomForestRegressor', array([[  3.16360000e+00,   0.00000000e+00,   1.81000000e+01, ...,
----------------------------------------------------------------------
Traceback (most recent call last):
  File "/usr/lib/python2.7/site-packages/nose/case.py", line 197, in runTest
    self.test(*self.arg)
  File "/home/besser82/rpmbuild/BUILDROOT/python-scikit-learn-0.15-0.1.git20140602.083b5f5.fc20.x86_64/usr/lib64/python2.7/site-packages/sklearn/ensemble/tests/test_forest.py", line 283, in check_pickle
    obj.fit(X, y)
  File "/home/besser82/rpmbuild/BUILDROOT/python-scikit-learn-0.15-0.1.git20140602.083b5f5.fc20.x86_64/usr/lib64/python2.7/site-packages/sklearn/ensemble/forest.py", line 271, in fit
    backend="threading")(
TypeError: __init__() got an unexpected keyword argument 'backend'

======================================================================
ERROR: sklearn.ensemble.tests.test_forest.test_multioutput('ExtraTreesClassifier', [[-2, -1], [-1, -1], [-1, -2], [1, 1], [1, 2], [2, 1], [-2, 1], [-1, 1], [-1, 2], [2, -1], [1, -1], [1, -2]], [[-1, -1], [1, 1], [-1, 1], [1, -1]], [[-1, 0], [-1, 0], [-1, 0], [1, 1], [1, 1], [1, 1], [-1, 2], [-1, 2], [-1, 2], [1, 3], [1, 3], [1, 3]], [[-1, 0], [1, 1], [-1, 2], [1, 3]])
----------------------------------------------------------------------
Traceback (most recent call last):
  File "/usr/lib/python2.7/site-packages/nose/case.py", line 197, in runTest
    self.test(*self.arg)
  File "/home/besser82/rpmbuild/BUILDROOT/python-scikit-learn-0.15-0.1.git20140602.083b5f5.fc20.x86_64/usr/lib64/python2.7/site-packages/sklearn/ensemble/tests/test_forest.py", line 304, in check_multioutput
    y_pred = est.fit(X_train, y_train).predict(X_test)
  File "/home/besser82/rpmbuild/BUILDROOT/python-scikit-learn-0.15-0.1.git20140602.083b5f5.fc20.x86_64/usr/lib64/python2.7/site-packages/sklearn/ensemble/forest.py", line 271, in fit
    backend="threading")(
TypeError: __init__() got an unexpected keyword argument 'backend'

======================================================================
ERROR: sklearn.ensemble.tests.test_forest.test_multioutput('RandomForestClassifier', [[-2, -1], [-1, -1], [-1, -2], [1, 1], [1, 2], [2, 1], [-2, 1], [-1, 1], [-1, 2], [2, -1], [1, -1], [1, -2]], [[-1, -1], [1, 1], [-1, 1], [1, -1]], [[-1, 0], [-1, 0], [-1, 0], [1, 1], [1, 1], [1, 1], [-1, 2], [-1, 2], [-1, 2], [1, 3], [1, 3], [1, 3]], [[-1, 0], [1, 1], [-1, 2], [1, 3]])
----------------------------------------------------------------------
Traceback (most recent call last):
  File "/usr/lib/python2.7/site-packages/nose/case.py", line 197, in runTest
    self.test(*self.arg)
  File "/home/besser82/rpmbuild/BUILDROOT/python-scikit-learn-0.15-0.1.git20140602.083b5f5.fc20.x86_64/usr/lib64/python2.7/site-packages/sklearn/ensemble/tests/test_forest.py", line 304, in check_multioutput
    y_pred = est.fit(X_train, y_train).predict(X_test)
  File "/home/besser82/rpmbuild/BUILDROOT/python-scikit-learn-0.15-0.1.git20140602.083b5f5.fc20.x86_64/usr/lib64/python2.7/site-packages/sklearn/ensemble/forest.py", line 271, in fit
    backend="threading")(
TypeError: __init__() got an unexpected keyword argument 'backend'

======================================================================
ERROR: sklearn.ensemble.tests.test_forest.test_multioutput('ExtraTreesRegressor', [[-2, -1], [-1, -1], [-1, -2], [1, 1], [1, 2], [2, 1], [-2, 1], [-1, 1], [-1, 2], [2, -1], [1, -1], [1, -2]], [[-1, -1], [1, 1], [-1, 1], [1, -1]], [[-1, 0], [-1, 0], [-1, 0], [1, 1], [1, 1], [1, 1], [-1, 2], [-1, 2], [-1, 2], [1, 3], [1, 3], [1, 3]], [[-1, 0], [1, 1], [-1, 2], [1, 3]])
----------------------------------------------------------------------
Traceback (most recent call last):
  File "/usr/lib/python2.7/site-packages/nose/case.py", line 197, in runTest
    self.test(*self.arg)
  File "/home/besser82/rpmbuild/BUILDROOT/python-scikit-learn-0.15-0.1.git20140602.083b5f5.fc20.x86_64/usr/lib64/python2.7/site-packages/sklearn/ensemble/tests/test_forest.py", line 304, in check_multioutput
    y_pred = est.fit(X_train, y_train).predict(X_test)
  File "/home/besser82/rpmbuild/BUILDROOT/python-scikit-learn-0.15-0.1.git20140602.083b5f5.fc20.x86_64/usr/lib64/python2.7/site-packages/sklearn/ensemble/forest.py", line 271, in fit
    backend="threading")(
TypeError: __init__() got an unexpected keyword argument 'backend'

======================================================================
ERROR: sklearn.ensemble.tests.test_forest.test_multioutput('RandomForestRegressor', [[-2, -1], [-1, -1], [-1, -2], [1, 1], [1, 2], [2, 1], [-2, 1], [-1, 1], [-1, 2], [2, -1], [1, -1], [1, -2]], [[-1, -1], [1, 1], [-1, 1], [1, -1]], [[-1, 0], [-1, 0], [-1, 0], [1, 1], [1, 1], [1, 1], [-1, 2], [-1, 2], [-1, 2], [1, 3], [1, 3], [1, 3]], [[-1, 0], [1, 1], [-1, 2], [1, 3]])
----------------------------------------------------------------------
Traceback (most recent call last):
  File "/usr/lib/python2.7/site-packages/nose/case.py", line 197, in runTest
    self.test(*self.arg)
  File "/home/besser82/rpmbuild/BUILDROOT/python-scikit-learn-0.15-0.1.git20140602.083b5f5.fc20.x86_64/usr/lib64/python2.7/site-packages/sklearn/ensemble/tests/test_forest.py", line 304, in check_multioutput
    y_pred = est.fit(X_train, y_train).predict(X_test)
  File "/home/besser82/rpmbuild/BUILDROOT/python-scikit-learn-0.15-0.1.git20140602.083b5f5.fc20.x86_64/usr/lib64/python2.7/site-packages/sklearn/ensemble/forest.py", line 271, in fit
    backend="threading")(
TypeError: __init__() got an unexpected keyword argument 'backend'

======================================================================
ERROR: sklearn.ensemble.tests.test_forest.test_classes_shape('ExtraTreesClassifier',)
----------------------------------------------------------------------
Traceback (most recent call last):
  File "/usr/lib/python2.7/site-packages/nose/case.py", line 197, in runTest
    self.test(*self.arg)
  File "/home/besser82/rpmbuild/BUILDROOT/python-scikit-learn-0.15-0.1.git20140602.083b5f5.fc20.x86_64/usr/lib64/python2.7/site-packages/sklearn/ensemble/tests/test_forest.py", line 362, in check_classes_shape
    clf = ForestClassifier(random_state=0).fit(X, y)
  File "/home/besser82/rpmbuild/BUILDROOT/python-scikit-learn-0.15-0.1.git20140602.083b5f5.fc20.x86_64/usr/lib64/python2.7/site-packages/sklearn/ensemble/forest.py", line 271, in fit
    backend="threading")(
TypeError: __init__() got an unexpected keyword argument 'backend'

======================================================================
ERROR: sklearn.ensemble.tests.test_forest.test_classes_shape('RandomForestClassifier',)
----------------------------------------------------------------------
Traceback (most recent call last):
  File "/usr/lib/python2.7/site-packages/nose/case.py", line 197, in runTest
    self.test(*self.arg)
  File "/home/besser82/rpmbuild/BUILDROOT/python-scikit-learn-0.15-0.1.git20140602.083b5f5.fc20.x86_64/usr/lib64/python2.7/site-packages/sklearn/ensemble/tests/test_forest.py", line 362, in check_classes_shape
    clf = ForestClassifier(random_state=0).fit(X, y)
  File "/home/besser82/rpmbuild/BUILDROOT/python-scikit-learn-0.15-0.1.git20140602.083b5f5.fc20.x86_64/usr/lib64/python2.7/site-packages/sklearn/ensemble/forest.py", line 271, in fit
    backend="threading")(
TypeError: __init__() got an unexpected keyword argument 'backend'

======================================================================
ERROR: Test that the `sparse_output` parameter of RandomTreesEmbedding
----------------------------------------------------------------------
Traceback (most recent call last):
  File "/usr/lib/python2.7/site-packages/nose/case.py", line 197, in runTest
    self.test(*self.arg)
  File "/home/besser82/rpmbuild/BUILDROOT/python-scikit-learn-0.15-0.1.git20140602.083b5f5.fc20.x86_64/usr/lib64/python2.7/site-packages/sklearn/ensemble/tests/test_forest.py", line 389, in test_random_trees_dense_type
    X_transformed = hasher.fit_transform(X)
  File "/home/besser82/rpmbuild/BUILDROOT/python-scikit-learn-0.15-0.1.git20140602.083b5f5.fc20.x86_64/usr/lib64/python2.7/site-packages/sklearn/ensemble/forest.py", line 1371, in fit_transform
    super(RandomTreesEmbedding, self).fit(X, y)
  File "/home/besser82/rpmbuild/BUILDROOT/python-scikit-learn-0.15-0.1.git20140602.083b5f5.fc20.x86_64/usr/lib64/python2.7/site-packages/sklearn/ensemble/forest.py", line 271, in fit
    backend="threading")(
TypeError: __init__() got an unexpected keyword argument 'backend'

======================================================================
ERROR: Test that the `sparse_output` parameter of RandomTreesEmbedding
----------------------------------------------------------------------
Traceback (most recent call last):
  File "/usr/lib/python2.7/site-packages/nose/case.py", line 197, in runTest
    self.test(*self.arg)
  File "/home/besser82/rpmbuild/BUILDROOT/python-scikit-learn-0.15-0.1.git20140602.083b5f5.fc20.x86_64/usr/lib64/python2.7/site-packages/sklearn/ensemble/tests/test_forest.py", line 408, in test_random_trees_dense_equal
    X_transformed_dense = hasher_dense.fit_transform(X)
  File "/home/besser82/rpmbuild/BUILDROOT/python-scikit-learn-0.15-0.1.git20140602.083b5f5.fc20.x86_64/usr/lib64/python2.7/site-packages/sklearn/ensemble/forest.py", line 1371, in fit_transform
    super(RandomTreesEmbedding, self).fit(X, y)
  File "/home/besser82/rpmbuild/BUILDROOT/python-scikit-learn-0.15-0.1.git20140602.083b5f5.fc20.x86_64/usr/lib64/python2.7/site-packages/sklearn/ensemble/forest.py", line 271, in fit
    backend="threading")(
TypeError: __init__() got an unexpected keyword argument 'backend'

======================================================================
ERROR: sklearn.ensemble.tests.test_forest.test_random_hasher
----------------------------------------------------------------------
Traceback (most recent call last):
  File "/usr/lib/python2.7/site-packages/nose/case.py", line 197, in runTest
    self.test(*self.arg)
  File "/home/besser82/rpmbuild/BUILDROOT/python-scikit-learn-0.15-0.1.git20140602.083b5f5.fc20.x86_64/usr/lib64/python2.7/site-packages/sklearn/ensemble/tests/test_forest.py", line 422, in test_random_hasher
    X_transformed = hasher.fit_transform(X)
  File "/home/besser82/rpmbuild/BUILDROOT/python-scikit-learn-0.15-0.1.git20140602.083b5f5.fc20.x86_64/usr/lib64/python2.7/site-packages/sklearn/ensemble/forest.py", line 1371, in fit_transform
    super(RandomTreesEmbedding, self).fit(X, y)
  File "/home/besser82/rpmbuild/BUILDROOT/python-scikit-learn-0.15-0.1.git20140602.083b5f5.fc20.x86_64/usr/lib64/python2.7/site-packages/sklearn/ensemble/forest.py", line 271, in fit
    backend="threading")(
TypeError: __init__() got an unexpected keyword argument 'backend'

======================================================================
ERROR: sklearn.ensemble.tests.test_forest.test_parallel_train
----------------------------------------------------------------------
Traceback (most recent call last):
  File "/usr/lib/python2.7/site-packages/nose/case.py", line 197, in runTest
    self.test(*self.arg)
  File "/home/besser82/rpmbuild/BUILDROOT/python-scikit-learn-0.15-0.1.git20140602.083b5f5.fc20.x86_64/usr/lib64/python2.7/site-packages/sklearn/ensemble/tests/test_forest.py", line 448, in test_parallel_train
    for n_jobs in [1, 2, 3, 8, 16, 32]
  File "/home/besser82/rpmbuild/BUILDROOT/python-scikit-learn-0.15-0.1.git20140602.083b5f5.fc20.x86_64/usr/lib64/python2.7/site-packages/sklearn/ensemble/forest.py", line 271, in fit
    backend="threading")(
TypeError: __init__() got an unexpected keyword argument 'backend'

======================================================================
ERROR: sklearn.ensemble.tests.test_forest.test_distribution
----------------------------------------------------------------------
Traceback (most recent call last):
  File "/usr/lib/python2.7/site-packages/nose/case.py", line 197, in runTest
    self.test(*self.arg)
  File "/home/besser82/rpmbuild/BUILDROOT/python-scikit-learn-0.15-0.1.git20140602.083b5f5.fc20.x86_64/usr/lib64/python2.7/site-packages/sklearn/ensemble/tests/test_forest.py", line 465, in test_distribution
    clf = ExtraTreesRegressor(n_estimators=n_trees, random_state=42).fit(X, y)
  File "/home/besser82/rpmbuild/BUILDROOT/python-scikit-learn-0.15-0.1.git20140602.083b5f5.fc20.x86_64/usr/lib64/python2.7/site-packages/sklearn/ensemble/forest.py", line 271, in fit
    backend="threading")(
TypeError: __init__() got an unexpected keyword argument 'backend'

======================================================================
ERROR: sklearn.ensemble.tests.test_forest.test_max_leaf_nodes_max_depth('ExtraTreesRegressor', array([[  1.62434536e+00,  -6.11756414e-01,  -5.28171752e-01,
----------------------------------------------------------------------
Traceback (most recent call last):
  File "/usr/lib/python2.7/site-packages/nose/case.py", line 197, in runTest
    self.test(*self.arg)
  File "/home/besser82/rpmbuild/BUILDROOT/python-scikit-learn-0.15-0.1.git20140602.083b5f5.fc20.x86_64/usr/lib64/python2.7/site-packages/sklearn/ensemble/tests/test_forest.py", line 515, in check_max_leaf_nodes_max_depth
    n_estimators=1).fit(X, y)
  File "/home/besser82/rpmbuild/BUILDROOT/python-scikit-learn-0.15-0.1.git20140602.083b5f5.fc20.x86_64/usr/lib64/python2.7/site-packages/sklearn/ensemble/forest.py", line 271, in fit
    backend="threading")(
TypeError: __init__() got an unexpected keyword argument 'backend'

======================================================================
ERROR: sklearn.ensemble.tests.test_forest.test_max_leaf_nodes_max_depth('RandomForestRegressor', array([[  1.62434536e+00,  -6.11756414e-01,  -5.28171752e-01,
----------------------------------------------------------------------
Traceback (most recent call last):
  File "/usr/lib/python2.7/site-packages/nose/case.py", line 197, in runTest
    self.test(*self.arg)
  File "/home/besser82/rpmbuild/BUILDROOT/python-scikit-learn-0.15-0.1.git20140602.083b5f5.fc20.x86_64/usr/lib64/python2.7/site-packages/sklearn/ensemble/tests/test_forest.py", line 515, in check_max_leaf_nodes_max_depth
    n_estimators=1).fit(X, y)
  File "/home/besser82/rpmbuild/BUILDROOT/python-scikit-learn-0.15-0.1.git20140602.083b5f5.fc20.x86_64/usr/lib64/python2.7/site-packages/sklearn/ensemble/forest.py", line 271, in fit
    backend="threading")(
TypeError: __init__() got an unexpected keyword argument 'backend'

======================================================================
ERROR: sklearn.ensemble.tests.test_forest.test_max_leaf_nodes_max_depth('RandomTreesEmbedding', array([[  1.62434536e+00,  -6.11756414e-01,  -5.28171752e-01,
----------------------------------------------------------------------
Traceback (most recent call last):
  File "/usr/lib/python2.7/site-packages/nose/case.py", line 197, in runTest
    self.test(*self.arg)
  File "/home/besser82/rpmbuild/BUILDROOT/python-scikit-learn-0.15-0.1.git20140602.083b5f5.fc20.x86_64/usr/lib64/python2.7/site-packages/sklearn/ensemble/tests/test_forest.py", line 515, in check_max_leaf_nodes_max_depth
    n_estimators=1).fit(X, y)
  File "/home/besser82/rpmbuild/BUILDROOT/python-scikit-learn-0.15-0.1.git20140602.083b5f5.fc20.x86_64/usr/lib64/python2.7/site-packages/sklearn/ensemble/forest.py", line 1352, in fit
    self.fit_transform(X, y)
  File "/home/besser82/rpmbuild/BUILDROOT/python-scikit-learn-0.15-0.1.git20140602.083b5f5.fc20.x86_64/usr/lib64/python2.7/site-packages/sklearn/ensemble/forest.py", line 1371, in fit_transform
    super(RandomTreesEmbedding, self).fit(X, y)
  File "/home/besser82/rpmbuild/BUILDROOT/python-scikit-learn-0.15-0.1.git20140602.083b5f5.fc20.x86_64/usr/lib64/python2.7/site-packages/sklearn/ensemble/forest.py", line 271, in fit
    backend="threading")(
TypeError: __init__() got an unexpected keyword argument 'backend'

======================================================================
ERROR: sklearn.ensemble.tests.test_forest.test_max_leaf_nodes_max_depth('ExtraTreesClassifier', array([[  1.62434536e+00,  -6.11756414e-01,  -5.28171752e-01,
----------------------------------------------------------------------
Traceback (most recent call last):
  File "/usr/lib/python2.7/site-packages/nose/case.py", line 197, in runTest
    self.test(*self.arg)
  File "/home/besser82/rpmbuild/BUILDROOT/python-scikit-learn-0.15-0.1.git20140602.083b5f5.fc20.x86_64/usr/lib64/python2.7/site-packages/sklearn/ensemble/tests/test_forest.py", line 515, in check_max_leaf_nodes_max_depth
    n_estimators=1).fit(X, y)
  File "/home/besser82/rpmbuild/BUILDROOT/python-scikit-learn-0.15-0.1.git20140602.083b5f5.fc20.x86_64/usr/lib64/python2.7/site-packages/sklearn/ensemble/forest.py", line 271, in fit
    backend="threading")(
TypeError: __init__() got an unexpected keyword argument 'backend'

======================================================================
ERROR: sklearn.ensemble.tests.test_forest.test_max_leaf_nodes_max_depth('RandomForestClassifier', array([[  1.62434536e+00,  -6.11756414e-01,  -5.28171752e-01,
----------------------------------------------------------------------
Traceback (most recent call last):
  File "/usr/lib/python2.7/site-packages/nose/case.py", line 197, in runTest
    self.test(*self.arg)
  File "/home/besser82/rpmbuild/BUILDROOT/python-scikit-learn-0.15-0.1.git20140602.083b5f5.fc20.x86_64/usr/lib64/python2.7/site-packages/sklearn/ensemble/tests/test_forest.py", line 515, in check_max_leaf_nodes_max_depth
    n_estimators=1).fit(X, y)
  File "/home/besser82/rpmbuild/BUILDROOT/python-scikit-learn-0.15-0.1.git20140602.083b5f5.fc20.x86_64/usr/lib64/python2.7/site-packages/sklearn/ensemble/forest.py", line 271, in fit
    backend="threading")(
TypeError: __init__() got an unexpected keyword argument 'backend'

======================================================================
ERROR: Test different base estimators.
----------------------------------------------------------------------
Traceback (most recent call last):
  File "/usr/lib/python2.7/site-packages/nose/case.py", line 197, in runTest
    self.test(*self.arg)
  File "/home/besser82/rpmbuild/BUILDROOT/python-scikit-learn-0.15-0.1.git20140602.083b5f5.fc20.x86_64/usr/lib64/python2.7/site-packages/sklearn/ensemble/tests/test_weight_boosting.py", line 227, in test_base_estimator
    clf.fit(X, y_regr)
  File "/home/besser82/rpmbuild/BUILDROOT/python-scikit-learn-0.15-0.1.git20140602.083b5f5.fc20.x86_64/usr/lib64/python2.7/site-packages/sklearn/ensemble/weight_boosting.py", line 381, in fit
    return super(AdaBoostClassifier, self).fit(X, y, sample_weight)
  File "/home/besser82/rpmbuild/BUILDROOT/python-scikit-learn-0.15-0.1.git20140602.083b5f5.fc20.x86_64/usr/lib64/python2.7/site-packages/sklearn/ensemble/weight_boosting.py", line 128, in fit
    sample_weight)
  File "/home/besser82/rpmbuild/BUILDROOT/python-scikit-learn-0.15-0.1.git20140602.083b5f5.fc20.x86_64/usr/lib64/python2.7/site-packages/sklearn/ensemble/weight_boosting.py", line 434, in _boost
    return self._boost_real(iboost, X, y, sample_weight)
  File "/home/besser82/rpmbuild/BUILDROOT/python-scikit-learn-0.15-0.1.git20140602.083b5f5.fc20.x86_64/usr/lib64/python2.7/site-packages/sklearn/ensemble/weight_boosting.py", line 448, in _boost_real
    estimator.fit(X, y, sample_weight=sample_weight)
  File "/home/besser82/rpmbuild/BUILDROOT/python-scikit-learn-0.15-0.1.git20140602.083b5f5.fc20.x86_64/usr/lib64/python2.7/site-packages/sklearn/ensemble/forest.py", line 271, in fit
    backend="threading")(
TypeError: __init__() got an unexpected keyword argument 'backend'

======================================================================
ERROR: sklearn.feature_selection.tests.test_from_model.test_transform_linear_model
----------------------------------------------------------------------
Traceback (most recent call last):
  File "/usr/lib/python2.7/site-packages/nose/case.py", line 197, in runTest
    self.test(*self.arg)
  File "/home/besser82/rpmbuild/BUILDROOT/python-scikit-learn-0.15-0.1.git20140602.083b5f5.fc20.x86_64/usr/lib64/python2.7/site-packages/sklearn/feature_selection/tests/test_from_model.py", line 26, in test_transform_linear_model
    clf.fit(X, iris.target)
  File "/home/besser82/rpmbuild/BUILDROOT/python-scikit-learn-0.15-0.1.git20140602.083b5f5.fc20.x86_64/usr/lib64/python2.7/site-packages/sklearn/linear_model/stochastic_gradient.py", line 485, in fit
    sample_weight=sample_weight)
  File "/home/besser82/rpmbuild/BUILDROOT/python-scikit-learn-0.15-0.1.git20140602.083b5f5.fc20.x86_64/usr/lib64/python2.7/site-packages/sklearn/linear_model/stochastic_gradient.py", line 389, in _fit
    classes, sample_weight, coef_init, intercept_init)
  File "/home/besser82/rpmbuild/BUILDROOT/python-scikit-learn-0.15-0.1.git20140602.083b5f5.fc20.x86_64/usr/lib64/python2.7/site-packages/sklearn/linear_model/stochastic_gradient.py", line 351, in _partial_fit
    sample_weight=sample_weight, n_iter=n_iter)
  File "/home/besser82/rpmbuild/BUILDROOT/python-scikit-learn-0.15-0.1.git20140602.083b5f5.fc20.x86_64/usr/lib64/python2.7/site-packages/sklearn/linear_model/stochastic_gradient.py", line 415, in _fit_multiclass
    verbose=self.verbose)(
TypeError: __init__() got an unexpected keyword argument 'backend'

======================================================================
ERROR: sklearn.feature_selection.tests.test_from_model.test_invalid_input
----------------------------------------------------------------------
Traceback (most recent call last):
  File "/usr/lib/python2.7/site-packages/nose/case.py", line 197, in runTest
    self.test(*self.arg)
  File "/home/besser82/rpmbuild/BUILDROOT/python-scikit-learn-0.15-0.1.git20140602.083b5f5.fc20.x86_64/usr/lib64/python2.7/site-packages/sklearn/feature_selection/tests/test_from_model.py", line 41, in test_invalid_input
    clf.fit(iris.data, iris.target)
  File "/home/besser82/rpmbuild/BUILDROOT/python-scikit-learn-0.15-0.1.git20140602.083b5f5.fc20.x86_64/usr/lib64/python2.7/site-packages/sklearn/linear_model/stochastic_gradient.py", line 485, in fit
    sample_weight=sample_weight)
  File "/home/besser82/rpmbuild/BUILDROOT/python-scikit-learn-0.15-0.1.git20140602.083b5f5.fc20.x86_64/usr/lib64/python2.7/site-packages/sklearn/linear_model/stochastic_gradient.py", line 389, in _fit
    classes, sample_weight, coef_init, intercept_init)
  File "/home/besser82/rpmbuild/BUILDROOT/python-scikit-learn-0.15-0.1.git20140602.083b5f5.fc20.x86_64/usr/lib64/python2.7/site-packages/sklearn/linear_model/stochastic_gradient.py", line 351, in _partial_fit
    sample_weight=sample_weight, n_iter=n_iter)
  File "/home/besser82/rpmbuild/BUILDROOT/python-scikit-learn-0.15-0.1.git20140602.083b5f5.fc20.x86_64/usr/lib64/python2.7/site-packages/sklearn/linear_model/stochastic_gradient.py", line 415, in _fit_multiclass
    verbose=self.verbose)(
TypeError: __init__() got an unexpected keyword argument 'backend'

======================================================================
ERROR: sklearn.linear_model.tests.test_passive_aggressive.test_classifier_accuracy
----------------------------------------------------------------------
Traceback (most recent call last):
  File "/usr/lib/python2.7/site-packages/nose/case.py", line 197, in runTest
    self.test(*self.arg)
  File "/home/besser82/rpmbuild/BUILDROOT/python-scikit-learn-0.15-0.1.git20140602.083b5f5.fc20.x86_64/usr/lib64/python2.7/site-packages/sklearn/linear_model/tests/test_passive_aggressive.py", line 74, in test_classifier_accuracy
    clf.fit(data, y)
  File "/home/besser82/rpmbuild/BUILDROOT/python-scikit-learn-0.15-0.1.git20140602.083b5f5.fc20.x86_64/usr/lib64/python2.7/site-packages/sklearn/linear_model/passive_aggressive.py", line 146, in fit
    coef_init=coef_init, intercept_init=intercept_init)
  File "/home/besser82/rpmbuild/BUILDROOT/python-scikit-learn-0.15-0.1.git20140602.083b5f5.fc20.x86_64/usr/lib64/python2.7/site-packages/sklearn/linear_model/stochastic_gradient.py", line 389, in _fit
    classes, sample_weight, coef_init, intercept_init)
  File "/home/besser82/rpmbuild/BUILDROOT/python-scikit-learn-0.15-0.1.git20140602.083b5f5.fc20.x86_64/usr/lib64/python2.7/site-packages/sklearn/linear_model/stochastic_gradient.py", line 351, in _partial_fit
    sample_weight=sample_weight, n_iter=n_iter)
  File "/home/besser82/rpmbuild/BUILDROOT/python-scikit-learn-0.15-0.1.git20140602.083b5f5.fc20.x86_64/usr/lib64/python2.7/site-packages/sklearn/linear_model/stochastic_gradient.py", line 415, in _fit_multiclass
    verbose=self.verbose)(
TypeError: __init__() got an unexpected keyword argument 'backend'

======================================================================
ERROR: sklearn.linear_model.tests.test_passive_aggressive.test_classifier_partial_fit
----------------------------------------------------------------------
Traceback (most recent call last):
  File "/usr/lib/python2.7/site-packages/nose/case.py", line 197, in runTest
    self.test(*self.arg)
  File "/home/besser82/rpmbuild/BUILDROOT/python-scikit-learn-0.15-0.1.git20140602.083b5f5.fc20.x86_64/usr/lib64/python2.7/site-packages/sklearn/linear_model/tests/test_passive_aggressive.py", line 86, in test_classifier_partial_fit
    clf.partial_fit(data, y, classes)
  File "/home/besser82/rpmbuild/BUILDROOT/python-scikit-learn-0.15-0.1.git20140602.083b5f5.fc20.x86_64/usr/lib64/python2.7/site-packages/sklearn/linear_model/passive_aggressive.py", line 116, in partial_fit
    coef_init=None, intercept_init=None)
  File "/home/besser82/rpmbuild/BUILDROOT/python-scikit-learn-0.15-0.1.git20140602.083b5f5.fc20.x86_64/usr/lib64/python2.7/site-packages/sklearn/linear_model/stochastic_gradient.py", line 351, in _partial_fit
    sample_weight=sample_weight, n_iter=n_iter)
  File "/home/besser82/rpmbuild/BUILDROOT/python-scikit-learn-0.15-0.1.git20140602.083b5f5.fc20.x86_64/usr/lib64/python2.7/site-packages/sklearn/linear_model/stochastic_gradient.py", line 415, in _fit_multiclass
    verbose=self.verbose)(
TypeError: __init__() got an unexpected keyword argument 'backend'

======================================================================
ERROR: Classifier can be retrained on different labels and features.
----------------------------------------------------------------------
Traceback (most recent call last):
  File "/usr/lib/python2.7/site-packages/nose/case.py", line 197, in runTest
    self.test(*self.arg)
  File "/home/besser82/rpmbuild/BUILDROOT/python-scikit-learn-0.15-0.1.git20140602.083b5f5.fc20.x86_64/usr/lib64/python2.7/site-packages/sklearn/linear_model/tests/test_passive_aggressive.py", line 93, in test_classifier_refit
    clf = PassiveAggressiveClassifier().fit(X, y)
  File "/home/besser82/rpmbuild/BUILDROOT/python-scikit-learn-0.15-0.1.git20140602.083b5f5.fc20.x86_64/usr/lib64/python2.7/site-packages/sklearn/linear_model/passive_aggressive.py", line 146, in fit
    coef_init=coef_init, intercept_init=intercept_init)
  File "/home/besser82/rpmbuild/BUILDROOT/python-scikit-learn-0.15-0.1.git20140602.083b5f5.fc20.x86_64/usr/lib64/python2.7/site-packages/sklearn/linear_model/stochastic_gradient.py", line 389, in _fit
    classes, sample_weight, coef_init, intercept_init)
  File "/home/besser82/rpmbuild/BUILDROOT/python-scikit-learn-0.15-0.1.git20140602.083b5f5.fc20.x86_64/usr/lib64/python2.7/site-packages/sklearn/linear_model/stochastic_gradient.py", line 351, in _partial_fit
    sample_weight=sample_weight, n_iter=n_iter)
  File "/home/besser82/rpmbuild/BUILDROOT/python-scikit-learn-0.15-0.1.git20140602.083b5f5.fc20.x86_64/usr/lib64/python2.7/site-packages/sklearn/linear_model/stochastic_gradient.py", line 415, in _fit_multiclass
    verbose=self.verbose)(
TypeError: __init__() got an unexpected keyword argument 'backend'

======================================================================
ERROR: sklearn.linear_model.tests.test_perceptron.test_perceptron_accuracy
----------------------------------------------------------------------
Traceback (most recent call last):
  File "/usr/lib/python2.7/site-packages/nose/case.py", line 197, in runTest
    self.test(*self.arg)
  File "/home/besser82/rpmbuild/BUILDROOT/python-scikit-learn-0.15-0.1.git20140602.083b5f5.fc20.x86_64/usr/lib64/python2.7/site-packages/sklearn/linear_model/tests/test_perceptron.py", line 49, in test_perceptron_accuracy
    clf.fit(data, y)
  File "/home/besser82/rpmbuild/BUILDROOT/python-scikit-learn-0.15-0.1.git20140602.083b5f5.fc20.x86_64/usr/lib64/python2.7/site-packages/sklearn/linear_model/stochastic_gradient.py", line 485, in fit
    sample_weight=sample_weight)
  File "/home/besser82/rpmbuild/BUILDROOT/python-scikit-learn-0.15-0.1.git20140602.083b5f5.fc20.x86_64/usr/lib64/python2.7/site-packages/sklearn/linear_model/stochastic_gradient.py", line 389, in _fit
    classes, sample_weight, coef_init, intercept_init)
  File "/home/besser82/rpmbuild/BUILDROOT/python-scikit-learn-0.15-0.1.git20140602.083b5f5.fc20.x86_64/usr/lib64/python2.7/site-packages/sklearn/linear_model/stochastic_gradient.py", line 351, in _partial_fit
    sample_weight=sample_weight, n_iter=n_iter)
  File "/home/besser82/rpmbuild/BUILDROOT/python-scikit-learn-0.15-0.1.git20140602.083b5f5.fc20.x86_64/usr/lib64/python2.7/site-packages/sklearn/linear_model/stochastic_gradient.py", line 415, in _fit_multiclass
    verbose=self.verbose)(
TypeError: __init__() got an unexpected keyword argument 'backend'

======================================================================
ERROR: Test class weights for imbalanced data
----------------------------------------------------------------------
Traceback (most recent call last):
  File "/home/besser82/rpmbuild/BUILDROOT/python-scikit-learn-0.15-0.1.git20140602.083b5f5.fc20.x86_64/usr/lib64/python2.7/site-packages/sklearn/linear_model/tests/test_sgd.py", line 456, in test_auto_weight
    class_weight=None).fit(X, y)
  File "/home/besser82/rpmbuild/BUILDROOT/python-scikit-learn-0.15-0.1.git20140602.083b5f5.fc20.x86_64/usr/lib64/python2.7/site-packages/sklearn/linear_model/stochastic_gradient.py", line 485, in fit
    sample_weight=sample_weight)
  File "/home/besser82/rpmbuild/BUILDROOT/python-scikit-learn-0.15-0.1.git20140602.083b5f5.fc20.x86_64/usr/lib64/python2.7/site-packages/sklearn/linear_model/stochastic_gradient.py", line 389, in _fit
    classes, sample_weight, coef_init, intercept_init)
  File "/home/besser82/rpmbuild/BUILDROOT/python-scikit-learn-0.15-0.1.git20140602.083b5f5.fc20.x86_64/usr/lib64/python2.7/site-packages/sklearn/linear_model/stochastic_gradient.py", line 351, in _partial_fit
    sample_weight=sample_weight, n_iter=n_iter)
  File "/home/besser82/rpmbuild/BUILDROOT/python-scikit-learn-0.15-0.1.git20140602.083b5f5.fc20.x86_64/usr/lib64/python2.7/site-packages/sklearn/linear_model/stochastic_gradient.py", line 415, in _fit_multiclass
    verbose=self.verbose)(
TypeError: __init__() got an unexpected keyword argument 'backend'

======================================================================
ERROR: Partial_fit should work after initial fit in the multiclass case.
----------------------------------------------------------------------
Traceback (most recent call last):
  File "/home/besser82/rpmbuild/BUILDROOT/python-scikit-learn-0.15-0.1.git20140602.083b5f5.fc20.x86_64/usr/lib64/python2.7/site-packages/sklearn/linear_model/tests/test_sgd.py", line 567, in test_fit_then_partial_fit
    clf.fit(X2, Y2)
  File "/home/besser82/rpmbuild/BUILDROOT/python-scikit-learn-0.15-0.1.git20140602.083b5f5.fc20.x86_64/usr/lib64/python2.7/site-packages/sklearn/linear_model/stochastic_gradient.py", line 485, in fit
    sample_weight=sample_weight)
  File "/home/besser82/rpmbuild/BUILDROOT/python-scikit-learn-0.15-0.1.git20140602.083b5f5.fc20.x86_64/usr/lib64/python2.7/site-packages/sklearn/linear_model/stochastic_gradient.py", line 389, in _fit
    classes, sample_weight, coef_init, intercept_init)
  File "/home/besser82/rpmbuild/BUILDROOT/python-scikit-learn-0.15-0.1.git20140602.083b5f5.fc20.x86_64/usr/lib64/python2.7/site-packages/sklearn/linear_model/stochastic_gradient.py", line 351, in _partial_fit
    sample_weight=sample_weight, n_iter=n_iter)
  File "/home/besser82/rpmbuild/BUILDROOT/python-scikit-learn-0.15-0.1.git20140602.083b5f5.fc20.x86_64/usr/lib64/python2.7/site-packages/sklearn/linear_model/stochastic_gradient.py", line 415, in _fit_multiclass
    verbose=self.verbose)(
TypeError: __init__() got an unexpected keyword argument 'backend'

======================================================================
ERROR: test_partial_fit_equal_fit_constant (sklearn.linear_model.tests.test_sgd.DenseSGDClassifierTestCase)
----------------------------------------------------------------------
Traceback (most recent call last):
  File "/home/besser82/rpmbuild/BUILDROOT/python-scikit-learn-0.15-0.1.git20140602.083b5f5.fc20.x86_64/usr/lib64/python2.7/site-packages/sklearn/linear_model/tests/test_sgd.py", line 589, in test_partial_fit_equal_fit_constant
    self._test_partial_fit_equal_fit("constant")
  File "/home/besser82/rpmbuild/BUILDROOT/python-scikit-learn-0.15-0.1.git20140602.083b5f5.fc20.x86_64/usr/lib64/python2.7/site-packages/sklearn/linear_model/tests/test_sgd.py", line 574, in _test_partial_fit_equal_fit
    clf.fit(X_, Y_)
  File "/home/besser82/rpmbuild/BUILDROOT/python-scikit-learn-0.15-0.1.git20140602.083b5f5.fc20.x86_64/usr/lib64/python2.7/site-packages/sklearn/linear_model/stochastic_gradient.py", line 485, in fit
    sample_weight=sample_weight)
  File "/home/besser82/rpmbuild/BUILDROOT/python-scikit-learn-0.15-0.1.git20140602.083b5f5.fc20.x86_64/usr/lib64/python2.7/site-packages/sklearn/linear_model/stochastic_gradient.py", line 389, in _fit
    classes, sample_weight, coef_init, intercept_init)
  File "/home/besser82/rpmbuild/BUILDROOT/python-scikit-learn-0.15-0.1.git20140602.083b5f5.fc20.x86_64/usr/lib64/python2.7/site-packages/sklearn/linear_model/stochastic_gradient.py", line 351, in _partial_fit
    sample_weight=sample_weight, n_iter=n_iter)
  File "/home/besser82/rpmbuild/BUILDROOT/python-scikit-learn-0.15-0.1.git20140602.083b5f5.fc20.x86_64/usr/lib64/python2.7/site-packages/sklearn/linear_model/stochastic_gradient.py", line 415, in _fit_multiclass
    verbose=self.verbose)(
TypeError: __init__() got an unexpected keyword argument 'backend'

======================================================================
ERROR: test_partial_fit_equal_fit_invscaling (sklearn.linear_model.tests.test_sgd.DenseSGDClassifierTestCase)
----------------------------------------------------------------------
Traceback (most recent call last):
  File "/home/besser82/rpmbuild/BUILDROOT/python-scikit-learn-0.15-0.1.git20140602.083b5f5.fc20.x86_64/usr/lib64/python2.7/site-packages/sklearn/linear_model/tests/test_sgd.py", line 595, in test_partial_fit_equal_fit_invscaling
    self._test_partial_fit_equal_fit("invscaling")
  File "/home/besser82/rpmbuild/BUILDROOT/python-scikit-learn-0.15-0.1.git20140602.083b5f5.fc20.x86_64/usr/lib64/python2.7/site-packages/sklearn/linear_model/tests/test_sgd.py", line 574, in _test_partial_fit_equal_fit
    clf.fit(X_, Y_)
  File "/home/besser82/rpmbuild/BUILDROOT/python-scikit-learn-0.15-0.1.git20140602.083b5f5.fc20.x86_64/usr/lib64/python2.7/site-packages/sklearn/linear_model/stochastic_gradient.py", line 485, in fit
    sample_weight=sample_weight)
  File "/home/besser82/rpmbuild/BUILDROOT/python-scikit-learn-0.15-0.1.git20140602.083b5f5.fc20.x86_64/usr/lib64/python2.7/site-packages/sklearn/linear_model/stochastic_gradient.py", line 389, in _fit
    classes, sample_weight, coef_init, intercept_init)
  File "/home/besser82/rpmbuild/BUILDROOT/python-scikit-learn-0.15-0.1.git20140602.083b5f5.fc20.x86_64/usr/lib64/python2.7/site-packages/sklearn/linear_model/stochastic_gradient.py", line 351, in _partial_fit
    sample_weight=sample_weight, n_iter=n_iter)
  File "/home/besser82/rpmbuild/BUILDROOT/python-scikit-learn-0.15-0.1.git20140602.083b5f5.fc20.x86_64/usr/lib64/python2.7/site-packages/sklearn/linear_model/stochastic_gradient.py", line 415, in _fit_multiclass
    verbose=self.verbose)(
TypeError: __init__() got an unexpected keyword argument 'backend'

======================================================================
ERROR: test_partial_fit_equal_fit_optimal (sklearn.linear_model.tests.test_sgd.DenseSGDClassifierTestCase)
----------------------------------------------------------------------
Traceback (most recent call last):
  File "/home/besser82/rpmbuild/BUILDROOT/python-scikit-learn-0.15-0.1.git20140602.083b5f5.fc20.x86_64/usr/lib64/python2.7/site-packages/sklearn/linear_model/tests/test_sgd.py", line 592, in test_partial_fit_equal_fit_optimal
    self._test_partial_fit_equal_fit("optimal")
  File "/home/besser82/rpmbuild/BUILDROOT/python-scikit-learn-0.15-0.1.git20140602.083b5f5.fc20.x86_64/usr/lib64/python2.7/site-packages/sklearn/linear_model/tests/test_sgd.py", line 574, in _test_partial_fit_equal_fit
    clf.fit(X_, Y_)
  File "/home/besser82/rpmbuild/BUILDROOT/python-scikit-learn-0.15-0.1.git20140602.083b5f5.fc20.x86_64/usr/lib64/python2.7/site-packages/sklearn/linear_model/stochastic_gradient.py", line 485, in fit
    sample_weight=sample_weight)
  File "/home/besser82/rpmbuild/BUILDROOT/python-scikit-learn-0.15-0.1.git20140602.083b5f5.fc20.x86_64/usr/lib64/python2.7/site-packages/sklearn/linear_model/stochastic_gradient.py", line 389, in _fit
    classes, sample_weight, coef_init, intercept_init)
  File "/home/besser82/rpmbuild/BUILDROOT/python-scikit-learn-0.15-0.1.git20140602.083b5f5.fc20.x86_64/usr/lib64/python2.7/site-packages/sklearn/linear_model/stochastic_gradient.py", line 351, in _partial_fit
    sample_weight=sample_weight, n_iter=n_iter)
  File "/home/besser82/rpmbuild/BUILDROOT/python-scikit-learn-0.15-0.1.git20140602.083b5f5.fc20.x86_64/usr/lib64/python2.7/site-packages/sklearn/linear_model/stochastic_gradient.py", line 415, in _fit_multiclass
    verbose=self.verbose)(
TypeError: __init__() got an unexpected keyword argument 'backend'

======================================================================
ERROR: test_partial_fit_multiclass (sklearn.linear_model.tests.test_sgd.DenseSGDClassifierTestCase)
----------------------------------------------------------------------
Traceback (most recent call last):
  File "/home/besser82/rpmbuild/BUILDROOT/python-scikit-learn-0.15-0.1.git20140602.083b5f5.fc20.x86_64/usr/lib64/python2.7/site-packages/sklearn/linear_model/tests/test_sgd.py", line 549, in test_partial_fit_multiclass
    clf.partial_fit(X2[:third], Y2[:third], classes=classes)
  File "/home/besser82/rpmbuild/BUILDROOT/python-scikit-learn-0.15-0.1.git20140602.083b5f5.fc20.x86_64/usr/lib64/python2.7/site-packages/sklearn/linear_model/stochastic_gradient.py", line 454, in partial_fit
    coef_init=None, intercept_init=None)
  File "/home/besser82/rpmbuild/BUILDROOT/python-scikit-learn-0.15-0.1.git20140602.083b5f5.fc20.x86_64/usr/lib64/python2.7/site-packages/sklearn/linear_model/stochastic_gradient.py", line 351, in _partial_fit
    sample_weight=sample_weight, n_iter=n_iter)
  File "/home/besser82/rpmbuild/BUILDROOT/python-scikit-learn-0.15-0.1.git20140602.083b5f5.fc20.x86_64/usr/lib64/python2.7/site-packages/sklearn/linear_model/stochastic_gradient.py", line 415, in _fit_multiclass
    verbose=self.verbose)(
TypeError: __init__() got an unexpected keyword argument 'backend'

======================================================================
ERROR: Checks coef_init and intercept_init shape for for multi-class
----------------------------------------------------------------------
Traceback (most recent call last):
  File "/home/besser82/rpmbuild/BUILDROOT/python-scikit-learn-0.15-0.1.git20140602.083b5f5.fc20.x86_64/usr/lib64/python2.7/site-packages/sklearn/linear_model/tests/test_sgd.py", line 288, in test_set_coef_multiclass
    clf = self.factory().fit(X2, Y2, coef_init=np.zeros((3, 2)))
  File "/home/besser82/rpmbuild/BUILDROOT/python-scikit-learn-0.15-0.1.git20140602.083b5f5.fc20.x86_64/usr/lib64/python2.7/site-packages/sklearn/linear_model/stochastic_gradient.py", line 485, in fit
    sample_weight=sample_weight)
  File "/home/besser82/rpmbuild/BUILDROOT/python-scikit-learn-0.15-0.1.git20140602.083b5f5.fc20.x86_64/usr/lib64/python2.7/site-packages/sklearn/linear_model/stochastic_gradient.py", line 389, in _fit
    classes, sample_weight, coef_init, intercept_init)
  File "/home/besser82/rpmbuild/BUILDROOT/python-scikit-learn-0.15-0.1.git20140602.083b5f5.fc20.x86_64/usr/lib64/python2.7/site-packages/sklearn/linear_model/stochastic_gradient.py", line 351, in _partial_fit
    sample_weight=sample_weight, n_iter=n_iter)
  File "/home/besser82/rpmbuild/BUILDROOT/python-scikit-learn-0.15-0.1.git20140602.083b5f5.fc20.x86_64/usr/lib64/python2.7/site-packages/sklearn/linear_model/stochastic_gradient.py", line 415, in _fit_multiclass
    verbose=self.verbose)(
TypeError: __init__() got an unexpected keyword argument 'backend'

======================================================================
ERROR: Multi-class test case
----------------------------------------------------------------------
Traceback (most recent call last):
  File "/home/besser82/rpmbuild/BUILDROOT/python-scikit-learn-0.15-0.1.git20140602.083b5f5.fc20.x86_64/usr/lib64/python2.7/site-packages/sklearn/linear_model/tests/test_sgd.py", line 254, in test_sgd_multiclass
    clf = self.factory(alpha=0.01, n_iter=20).fit(X2, Y2)
  File "/home/besser82/rpmbuild/BUILDROOT/python-scikit-learn-0.15-0.1.git20140602.083b5f5.fc20.x86_64/usr/lib64/python2.7/site-packages/sklearn/linear_model/stochastic_gradient.py", line 485, in fit
    sample_weight=sample_weight)
  File "/home/besser82/rpmbuild/BUILDROOT/python-scikit-learn-0.15-0.1.git20140602.083b5f5.fc20.x86_64/usr/lib64/python2.7/site-packages/sklearn/linear_model/stochastic_gradient.py", line 389, in _fit
    classes, sample_weight, coef_init, intercept_init)
  File "/home/besser82/rpmbuild/BUILDROOT/python-scikit-learn-0.15-0.1.git20140602.083b5f5.fc20.x86_64/usr/lib64/python2.7/site-packages/sklearn/linear_model/stochastic_gradient.py", line 351, in _partial_fit
    sample_weight=sample_weight, n_iter=n_iter)
  File "/home/besser82/rpmbuild/BUILDROOT/python-scikit-learn-0.15-0.1.git20140602.083b5f5.fc20.x86_64/usr/lib64/python2.7/site-packages/sklearn/linear_model/stochastic_gradient.py", line 415, in _fit_multiclass
    verbose=self.verbose)(
TypeError: __init__() got an unexpected keyword argument 'backend'

======================================================================
ERROR: Multi-class test case with multi-core support
----------------------------------------------------------------------
Traceback (most recent call last):
  File "/home/besser82/rpmbuild/BUILDROOT/python-scikit-learn-0.15-0.1.git20140602.083b5f5.fc20.x86_64/usr/lib64/python2.7/site-packages/sklearn/linear_model/tests/test_sgd.py", line 273, in test_sgd_multiclass_njobs
    clf = self.factory(alpha=0.01, n_iter=20, n_jobs=2).fit(X2, Y2)
  File "/home/besser82/rpmbuild/BUILDROOT/python-scikit-learn-0.15-0.1.git20140602.083b5f5.fc20.x86_64/usr/lib64/python2.7/site-packages/sklearn/linear_model/stochastic_gradient.py", line 485, in fit
    sample_weight=sample_weight)
  File "/home/besser82/rpmbuild/BUILDROOT/python-scikit-learn-0.15-0.1.git20140602.083b5f5.fc20.x86_64/usr/lib64/python2.7/site-packages/sklearn/linear_model/stochastic_gradient.py", line 389, in _fit
    classes, sample_weight, coef_init, intercept_init)
  File "/home/besser82/rpmbuild/BUILDROOT/python-scikit-learn-0.15-0.1.git20140602.083b5f5.fc20.x86_64/usr/lib64/python2.7/site-packages/sklearn/linear_model/stochastic_gradient.py", line 351, in _partial_fit
    sample_weight=sample_weight, n_iter=n_iter)
  File "/home/besser82/rpmbuild/BUILDROOT/python-scikit-learn-0.15-0.1.git20140602.083b5f5.fc20.x86_64/usr/lib64/python2.7/site-packages/sklearn/linear_model/stochastic_gradient.py", line 415, in _fit_multiclass
    verbose=self.verbose)(
TypeError: __init__() got an unexpected keyword argument 'backend'

======================================================================
ERROR: Multi-class test case
----------------------------------------------------------------------
Traceback (most recent call last):
  File "/home/besser82/rpmbuild/BUILDROOT/python-scikit-learn-0.15-0.1.git20140602.083b5f5.fc20.x86_64/usr/lib64/python2.7/site-packages/sklearn/linear_model/tests/test_sgd.py", line 265, in test_sgd_multiclass_with_init_coef
    intercept_init=np.zeros(3))
  File "/home/besser82/rpmbuild/BUILDROOT/python-scikit-learn-0.15-0.1.git20140602.083b5f5.fc20.x86_64/usr/lib64/python2.7/site-packages/sklearn/linear_model/stochastic_gradient.py", line 485, in fit
    sample_weight=sample_weight)
  File "/home/besser82/rpmbuild/BUILDROOT/python-scikit-learn-0.15-0.1.git20140602.083b5f5.fc20.x86_64/usr/lib64/python2.7/site-packages/sklearn/linear_model/stochastic_gradient.py", line 389, in _fit
    classes, sample_weight, coef_init, intercept_init)
  File "/home/besser82/rpmbuild/BUILDROOT/python-scikit-learn-0.15-0.1.git20140602.083b5f5.fc20.x86_64/usr/lib64/python2.7/site-packages/sklearn/linear_model/stochastic_gradient.py", line 351, in _partial_fit
    sample_weight=sample_weight, n_iter=n_iter)
  File "/home/besser82/rpmbuild/BUILDROOT/python-scikit-learn-0.15-0.1.git20140602.083b5f5.fc20.x86_64/usr/lib64/python2.7/site-packages/sklearn/linear_model/stochastic_gradient.py", line 415, in _fit_multiclass
    verbose=self.verbose)(
TypeError: __init__() got an unexpected keyword argument 'backend'

======================================================================
ERROR: Check SGD.predict_proba
----------------------------------------------------------------------
Traceback (most recent call last):
  File "/home/besser82/rpmbuild/BUILDROOT/python-scikit-learn-0.15-0.1.git20140602.083b5f5.fc20.x86_64/usr/lib64/python2.7/site-packages/sklearn/linear_model/tests/test_sgd.py", line 324, in test_sgd_proba
    clf = self.factory(loss="log", alpha=0.01, n_iter=10).fit(X2, Y2)
  File "/home/besser82/rpmbuild/BUILDROOT/python-scikit-learn-0.15-0.1.git20140602.083b5f5.fc20.x86_64/usr/lib64/python2.7/site-packages/sklearn/linear_model/stochastic_gradient.py", line 485, in fit
    sample_weight=sample_weight)
  File "/home/besser82/rpmbuild/BUILDROOT/python-scikit-learn-0.15-0.1.git20140602.083b5f5.fc20.x86_64/usr/lib64/python2.7/site-packages/sklearn/linear_model/stochastic_gradient.py", line 389, in _fit
    classes, sample_weight, coef_init, intercept_init)
  File "/home/besser82/rpmbuild/BUILDROOT/python-scikit-learn-0.15-0.1.git20140602.083b5f5.fc20.x86_64/usr/lib64/python2.7/site-packages/sklearn/linear_model/stochastic_gradient.py", line 351, in _partial_fit
    sample_weight=sample_weight, n_iter=n_iter)
  File "/home/besser82/rpmbuild/BUILDROOT/python-scikit-learn-0.15-0.1.git20140602.083b5f5.fc20.x86_64/usr/lib64/python2.7/site-packages/sklearn/linear_model/stochastic_gradient.py", line 415, in _fit_multiclass
    verbose=self.verbose)(
TypeError: __init__() got an unexpected keyword argument 'backend'

======================================================================
ERROR: test_warm_start_multiclass (sklearn.linear_model.tests.test_sgd.DenseSGDClassifierTestCase)
----------------------------------------------------------------------
Traceback (most recent call last):
  File "/home/besser82/rpmbuild/BUILDROOT/python-scikit-learn-0.15-0.1.git20140602.083b5f5.fc20.x86_64/usr/lib64/python2.7/site-packages/sklearn/linear_model/tests/test_sgd.py", line 618, in test_warm_start_multiclass
    self._test_warm_start(X2, Y2, "optimal")
  File "/home/besser82/rpmbuild/BUILDROOT/python-scikit-learn-0.15-0.1.git20140602.083b5f5.fc20.x86_64/usr/lib64/python2.7/site-packages/sklearn/linear_model/tests/test_sgd.py", line 108, in _test_warm_start
    clf.fit(X, Y)
  File "/home/besser82/rpmbuild/BUILDROOT/python-scikit-learn-0.15-0.1.git20140602.083b5f5.fc20.x86_64/usr/lib64/python2.7/site-packages/sklearn/linear_model/stochastic_gradient.py", line 485, in fit
    sample_weight=sample_weight)
  File "/home/besser82/rpmbuild/BUILDROOT/python-scikit-learn-0.15-0.1.git20140602.083b5f5.fc20.x86_64/usr/lib64/python2.7/site-packages/sklearn/linear_model/stochastic_gradient.py", line 389, in _fit
    classes, sample_weight, coef_init, intercept_init)
  File "/home/besser82/rpmbuild/BUILDROOT/python-scikit-learn-0.15-0.1.git20140602.083b5f5.fc20.x86_64/usr/lib64/python2.7/site-packages/sklearn/linear_model/stochastic_gradient.py", line 351, in _partial_fit
    sample_weight=sample_weight, n_iter=n_iter)
  File "/home/besser82/rpmbuild/BUILDROOT/python-scikit-learn-0.15-0.1.git20140602.083b5f5.fc20.x86_64/usr/lib64/python2.7/site-packages/sklearn/linear_model/stochastic_gradient.py", line 415, in _fit_multiclass
    verbose=self.verbose)(
TypeError: __init__() got an unexpected keyword argument 'backend'

======================================================================
ERROR: Test class weights for imbalanced data
----------------------------------------------------------------------
Traceback (most recent call last):
  File "/home/besser82/rpmbuild/BUILDROOT/python-scikit-learn-0.15-0.1.git20140602.083b5f5.fc20.x86_64/usr/lib64/python2.7/site-packages/sklearn/linear_model/tests/test_sgd.py", line 456, in test_auto_weight
    class_weight=None).fit(X, y)
  File "/home/besser82/rpmbuild/BUILDROOT/python-scikit-learn-0.15-0.1.git20140602.083b5f5.fc20.x86_64/usr/lib64/python2.7/site-packages/sklearn/linear_model/tests/test_sgd.py", line 28, in fit
    return super(SparseSGDClassifier, self).fit(X, y, *args, **kw)
  File "/home/besser82/rpmbuild/BUILDROOT/python-scikit-learn-0.15-0.1.git20140602.083b5f5.fc20.x86_64/usr/lib64/python2.7/site-packages/sklearn/linear_model/stochastic_gradient.py", line 485, in fit
    sample_weight=sample_weight)
  File "/home/besser82/rpmbuild/BUILDROOT/python-scikit-learn-0.15-0.1.git20140602.083b5f5.fc20.x86_64/usr/lib64/python2.7/site-packages/sklearn/linear_model/stochastic_gradient.py", line 389, in _fit
    classes, sample_weight, coef_init, intercept_init)
  File "/home/besser82/rpmbuild/BUILDROOT/python-scikit-learn-0.15-0.1.git20140602.083b5f5.fc20.x86_64/usr/lib64/python2.7/site-packages/sklearn/linear_model/stochastic_gradient.py", line 351, in _partial_fit
    sample_weight=sample_weight, n_iter=n_iter)
  File "/home/besser82/rpmbuild/BUILDROOT/python-scikit-learn-0.15-0.1.git20140602.083b5f5.fc20.x86_64/usr/lib64/python2.7/site-packages/sklearn/linear_model/stochastic_gradient.py", line 415, in _fit_multiclass
    verbose=self.verbose)(
TypeError: __init__() got an unexpected keyword argument 'backend'

======================================================================
ERROR: Partial_fit should work after initial fit in the multiclass case.
----------------------------------------------------------------------
Traceback (most recent call last):
  File "/home/besser82/rpmbuild/BUILDROOT/python-scikit-learn-0.15-0.1.git20140602.083b5f5.fc20.x86_64/usr/lib64/python2.7/site-packages/sklearn/linear_model/tests/test_sgd.py", line 567, in test_fit_then_partial_fit
    clf.fit(X2, Y2)
  File "/home/besser82/rpmbuild/BUILDROOT/python-scikit-learn-0.15-0.1.git20140602.083b5f5.fc20.x86_64/usr/lib64/python2.7/site-packages/sklearn/linear_model/tests/test_sgd.py", line 28, in fit
    return super(SparseSGDClassifier, self).fit(X, y, *args, **kw)
  File "/home/besser82/rpmbuild/BUILDROOT/python-scikit-learn-0.15-0.1.git20140602.083b5f5.fc20.x86_64/usr/lib64/python2.7/site-packages/sklearn/linear_model/stochastic_gradient.py", line 485, in fit
    sample_weight=sample_weight)
  File "/home/besser82/rpmbuild/BUILDROOT/python-scikit-learn-0.15-0.1.git20140602.083b5f5.fc20.x86_64/usr/lib64/python2.7/site-packages/sklearn/linear_model/stochastic_gradient.py", line 389, in _fit
    classes, sample_weight, coef_init, intercept_init)
  File "/home/besser82/rpmbuild/BUILDROOT/python-scikit-learn-0.15-0.1.git20140602.083b5f5.fc20.x86_64/usr/lib64/python2.7/site-packages/sklearn/linear_model/stochastic_gradient.py", line 351, in _partial_fit
    sample_weight=sample_weight, n_iter=n_iter)
  File "/home/besser82/rpmbuild/BUILDROOT/python-scikit-learn-0.15-0.1.git20140602.083b5f5.fc20.x86_64/usr/lib64/python2.7/site-packages/sklearn/linear_model/stochastic_gradient.py", line 415, in _fit_multiclass
    verbose=self.verbose)(
TypeError: __init__() got an unexpected keyword argument 'backend'

======================================================================
ERROR: test_partial_fit_equal_fit_constant (sklearn.linear_model.tests.test_sgd.SparseSGDClassifierTestCase)
----------------------------------------------------------------------
Traceback (most recent call last):
  File "/home/besser82/rpmbuild/BUILDROOT/python-scikit-learn-0.15-0.1.git20140602.083b5f5.fc20.x86_64/usr/lib64/python2.7/site-packages/sklearn/linear_model/tests/test_sgd.py", line 589, in test_partial_fit_equal_fit_constant
    self._test_partial_fit_equal_fit("constant")
  File "/home/besser82/rpmbuild/BUILDROOT/python-scikit-learn-0.15-0.1.git20140602.083b5f5.fc20.x86_64/usr/lib64/python2.7/site-packages/sklearn/linear_model/tests/test_sgd.py", line 574, in _test_partial_fit_equal_fit
    clf.fit(X_, Y_)
  File "/home/besser82/rpmbuild/BUILDROOT/python-scikit-learn-0.15-0.1.git20140602.083b5f5.fc20.x86_64/usr/lib64/python2.7/site-packages/sklearn/linear_model/tests/test_sgd.py", line 28, in fit
    return super(SparseSGDClassifier, self).fit(X, y, *args, **kw)
  File "/home/besser82/rpmbuild/BUILDROOT/python-scikit-learn-0.15-0.1.git20140602.083b5f5.fc20.x86_64/usr/lib64/python2.7/site-packages/sklearn/linear_model/stochastic_gradient.py", line 485, in fit
    sample_weight=sample_weight)
  File "/home/besser82/rpmbuild/BUILDROOT/python-scikit-learn-0.15-0.1.git20140602.083b5f5.fc20.x86_64/usr/lib64/python2.7/site-packages/sklearn/linear_model/stochastic_gradient.py", line 389, in _fit
    classes, sample_weight, coef_init, intercept_init)
  File "/home/besser82/rpmbuild/BUILDROOT/python-scikit-learn-0.15-0.1.git20140602.083b5f5.fc20.x86_64/usr/lib64/python2.7/site-packages/sklearn/linear_model/stochastic_gradient.py", line 351, in _partial_fit
    sample_weight=sample_weight, n_iter=n_iter)
  File "/home/besser82/rpmbuild/BUILDROOT/python-scikit-learn-0.15-0.1.git20140602.083b5f5.fc20.x86_64/usr/lib64/python2.7/site-packages/sklearn/linear_model/stochastic_gradient.py", line 415, in _fit_multiclass
    verbose=self.verbose)(
TypeError: __init__() got an unexpected keyword argument 'backend'

======================================================================
ERROR: test_partial_fit_equal_fit_invscaling (sklearn.linear_model.tests.test_sgd.SparseSGDClassifierTestCase)
----------------------------------------------------------------------
Traceback (most recent call last):
  File "/home/besser82/rpmbuild/BUILDROOT/python-scikit-learn-0.15-0.1.git20140602.083b5f5.fc20.x86_64/usr/lib64/python2.7/site-packages/sklearn/linear_model/tests/test_sgd.py", line 595, in test_partial_fit_equal_fit_invscaling
    self._test_partial_fit_equal_fit("invscaling")
  File "/home/besser82/rpmbuild/BUILDROOT/python-scikit-learn-0.15-0.1.git20140602.083b5f5.fc20.x86_64/usr/lib64/python2.7/site-packages/sklearn/linear_model/tests/test_sgd.py", line 574, in _test_partial_fit_equal_fit
    clf.fit(X_, Y_)
  File "/home/besser82/rpmbuild/BUILDROOT/python-scikit-learn-0.15-0.1.git20140602.083b5f5.fc20.x86_64/usr/lib64/python2.7/site-packages/sklearn/linear_model/tests/test_sgd.py", line 28, in fit
    return super(SparseSGDClassifier, self).fit(X, y, *args, **kw)
  File "/home/besser82/rpmbuild/BUILDROOT/python-scikit-learn-0.15-0.1.git20140602.083b5f5.fc20.x86_64/usr/lib64/python2.7/site-packages/sklearn/linear_model/stochastic_gradient.py", line 485, in fit
    sample_weight=sample_weight)
  File "/home/besser82/rpmbuild/BUILDROOT/python-scikit-learn-0.15-0.1.git20140602.083b5f5.fc20.x86_64/usr/lib64/python2.7/site-packages/sklearn/linear_model/stochastic_gradient.py", line 389, in _fit
    classes, sample_weight, coef_init, intercept_init)
  File "/home/besser82/rpmbuild/BUILDROOT/python-scikit-learn-0.15-0.1.git20140602.083b5f5.fc20.x86_64/usr/lib64/python2.7/site-packages/sklearn/linear_model/stochastic_gradient.py", line 351, in _partial_fit
    sample_weight=sample_weight, n_iter=n_iter)
  File "/home/besser82/rpmbuild/BUILDROOT/python-scikit-learn-0.15-0.1.git20140602.083b5f5.fc20.x86_64/usr/lib64/python2.7/site-packages/sklearn/linear_model/stochastic_gradient.py", line 415, in _fit_multiclass
    verbose=self.verbose)(
TypeError: __init__() got an unexpected keyword argument 'backend'

======================================================================
ERROR: test_partial_fit_equal_fit_optimal (sklearn.linear_model.tests.test_sgd.SparseSGDClassifierTestCase)
----------------------------------------------------------------------
Traceback (most recent call last):
  File "/home/besser82/rpmbuild/BUILDROOT/python-scikit-learn-0.15-0.1.git20140602.083b5f5.fc20.x86_64/usr/lib64/python2.7/site-packages/sklearn/linear_model/tests/test_sgd.py", line 592, in test_partial_fit_equal_fit_optimal
    self._test_partial_fit_equal_fit("optimal")
  File "/home/besser82/rpmbuild/BUILDROOT/python-scikit-learn-0.15-0.1.git20140602.083b5f5.fc20.x86_64/usr/lib64/python2.7/site-packages/sklearn/linear_model/tests/test_sgd.py", line 574, in _test_partial_fit_equal_fit
    clf.fit(X_, Y_)
  File "/home/besser82/rpmbuild/BUILDROOT/python-scikit-learn-0.15-0.1.git20140602.083b5f5.fc20.x86_64/usr/lib64/python2.7/site-packages/sklearn/linear_model/tests/test_sgd.py", line 28, in fit
    return super(SparseSGDClassifier, self).fit(X, y, *args, **kw)
  File "/home/besser82/rpmbuild/BUILDROOT/python-scikit-learn-0.15-0.1.git20140602.083b5f5.fc20.x86_64/usr/lib64/python2.7/site-packages/sklearn/linear_model/stochastic_gradient.py", line 485, in fit
    sample_weight=sample_weight)
  File "/home/besser82/rpmbuild/BUILDROOT/python-scikit-learn-0.15-0.1.git20140602.083b5f5.fc20.x86_64/usr/lib64/python2.7/site-packages/sklearn/linear_model/stochastic_gradient.py", line 389, in _fit
    classes, sample_weight, coef_init, intercept_init)
  File "/home/besser82/rpmbuild/BUILDROOT/python-scikit-learn-0.15-0.1.git20140602.083b5f5.fc20.x86_64/usr/lib64/python2.7/site-packages/sklearn/linear_model/stochastic_gradient.py", line 351, in _partial_fit
    sample_weight=sample_weight, n_iter=n_iter)
  File "/home/besser82/rpmbuild/BUILDROOT/python-scikit-learn-0.15-0.1.git20140602.083b5f5.fc20.x86_64/usr/lib64/python2.7/site-packages/sklearn/linear_model/stochastic_gradient.py", line 415, in _fit_multiclass
    verbose=self.verbose)(
TypeError: __init__() got an unexpected keyword argument 'backend'

======================================================================
ERROR: test_partial_fit_multiclass (sklearn.linear_model.tests.test_sgd.SparseSGDClassifierTestCase)
----------------------------------------------------------------------
Traceback (most recent call last):
  File "/home/besser82/rpmbuild/BUILDROOT/python-scikit-learn-0.15-0.1.git20140602.083b5f5.fc20.x86_64/usr/lib64/python2.7/site-packages/sklearn/linear_model/tests/test_sgd.py", line 549, in test_partial_fit_multiclass
    clf.partial_fit(X2[:third], Y2[:third], classes=classes)
  File "/home/besser82/rpmbuild/BUILDROOT/python-scikit-learn-0.15-0.1.git20140602.083b5f5.fc20.x86_64/usr/lib64/python2.7/site-packages/sklearn/linear_model/tests/test_sgd.py", line 32, in partial_fit
    return super(SparseSGDClassifier, self).partial_fit(X, y, *args, **kw)
  File "/home/besser82/rpmbuild/BUILDROOT/python-scikit-learn-0.15-0.1.git20140602.083b5f5.fc20.x86_64/usr/lib64/python2.7/site-packages/sklearn/linear_model/stochastic_gradient.py", line 454, in partial_fit
    coef_init=None, intercept_init=None)
  File "/home/besser82/rpmbuild/BUILDROOT/python-scikit-learn-0.15-0.1.git20140602.083b5f5.fc20.x86_64/usr/lib64/python2.7/site-packages/sklearn/linear_model/stochastic_gradient.py", line 351, in _partial_fit
    sample_weight=sample_weight, n_iter=n_iter)
  File "/home/besser82/rpmbuild/BUILDROOT/python-scikit-learn-0.15-0.1.git20140602.083b5f5.fc20.x86_64/usr/lib64/python2.7/site-packages/sklearn/linear_model/stochastic_gradient.py", line 415, in _fit_multiclass
    verbose=self.verbose)(
TypeError: __init__() got an unexpected keyword argument 'backend'

======================================================================
ERROR: Checks coef_init and intercept_init shape for for multi-class
----------------------------------------------------------------------
Traceback (most recent call last):
  File "/home/besser82/rpmbuild/BUILDROOT/python-scikit-learn-0.15-0.1.git20140602.083b5f5.fc20.x86_64/usr/lib64/python2.7/site-packages/sklearn/linear_model/tests/test_sgd.py", line 288, in test_set_coef_multiclass
    clf = self.factory().fit(X2, Y2, coef_init=np.zeros((3, 2)))
  File "/home/besser82/rpmbuild/BUILDROOT/python-scikit-learn-0.15-0.1.git20140602.083b5f5.fc20.x86_64/usr/lib64/python2.7/site-packages/sklearn/linear_model/tests/test_sgd.py", line 28, in fit
    return super(SparseSGDClassifier, self).fit(X, y, *args, **kw)
  File "/home/besser82/rpmbuild/BUILDROOT/python-scikit-learn-0.15-0.1.git20140602.083b5f5.fc20.x86_64/usr/lib64/python2.7/site-packages/sklearn/linear_model/stochastic_gradient.py", line 485, in fit
    sample_weight=sample_weight)
  File "/home/besser82/rpmbuild/BUILDROOT/python-scikit-learn-0.15-0.1.git20140602.083b5f5.fc20.x86_64/usr/lib64/python2.7/site-packages/sklearn/linear_model/stochastic_gradient.py", line 389, in _fit
    classes, sample_weight, coef_init, intercept_init)
  File "/home/besser82/rpmbuild/BUILDROOT/python-scikit-learn-0.15-0.1.git20140602.083b5f5.fc20.x86_64/usr/lib64/python2.7/site-packages/sklearn/linear_model/stochastic_gradient.py", line 351, in _partial_fit
    sample_weight=sample_weight, n_iter=n_iter)
  File "/home/besser82/rpmbuild/BUILDROOT/python-scikit-learn-0.15-0.1.git20140602.083b5f5.fc20.x86_64/usr/lib64/python2.7/site-packages/sklearn/linear_model/stochastic_gradient.py", line 415, in _fit_multiclass
    verbose=self.verbose)(
TypeError: __init__() got an unexpected keyword argument 'backend'

======================================================================
ERROR: Multi-class test case
----------------------------------------------------------------------
Traceback (most recent call last):
  File "/home/besser82/rpmbuild/BUILDROOT/python-scikit-learn-0.15-0.1.git20140602.083b5f5.fc20.x86_64/usr/lib64/python2.7/site-packages/sklearn/linear_model/tests/test_sgd.py", line 254, in test_sgd_multiclass
    clf = self.factory(alpha=0.01, n_iter=20).fit(X2, Y2)
  File "/home/besser82/rpmbuild/BUILDROOT/python-scikit-learn-0.15-0.1.git20140602.083b5f5.fc20.x86_64/usr/lib64/python2.7/site-packages/sklearn/linear_model/tests/test_sgd.py", line 28, in fit
    return super(SparseSGDClassifier, self).fit(X, y, *args, **kw)
  File "/home/besser82/rpmbuild/BUILDROOT/python-scikit-learn-0.15-0.1.git20140602.083b5f5.fc20.x86_64/usr/lib64/python2.7/site-packages/sklearn/linear_model/stochastic_gradient.py", line 485, in fit
    sample_weight=sample_weight)
  File "/home/besser82/rpmbuild/BUILDROOT/python-scikit-learn-0.15-0.1.git20140602.083b5f5.fc20.x86_64/usr/lib64/python2.7/site-packages/sklearn/linear_model/stochastic_gradient.py", line 389, in _fit
    classes, sample_weight, coef_init, intercept_init)
  File "/home/besser82/rpmbuild/BUILDROOT/python-scikit-learn-0.15-0.1.git20140602.083b5f5.fc20.x86_64/usr/lib64/python2.7/site-packages/sklearn/linear_model/stochastic_gradient.py", line 351, in _partial_fit
    sample_weight=sample_weight, n_iter=n_iter)
  File "/home/besser82/rpmbuild/BUILDROOT/python-scikit-learn-0.15-0.1.git20140602.083b5f5.fc20.x86_64/usr/lib64/python2.7/site-packages/sklearn/linear_model/stochastic_gradient.py", line 415, in _fit_multiclass
    verbose=self.verbose)(
TypeError: __init__() got an unexpected keyword argument 'backend'

======================================================================
ERROR: Multi-class test case with multi-core support
----------------------------------------------------------------------
Traceback (most recent call last):
  File "/home/besser82/rpmbuild/BUILDROOT/python-scikit-learn-0.15-0.1.git20140602.083b5f5.fc20.x86_64/usr/lib64/python2.7/site-packages/sklearn/linear_model/tests/test_sgd.py", line 273, in test_sgd_multiclass_njobs
    clf = self.factory(alpha=0.01, n_iter=20, n_jobs=2).fit(X2, Y2)
  File "/home/besser82/rpmbuild/BUILDROOT/python-scikit-learn-0.15-0.1.git20140602.083b5f5.fc20.x86_64/usr/lib64/python2.7/site-packages/sklearn/linear_model/tests/test_sgd.py", line 28, in fit
    return super(SparseSGDClassifier, self).fit(X, y, *args, **kw)
  File "/home/besser82/rpmbuild/BUILDROOT/python-scikit-learn-0.15-0.1.git20140602.083b5f5.fc20.x86_64/usr/lib64/python2.7/site-packages/sklearn/linear_model/stochastic_gradient.py", line 485, in fit
    sample_weight=sample_weight)
  File "/home/besser82/rpmbuild/BUILDROOT/python-scikit-learn-0.15-0.1.git20140602.083b5f5.fc20.x86_64/usr/lib64/python2.7/site-packages/sklearn/linear_model/stochastic_gradient.py", line 389, in _fit
    classes, sample_weight, coef_init, intercept_init)
  File "/home/besser82/rpmbuild/BUILDROOT/python-scikit-learn-0.15-0.1.git20140602.083b5f5.fc20.x86_64/usr/lib64/python2.7/site-packages/sklearn/linear_model/stochastic_gradient.py", line 351, in _partial_fit
    sample_weight=sample_weight, n_iter=n_iter)
  File "/home/besser82/rpmbuild/BUILDROOT/python-scikit-learn-0.15-0.1.git20140602.083b5f5.fc20.x86_64/usr/lib64/python2.7/site-packages/sklearn/linear_model/stochastic_gradient.py", line 415, in _fit_multiclass
    verbose=self.verbose)(
TypeError: __init__() got an unexpected keyword argument 'backend'

======================================================================
ERROR: Multi-class test case
----------------------------------------------------------------------
Traceback (most recent call last):
  File "/home/besser82/rpmbuild/BUILDROOT/python-scikit-learn-0.15-0.1.git20140602.083b5f5.fc20.x86_64/usr/lib64/python2.7/site-packages/sklearn/linear_model/tests/test_sgd.py", line 265, in test_sgd_multiclass_with_init_coef
    intercept_init=np.zeros(3))
  File "/home/besser82/rpmbuild/BUILDROOT/python-scikit-learn-0.15-0.1.git20140602.083b5f5.fc20.x86_64/usr/lib64/python2.7/site-packages/sklearn/linear_model/tests/test_sgd.py", line 28, in fit
    return super(SparseSGDClassifier, self).fit(X, y, *args, **kw)
  File "/home/besser82/rpmbuild/BUILDROOT/python-scikit-learn-0.15-0.1.git20140602.083b5f5.fc20.x86_64/usr/lib64/python2.7/site-packages/sklearn/linear_model/stochastic_gradient.py", line 485, in fit
    sample_weight=sample_weight)
  File "/home/besser82/rpmbuild/BUILDROOT/python-scikit-learn-0.15-0.1.git20140602.083b5f5.fc20.x86_64/usr/lib64/python2.7/site-packages/sklearn/linear_model/stochastic_gradient.py", line 389, in _fit
    classes, sample_weight, coef_init, intercept_init)
  File "/home/besser82/rpmbuild/BUILDROOT/python-scikit-learn-0.15-0.1.git20140602.083b5f5.fc20.x86_64/usr/lib64/python2.7/site-packages/sklearn/linear_model/stochastic_gradient.py", line 351, in _partial_fit
    sample_weight=sample_weight, n_iter=n_iter)
  File "/home/besser82/rpmbuild/BUILDROOT/python-scikit-learn-0.15-0.1.git20140602.083b5f5.fc20.x86_64/usr/lib64/python2.7/site-packages/sklearn/linear_model/stochastic_gradient.py", line 415, in _fit_multiclass
    verbose=self.verbose)(
TypeError: __init__() got an unexpected keyword argument 'backend'

======================================================================
ERROR: Check SGD.predict_proba
----------------------------------------------------------------------
Traceback (most recent call last):
  File "/home/besser82/rpmbuild/BUILDROOT/python-scikit-learn-0.15-0.1.git20140602.083b5f5.fc20.x86_64/usr/lib64/python2.7/site-packages/sklearn/linear_model/tests/test_sgd.py", line 324, in test_sgd_proba
    clf = self.factory(loss="log", alpha=0.01, n_iter=10).fit(X2, Y2)
  File "/home/besser82/rpmbuild/BUILDROOT/python-scikit-learn-0.15-0.1.git20140602.083b5f5.fc20.x86_64/usr/lib64/python2.7/site-packages/sklearn/linear_model/tests/test_sgd.py", line 28, in fit
    return super(SparseSGDClassifier, self).fit(X, y, *args, **kw)
  File "/home/besser82/rpmbuild/BUILDROOT/python-scikit-learn-0.15-0.1.git20140602.083b5f5.fc20.x86_64/usr/lib64/python2.7/site-packages/sklearn/linear_model/stochastic_gradient.py", line 485, in fit
    sample_weight=sample_weight)
  File "/home/besser82/rpmbuild/BUILDROOT/python-scikit-learn-0.15-0.1.git20140602.083b5f5.fc20.x86_64/usr/lib64/python2.7/site-packages/sklearn/linear_model/stochastic_gradient.py", line 389, in _fit
    classes, sample_weight, coef_init, intercept_init)
  File "/home/besser82/rpmbuild/BUILDROOT/python-scikit-learn-0.15-0.1.git20140602.083b5f5.fc20.x86_64/usr/lib64/python2.7/site-packages/sklearn/linear_model/stochastic_gradient.py", line 351, in _partial_fit
    sample_weight=sample_weight, n_iter=n_iter)
  File "/home/besser82/rpmbuild/BUILDROOT/python-scikit-learn-0.15-0.1.git20140602.083b5f5.fc20.x86_64/usr/lib64/python2.7/site-packages/sklearn/linear_model/stochastic_gradient.py", line 415, in _fit_multiclass
    verbose=self.verbose)(
TypeError: __init__() got an unexpected keyword argument 'backend'

======================================================================
ERROR: test_warm_start_multiclass (sklearn.linear_model.tests.test_sgd.SparseSGDClassifierTestCase)
----------------------------------------------------------------------
Traceback (most recent call last):
  File "/home/besser82/rpmbuild/BUILDROOT/python-scikit-learn-0.15-0.1.git20140602.083b5f5.fc20.x86_64/usr/lib64/python2.7/site-packages/sklearn/linear_model/tests/test_sgd.py", line 618, in test_warm_start_multiclass
    self._test_warm_start(X2, Y2, "optimal")
  File "/home/besser82/rpmbuild/BUILDROOT/python-scikit-learn-0.15-0.1.git20140602.083b5f5.fc20.x86_64/usr/lib64/python2.7/site-packages/sklearn/linear_model/tests/test_sgd.py", line 108, in _test_warm_start
    clf.fit(X, Y)
  File "/home/besser82/rpmbuild/BUILDROOT/python-scikit-learn-0.15-0.1.git20140602.083b5f5.fc20.x86_64/usr/lib64/python2.7/site-packages/sklearn/linear_model/tests/test_sgd.py", line 28, in fit
    return super(SparseSGDClassifier, self).fit(X, y, *args, **kw)
  File "/home/besser82/rpmbuild/BUILDROOT/python-scikit-learn-0.15-0.1.git20140602.083b5f5.fc20.x86_64/usr/lib64/python2.7/site-packages/sklearn/linear_model/stochastic_gradient.py", line 485, in fit
    sample_weight=sample_weight)
  File "/home/besser82/rpmbuild/BUILDROOT/python-scikit-learn-0.15-0.1.git20140602.083b5f5.fc20.x86_64/usr/lib64/python2.7/site-packages/sklearn/linear_model/stochastic_gradient.py", line 389, in _fit
    classes, sample_weight, coef_init, intercept_init)
  File "/home/besser82/rpmbuild/BUILDROOT/python-scikit-learn-0.15-0.1.git20140602.083b5f5.fc20.x86_64/usr/lib64/python2.7/site-packages/sklearn/linear_model/stochastic_gradient.py", line 351, in _partial_fit
    sample_weight=sample_weight, n_iter=n_iter)
  File "/home/besser82/rpmbuild/BUILDROOT/python-scikit-learn-0.15-0.1.git20140602.083b5f5.fc20.x86_64/usr/lib64/python2.7/site-packages/sklearn/linear_model/stochastic_gradient.py", line 415, in _fit_multiclass
    verbose=self.verbose)(
TypeError: __init__() got an unexpected keyword argument 'backend'

======================================================================
ERROR: sklearn.tests.test_common.test_estimators_sparse_data('PassiveAggressiveClassifier', <class 'sklearn.linear_model.passive_aggressive.PassiveAggressiveClassifier'>, <40x10 sparse matrix of type '<type 'numpy.float64'>'
----------------------------------------------------------------------
Traceback (most recent call last):
  File "/usr/lib/python2.7/site-packages/nose/case.py", line 197, in runTest
    self.test(*self.arg)
  File "/home/besser82/rpmbuild/BUILDROOT/python-scikit-learn-0.15-0.1.git20140602.083b5f5.fc20.x86_64/usr/lib64/python2.7/site-packages/sklearn/tests/test_common.py", line 165, in check_regressors_classifiers_sparse_data
    estimator.fit(X, y)
  File "/home/besser82/rpmbuild/BUILDROOT/python-scikit-learn-0.15-0.1.git20140602.083b5f5.fc20.x86_64/usr/lib64/python2.7/site-packages/sklearn/linear_model/passive_aggressive.py", line 146, in fit
    coef_init=coef_init, intercept_init=intercept_init)
  File "/home/besser82/rpmbuild/BUILDROOT/python-scikit-learn-0.15-0.1.git20140602.083b5f5.fc20.x86_64/usr/lib64/python2.7/site-packages/sklearn/linear_model/stochastic_gradient.py", line 389, in _fit
    classes, sample_weight, coef_init, intercept_init)
  File "/home/besser82/rpmbuild/BUILDROOT/python-scikit-learn-0.15-0.1.git20140602.083b5f5.fc20.x86_64/usr/lib64/python2.7/site-packages/sklearn/linear_model/stochastic_gradient.py", line 351, in _partial_fit
    sample_weight=sample_weight, n_iter=n_iter)
  File "/home/besser82/rpmbuild/BUILDROOT/python-scikit-learn-0.15-0.1.git20140602.083b5f5.fc20.x86_64/usr/lib64/python2.7/site-packages/sklearn/linear_model/stochastic_gradient.py", line 415, in _fit_multiclass
    verbose=self.verbose)(
TypeError: __init__() got an unexpected keyword argument 'backend'
-------------------- >> begin captured stdout << ---------------------
Estimator PassiveAggressiveClassifier doesn't seem to fail gracefully on sparse data: error message state explicitly that sparse input is not supported if this is not the case.

--------------------- >> end captured stdout << ----------------------

======================================================================
ERROR: sklearn.tests.test_common.test_estimators_sparse_data('Perceptron', <class 'sklearn.linear_model.perceptron.Perceptron'>, <40x10 sparse matrix of type '<type 'numpy.float64'>'
----------------------------------------------------------------------
Traceback (most recent call last):
  File "/usr/lib/python2.7/site-packages/nose/case.py", line 197, in runTest
    self.test(*self.arg)
  File "/home/besser82/rpmbuild/BUILDROOT/python-scikit-learn-0.15-0.1.git20140602.083b5f5.fc20.x86_64/usr/lib64/python2.7/site-packages/sklearn/tests/test_common.py", line 165, in check_regressors_classifiers_sparse_data
    estimator.fit(X, y)
  File "/home/besser82/rpmbuild/BUILDROOT/python-scikit-learn-0.15-0.1.git20140602.083b5f5.fc20.x86_64/usr/lib64/python2.7/site-packages/sklearn/linear_model/stochastic_gradient.py", line 485, in fit
    sample_weight=sample_weight)
  File "/home/besser82/rpmbuild/BUILDROOT/python-scikit-learn-0.15-0.1.git20140602.083b5f5.fc20.x86_64/usr/lib64/python2.7/site-packages/sklearn/linear_model/stochastic_gradient.py", line 389, in _fit
    classes, sample_weight, coef_init, intercept_init)
  File "/home/besser82/rpmbuild/BUILDROOT/python-scikit-learn-0.15-0.1.git20140602.083b5f5.fc20.x86_64/usr/lib64/python2.7/site-packages/sklearn/linear_model/stochastic_gradient.py", line 351, in _partial_fit
    sample_weight=sample_weight, n_iter=n_iter)
  File "/home/besser82/rpmbuild/BUILDROOT/python-scikit-learn-0.15-0.1.git20140602.083b5f5.fc20.x86_64/usr/lib64/python2.7/site-packages/sklearn/linear_model/stochastic_gradient.py", line 415, in _fit_multiclass
    verbose=self.verbose)(
TypeError: __init__() got an unexpected keyword argument 'backend'
-------------------- >> begin captured stdout << ---------------------
Estimator Perceptron doesn't seem to fail gracefully on sparse data: error message state explicitly that sparse input is not supported if this is not the case.

--------------------- >> end captured stdout << ----------------------

======================================================================
ERROR: sklearn.tests.test_common.test_estimators_sparse_data('SGDClassifier', <class 'sklearn.linear_model.stochastic_gradient.SGDClassifier'>, <40x10 sparse matrix of type '<type 'numpy.float64'>'
----------------------------------------------------------------------
Traceback (most recent call last):
  File "/usr/lib/python2.7/site-packages/nose/case.py", line 197, in runTest
    self.test(*self.arg)
  File "/home/besser82/rpmbuild/BUILDROOT/python-scikit-learn-0.15-0.1.git20140602.083b5f5.fc20.x86_64/usr/lib64/python2.7/site-packages/sklearn/tests/test_common.py", line 165, in check_regressors_classifiers_sparse_data
    estimator.fit(X, y)
  File "/home/besser82/rpmbuild/BUILDROOT/python-scikit-learn-0.15-0.1.git20140602.083b5f5.fc20.x86_64/usr/lib64/python2.7/site-packages/sklearn/linear_model/stochastic_gradient.py", line 485, in fit
    sample_weight=sample_weight)
  File "/home/besser82/rpmbuild/BUILDROOT/python-scikit-learn-0.15-0.1.git20140602.083b5f5.fc20.x86_64/usr/lib64/python2.7/site-packages/sklearn/linear_model/stochastic_gradient.py", line 389, in _fit
    classes, sample_weight, coef_init, intercept_init)
  File "/home/besser82/rpmbuild/BUILDROOT/python-scikit-learn-0.15-0.1.git20140602.083b5f5.fc20.x86_64/usr/lib64/python2.7/site-packages/sklearn/linear_model/stochastic_gradient.py", line 351, in _partial_fit
    sample_weight=sample_weight, n_iter=n_iter)
  File "/home/besser82/rpmbuild/BUILDROOT/python-scikit-learn-0.15-0.1.git20140602.083b5f5.fc20.x86_64/usr/lib64/python2.7/site-packages/sklearn/linear_model/stochastic_gradient.py", line 415, in _fit_multiclass
    verbose=self.verbose)(
TypeError: __init__() got an unexpected keyword argument 'backend'
-------------------- >> begin captured stdout << ---------------------
Estimator SGDClassifier doesn't seem to fail gracefully on sparse data: error message state explicitly that sparse input is not supported if this is not the case.

--------------------- >> end captured stdout << ----------------------

======================================================================
ERROR: sklearn.tests.test_common.test_transformers('ExtraTreesClassifier', <class 'sklearn.ensemble.forest.ExtraTreesClassifier'>, array([[ 2.51189522,  2.6430893 ,  2.54847718],
----------------------------------------------------------------------
Traceback (most recent call last):
  File "/usr/lib/python2.7/site-packages/nose/case.py", line 197, in runTest
    self.test(*self.arg)
  File "/home/besser82/rpmbuild/BUILDROOT/python-scikit-learn-0.15-0.1.git20140602.083b5f5.fc20.x86_64/usr/lib64/python2.7/site-packages/sklearn/tests/test_common.py", line 235, in check_transformer
    transformer.fit(X, y_)
  File "/home/besser82/rpmbuild/BUILDROOT/python-scikit-learn-0.15-0.1.git20140602.083b5f5.fc20.x86_64/usr/lib64/python2.7/site-packages/sklearn/ensemble/forest.py", line 271, in fit
    backend="threading")(
TypeError: __init__() got an unexpected keyword argument 'backend'

======================================================================
ERROR: sklearn.tests.test_common.test_transformers('ExtraTreesRegressor', <class 'sklearn.ensemble.forest.ExtraTreesRegressor'>, array([[ 2.51189522,  2.6430893 ,  2.54847718],
----------------------------------------------------------------------
Traceback (most recent call last):
  File "/usr/lib/python2.7/site-packages/nose/case.py", line 197, in runTest
    self.test(*self.arg)
  File "/home/besser82/rpmbuild/BUILDROOT/python-scikit-learn-0.15-0.1.git20140602.083b5f5.fc20.x86_64/usr/lib64/python2.7/site-packages/sklearn/tests/test_common.py", line 235, in check_transformer
    transformer.fit(X, y_)
  File "/home/besser82/rpmbuild/BUILDROOT/python-scikit-learn-0.15-0.1.git20140602.083b5f5.fc20.x86_64/usr/lib64/python2.7/site-packages/sklearn/ensemble/forest.py", line 271, in fit
    backend="threading")(
TypeError: __init__() got an unexpected keyword argument 'backend'

======================================================================
ERROR: sklearn.tests.test_common.test_transformers('RandomForestClassifier', <class 'sklearn.ensemble.forest.RandomForestClassifier'>, array([[ 2.51189522,  2.6430893 ,  2.54847718],
----------------------------------------------------------------------
Traceback (most recent call last):
  File "/usr/lib/python2.7/site-packages/nose/case.py", line 197, in runTest
    self.test(*self.arg)
  File "/home/besser82/rpmbuild/BUILDROOT/python-scikit-learn-0.15-0.1.git20140602.083b5f5.fc20.x86_64/usr/lib64/python2.7/site-packages/sklearn/tests/test_common.py", line 235, in check_transformer
    transformer.fit(X, y_)
  File "/home/besser82/rpmbuild/BUILDROOT/python-scikit-learn-0.15-0.1.git20140602.083b5f5.fc20.x86_64/usr/lib64/python2.7/site-packages/sklearn/ensemble/forest.py", line 271, in fit
    backend="threading")(
TypeError: __init__() got an unexpected keyword argument 'backend'

======================================================================
ERROR: sklearn.tests.test_common.test_transformers('RandomForestRegressor', <class 'sklearn.ensemble.forest.RandomForestRegressor'>, array([[ 2.51189522,  2.6430893 ,  2.54847718],
----------------------------------------------------------------------
Traceback (most recent call last):
  File "/usr/lib/python2.7/site-packages/nose/case.py", line 197, in runTest
    self.test(*self.arg)
  File "/home/besser82/rpmbuild/BUILDROOT/python-scikit-learn-0.15-0.1.git20140602.083b5f5.fc20.x86_64/usr/lib64/python2.7/site-packages/sklearn/tests/test_common.py", line 235, in check_transformer
    transformer.fit(X, y_)
  File "/home/besser82/rpmbuild/BUILDROOT/python-scikit-learn-0.15-0.1.git20140602.083b5f5.fc20.x86_64/usr/lib64/python2.7/site-packages/sklearn/ensemble/forest.py", line 271, in fit
    backend="threading")(
TypeError: __init__() got an unexpected keyword argument 'backend'

======================================================================
ERROR: sklearn.tests.test_common.test_transformers_sparse_data('Perceptron', <class 'sklearn.linear_model.perceptron.Perceptron'>, <40x10 sparse matrix of type '<type 'numpy.float64'>'
----------------------------------------------------------------------
Traceback (most recent call last):
  File "/usr/lib/python2.7/site-packages/nose/case.py", line 197, in runTest
    self.test(*self.arg)
  File "/home/besser82/rpmbuild/BUILDROOT/python-scikit-learn-0.15-0.1.git20140602.083b5f5.fc20.x86_64/usr/lib64/python2.7/site-packages/sklearn/tests/test_common.py", line 306, in check_transformer_sparse_data
    transformer.fit(X, y)
  File "/home/besser82/rpmbuild/BUILDROOT/python-scikit-learn-0.15-0.1.git20140602.083b5f5.fc20.x86_64/usr/lib64/python2.7/site-packages/sklearn/linear_model/stochastic_gradient.py", line 485, in fit
    sample_weight=sample_weight)
  File "/home/besser82/rpmbuild/BUILDROOT/python-scikit-learn-0.15-0.1.git20140602.083b5f5.fc20.x86_64/usr/lib64/python2.7/site-packages/sklearn/linear_model/stochastic_gradient.py", line 389, in _fit
    classes, sample_weight, coef_init, intercept_init)
  File "/home/besser82/rpmbuild/BUILDROOT/python-scikit-learn-0.15-0.1.git20140602.083b5f5.fc20.x86_64/usr/lib64/python2.7/site-packages/sklearn/linear_model/stochastic_gradient.py", line 351, in _partial_fit
    sample_weight=sample_weight, n_iter=n_iter)
  File "/home/besser82/rpmbuild/BUILDROOT/python-scikit-learn-0.15-0.1.git20140602.083b5f5.fc20.x86_64/usr/lib64/python2.7/site-packages/sklearn/linear_model/stochastic_gradient.py", line 415, in _fit_multiclass
    verbose=self.verbose)(
TypeError: __init__() got an unexpected keyword argument 'backend'
-------------------- >> begin captured stdout << ---------------------
Estimator Perceptron doesn't seem to fail gracefully on sparse data: error message state explicitly that sparse input is not supported if this is not the case.

--------------------- >> end captured stdout << ----------------------

======================================================================
ERROR: sklearn.tests.test_common.test_transformers_sparse_data('SGDClassifier', <class 'sklearn.linear_model.stochastic_gradient.SGDClassifier'>, <40x10 sparse matrix of type '<type 'numpy.float64'>'
----------------------------------------------------------------------
Traceback (most recent call last):
  File "/usr/lib/python2.7/site-packages/nose/case.py", line 197, in runTest
    self.test(*self.arg)
  File "/home/besser82/rpmbuild/BUILDROOT/python-scikit-learn-0.15-0.1.git20140602.083b5f5.fc20.x86_64/usr/lib64/python2.7/site-packages/sklearn/tests/test_common.py", line 306, in check_transformer_sparse_data
    transformer.fit(X, y)
  File "/home/besser82/rpmbuild/BUILDROOT/python-scikit-learn-0.15-0.1.git20140602.083b5f5.fc20.x86_64/usr/lib64/python2.7/site-packages/sklearn/linear_model/stochastic_gradient.py", line 485, in fit
    sample_weight=sample_weight)
  File "/home/besser82/rpmbuild/BUILDROOT/python-scikit-learn-0.15-0.1.git20140602.083b5f5.fc20.x86_64/usr/lib64/python2.7/site-packages/sklearn/linear_model/stochastic_gradient.py", line 389, in _fit
    classes, sample_weight, coef_init, intercept_init)
  File "/home/besser82/rpmbuild/BUILDROOT/python-scikit-learn-0.15-0.1.git20140602.083b5f5.fc20.x86_64/usr/lib64/python2.7/site-packages/sklearn/linear_model/stochastic_gradient.py", line 351, in _partial_fit
    sample_weight=sample_weight, n_iter=n_iter)
  File "/home/besser82/rpmbuild/BUILDROOT/python-scikit-learn-0.15-0.1.git20140602.083b5f5.fc20.x86_64/usr/lib64/python2.7/site-packages/sklearn/linear_model/stochastic_gradient.py", line 415, in _fit_multiclass
    verbose=self.verbose)(
TypeError: __init__() got an unexpected keyword argument 'backend'
-------------------- >> begin captured stdout << ---------------------
Estimator SGDClassifier doesn't seem to fail gracefully on sparse data: error message state explicitly that sparse input is not supported if this is not the case.

--------------------- >> end captured stdout << ----------------------

======================================================================
ERROR: sklearn.tests.test_common.test_estimators_nan_inf('ExtraTreesClassifier', <class 'sklearn.ensemble.forest.ExtraTreesClassifier'>, array([[        nan,  0.77423369,  0.45615033],
----------------------------------------------------------------------
Traceback (most recent call last):
  File "/usr/lib/python2.7/site-packages/nose/case.py", line 197, in runTest
    self.test(*self.arg)
  File "/home/besser82/rpmbuild/BUILDROOT/python-scikit-learn-0.15-0.1.git20140602.083b5f5.fc20.x86_64/usr/lib64/python2.7/site-packages/sklearn/tests/test_common.py", line 393, in check_estimators_nan_inf
    estimator.fit(X_train_finite, y)
  File "/home/besser82/rpmbuild/BUILDROOT/python-scikit-learn-0.15-0.1.git20140602.083b5f5.fc20.x86_64/usr/lib64/python2.7/site-packages/sklearn/ensemble/forest.py", line 271, in fit
    backend="threading")(
TypeError: __init__() got an unexpected keyword argument 'backend'

======================================================================
ERROR: sklearn.tests.test_common.test_estimators_nan_inf('ExtraTreesRegressor', <class 'sklearn.ensemble.forest.ExtraTreesRegressor'>, array([[        nan,  0.77423369,  0.45615033],
----------------------------------------------------------------------
Traceback (most recent call last):
  File "/usr/lib/python2.7/site-packages/nose/case.py", line 197, in runTest
    self.test(*self.arg)
  File "/home/besser82/rpmbuild/BUILDROOT/python-scikit-learn-0.15-0.1.git20140602.083b5f5.fc20.x86_64/usr/lib64/python2.7/site-packages/sklearn/tests/test_common.py", line 393, in check_estimators_nan_inf
    estimator.fit(X_train_finite, y)
  File "/home/besser82/rpmbuild/BUILDROOT/python-scikit-learn-0.15-0.1.git20140602.083b5f5.fc20.x86_64/usr/lib64/python2.7/site-packages/sklearn/ensemble/forest.py", line 271, in fit
    backend="threading")(
TypeError: __init__() got an unexpected keyword argument 'backend'

======================================================================
ERROR: sklearn.tests.test_common.test_estimators_nan_inf('RandomForestClassifier', <class 'sklearn.ensemble.forest.RandomForestClassifier'>, array([[        nan,  0.77423369,  0.45615033],
----------------------------------------------------------------------
Traceback (most recent call last):
  File "/usr/lib/python2.7/site-packages/nose/case.py", line 197, in runTest
    self.test(*self.arg)
  File "/home/besser82/rpmbuild/BUILDROOT/python-scikit-learn-0.15-0.1.git20140602.083b5f5.fc20.x86_64/usr/lib64/python2.7/site-packages/sklearn/tests/test_common.py", line 393, in check_estimators_nan_inf
    estimator.fit(X_train_finite, y)
  File "/home/besser82/rpmbuild/BUILDROOT/python-scikit-learn-0.15-0.1.git20140602.083b5f5.fc20.x86_64/usr/lib64/python2.7/site-packages/sklearn/ensemble/forest.py", line 271, in fit
    backend="threading")(
TypeError: __init__() got an unexpected keyword argument 'backend'

======================================================================
ERROR: sklearn.tests.test_common.test_estimators_nan_inf('RandomForestRegressor', <class 'sklearn.ensemble.forest.RandomForestRegressor'>, array([[        nan,  0.77423369,  0.45615033],
----------------------------------------------------------------------
Traceback (most recent call last):
  File "/usr/lib/python2.7/site-packages/nose/case.py", line 197, in runTest
    self.test(*self.arg)
  File "/home/besser82/rpmbuild/BUILDROOT/python-scikit-learn-0.15-0.1.git20140602.083b5f5.fc20.x86_64/usr/lib64/python2.7/site-packages/sklearn/tests/test_common.py", line 393, in check_estimators_nan_inf
    estimator.fit(X_train_finite, y)
  File "/home/besser82/rpmbuild/BUILDROOT/python-scikit-learn-0.15-0.1.git20140602.083b5f5.fc20.x86_64/usr/lib64/python2.7/site-packages/sklearn/ensemble/forest.py", line 271, in fit
    backend="threading")(
TypeError: __init__() got an unexpected keyword argument 'backend'

======================================================================
ERROR: sklearn.tests.test_common.test_estimators_nan_inf('ExtraTreesClassifier', <class 'sklearn.ensemble.forest.ExtraTreesClassifier'>, array([[        inf,  0.11037514,  0.65632959],
----------------------------------------------------------------------
Traceback (most recent call last):
  File "/usr/lib/python2.7/site-packages/nose/case.py", line 197, in runTest
    self.test(*self.arg)
  File "/home/besser82/rpmbuild/BUILDROOT/python-scikit-learn-0.15-0.1.git20140602.083b5f5.fc20.x86_64/usr/lib64/python2.7/site-packages/sklearn/tests/test_common.py", line 393, in check_estimators_nan_inf
    estimator.fit(X_train_finite, y)
  File "/home/besser82/rpmbuild/BUILDROOT/python-scikit-learn-0.15-0.1.git20140602.083b5f5.fc20.x86_64/usr/lib64/python2.7/site-packages/sklearn/ensemble/forest.py", line 271, in fit
    backend="threading")(
TypeError: __init__() got an unexpected keyword argument 'backend'

======================================================================
ERROR: sklearn.tests.test_common.test_estimators_nan_inf('ExtraTreesRegressor', <class 'sklearn.ensemble.forest.ExtraTreesRegressor'>, array([[        inf,  0.11037514,  0.65632959],
----------------------------------------------------------------------
Traceback (most recent call last):
  File "/usr/lib/python2.7/site-packages/nose/case.py", line 197, in runTest
    self.test(*self.arg)
  File "/home/besser82/rpmbuild/BUILDROOT/python-scikit-learn-0.15-0.1.git20140602.083b5f5.fc20.x86_64/usr/lib64/python2.7/site-packages/sklearn/tests/test_common.py", line 393, in check_estimators_nan_inf
    estimator.fit(X_train_finite, y)
  File "/home/besser82/rpmbuild/BUILDROOT/python-scikit-learn-0.15-0.1.git20140602.083b5f5.fc20.x86_64/usr/lib64/python2.7/site-packages/sklearn/ensemble/forest.py", line 271, in fit
    backend="threading")(
TypeError: __init__() got an unexpected keyword argument 'backend'

======================================================================
ERROR: sklearn.tests.test_common.test_estimators_nan_inf('RandomForestClassifier', <class 'sklearn.ensemble.forest.RandomForestClassifier'>, array([[        inf,  0.11037514,  0.65632959],
----------------------------------------------------------------------
Traceback (most recent call last):
  File "/usr/lib/python2.7/site-packages/nose/case.py", line 197, in runTest
    self.test(*self.arg)
  File "/home/besser82/rpmbuild/BUILDROOT/python-scikit-learn-0.15-0.1.git20140602.083b5f5.fc20.x86_64/usr/lib64/python2.7/site-packages/sklearn/tests/test_common.py", line 393, in check_estimators_nan_inf
    estimator.fit(X_train_finite, y)
  File "/home/besser82/rpmbuild/BUILDROOT/python-scikit-learn-0.15-0.1.git20140602.083b5f5.fc20.x86_64/usr/lib64/python2.7/site-packages/sklearn/ensemble/forest.py", line 271, in fit
    backend="threading")(
TypeError: __init__() got an unexpected keyword argument 'backend'

======================================================================
ERROR: sklearn.tests.test_common.test_estimators_nan_inf('RandomForestRegressor', <class 'sklearn.ensemble.forest.RandomForestRegressor'>, array([[        inf,  0.11037514,  0.65632959],
----------------------------------------------------------------------
Traceback (most recent call last):
  File "/usr/lib/python2.7/site-packages/nose/case.py", line 197, in runTest
    self.test(*self.arg)
  File "/home/besser82/rpmbuild/BUILDROOT/python-scikit-learn-0.15-0.1.git20140602.083b5f5.fc20.x86_64/usr/lib64/python2.7/site-packages/sklearn/tests/test_common.py", line 393, in check_estimators_nan_inf
    estimator.fit(X_train_finite, y)
  File "/home/besser82/rpmbuild/BUILDROOT/python-scikit-learn-0.15-0.1.git20140602.083b5f5.fc20.x86_64/usr/lib64/python2.7/site-packages/sklearn/ensemble/forest.py", line 271, in fit
    backend="threading")(
TypeError: __init__() got an unexpected keyword argument 'backend'

======================================================================
ERROR: sklearn.tests.test_common.test_transformers_pickle('ExtraTreesClassifier', <class 'sklearn.ensemble.forest.ExtraTreesClassifier'>, array([[ 2.51189522,  2.6430893 ,  2.54847718],
----------------------------------------------------------------------
Traceback (most recent call last):
  File "/usr/lib/python2.7/site-packages/nose/case.py", line 197, in runTest
    self.test(*self.arg)
  File "/home/besser82/rpmbuild/BUILDROOT/python-scikit-learn-0.15-0.1.git20140602.083b5f5.fc20.x86_64/usr/lib64/python2.7/site-packages/sklearn/tests/test_common.py", line 472, in check_transformer_pickle
    transformer.fit(X, y_)
  File "/home/besser82/rpmbuild/BUILDROOT/python-scikit-learn-0.15-0.1.git20140602.083b5f5.fc20.x86_64/usr/lib64/python2.7/site-packages/sklearn/ensemble/forest.py", line 271, in fit
    backend="threading")(
TypeError: __init__() got an unexpected keyword argument 'backend'

======================================================================
ERROR: sklearn.tests.test_common.test_transformers_pickle('ExtraTreesRegressor', <class 'sklearn.ensemble.forest.ExtraTreesRegressor'>, array([[ 2.51189522,  2.6430893 ,  2.54847718],
----------------------------------------------------------------------
Traceback (most recent call last):
  File "/usr/lib/python2.7/site-packages/nose/case.py", line 197, in runTest
    self.test(*self.arg)
  File "/home/besser82/rpmbuild/BUILDROOT/python-scikit-learn-0.15-0.1.git20140602.083b5f5.fc20.x86_64/usr/lib64/python2.7/site-packages/sklearn/tests/test_common.py", line 472, in check_transformer_pickle
    transformer.fit(X, y_)
  File "/home/besser82/rpmbuild/BUILDROOT/python-scikit-learn-0.15-0.1.git20140602.083b5f5.fc20.x86_64/usr/lib64/python2.7/site-packages/sklearn/ensemble/forest.py", line 271, in fit
    backend="threading")(
TypeError: __init__() got an unexpected keyword argument 'backend'

======================================================================
ERROR: sklearn.tests.test_common.test_transformers_pickle('RandomForestClassifier', <class 'sklearn.ensemble.forest.RandomForestClassifier'>, array([[ 2.51189522,  2.6430893 ,  2.54847718],
----------------------------------------------------------------------
Traceback (most recent call last):
  File "/usr/lib/python2.7/site-packages/nose/case.py", line 197, in runTest
    self.test(*self.arg)
  File "/home/besser82/rpmbuild/BUILDROOT/python-scikit-learn-0.15-0.1.git20140602.083b5f5.fc20.x86_64/usr/lib64/python2.7/site-packages/sklearn/tests/test_common.py", line 472, in check_transformer_pickle
    transformer.fit(X, y_)
  File "/home/besser82/rpmbuild/BUILDROOT/python-scikit-learn-0.15-0.1.git20140602.083b5f5.fc20.x86_64/usr/lib64/python2.7/site-packages/sklearn/ensemble/forest.py", line 271, in fit
    backend="threading")(
TypeError: __init__() got an unexpected keyword argument 'backend'

======================================================================
ERROR: sklearn.tests.test_common.test_transformers_pickle('RandomForestRegressor', <class 'sklearn.ensemble.forest.RandomForestRegressor'>, array([[ 2.51189522,  2.6430893 ,  2.54847718],
----------------------------------------------------------------------
Traceback (most recent call last):
  File "/usr/lib/python2.7/site-packages/nose/case.py", line 197, in runTest
    self.test(*self.arg)
  File "/home/besser82/rpmbuild/BUILDROOT/python-scikit-learn-0.15-0.1.git20140602.083b5f5.fc20.x86_64/usr/lib64/python2.7/site-packages/sklearn/tests/test_common.py", line 472, in check_transformer_pickle
    transformer.fit(X, y_)
  File "/home/besser82/rpmbuild/BUILDROOT/python-scikit-learn-0.15-0.1.git20140602.083b5f5.fc20.x86_64/usr/lib64/python2.7/site-packages/sklearn/ensemble/forest.py", line 271, in fit
    backend="threading")(
TypeError: __init__() got an unexpected keyword argument 'backend'

======================================================================
ERROR: sklearn.tests.test_common.test_classifiers_one_label('ExtraTreesClassifier', <class 'sklearn.ensemble.forest.ExtraTreesClassifier'>, array([[ 0.5488135 ,  0.71518937,  0.60276338],
----------------------------------------------------------------------
Traceback (most recent call last):
  File "/usr/lib/python2.7/site-packages/nose/case.py", line 197, in runTest
    self.test(*self.arg)
  File "/home/besser82/rpmbuild/BUILDROOT/python-scikit-learn-0.15-0.1.git20140602.083b5f5.fc20.x86_64/usr/lib64/python2.7/site-packages/sklearn/tests/test_common.py", line 515, in check_classifiers_one_label
    raise exc
TypeError: __init__() got an unexpected keyword argument 'backend'
-------------------- >> begin captured stdout << ---------------------
Classifier can't train when only one class is present. <class 'sklearn.ensemble.forest.ExtraTreesClassifier'> __init__() got an unexpected keyword argument 'backend'
Traceback (most recent call last):
  File "/home/besser82/rpmbuild/BUILDROOT/python-scikit-learn-0.15-0.1.git20140602.083b5f5.fc20.x86_64/usr/lib64/python2.7/site-packages/sklearn/tests/test_common.py", line 504, in check_classifiers_one_label
    classifier.fit(X_train, y)
  File "/home/besser82/rpmbuild/BUILDROOT/python-scikit-learn-0.15-0.1.git20140602.083b5f5.fc20.x86_64/usr/lib64/python2.7/site-packages/sklearn/ensemble/forest.py", line 271, in fit
    backend="threading")(
TypeError: __init__() got an unexpected keyword argument 'backend'

--------------------- >> end captured stdout << ----------------------

======================================================================
ERROR: sklearn.tests.test_common.test_classifiers_one_label('RandomForestClassifier', <class 'sklearn.ensemble.forest.RandomForestClassifier'>, array([[ 0.5488135 ,  0.71518937,  0.60276338],
----------------------------------------------------------------------
Traceback (most recent call last):
  File "/usr/lib/python2.7/site-packages/nose/case.py", line 197, in runTest
    self.test(*self.arg)
  File "/home/besser82/rpmbuild/BUILDROOT/python-scikit-learn-0.15-0.1.git20140602.083b5f5.fc20.x86_64/usr/lib64/python2.7/site-packages/sklearn/tests/test_common.py", line 515, in check_classifiers_one_label
    raise exc
TypeError: __init__() got an unexpected keyword argument 'backend'
-------------------- >> begin captured stdout << ---------------------
Classifier can't train when only one class is present. <class 'sklearn.ensemble.forest.RandomForestClassifier'> __init__() got an unexpected keyword argument 'backend'
Traceback (most recent call last):
  File "/home/besser82/rpmbuild/BUILDROOT/python-scikit-learn-0.15-0.1.git20140602.083b5f5.fc20.x86_64/usr/lib64/python2.7/site-packages/sklearn/tests/test_common.py", line 504, in check_classifiers_one_label
    classifier.fit(X_train, y)
  File "/home/besser82/rpmbuild/BUILDROOT/python-scikit-learn-0.15-0.1.git20140602.083b5f5.fc20.x86_64/usr/lib64/python2.7/site-packages/sklearn/ensemble/forest.py", line 271, in fit
    backend="threading")(
TypeError: __init__() got an unexpected keyword argument 'backend'

--------------------- >> end captured stdout << ----------------------

======================================================================
ERROR: sklearn.tests.test_common.test_classifiers_train('ExtraTreesClassifier', <class 'sklearn.ensemble.forest.ExtraTreesClassifier'>, array([[ 0.49674972, -1.24690069],
----------------------------------------------------------------------
Traceback (most recent call last):
  File "/usr/lib/python2.7/site-packages/nose/case.py", line 197, in runTest
    self.test(*self.arg)
  File "/home/besser82/rpmbuild/BUILDROOT/python-scikit-learn-0.15-0.1.git20140602.083b5f5.fc20.x86_64/usr/lib64/python2.7/site-packages/sklearn/tests/test_common.py", line 595, in check_classifiers_train
    assert_raises(ValueError, classifier.fit, X, y[:-1])
  File "/usr/lib64/python2.7/unittest/case.py", line 513, in assertRaises
    callableObj(*args, **kwargs)
  File "/home/besser82/rpmbuild/BUILDROOT/python-scikit-learn-0.15-0.1.git20140602.083b5f5.fc20.x86_64/usr/lib64/python2.7/site-packages/sklearn/ensemble/forest.py", line 271, in fit
    backend="threading")(
TypeError: __init__() got an unexpected keyword argument 'backend'

======================================================================
ERROR: sklearn.tests.test_common.test_classifiers_train('PassiveAggressiveClassifier', <class 'sklearn.linear_model.passive_aggressive.PassiveAggressiveClassifier'>, array([[ 0.49674972, -1.24690069],
----------------------------------------------------------------------
Traceback (most recent call last):
  File "/usr/lib/python2.7/site-packages/nose/case.py", line 197, in runTest
    self.test(*self.arg)
  File "/home/besser82/rpmbuild/BUILDROOT/python-scikit-learn-0.15-0.1.git20140602.083b5f5.fc20.x86_64/usr/lib64/python2.7/site-packages/sklearn/tests/test_common.py", line 598, in check_classifiers_train
    classifier.fit(X, y)
  File "/home/besser82/rpmbuild/BUILDROOT/python-scikit-learn-0.15-0.1.git20140602.083b5f5.fc20.x86_64/usr/lib64/python2.7/site-packages/sklearn/linear_model/passive_aggressive.py", line 146, in fit
    coef_init=coef_init, intercept_init=intercept_init)
  File "/home/besser82/rpmbuild/BUILDROOT/python-scikit-learn-0.15-0.1.git20140602.083b5f5.fc20.x86_64/usr/lib64/python2.7/site-packages/sklearn/linear_model/stochastic_gradient.py", line 389, in _fit
    classes, sample_weight, coef_init, intercept_init)
  File "/home/besser82/rpmbuild/BUILDROOT/python-scikit-learn-0.15-0.1.git20140602.083b5f5.fc20.x86_64/usr/lib64/python2.7/site-packages/sklearn/linear_model/stochastic_gradient.py", line 351, in _partial_fit
    sample_weight=sample_weight, n_iter=n_iter)
  File "/home/besser82/rpmbuild/BUILDROOT/python-scikit-learn-0.15-0.1.git20140602.083b5f5.fc20.x86_64/usr/lib64/python2.7/site-packages/sklearn/linear_model/stochastic_gradient.py", line 415, in _fit_multiclass
    verbose=self.verbose)(
TypeError: __init__() got an unexpected keyword argument 'backend'

======================================================================
ERROR: sklearn.tests.test_common.test_classifiers_train('Perceptron', <class 'sklearn.linear_model.perceptron.Perceptron'>, array([[ 0.49674972, -1.24690069],
----------------------------------------------------------------------
Traceback (most recent call last):
  File "/usr/lib/python2.7/site-packages/nose/case.py", line 197, in runTest
    self.test(*self.arg)
  File "/home/besser82/rpmbuild/BUILDROOT/python-scikit-learn-0.15-0.1.git20140602.083b5f5.fc20.x86_64/usr/lib64/python2.7/site-packages/sklearn/tests/test_common.py", line 598, in check_classifiers_train
    classifier.fit(X, y)
  File "/home/besser82/rpmbuild/BUILDROOT/python-scikit-learn-0.15-0.1.git20140602.083b5f5.fc20.x86_64/usr/lib64/python2.7/site-packages/sklearn/linear_model/stochastic_gradient.py", line 485, in fit
    sample_weight=sample_weight)
  File "/home/besser82/rpmbuild/BUILDROOT/python-scikit-learn-0.15-0.1.git20140602.083b5f5.fc20.x86_64/usr/lib64/python2.7/site-packages/sklearn/linear_model/stochastic_gradient.py", line 389, in _fit
    classes, sample_weight, coef_init, intercept_init)
  File "/home/besser82/rpmbuild/BUILDROOT/python-scikit-learn-0.15-0.1.git20140602.083b5f5.fc20.x86_64/usr/lib64/python2.7/site-packages/sklearn/linear_model/stochastic_gradient.py", line 351, in _partial_fit
    sample_weight=sample_weight, n_iter=n_iter)
  File "/home/besser82/rpmbuild/BUILDROOT/python-scikit-learn-0.15-0.1.git20140602.083b5f5.fc20.x86_64/usr/lib64/python2.7/site-packages/sklearn/linear_model/stochastic_gradient.py", line 415, in _fit_multiclass
    verbose=self.verbose)(
TypeError: __init__() got an unexpected keyword argument 'backend'

======================================================================
ERROR: sklearn.tests.test_common.test_classifiers_train('RandomForestClassifier', <class 'sklearn.ensemble.forest.RandomForestClassifier'>, array([[ 0.49674972, -1.24690069],
----------------------------------------------------------------------
Traceback (most recent call last):
  File "/usr/lib/python2.7/site-packages/nose/case.py", line 197, in runTest
    self.test(*self.arg)
  File "/home/besser82/rpmbuild/BUILDROOT/python-scikit-learn-0.15-0.1.git20140602.083b5f5.fc20.x86_64/usr/lib64/python2.7/site-packages/sklearn/tests/test_common.py", line 595, in check_classifiers_train
    assert_raises(ValueError, classifier.fit, X, y[:-1])
  File "/usr/lib64/python2.7/unittest/case.py", line 513, in assertRaises
    callableObj(*args, **kwargs)
  File "/home/besser82/rpmbuild/BUILDROOT/python-scikit-learn-0.15-0.1.git20140602.083b5f5.fc20.x86_64/usr/lib64/python2.7/site-packages/sklearn/ensemble/forest.py", line 271, in fit
    backend="threading")(
TypeError: __init__() got an unexpected keyword argument 'backend'

======================================================================
ERROR: sklearn.tests.test_common.test_classifiers_train('SGDClassifier', <class 'sklearn.linear_model.stochastic_gradient.SGDClassifier'>, array([[ 0.49674972, -1.24690069],
----------------------------------------------------------------------
Traceback (most recent call last):
  File "/usr/lib/python2.7/site-packages/nose/case.py", line 197, in runTest
    self.test(*self.arg)
  File "/home/besser82/rpmbuild/BUILDROOT/python-scikit-learn-0.15-0.1.git20140602.083b5f5.fc20.x86_64/usr/lib64/python2.7/site-packages/sklearn/tests/test_common.py", line 598, in check_classifiers_train
    classifier.fit(X, y)
  File "/home/besser82/rpmbuild/BUILDROOT/python-scikit-learn-0.15-0.1.git20140602.083b5f5.fc20.x86_64/usr/lib64/python2.7/site-packages/sklearn/linear_model/stochastic_gradient.py", line 485, in fit
    sample_weight=sample_weight)
  File "/home/besser82/rpmbuild/BUILDROOT/python-scikit-learn-0.15-0.1.git20140602.083b5f5.fc20.x86_64/usr/lib64/python2.7/site-packages/sklearn/linear_model/stochastic_gradient.py", line 389, in _fit
    classes, sample_weight, coef_init, intercept_init)
  File "/home/besser82/rpmbuild/BUILDROOT/python-scikit-learn-0.15-0.1.git20140602.083b5f5.fc20.x86_64/usr/lib64/python2.7/site-packages/sklearn/linear_model/stochastic_gradient.py", line 351, in _partial_fit
    sample_weight=sample_weight, n_iter=n_iter)
  File "/home/besser82/rpmbuild/BUILDROOT/python-scikit-learn-0.15-0.1.git20140602.083b5f5.fc20.x86_64/usr/lib64/python2.7/site-packages/sklearn/linear_model/stochastic_gradient.py", line 415, in _fit_multiclass
    verbose=self.verbose)(
TypeError: __init__() got an unexpected keyword argument 'backend'

======================================================================
ERROR: sklearn.tests.test_common.test_classifiers_train('ExtraTreesClassifier', <class 'sklearn.ensemble.forest.ExtraTreesClassifier'>, array([[ 0.49674972, -1.24690069],
----------------------------------------------------------------------
Traceback (most recent call last):
  File "/usr/lib/python2.7/site-packages/nose/case.py", line 197, in runTest
    self.test(*self.arg)
  File "/home/besser82/rpmbuild/BUILDROOT/python-scikit-learn-0.15-0.1.git20140602.083b5f5.fc20.x86_64/usr/lib64/python2.7/site-packages/sklearn/tests/test_common.py", line 595, in check_classifiers_train
    assert_raises(ValueError, classifier.fit, X, y[:-1])
  File "/usr/lib64/python2.7/unittest/case.py", line 513, in assertRaises
    callableObj(*args, **kwargs)
  File "/home/besser82/rpmbuild/BUILDROOT/python-scikit-learn-0.15-0.1.git20140602.083b5f5.fc20.x86_64/usr/lib64/python2.7/site-packages/sklearn/ensemble/forest.py", line 271, in fit
    backend="threading")(
TypeError: __init__() got an unexpected keyword argument 'backend'

======================================================================
ERROR: sklearn.tests.test_common.test_classifiers_train('RandomForestClassifier', <class 'sklearn.ensemble.forest.RandomForestClassifier'>, array([[ 0.49674972, -1.24690069],
----------------------------------------------------------------------
Traceback (most recent call last):
  File "/usr/lib/python2.7/site-packages/nose/case.py", line 197, in runTest
    self.test(*self.arg)
  File "/home/besser82/rpmbuild/BUILDROOT/python-scikit-learn-0.15-0.1.git20140602.083b5f5.fc20.x86_64/usr/lib64/python2.7/site-packages/sklearn/tests/test_common.py", line 595, in check_classifiers_train
    assert_raises(ValueError, classifier.fit, X, y[:-1])
  File "/usr/lib64/python2.7/unittest/case.py", line 513, in assertRaises
    callableObj(*args, **kwargs)
  File "/home/besser82/rpmbuild/BUILDROOT/python-scikit-learn-0.15-0.1.git20140602.083b5f5.fc20.x86_64/usr/lib64/python2.7/site-packages/sklearn/ensemble/forest.py", line 271, in fit
    backend="threading")(
TypeError: __init__() got an unexpected keyword argument 'backend'

======================================================================
ERROR: sklearn.tests.test_common.test_classifiers_classes('ExtraTreesClassifier', <class 'sklearn.ensemble.forest.ExtraTreesClassifier'>, array([[ -5.25060772e-02,   2.18907205e+00,  -1.45500381e+00,
----------------------------------------------------------------------
Traceback (most recent call last):
  File "/usr/lib/python2.7/site-packages/nose/case.py", line 197, in runTest
    self.test(*self.arg)
  File "/home/besser82/rpmbuild/BUILDROOT/python-scikit-learn-0.15-0.1.git20140602.083b5f5.fc20.x86_64/usr/lib64/python2.7/site-packages/sklearn/tests/test_common.py", line 677, in check_classifiers_classes
    y_pred = classifier.predict(X)
  File "/home/besser82/rpmbuild/BUILDROOT/python-scikit-learn-0.15-0.1.git20140602.083b5f5.fc20.x86_64/usr/lib64/python2.7/site-packages/sklearn/ensemble/forest.py", line 420, in predict
    proba = self.predict_proba(X)
  File "/home/besser82/rpmbuild/BUILDROOT/python-scikit-learn-0.15-0.1.git20140602.083b5f5.fc20.x86_64/usr/lib64/python2.7/site-packages/sklearn/ensemble/forest.py", line 462, in predict_proba
    backend="threading")(
TypeError: __init__() got an unexpected keyword argument 'backend'
-------------------- >> begin captured stdout << ---------------------
__init__() got an unexpected keyword argument 'backend'

--------------------- >> end captured stdout << ----------------------

======================================================================
ERROR: sklearn.tests.test_common.test_classifiers_classes('RandomForestClassifier', <class 'sklearn.ensemble.forest.RandomForestClassifier'>, array([[ -5.25060772e-02,   2.18907205e+00,  -1.45500381e+00,
----------------------------------------------------------------------
Traceback (most recent call last):
  File "/usr/lib/python2.7/site-packages/nose/case.py", line 197, in runTest
    self.test(*self.arg)
  File "/home/besser82/rpmbuild/BUILDROOT/python-scikit-learn-0.15-0.1.git20140602.083b5f5.fc20.x86_64/usr/lib64/python2.7/site-packages/sklearn/tests/test_common.py", line 677, in check_classifiers_classes
    y_pred = classifier.predict(X)
  File "/home/besser82/rpmbuild/BUILDROOT/python-scikit-learn-0.15-0.1.git20140602.083b5f5.fc20.x86_64/usr/lib64/python2.7/site-packages/sklearn/ensemble/forest.py", line 420, in predict
    proba = self.predict_proba(X)
  File "/home/besser82/rpmbuild/BUILDROOT/python-scikit-learn-0.15-0.1.git20140602.083b5f5.fc20.x86_64/usr/lib64/python2.7/site-packages/sklearn/ensemble/forest.py", line 462, in predict_proba
    backend="threading")(
TypeError: __init__() got an unexpected keyword argument 'backend'
-------------------- >> begin captured stdout << ---------------------
__init__() got an unexpected keyword argument 'backend'

--------------------- >> end captured stdout << ----------------------

======================================================================
ERROR: sklearn.tests.test_common.test_classifiers_classes('ExtraTreesClassifier', <class 'sklearn.ensemble.forest.ExtraTreesClassifier'>, array([[ -5.25060772e-02,   2.18907205e+00,  -1.45500381e+00,
----------------------------------------------------------------------
Traceback (most recent call last):
  File "/usr/lib/python2.7/site-packages/nose/case.py", line 197, in runTest
    self.test(*self.arg)
  File "/home/besser82/rpmbuild/BUILDROOT/python-scikit-learn-0.15-0.1.git20140602.083b5f5.fc20.x86_64/usr/lib64/python2.7/site-packages/sklearn/tests/test_common.py", line 677, in check_classifiers_classes
    y_pred = classifier.predict(X)
  File "/home/besser82/rpmbuild/BUILDROOT/python-scikit-learn-0.15-0.1.git20140602.083b5f5.fc20.x86_64/usr/lib64/python2.7/site-packages/sklearn/ensemble/forest.py", line 420, in predict
    proba = self.predict_proba(X)
  File "/home/besser82/rpmbuild/BUILDROOT/python-scikit-learn-0.15-0.1.git20140602.083b5f5.fc20.x86_64/usr/lib64/python2.7/site-packages/sklearn/ensemble/forest.py", line 462, in predict_proba
    backend="threading")(
TypeError: __init__() got an unexpected keyword argument 'backend'
-------------------- >> begin captured stdout << ---------------------
__init__() got an unexpected keyword argument 'backend'

--------------------- >> end captured stdout << ----------------------

======================================================================
ERROR: sklearn.tests.test_common.test_classifiers_classes('RandomForestClassifier', <class 'sklearn.ensemble.forest.RandomForestClassifier'>, array([[ -5.25060772e-02,   2.18907205e+00,  -1.45500381e+00,
----------------------------------------------------------------------
Traceback (most recent call last):
  File "/usr/lib/python2.7/site-packages/nose/case.py", line 197, in runTest
    self.test(*self.arg)
  File "/home/besser82/rpmbuild/BUILDROOT/python-scikit-learn-0.15-0.1.git20140602.083b5f5.fc20.x86_64/usr/lib64/python2.7/site-packages/sklearn/tests/test_common.py", line 677, in check_classifiers_classes
    y_pred = classifier.predict(X)
  File "/home/besser82/rpmbuild/BUILDROOT/python-scikit-learn-0.15-0.1.git20140602.083b5f5.fc20.x86_64/usr/lib64/python2.7/site-packages/sklearn/ensemble/forest.py", line 420, in predict
    proba = self.predict_proba(X)
  File "/home/besser82/rpmbuild/BUILDROOT/python-scikit-learn-0.15-0.1.git20140602.083b5f5.fc20.x86_64/usr/lib64/python2.7/site-packages/sklearn/ensemble/forest.py", line 462, in predict_proba
    backend="threading")(
TypeError: __init__() got an unexpected keyword argument 'backend'
-------------------- >> begin captured stdout << ---------------------
__init__() got an unexpected keyword argument 'backend'

--------------------- >> end captured stdout << ----------------------

======================================================================
ERROR: sklearn.tests.test_common.test_classifiers_input_shapes('ExtraTreesClassifier', <class 'sklearn.ensemble.forest.ExtraTreesClassifier'>, array([[ -5.25060772e-02,   2.18907205e+00,  -1.45500381e+00,
----------------------------------------------------------------------
Traceback (most recent call last):
  File "/usr/lib/python2.7/site-packages/nose/case.py", line 197, in runTest
    self.test(*self.arg)
  File "/home/besser82/rpmbuild/BUILDROOT/python-scikit-learn-0.15-0.1.git20140602.083b5f5.fc20.x86_64/usr/lib64/python2.7/site-packages/sklearn/tests/test_common.py", line 719, in check_classifiers_input_shapes
    classifier.fit(X, y)
  File "/home/besser82/rpmbuild/BUILDROOT/python-scikit-learn-0.15-0.1.git20140602.083b5f5.fc20.x86_64/usr/lib64/python2.7/site-packages/sklearn/ensemble/forest.py", line 271, in fit
    backend="threading")(
TypeError: __init__() got an unexpected keyword argument 'backend'

======================================================================
ERROR: sklearn.tests.test_common.test_classifiers_input_shapes('PassiveAggressiveClassifier', <class 'sklearn.linear_model.passive_aggressive.PassiveAggressiveClassifier'>, array([[ -5.25060772e-02,   2.18907205e+00,  -1.45500381e+00,
----------------------------------------------------------------------
Traceback (most recent call last):
  File "/usr/lib/python2.7/site-packages/nose/case.py", line 197, in runTest
    self.test(*self.arg)
  File "/home/besser82/rpmbuild/BUILDROOT/python-scikit-learn-0.15-0.1.git20140602.083b5f5.fc20.x86_64/usr/lib64/python2.7/site-packages/sklearn/tests/test_common.py", line 719, in check_classifiers_input_shapes
    classifier.fit(X, y)
  File "/home/besser82/rpmbuild/BUILDROOT/python-scikit-learn-0.15-0.1.git20140602.083b5f5.fc20.x86_64/usr/lib64/python2.7/site-packages/sklearn/linear_model/passive_aggressive.py", line 146, in fit
    coef_init=coef_init, intercept_init=intercept_init)
  File "/home/besser82/rpmbuild/BUILDROOT/python-scikit-learn-0.15-0.1.git20140602.083b5f5.fc20.x86_64/usr/lib64/python2.7/site-packages/sklearn/linear_model/stochastic_gradient.py", line 389, in _fit
    classes, sample_weight, coef_init, intercept_init)
  File "/home/besser82/rpmbuild/BUILDROOT/python-scikit-learn-0.15-0.1.git20140602.083b5f5.fc20.x86_64/usr/lib64/python2.7/site-packages/sklearn/linear_model/stochastic_gradient.py", line 351, in _partial_fit
    sample_weight=sample_weight, n_iter=n_iter)
  File "/home/besser82/rpmbuild/BUILDROOT/python-scikit-learn-0.15-0.1.git20140602.083b5f5.fc20.x86_64/usr/lib64/python2.7/site-packages/sklearn/linear_model/stochastic_gradient.py", line 415, in _fit_multiclass
    verbose=self.verbose)(
TypeError: __init__() got an unexpected keyword argument 'backend'

======================================================================
ERROR: sklearn.tests.test_common.test_classifiers_input_shapes('Perceptron', <class 'sklearn.linear_model.perceptron.Perceptron'>, array([[ -5.25060772e-02,   2.18907205e+00,  -1.45500381e+00,
----------------------------------------------------------------------
Traceback (most recent call last):
  File "/usr/lib/python2.7/site-packages/nose/case.py", line 197, in runTest
    self.test(*self.arg)
  File "/home/besser82/rpmbuild/BUILDROOT/python-scikit-learn-0.15-0.1.git20140602.083b5f5.fc20.x86_64/usr/lib64/python2.7/site-packages/sklearn/tests/test_common.py", line 719, in check_classifiers_input_shapes
    classifier.fit(X, y)
  File "/home/besser82/rpmbuild/BUILDROOT/python-scikit-learn-0.15-0.1.git20140602.083b5f5.fc20.x86_64/usr/lib64/python2.7/site-packages/sklearn/linear_model/stochastic_gradient.py", line 485, in fit
    sample_weight=sample_weight)
  File "/home/besser82/rpmbuild/BUILDROOT/python-scikit-learn-0.15-0.1.git20140602.083b5f5.fc20.x86_64/usr/lib64/python2.7/site-packages/sklearn/linear_model/stochastic_gradient.py", line 389, in _fit
    classes, sample_weight, coef_init, intercept_init)
  File "/home/besser82/rpmbuild/BUILDROOT/python-scikit-learn-0.15-0.1.git20140602.083b5f5.fc20.x86_64/usr/lib64/python2.7/site-packages/sklearn/linear_model/stochastic_gradient.py", line 351, in _partial_fit
    sample_weight=sample_weight, n_iter=n_iter)
  File "/home/besser82/rpmbuild/BUILDROOT/python-scikit-learn-0.15-0.1.git20140602.083b5f5.fc20.x86_64/usr/lib64/python2.7/site-packages/sklearn/linear_model/stochastic_gradient.py", line 415, in _fit_multiclass
    verbose=self.verbose)(
TypeError: __init__() got an unexpected keyword argument 'backend'

======================================================================
ERROR: sklearn.tests.test_common.test_classifiers_input_shapes('RandomForestClassifier', <class 'sklearn.ensemble.forest.RandomForestClassifier'>, array([[ -5.25060772e-02,   2.18907205e+00,  -1.45500381e+00,
----------------------------------------------------------------------
Traceback (most recent call last):
  File "/usr/lib/python2.7/site-packages/nose/case.py", line 197, in runTest
    self.test(*self.arg)
  File "/home/besser82/rpmbuild/BUILDROOT/python-scikit-learn-0.15-0.1.git20140602.083b5f5.fc20.x86_64/usr/lib64/python2.7/site-packages/sklearn/tests/test_common.py", line 719, in check_classifiers_input_shapes
    classifier.fit(X, y)
  File "/home/besser82/rpmbuild/BUILDROOT/python-scikit-learn-0.15-0.1.git20140602.083b5f5.fc20.x86_64/usr/lib64/python2.7/site-packages/sklearn/ensemble/forest.py", line 271, in fit
    backend="threading")(
TypeError: __init__() got an unexpected keyword argument 'backend'

======================================================================
ERROR: sklearn.tests.test_common.test_classifiers_input_shapes('SGDClassifier', <class 'sklearn.linear_model.stochastic_gradient.SGDClassifier'>, array([[ -5.25060772e-02,   2.18907205e+00,  -1.45500381e+00,
----------------------------------------------------------------------
Traceback (most recent call last):
  File "/usr/lib/python2.7/site-packages/nose/case.py", line 197, in runTest
    self.test(*self.arg)
  File "/home/besser82/rpmbuild/BUILDROOT/python-scikit-learn-0.15-0.1.git20140602.083b5f5.fc20.x86_64/usr/lib64/python2.7/site-packages/sklearn/tests/test_common.py", line 719, in check_classifiers_input_shapes
    classifier.fit(X, y)
  File "/home/besser82/rpmbuild/BUILDROOT/python-scikit-learn-0.15-0.1.git20140602.083b5f5.fc20.x86_64/usr/lib64/python2.7/site-packages/sklearn/linear_model/stochastic_gradient.py", line 485, in fit
    sample_weight=sample_weight)
  File "/home/besser82/rpmbuild/BUILDROOT/python-scikit-learn-0.15-0.1.git20140602.083b5f5.fc20.x86_64/usr/lib64/python2.7/site-packages/sklearn/linear_model/stochastic_gradient.py", line 389, in _fit
    classes, sample_weight, coef_init, intercept_init)
  File "/home/besser82/rpmbuild/BUILDROOT/python-scikit-learn-0.15-0.1.git20140602.083b5f5.fc20.x86_64/usr/lib64/python2.7/site-packages/sklearn/linear_model/stochastic_gradient.py", line 351, in _partial_fit
    sample_weight=sample_weight, n_iter=n_iter)
  File "/home/besser82/rpmbuild/BUILDROOT/python-scikit-learn-0.15-0.1.git20140602.083b5f5.fc20.x86_64/usr/lib64/python2.7/site-packages/sklearn/linear_model/stochastic_gradient.py", line 415, in _fit_multiclass
    verbose=self.verbose)(
TypeError: __init__() got an unexpected keyword argument 'backend'

======================================================================
ERROR: sklearn.tests.test_common.test_classifiers_pickle('ExtraTreesClassifier', <class 'sklearn.ensemble.forest.ExtraTreesClassifier'>, array([[ 0.49674972, -1.24690069],
----------------------------------------------------------------------
Traceback (most recent call last):
  File "/usr/lib/python2.7/site-packages/nose/case.py", line 197, in runTest
    self.test(*self.arg)
  File "/home/besser82/rpmbuild/BUILDROOT/python-scikit-learn-0.15-0.1.git20140602.083b5f5.fc20.x86_64/usr/lib64/python2.7/site-packages/sklearn/tests/test_common.py", line 759, in check_classifiers_pickle
    assert_raises(ValueError, classifier.fit, X, y[:-1])
  File "/usr/lib64/python2.7/unittest/case.py", line 513, in assertRaises
    callableObj(*args, **kwargs)
  File "/home/besser82/rpmbuild/BUILDROOT/python-scikit-learn-0.15-0.1.git20140602.083b5f5.fc20.x86_64/usr/lib64/python2.7/site-packages/sklearn/ensemble/forest.py", line 271, in fit
    backend="threading")(
TypeError: __init__() got an unexpected keyword argument 'backend'

======================================================================
ERROR: sklearn.tests.test_common.test_classifiers_pickle('PassiveAggressiveClassifier', <class 'sklearn.linear_model.passive_aggressive.PassiveAggressiveClassifier'>, array([[ 0.49674972, -1.24690069],
----------------------------------------------------------------------
Traceback (most recent call last):
  File "/usr/lib/python2.7/site-packages/nose/case.py", line 197, in runTest
    self.test(*self.arg)
  File "/home/besser82/rpmbuild/BUILDROOT/python-scikit-learn-0.15-0.1.git20140602.083b5f5.fc20.x86_64/usr/lib64/python2.7/site-packages/sklearn/tests/test_common.py", line 762, in check_classifiers_pickle
    classifier.fit(X, y)
  File "/home/besser82/rpmbuild/BUILDROOT/python-scikit-learn-0.15-0.1.git20140602.083b5f5.fc20.x86_64/usr/lib64/python2.7/site-packages/sklearn/linear_model/passive_aggressive.py", line 146, in fit
    coef_init=coef_init, intercept_init=intercept_init)
  File "/home/besser82/rpmbuild/BUILDROOT/python-scikit-learn-0.15-0.1.git20140602.083b5f5.fc20.x86_64/usr/lib64/python2.7/site-packages/sklearn/linear_model/stochastic_gradient.py", line 389, in _fit
    classes, sample_weight, coef_init, intercept_init)
  File "/home/besser82/rpmbuild/BUILDROOT/python-scikit-learn-0.15-0.1.git20140602.083b5f5.fc20.x86_64/usr/lib64/python2.7/site-packages/sklearn/linear_model/stochastic_gradient.py", line 351, in _partial_fit
    sample_weight=sample_weight, n_iter=n_iter)
  File "/home/besser82/rpmbuild/BUILDROOT/python-scikit-learn-0.15-0.1.git20140602.083b5f5.fc20.x86_64/usr/lib64/python2.7/site-packages/sklearn/linear_model/stochastic_gradient.py", line 415, in _fit_multiclass
    verbose=self.verbose)(
TypeError: __init__() got an unexpected keyword argument 'backend'

======================================================================
ERROR: sklearn.tests.test_common.test_classifiers_pickle('Perceptron', <class 'sklearn.linear_model.perceptron.Perceptron'>, array([[ 0.49674972, -1.24690069],
----------------------------------------------------------------------
Traceback (most recent call last):
  File "/usr/lib/python2.7/site-packages/nose/case.py", line 197, in runTest
    self.test(*self.arg)
  File "/home/besser82/rpmbuild/BUILDROOT/python-scikit-learn-0.15-0.1.git20140602.083b5f5.fc20.x86_64/usr/lib64/python2.7/site-packages/sklearn/tests/test_common.py", line 762, in check_classifiers_pickle
    classifier.fit(X, y)
  File "/home/besser82/rpmbuild/BUILDROOT/python-scikit-learn-0.15-0.1.git20140602.083b5f5.fc20.x86_64/usr/lib64/python2.7/site-packages/sklearn/linear_model/stochastic_gradient.py", line 485, in fit
    sample_weight=sample_weight)
  File "/home/besser82/rpmbuild/BUILDROOT/python-scikit-learn-0.15-0.1.git20140602.083b5f5.fc20.x86_64/usr/lib64/python2.7/site-packages/sklearn/linear_model/stochastic_gradient.py", line 389, in _fit
    classes, sample_weight, coef_init, intercept_init)
  File "/home/besser82/rpmbuild/BUILDROOT/python-scikit-learn-0.15-0.1.git20140602.083b5f5.fc20.x86_64/usr/lib64/python2.7/site-packages/sklearn/linear_model/stochastic_gradient.py", line 351, in _partial_fit
    sample_weight=sample_weight, n_iter=n_iter)
  File "/home/besser82/rpmbuild/BUILDROOT/python-scikit-learn-0.15-0.1.git20140602.083b5f5.fc20.x86_64/usr/lib64/python2.7/site-packages/sklearn/linear_model/stochastic_gradient.py", line 415, in _fit_multiclass
    verbose=self.verbose)(
TypeError: __init__() got an unexpected keyword argument 'backend'

======================================================================
ERROR: sklearn.tests.test_common.test_classifiers_pickle('RandomForestClassifier', <class 'sklearn.ensemble.forest.RandomForestClassifier'>, array([[ 0.49674972, -1.24690069],
----------------------------------------------------------------------
Traceback (most recent call last):
  File "/usr/lib/python2.7/site-packages/nose/case.py", line 197, in runTest
    self.test(*self.arg)
  File "/home/besser82/rpmbuild/BUILDROOT/python-scikit-learn-0.15-0.1.git20140602.083b5f5.fc20.x86_64/usr/lib64/python2.7/site-packages/sklearn/tests/test_common.py", line 759, in check_classifiers_pickle
    assert_raises(ValueError, classifier.fit, X, y[:-1])
  File "/usr/lib64/python2.7/unittest/case.py", line 513, in assertRaises
    callableObj(*args, **kwargs)
  File "/home/besser82/rpmbuild/BUILDROOT/python-scikit-learn-0.15-0.1.git20140602.083b5f5.fc20.x86_64/usr/lib64/python2.7/site-packages/sklearn/ensemble/forest.py", line 271, in fit
    backend="threading")(
TypeError: __init__() got an unexpected keyword argument 'backend'

======================================================================
ERROR: sklearn.tests.test_common.test_classifiers_pickle('SGDClassifier', <class 'sklearn.linear_model.stochastic_gradient.SGDClassifier'>, array([[ 0.49674972, -1.24690069],
----------------------------------------------------------------------
Traceback (most recent call last):
  File "/usr/lib/python2.7/site-packages/nose/case.py", line 197, in runTest
    self.test(*self.arg)
  File "/home/besser82/rpmbuild/BUILDROOT/python-scikit-learn-0.15-0.1.git20140602.083b5f5.fc20.x86_64/usr/lib64/python2.7/site-packages/sklearn/tests/test_common.py", line 762, in check_classifiers_pickle
    classifier.fit(X, y)
  File "/home/besser82/rpmbuild/BUILDROOT/python-scikit-learn-0.15-0.1.git20140602.083b5f5.fc20.x86_64/usr/lib64/python2.7/site-packages/sklearn/linear_model/stochastic_gradient.py", line 485, in fit
    sample_weight=sample_weight)
  File "/home/besser82/rpmbuild/BUILDROOT/python-scikit-learn-0.15-0.1.git20140602.083b5f5.fc20.x86_64/usr/lib64/python2.7/site-packages/sklearn/linear_model/stochastic_gradient.py", line 389, in _fit
    classes, sample_weight, coef_init, intercept_init)
  File "/home/besser82/rpmbuild/BUILDROOT/python-scikit-learn-0.15-0.1.git20140602.083b5f5.fc20.x86_64/usr/lib64/python2.7/site-packages/sklearn/linear_model/stochastic_gradient.py", line 351, in _partial_fit
    sample_weight=sample_weight, n_iter=n_iter)
  File "/home/besser82/rpmbuild/BUILDROOT/python-scikit-learn-0.15-0.1.git20140602.083b5f5.fc20.x86_64/usr/lib64/python2.7/site-packages/sklearn/linear_model/stochastic_gradient.py", line 415, in _fit_multiclass
    verbose=self.verbose)(
TypeError: __init__() got an unexpected keyword argument 'backend'

======================================================================
ERROR: sklearn.tests.test_common.test_classifiers_pickle('ExtraTreesClassifier', <class 'sklearn.ensemble.forest.ExtraTreesClassifier'>, array([[ 0.49674972, -1.24690069],
----------------------------------------------------------------------
Traceback (most recent call last):
  File "/usr/lib/python2.7/site-packages/nose/case.py", line 197, in runTest
    self.test(*self.arg)
  File "/home/besser82/rpmbuild/BUILDROOT/python-scikit-learn-0.15-0.1.git20140602.083b5f5.fc20.x86_64/usr/lib64/python2.7/site-packages/sklearn/tests/test_common.py", line 759, in check_classifiers_pickle
    assert_raises(ValueError, classifier.fit, X, y[:-1])
  File "/usr/lib64/python2.7/unittest/case.py", line 513, in assertRaises
    callableObj(*args, **kwargs)
  File "/home/besser82/rpmbuild/BUILDROOT/python-scikit-learn-0.15-0.1.git20140602.083b5f5.fc20.x86_64/usr/lib64/python2.7/site-packages/sklearn/ensemble/forest.py", line 271, in fit
    backend="threading")(
TypeError: __init__() got an unexpected keyword argument 'backend'

======================================================================
ERROR: sklearn.tests.test_common.test_classifiers_pickle('RandomForestClassifier', <class 'sklearn.ensemble.forest.RandomForestClassifier'>, array([[ 0.49674972, -1.24690069],
----------------------------------------------------------------------
Traceback (most recent call last):
  File "/usr/lib/python2.7/site-packages/nose/case.py", line 197, in runTest
    self.test(*self.arg)
  File "/home/besser82/rpmbuild/BUILDROOT/python-scikit-learn-0.15-0.1.git20140602.083b5f5.fc20.x86_64/usr/lib64/python2.7/site-packages/sklearn/tests/test_common.py", line 759, in check_classifiers_pickle
    assert_raises(ValueError, classifier.fit, X, y[:-1])
  File "/usr/lib64/python2.7/unittest/case.py", line 513, in assertRaises
    callableObj(*args, **kwargs)
  File "/home/besser82/rpmbuild/BUILDROOT/python-scikit-learn-0.15-0.1.git20140602.083b5f5.fc20.x86_64/usr/lib64/python2.7/site-packages/sklearn/ensemble/forest.py", line 271, in fit
    backend="threading")(
TypeError: __init__() got an unexpected keyword argument 'backend'

======================================================================
ERROR: sklearn.tests.test_common.test_regressors_int('ExtraTreesRegressor', <class 'sklearn.ensemble.forest.ExtraTreesRegressor'>, array([[-0.44836249, -0.47282444, -1.20608008, -0.27435163, -0.81468082,
----------------------------------------------------------------------
Traceback (most recent call last):
  File "/usr/lib/python2.7/site-packages/nose/case.py", line 197, in runTest
    self.test(*self.arg)
  File "/home/besser82/rpmbuild/BUILDROOT/python-scikit-learn-0.15-0.1.git20140602.083b5f5.fc20.x86_64/usr/lib64/python2.7/site-packages/sklearn/tests/test_common.py", line 818, in check_regressors_int
    regressor_1.fit(X, y_)
  File "/home/besser82/rpmbuild/BUILDROOT/python-scikit-learn-0.15-0.1.git20140602.083b5f5.fc20.x86_64/usr/lib64/python2.7/site-packages/sklearn/ensemble/forest.py", line 271, in fit
    backend="threading")(
TypeError: __init__() got an unexpected keyword argument 'backend'

======================================================================
ERROR: sklearn.tests.test_common.test_regressors_int('RandomForestRegressor', <class 'sklearn.ensemble.forest.RandomForestRegressor'>, array([[-0.44836249, -0.47282444, -1.20608008, -0.27435163, -0.81468082,
----------------------------------------------------------------------
Traceback (most recent call last):
  File "/usr/lib/python2.7/site-packages/nose/case.py", line 197, in runTest
    self.test(*self.arg)
  File "/home/besser82/rpmbuild/BUILDROOT/python-scikit-learn-0.15-0.1.git20140602.083b5f5.fc20.x86_64/usr/lib64/python2.7/site-packages/sklearn/tests/test_common.py", line 818, in check_regressors_int
    regressor_1.fit(X, y_)
  File "/home/besser82/rpmbuild/BUILDROOT/python-scikit-learn-0.15-0.1.git20140602.083b5f5.fc20.x86_64/usr/lib64/python2.7/site-packages/sklearn/ensemble/forest.py", line 271, in fit
    backend="threading")(
TypeError: __init__() got an unexpected keyword argument 'backend'

======================================================================
ERROR: sklearn.tests.test_common.test_regressors_train('ExtraTreesRegressor', <class 'sklearn.ensemble.forest.ExtraTreesRegressor'>, array([[-0.44836249, -0.47282444, -1.20608008, ..., -0.75500806,
----------------------------------------------------------------------
Traceback (most recent call last):
  File "/usr/lib/python2.7/site-packages/nose/case.py", line 197, in runTest
    self.test(*self.arg)
  File "/home/besser82/rpmbuild/BUILDROOT/python-scikit-learn-0.15-0.1.git20140602.083b5f5.fc20.x86_64/usr/lib64/python2.7/site-packages/sklearn/tests/test_common.py", line 848, in check_regressors_train
    assert_raises(ValueError, regressor.fit, X, y[:-1])
  File "/usr/lib64/python2.7/unittest/case.py", line 513, in assertRaises
    callableObj(*args, **kwargs)
  File "/home/besser82/rpmbuild/BUILDROOT/python-scikit-learn-0.15-0.1.git20140602.083b5f5.fc20.x86_64/usr/lib64/python2.7/site-packages/sklearn/ensemble/forest.py", line 271, in fit
    backend="threading")(
TypeError: __init__() got an unexpected keyword argument 'backend'

======================================================================
ERROR: sklearn.tests.test_common.test_regressors_train('RandomForestRegressor', <class 'sklearn.ensemble.forest.RandomForestRegressor'>, array([[-0.44836249, -0.47282444, -1.20608008, ..., -0.75500806,
----------------------------------------------------------------------
Traceback (most recent call last):
  File "/usr/lib/python2.7/site-packages/nose/case.py", line 197, in runTest
    self.test(*self.arg)
  File "/home/besser82/rpmbuild/BUILDROOT/python-scikit-learn-0.15-0.1.git20140602.083b5f5.fc20.x86_64/usr/lib64/python2.7/site-packages/sklearn/tests/test_common.py", line 848, in check_regressors_train
    assert_raises(ValueError, regressor.fit, X, y[:-1])
  File "/usr/lib64/python2.7/unittest/case.py", line 513, in assertRaises
    callableObj(*args, **kwargs)
  File "/home/besser82/rpmbuild/BUILDROOT/python-scikit-learn-0.15-0.1.git20140602.083b5f5.fc20.x86_64/usr/lib64/python2.7/site-packages/sklearn/ensemble/forest.py", line 271, in fit
    backend="threading")(
TypeError: __init__() got an unexpected keyword argument 'backend'

======================================================================
ERROR: sklearn.tests.test_common.test_regressor_pickle('ExtraTreesRegressor', <class 'sklearn.ensemble.forest.ExtraTreesRegressor'>, array([[-0.44836249, -0.47282444, -1.20608008, ..., -0.75500806,
----------------------------------------------------------------------
Traceback (most recent call last):
  File "/usr/lib/python2.7/site-packages/nose/case.py", line 197, in runTest
    self.test(*self.arg)
  File "/home/besser82/rpmbuild/BUILDROOT/python-scikit-learn-0.15-0.1.git20140602.083b5f5.fc20.x86_64/usr/lib64/python2.7/site-packages/sklearn/tests/test_common.py", line 894, in check_regressors_pickle
    regressor.fit(X, y_)
  File "/home/besser82/rpmbuild/BUILDROOT/python-scikit-learn-0.15-0.1.git20140602.083b5f5.fc20.x86_64/usr/lib64/python2.7/site-packages/sklearn/ensemble/forest.py", line 271, in fit
    backend="threading")(
TypeError: __init__() got an unexpected keyword argument 'backend'

======================================================================
ERROR: sklearn.tests.test_common.test_regressor_pickle('RandomForestRegressor', <class 'sklearn.ensemble.forest.RandomForestRegressor'>, array([[-0.44836249, -0.47282444, -1.20608008, ..., -0.75500806,
----------------------------------------------------------------------
Traceback (most recent call last):
  File "/usr/lib/python2.7/site-packages/nose/case.py", line 197, in runTest
    self.test(*self.arg)
  File "/home/besser82/rpmbuild/BUILDROOT/python-scikit-learn-0.15-0.1.git20140602.083b5f5.fc20.x86_64/usr/lib64/python2.7/site-packages/sklearn/tests/test_common.py", line 894, in check_regressors_pickle
    regressor.fit(X, y_)
  File "/home/besser82/rpmbuild/BUILDROOT/python-scikit-learn-0.15-0.1.git20140602.083b5f5.fc20.x86_64/usr/lib64/python2.7/site-packages/sklearn/ensemble/forest.py", line 271, in fit
    backend="threading")(
TypeError: __init__() got an unexpected keyword argument 'backend'

======================================================================
ERROR: sklearn.tests.test_common.test_class_weight_classifiers('Perceptron', <class 'sklearn.linear_model.perceptron.Perceptron'>, array([[  9.97540177, -20.96356651],
----------------------------------------------------------------------
Traceback (most recent call last):
  File "/usr/lib/python2.7/site-packages/nose/case.py", line 197, in runTest
    self.test(*self.arg)
  File "/home/besser82/rpmbuild/BUILDROOT/python-scikit-learn-0.15-0.1.git20140602.083b5f5.fc20.x86_64/usr/lib64/python2.7/site-packages/sklearn/tests/test_common.py", line 968, in check_class_weight_classifiers
    classifier.fit(X_train, y_train)
  File "/home/besser82/rpmbuild/BUILDROOT/python-scikit-learn-0.15-0.1.git20140602.083b5f5.fc20.x86_64/usr/lib64/python2.7/site-packages/sklearn/linear_model/stochastic_gradient.py", line 485, in fit
    sample_weight=sample_weight)
  File "/home/besser82/rpmbuild/BUILDROOT/python-scikit-learn-0.15-0.1.git20140602.083b5f5.fc20.x86_64/usr/lib64/python2.7/site-packages/sklearn/linear_model/stochastic_gradient.py", line 389, in _fit
    classes, sample_weight, coef_init, intercept_init)
  File "/home/besser82/rpmbuild/BUILDROOT/python-scikit-learn-0.15-0.1.git20140602.083b5f5.fc20.x86_64/usr/lib64/python2.7/site-packages/sklearn/linear_model/stochastic_gradient.py", line 351, in _partial_fit
    sample_weight=sample_weight, n_iter=n_iter)
  File "/home/besser82/rpmbuild/BUILDROOT/python-scikit-learn-0.15-0.1.git20140602.083b5f5.fc20.x86_64/usr/lib64/python2.7/site-packages/sklearn/linear_model/stochastic_gradient.py", line 415, in _fit_multiclass
    verbose=self.verbose)(
TypeError: __init__() got an unexpected keyword argument 'backend'

======================================================================
ERROR: sklearn.tests.test_common.test_class_weight_classifiers('SGDClassifier', <class 'sklearn.linear_model.stochastic_gradient.SGDClassifier'>, array([[  9.97540177, -20.96356651],
----------------------------------------------------------------------
Traceback (most recent call last):
  File "/usr/lib/python2.7/site-packages/nose/case.py", line 197, in runTest
    self.test(*self.arg)
  File "/home/besser82/rpmbuild/BUILDROOT/python-scikit-learn-0.15-0.1.git20140602.083b5f5.fc20.x86_64/usr/lib64/python2.7/site-packages/sklearn/tests/test_common.py", line 968, in check_class_weight_classifiers
    classifier.fit(X_train, y_train)
  File "/home/besser82/rpmbuild/BUILDROOT/python-scikit-learn-0.15-0.1.git20140602.083b5f5.fc20.x86_64/usr/lib64/python2.7/site-packages/sklearn/linear_model/stochastic_gradient.py", line 485, in fit
    sample_weight=sample_weight)
  File "/home/besser82/rpmbuild/BUILDROOT/python-scikit-learn-0.15-0.1.git20140602.083b5f5.fc20.x86_64/usr/lib64/python2.7/site-packages/sklearn/linear_model/stochastic_gradient.py", line 389, in _fit
    classes, sample_weight, coef_init, intercept_init)
  File "/home/besser82/rpmbuild/BUILDROOT/python-scikit-learn-0.15-0.1.git20140602.083b5f5.fc20.x86_64/usr/lib64/python2.7/site-packages/sklearn/linear_model/stochastic_gradient.py", line 351, in _partial_fit
    sample_weight=sample_weight, n_iter=n_iter)
  File "/home/besser82/rpmbuild/BUILDROOT/python-scikit-learn-0.15-0.1.git20140602.083b5f5.fc20.x86_64/usr/lib64/python2.7/site-packages/sklearn/linear_model/stochastic_gradient.py", line 415, in _fit_multiclass
    verbose=self.verbose)(
TypeError: __init__() got an unexpected keyword argument 'backend'

======================================================================
ERROR: sklearn.tests.test_common.test_estimators_overwrite_params('ExtraTreesClassifier', <class 'sklearn.ensemble.forest.ExtraTreesClassifier'>, array([[ 6.89619908,  5.09923251],
----------------------------------------------------------------------
Traceback (most recent call last):
  File "/usr/lib/python2.7/site-packages/nose/case.py", line 197, in runTest
    self.test(*self.arg)
  File "/home/besser82/rpmbuild/BUILDROOT/python-scikit-learn-0.15-0.1.git20140602.083b5f5.fc20.x86_64/usr/lib64/python2.7/site-packages/sklearn/tests/test_common.py", line 1077, in check_estimators_overwrite_params
    estimator.fit(X, y)
  File "/home/besser82/rpmbuild/BUILDROOT/python-scikit-learn-0.15-0.1.git20140602.083b5f5.fc20.x86_64/usr/lib64/python2.7/site-packages/sklearn/ensemble/forest.py", line 271, in fit
    backend="threading")(
TypeError: __init__() got an unexpected keyword argument 'backend'

======================================================================
ERROR: sklearn.tests.test_common.test_estimators_overwrite_params('PassiveAggressiveClassifier', <class 'sklearn.linear_model.passive_aggressive.PassiveAggressiveClassifier'>, array([[ 6.89619908,  5.09923251],
----------------------------------------------------------------------
Traceback (most recent call last):
  File "/usr/lib/python2.7/site-packages/nose/case.py", line 197, in runTest
    self.test(*self.arg)
  File "/home/besser82/rpmbuild/BUILDROOT/python-scikit-learn-0.15-0.1.git20140602.083b5f5.fc20.x86_64/usr/lib64/python2.7/site-packages/sklearn/tests/test_common.py", line 1077, in check_estimators_overwrite_params
    estimator.fit(X, y)
  File "/home/besser82/rpmbuild/BUILDROOT/python-scikit-learn-0.15-0.1.git20140602.083b5f5.fc20.x86_64/usr/lib64/python2.7/site-packages/sklearn/linear_model/passive_aggressive.py", line 146, in fit
    coef_init=coef_init, intercept_init=intercept_init)
  File "/home/besser82/rpmbuild/BUILDROOT/python-scikit-learn-0.15-0.1.git20140602.083b5f5.fc20.x86_64/usr/lib64/python2.7/site-packages/sklearn/linear_model/stochastic_gradient.py", line 389, in _fit
    classes, sample_weight, coef_init, intercept_init)
  File "/home/besser82/rpmbuild/BUILDROOT/python-scikit-learn-0.15-0.1.git20140602.083b5f5.fc20.x86_64/usr/lib64/python2.7/site-packages/sklearn/linear_model/stochastic_gradient.py", line 351, in _partial_fit
    sample_weight=sample_weight, n_iter=n_iter)
  File "/home/besser82/rpmbuild/BUILDROOT/python-scikit-learn-0.15-0.1.git20140602.083b5f5.fc20.x86_64/usr/lib64/python2.7/site-packages/sklearn/linear_model/stochastic_gradient.py", line 415, in _fit_multiclass
    verbose=self.verbose)(
TypeError: __init__() got an unexpected keyword argument 'backend'

======================================================================
ERROR: sklearn.tests.test_common.test_estimators_overwrite_params('Perceptron', <class 'sklearn.linear_model.perceptron.Perceptron'>, array([[ 6.89619908,  5.09923251],
----------------------------------------------------------------------
Traceback (most recent call last):
  File "/usr/lib/python2.7/site-packages/nose/case.py", line 197, in runTest
    self.test(*self.arg)
  File "/home/besser82/rpmbuild/BUILDROOT/python-scikit-learn-0.15-0.1.git20140602.083b5f5.fc20.x86_64/usr/lib64/python2.7/site-packages/sklearn/tests/test_common.py", line 1077, in check_estimators_overwrite_params
    estimator.fit(X, y)
  File "/home/besser82/rpmbuild/BUILDROOT/python-scikit-learn-0.15-0.1.git20140602.083b5f5.fc20.x86_64/usr/lib64/python2.7/site-packages/sklearn/linear_model/stochastic_gradient.py", line 485, in fit
    sample_weight=sample_weight)
  File "/home/besser82/rpmbuild/BUILDROOT/python-scikit-learn-0.15-0.1.git20140602.083b5f5.fc20.x86_64/usr/lib64/python2.7/site-packages/sklearn/linear_model/stochastic_gradient.py", line 389, in _fit
    classes, sample_weight, coef_init, intercept_init)
  File "/home/besser82/rpmbuild/BUILDROOT/python-scikit-learn-0.15-0.1.git20140602.083b5f5.fc20.x86_64/usr/lib64/python2.7/site-packages/sklearn/linear_model/stochastic_gradient.py", line 351, in _partial_fit
    sample_weight=sample_weight, n_iter=n_iter)
  File "/home/besser82/rpmbuild/BUILDROOT/python-scikit-learn-0.15-0.1.git20140602.083b5f5.fc20.x86_64/usr/lib64/python2.7/site-packages/sklearn/linear_model/stochastic_gradient.py", line 415, in _fit_multiclass
    verbose=self.verbose)(
TypeError: __init__() got an unexpected keyword argument 'backend'

======================================================================
ERROR: sklearn.tests.test_common.test_estimators_overwrite_params('RandomForestClassifier', <class 'sklearn.ensemble.forest.RandomForestClassifier'>, array([[ 6.89619908,  5.09923251],
----------------------------------------------------------------------
Traceback (most recent call last):
  File "/usr/lib/python2.7/site-packages/nose/case.py", line 197, in runTest
    self.test(*self.arg)
  File "/home/besser82/rpmbuild/BUILDROOT/python-scikit-learn-0.15-0.1.git20140602.083b5f5.fc20.x86_64/usr/lib64/python2.7/site-packages/sklearn/tests/test_common.py", line 1077, in check_estimators_overwrite_params
    estimator.fit(X, y)
  File "/home/besser82/rpmbuild/BUILDROOT/python-scikit-learn-0.15-0.1.git20140602.083b5f5.fc20.x86_64/usr/lib64/python2.7/site-packages/sklearn/ensemble/forest.py", line 271, in fit
    backend="threading")(
TypeError: __init__() got an unexpected keyword argument 'backend'

======================================================================
ERROR: sklearn.tests.test_common.test_estimators_overwrite_params('SGDClassifier', <class 'sklearn.linear_model.stochastic_gradient.SGDClassifier'>, array([[ 6.89619908,  5.09923251],
----------------------------------------------------------------------
Traceback (most recent call last):
  File "/usr/lib/python2.7/site-packages/nose/case.py", line 197, in runTest
    self.test(*self.arg)
  File "/home/besser82/rpmbuild/BUILDROOT/python-scikit-learn-0.15-0.1.git20140602.083b5f5.fc20.x86_64/usr/lib64/python2.7/site-packages/sklearn/tests/test_common.py", line 1077, in check_estimators_overwrite_params
    estimator.fit(X, y)
  File "/home/besser82/rpmbuild/BUILDROOT/python-scikit-learn-0.15-0.1.git20140602.083b5f5.fc20.x86_64/usr/lib64/python2.7/site-packages/sklearn/linear_model/stochastic_gradient.py", line 485, in fit
    sample_weight=sample_weight)
  File "/home/besser82/rpmbuild/BUILDROOT/python-scikit-learn-0.15-0.1.git20140602.083b5f5.fc20.x86_64/usr/lib64/python2.7/site-packages/sklearn/linear_model/stochastic_gradient.py", line 389, in _fit
    classes, sample_weight, coef_init, intercept_init)
  File "/home/besser82/rpmbuild/BUILDROOT/python-scikit-learn-0.15-0.1.git20140602.083b5f5.fc20.x86_64/usr/lib64/python2.7/site-packages/sklearn/linear_model/stochastic_gradient.py", line 351, in _partial_fit
    sample_weight=sample_weight, n_iter=n_iter)
  File "/home/besser82/rpmbuild/BUILDROOT/python-scikit-learn-0.15-0.1.git20140602.083b5f5.fc20.x86_64/usr/lib64/python2.7/site-packages/sklearn/linear_model/stochastic_gradient.py", line 415, in _fit_multiclass
    verbose=self.verbose)(
TypeError: __init__() got an unexpected keyword argument 'backend'

======================================================================
ERROR: sklearn.tests.test_common.test_estimators_overwrite_params('ExtraTreesRegressor', <class 'sklearn.ensemble.forest.ExtraTreesRegressor'>, array([[ 6.89619908,  5.09923251],
----------------------------------------------------------------------
Traceback (most recent call last):
  File "/usr/lib/python2.7/site-packages/nose/case.py", line 197, in runTest
    self.test(*self.arg)
  File "/home/besser82/rpmbuild/BUILDROOT/python-scikit-learn-0.15-0.1.git20140602.083b5f5.fc20.x86_64/usr/lib64/python2.7/site-packages/sklearn/tests/test_common.py", line 1077, in check_estimators_overwrite_params
    estimator.fit(X, y)
  File "/home/besser82/rpmbuild/BUILDROOT/python-scikit-learn-0.15-0.1.git20140602.083b5f5.fc20.x86_64/usr/lib64/python2.7/site-packages/sklearn/ensemble/forest.py", line 271, in fit
    backend="threading")(
TypeError: __init__() got an unexpected keyword argument 'backend'

======================================================================
ERROR: sklearn.tests.test_common.test_estimators_overwrite_params('RandomForestRegressor', <class 'sklearn.ensemble.forest.RandomForestRegressor'>, array([[ 6.89619908,  5.09923251],
----------------------------------------------------------------------
Traceback (most recent call last):
  File "/usr/lib/python2.7/site-packages/nose/case.py", line 197, in runTest
    self.test(*self.arg)
  File "/home/besser82/rpmbuild/BUILDROOT/python-scikit-learn-0.15-0.1.git20140602.083b5f5.fc20.x86_64/usr/lib64/python2.7/site-packages/sklearn/tests/test_common.py", line 1077, in check_estimators_overwrite_params
    estimator.fit(X, y)
  File "/home/besser82/rpmbuild/BUILDROOT/python-scikit-learn-0.15-0.1.git20140602.083b5f5.fc20.x86_64/usr/lib64/python2.7/site-packages/sklearn/ensemble/forest.py", line 271, in fit
    backend="threading")(
TypeError: __init__() got an unexpected keyword argument 'backend'

======================================================================
ERROR: sklearn.tests.test_common.test_estimators_overwrite_params('ExtraTreesClassifier', <class 'sklearn.ensemble.forest.ExtraTreesClassifier'>, array([[ 6.89619908,  5.09923251],
----------------------------------------------------------------------
Traceback (most recent call last):
  File "/usr/lib/python2.7/site-packages/nose/case.py", line 197, in runTest
    self.test(*self.arg)
  File "/home/besser82/rpmbuild/BUILDROOT/python-scikit-learn-0.15-0.1.git20140602.083b5f5.fc20.x86_64/usr/lib64/python2.7/site-packages/sklearn/tests/test_common.py", line 1077, in check_estimators_overwrite_params
    estimator.fit(X, y)
  File "/home/besser82/rpmbuild/BUILDROOT/python-scikit-learn-0.15-0.1.git20140602.083b5f5.fc20.x86_64/usr/lib64/python2.7/site-packages/sklearn/ensemble/forest.py", line 271, in fit
    backend="threading")(
TypeError: __init__() got an unexpected keyword argument 'backend'

======================================================================
ERROR: sklearn.tests.test_common.test_estimators_overwrite_params('ExtraTreesRegressor', <class 'sklearn.ensemble.forest.ExtraTreesRegressor'>, array([[ 6.89619908,  5.09923251],
----------------------------------------------------------------------
Traceback (most recent call last):
  File "/usr/lib/python2.7/site-packages/nose/case.py", line 197, in runTest
    self.test(*self.arg)
  File "/home/besser82/rpmbuild/BUILDROOT/python-scikit-learn-0.15-0.1.git20140602.083b5f5.fc20.x86_64/usr/lib64/python2.7/site-packages/sklearn/tests/test_common.py", line 1077, in check_estimators_overwrite_params
    estimator.fit(X, y)
  File "/home/besser82/rpmbuild/BUILDROOT/python-scikit-learn-0.15-0.1.git20140602.083b5f5.fc20.x86_64/usr/lib64/python2.7/site-packages/sklearn/ensemble/forest.py", line 271, in fit
    backend="threading")(
TypeError: __init__() got an unexpected keyword argument 'backend'

======================================================================
ERROR: sklearn.tests.test_common.test_estimators_overwrite_params('Perceptron', <class 'sklearn.linear_model.perceptron.Perceptron'>, array([[ 6.89619908,  5.09923251],
----------------------------------------------------------------------
Traceback (most recent call last):
  File "/usr/lib/python2.7/site-packages/nose/case.py", line 197, in runTest
    self.test(*self.arg)
  File "/home/besser82/rpmbuild/BUILDROOT/python-scikit-learn-0.15-0.1.git20140602.083b5f5.fc20.x86_64/usr/lib64/python2.7/site-packages/sklearn/tests/test_common.py", line 1077, in check_estimators_overwrite_params
    estimator.fit(X, y)
  File "/home/besser82/rpmbuild/BUILDROOT/python-scikit-learn-0.15-0.1.git20140602.083b5f5.fc20.x86_64/usr/lib64/python2.7/site-packages/sklearn/linear_model/stochastic_gradient.py", line 485, in fit
    sample_weight=sample_weight)
  File "/home/besser82/rpmbuild/BUILDROOT/python-scikit-learn-0.15-0.1.git20140602.083b5f5.fc20.x86_64/usr/lib64/python2.7/site-packages/sklearn/linear_model/stochastic_gradient.py", line 389, in _fit
    classes, sample_weight, coef_init, intercept_init)
  File "/home/besser82/rpmbuild/BUILDROOT/python-scikit-learn-0.15-0.1.git20140602.083b5f5.fc20.x86_64/usr/lib64/python2.7/site-packages/sklearn/linear_model/stochastic_gradient.py", line 351, in _partial_fit
    sample_weight=sample_weight, n_iter=n_iter)
  File "/home/besser82/rpmbuild/BUILDROOT/python-scikit-learn-0.15-0.1.git20140602.083b5f5.fc20.x86_64/usr/lib64/python2.7/site-packages/sklearn/linear_model/stochastic_gradient.py", line 415, in _fit_multiclass
    verbose=self.verbose)(
TypeError: __init__() got an unexpected keyword argument 'backend'

======================================================================
ERROR: sklearn.tests.test_common.test_estimators_overwrite_params('RandomForestClassifier', <class 'sklearn.ensemble.forest.RandomForestClassifier'>, array([[ 6.89619908,  5.09923251],
----------------------------------------------------------------------
Traceback (most recent call last):
  File "/usr/lib/python2.7/site-packages/nose/case.py", line 197, in runTest
    self.test(*self.arg)
  File "/home/besser82/rpmbuild/BUILDROOT/python-scikit-learn-0.15-0.1.git20140602.083b5f5.fc20.x86_64/usr/lib64/python2.7/site-packages/sklearn/tests/test_common.py", line 1077, in check_estimators_overwrite_params
    estimator.fit(X, y)
  File "/home/besser82/rpmbuild/BUILDROOT/python-scikit-learn-0.15-0.1.git20140602.083b5f5.fc20.x86_64/usr/lib64/python2.7/site-packages/sklearn/ensemble/forest.py", line 271, in fit
    backend="threading")(
TypeError: __init__() got an unexpected keyword argument 'backend'

======================================================================
ERROR: sklearn.tests.test_common.test_estimators_overwrite_params('RandomForestRegressor', <class 'sklearn.ensemble.forest.RandomForestRegressor'>, array([[ 6.89619908,  5.09923251],
----------------------------------------------------------------------
Traceback (most recent call last):
  File "/usr/lib/python2.7/site-packages/nose/case.py", line 197, in runTest
    self.test(*self.arg)
  File "/home/besser82/rpmbuild/BUILDROOT/python-scikit-learn-0.15-0.1.git20140602.083b5f5.fc20.x86_64/usr/lib64/python2.7/site-packages/sklearn/tests/test_common.py", line 1077, in check_estimators_overwrite_params
    estimator.fit(X, y)
  File "/home/besser82/rpmbuild/BUILDROOT/python-scikit-learn-0.15-0.1.git20140602.083b5f5.fc20.x86_64/usr/lib64/python2.7/site-packages/sklearn/ensemble/forest.py", line 271, in fit
    backend="threading")(
TypeError: __init__() got an unexpected keyword argument 'backend'

======================================================================
ERROR: sklearn.tests.test_common.test_estimators_overwrite_params('SGDClassifier', <class 'sklearn.linear_model.stochastic_gradient.SGDClassifier'>, array([[ 6.89619908,  5.09923251],
----------------------------------------------------------------------
Traceback (most recent call last):
  File "/usr/lib/python2.7/site-packages/nose/case.py", line 197, in runTest
    self.test(*self.arg)
  File "/home/besser82/rpmbuild/BUILDROOT/python-scikit-learn-0.15-0.1.git20140602.083b5f5.fc20.x86_64/usr/lib64/python2.7/site-packages/sklearn/tests/test_common.py", line 1077, in check_estimators_overwrite_params
    estimator.fit(X, y)
  File "/home/besser82/rpmbuild/BUILDROOT/python-scikit-learn-0.15-0.1.git20140602.083b5f5.fc20.x86_64/usr/lib64/python2.7/site-packages/sklearn/linear_model/stochastic_gradient.py", line 485, in fit
    sample_weight=sample_weight)
  File "/home/besser82/rpmbuild/BUILDROOT/python-scikit-learn-0.15-0.1.git20140602.083b5f5.fc20.x86_64/usr/lib64/python2.7/site-packages/sklearn/linear_model/stochastic_gradient.py", line 389, in _fit
    classes, sample_weight, coef_init, intercept_init)
  File "/home/besser82/rpmbuild/BUILDROOT/python-scikit-learn-0.15-0.1.git20140602.083b5f5.fc20.x86_64/usr/lib64/python2.7/site-packages/sklearn/linear_model/stochastic_gradient.py", line 351, in _partial_fit
    sample_weight=sample_weight, n_iter=n_iter)
  File "/home/besser82/rpmbuild/BUILDROOT/python-scikit-learn-0.15-0.1.git20140602.083b5f5.fc20.x86_64/usr/lib64/python2.7/site-packages/sklearn/linear_model/stochastic_gradient.py", line 415, in _fit_multiclass
    verbose=self.verbose)(
TypeError: __init__() got an unexpected keyword argument 'backend'

======================================================================
ERROR: Test if predict with sparsified estimators works.
----------------------------------------------------------------------
Traceback (most recent call last):
  File "/usr/lib/python2.7/site-packages/nose/case.py", line 197, in runTest
    self.test(*self.arg)
  File "/home/besser82/rpmbuild/BUILDROOT/python-scikit-learn-0.15-0.1.git20140602.083b5f5.fc20.x86_64/usr/lib64/python2.7/site-packages/sklearn/tests/test_common.py", line 1157, in check_sparsify_multiclass_classifier
    est.fit(X, y)
  File "/home/besser82/rpmbuild/BUILDROOT/python-scikit-learn-0.15-0.1.git20140602.083b5f5.fc20.x86_64/usr/lib64/python2.7/site-packages/sklearn/linear_model/passive_aggressive.py", line 146, in fit
    coef_init=coef_init, intercept_init=intercept_init)
  File "/home/besser82/rpmbuild/BUILDROOT/python-scikit-learn-0.15-0.1.git20140602.083b5f5.fc20.x86_64/usr/lib64/python2.7/site-packages/sklearn/linear_model/stochastic_gradient.py", line 389, in _fit
    classes, sample_weight, coef_init, intercept_init)
  File "/home/besser82/rpmbuild/BUILDROOT/python-scikit-learn-0.15-0.1.git20140602.083b5f5.fc20.x86_64/usr/lib64/python2.7/site-packages/sklearn/linear_model/stochastic_gradient.py", line 351, in _partial_fit
    sample_weight=sample_weight, n_iter=n_iter)
  File "/home/besser82/rpmbuild/BUILDROOT/python-scikit-learn-0.15-0.1.git20140602.083b5f5.fc20.x86_64/usr/lib64/python2.7/site-packages/sklearn/linear_model/stochastic_gradient.py", line 415, in _fit_multiclass
    verbose=self.verbose)(
TypeError: __init__() got an unexpected keyword argument 'backend'

======================================================================
ERROR: Test if predict with sparsified estimators works.
----------------------------------------------------------------------
Traceback (most recent call last):
  File "/usr/lib/python2.7/site-packages/nose/case.py", line 197, in runTest
    self.test(*self.arg)
  File "/home/besser82/rpmbuild/BUILDROOT/python-scikit-learn-0.15-0.1.git20140602.083b5f5.fc20.x86_64/usr/lib64/python2.7/site-packages/sklearn/tests/test_common.py", line 1157, in check_sparsify_multiclass_classifier
    est.fit(X, y)
  File "/home/besser82/rpmbuild/BUILDROOT/python-scikit-learn-0.15-0.1.git20140602.083b5f5.fc20.x86_64/usr/lib64/python2.7/site-packages/sklearn/linear_model/stochastic_gradient.py", line 485, in fit
    sample_weight=sample_weight)
  File "/home/besser82/rpmbuild/BUILDROOT/python-scikit-learn-0.15-0.1.git20140602.083b5f5.fc20.x86_64/usr/lib64/python2.7/site-packages/sklearn/linear_model/stochastic_gradient.py", line 389, in _fit
    classes, sample_weight, coef_init, intercept_init)
  File "/home/besser82/rpmbuild/BUILDROOT/python-scikit-learn-0.15-0.1.git20140602.083b5f5.fc20.x86_64/usr/lib64/python2.7/site-packages/sklearn/linear_model/stochastic_gradient.py", line 351, in _partial_fit
    sample_weight=sample_weight, n_iter=n_iter)
  File "/home/besser82/rpmbuild/BUILDROOT/python-scikit-learn-0.15-0.1.git20140602.083b5f5.fc20.x86_64/usr/lib64/python2.7/site-packages/sklearn/linear_model/stochastic_gradient.py", line 415, in _fit_multiclass
    verbose=self.verbose)(
TypeError: __init__() got an unexpected keyword argument 'backend'

======================================================================
ERROR: Test if predict with sparsified estimators works.
----------------------------------------------------------------------
Traceback (most recent call last):
  File "/usr/lib/python2.7/site-packages/nose/case.py", line 197, in runTest
    self.test(*self.arg)
  File "/home/besser82/rpmbuild/BUILDROOT/python-scikit-learn-0.15-0.1.git20140602.083b5f5.fc20.x86_64/usr/lib64/python2.7/site-packages/sklearn/tests/test_common.py", line 1157, in check_sparsify_multiclass_classifier
    est.fit(X, y)
  File "/home/besser82/rpmbuild/BUILDROOT/python-scikit-learn-0.15-0.1.git20140602.083b5f5.fc20.x86_64/usr/lib64/python2.7/site-packages/sklearn/linear_model/stochastic_gradient.py", line 485, in fit
    sample_weight=sample_weight)
  File "/home/besser82/rpmbuild/BUILDROOT/python-scikit-learn-0.15-0.1.git20140602.083b5f5.fc20.x86_64/usr/lib64/python2.7/site-packages/sklearn/linear_model/stochastic_gradient.py", line 389, in _fit
    classes, sample_weight, coef_init, intercept_init)
  File "/home/besser82/rpmbuild/BUILDROOT/python-scikit-learn-0.15-0.1.git20140602.083b5f5.fc20.x86_64/usr/lib64/python2.7/site-packages/sklearn/linear_model/stochastic_gradient.py", line 351, in _partial_fit
    sample_weight=sample_weight, n_iter=n_iter)
  File "/home/besser82/rpmbuild/BUILDROOT/python-scikit-learn-0.15-0.1.git20140602.083b5f5.fc20.x86_64/usr/lib64/python2.7/site-packages/sklearn/linear_model/stochastic_gradient.py", line 415, in _fit_multiclass
    verbose=self.verbose)(
TypeError: __init__() got an unexpected keyword argument 'backend'

======================================================================
FAIL: sklearn.tests.test_common.test_classifiers_classes('PassiveAggressiveClassifier', <class 'sklearn.linear_model.passive_aggressive.PassiveAggressiveClassifier'>, array([[ -5.25060772e-02,   2.18907205e+00,  -1.45500381e+00,
----------------------------------------------------------------------
Traceback (most recent call last):
  File "/usr/lib/python2.7/site-packages/nose/case.py", line 197, in runTest
    self.test(*self.arg)
  File "/home/besser82/rpmbuild/BUILDROOT/python-scikit-learn-0.15-0.1.git20140602.083b5f5.fc20.x86_64/usr/lib64/python2.7/site-packages/sklearn/tests/test_common.py", line 679, in check_classifiers_classes
    assert_array_equal(np.unique(y_), np.unique(y_pred))
  File "/usr/lib64/python2.7/site-packages/numpy/testing/utils.py", line 718, in assert_array_equal
    verbose=verbose, header='Arrays are not equal')
  File "/usr/lib64/python2.7/site-packages/numpy/testing/utils.py", line 599, in assert_array_compare
    raise AssertionError(msg)
AssertionError: 
Arrays are not equal

(shapes (3,), (1,) mismatch)
 x: array(['setosa', 'versicolor', 'virginica'], 
      dtype='|S10')
 y: array(['setosa'], 
      dtype='<S10')
-------------------- >> begin captured stdout << ---------------------
__init__() got an unexpected keyword argument 'backend'

--------------------- >> end captured stdout << ----------------------
>>  raise AssertionError("\nArrays are not equal\n\n(shapes (3,), (1,) mismatch)\n x: array(['setosa', 'versicolor', 'virginica'], \n      dtype='|S10')\n y: array(['setosa'], \n      dtype='<S10')")


======================================================================
FAIL: sklearn.tests.test_common.test_classifiers_classes('Perceptron', <class 'sklearn.linear_model.perceptron.Perceptron'>, array([[ -5.25060772e-02,   2.18907205e+00,  -1.45500381e+00,
----------------------------------------------------------------------
Traceback (most recent call last):
  File "/usr/lib/python2.7/site-packages/nose/case.py", line 197, in runTest
    self.test(*self.arg)
  File "/home/besser82/rpmbuild/BUILDROOT/python-scikit-learn-0.15-0.1.git20140602.083b5f5.fc20.x86_64/usr/lib64/python2.7/site-packages/sklearn/tests/test_common.py", line 679, in check_classifiers_classes
    assert_array_equal(np.unique(y_), np.unique(y_pred))
  File "/usr/lib64/python2.7/site-packages/numpy/testing/utils.py", line 718, in assert_array_equal
    verbose=verbose, header='Arrays are not equal')
  File "/usr/lib64/python2.7/site-packages/numpy/testing/utils.py", line 599, in assert_array_compare
    raise AssertionError(msg)
AssertionError: 
Arrays are not equal

(shapes (3,), (1,) mismatch)
 x: array(['setosa', 'versicolor', 'virginica'], 
      dtype='|S10')
 y: array(['setosa'], 
      dtype='<S10')
-------------------- >> begin captured stdout << ---------------------
__init__() got an unexpected keyword argument 'backend'

--------------------- >> end captured stdout << ----------------------
>>  raise AssertionError("\nArrays are not equal\n\n(shapes (3,), (1,) mismatch)\n x: array(['setosa', 'versicolor', 'virginica'], \n      dtype='|S10')\n y: array(['setosa'], \n      dtype='<S10')")


======================================================================
FAIL: sklearn.tests.test_common.test_classifiers_classes('SGDClassifier', <class 'sklearn.linear_model.stochastic_gradient.SGDClassifier'>, array([[ -5.25060772e-02,   2.18907205e+00,  -1.45500381e+00,
----------------------------------------------------------------------
Traceback (most recent call last):
  File "/usr/lib/python2.7/site-packages/nose/case.py", line 197, in runTest
    self.test(*self.arg)
  File "/home/besser82/rpmbuild/BUILDROOT/python-scikit-learn-0.15-0.1.git20140602.083b5f5.fc20.x86_64/usr/lib64/python2.7/site-packages/sklearn/tests/test_common.py", line 679, in check_classifiers_classes
    assert_array_equal(np.unique(y_), np.unique(y_pred))
  File "/usr/lib64/python2.7/site-packages/numpy/testing/utils.py", line 718, in assert_array_equal
    verbose=verbose, header='Arrays are not equal')
  File "/usr/lib64/python2.7/site-packages/numpy/testing/utils.py", line 599, in assert_array_compare
    raise AssertionError(msg)
AssertionError: 
Arrays are not equal

(shapes (3,), (1,) mismatch)
 x: array(['setosa', 'versicolor', 'virginica'], 
      dtype='|S10')
 y: array(['setosa'], 
      dtype='<S10')
-------------------- >> begin captured stdout << ---------------------
__init__() got an unexpected keyword argument 'backend'

--------------------- >> end captured stdout << ----------------------
>>  raise AssertionError("\nArrays are not equal\n\n(shapes (3,), (1,) mismatch)\n x: array(['setosa', 'versicolor', 'virginica'], \n      dtype='|S10')\n y: array(['setosa'], \n      dtype='<S10')")


======================================================================
FAIL: sklearn.tests.test_common.test_classifiers_classes('PassiveAggressiveClassifier', <class 'sklearn.linear_model.passive_aggressive.PassiveAggressiveClassifier'>, array([[ -5.25060772e-02,   2.18907205e+00,  -1.45500381e+00,
----------------------------------------------------------------------
Traceback (most recent call last):
  File "/usr/lib/python2.7/site-packages/nose/case.py", line 197, in runTest
    self.test(*self.arg)
  File "/home/besser82/rpmbuild/BUILDROOT/python-scikit-learn-0.15-0.1.git20140602.083b5f5.fc20.x86_64/usr/lib64/python2.7/site-packages/sklearn/tests/test_common.py", line 679, in check_classifiers_classes
    assert_array_equal(np.unique(y_), np.unique(y_pred))
  File "/usr/lib64/python2.7/site-packages/numpy/testing/utils.py", line 718, in assert_array_equal
    verbose=verbose, header='Arrays are not equal')
  File "/usr/lib64/python2.7/site-packages/numpy/testing/utils.py", line 599, in assert_array_compare
    raise AssertionError(msg)
AssertionError: 
Arrays are not equal

(shapes (3,), (1,) mismatch)
 x: array(['setosa', 'versicolor', 'virginica'], dtype=object)
 y: array(['setosa'], 
      dtype='|S10')
-------------------- >> begin captured stdout << ---------------------
__init__() got an unexpected keyword argument 'backend'

--------------------- >> end captured stdout << ----------------------
>>  raise AssertionError("\nArrays are not equal\n\n(shapes (3,), (1,) mismatch)\n x: array(['setosa', 'versicolor', 'virginica'], dtype=object)\n y: array(['setosa'], \n      dtype='|S10')")


======================================================================
FAIL: sklearn.tests.test_common.test_classifiers_classes('Perceptron', <class 'sklearn.linear_model.perceptron.Perceptron'>, array([[ -5.25060772e-02,   2.18907205e+00,  -1.45500381e+00,
----------------------------------------------------------------------
Traceback (most recent call last):
  File "/usr/lib/python2.7/site-packages/nose/case.py", line 197, in runTest
    self.test(*self.arg)
  File "/home/besser82/rpmbuild/BUILDROOT/python-scikit-learn-0.15-0.1.git20140602.083b5f5.fc20.x86_64/usr/lib64/python2.7/site-packages/sklearn/tests/test_common.py", line 679, in check_classifiers_classes
    assert_array_equal(np.unique(y_), np.unique(y_pred))
  File "/usr/lib64/python2.7/site-packages/numpy/testing/utils.py", line 718, in assert_array_equal
    verbose=verbose, header='Arrays are not equal')
  File "/usr/lib64/python2.7/site-packages/numpy/testing/utils.py", line 599, in assert_array_compare
    raise AssertionError(msg)
AssertionError: 
Arrays are not equal

(shapes (3,), (1,) mismatch)
 x: array(['setosa', 'versicolor', 'virginica'], dtype=object)
 y: array(['setosa'], 
      dtype='|S10')
-------------------- >> begin captured stdout << ---------------------
__init__() got an unexpected keyword argument 'backend'

--------------------- >> end captured stdout << ----------------------
>>  raise AssertionError("\nArrays are not equal\n\n(shapes (3,), (1,) mismatch)\n x: array(['setosa', 'versicolor', 'virginica'], dtype=object)\n y: array(['setosa'], \n      dtype='|S10')")


======================================================================
FAIL: sklearn.tests.test_common.test_classifiers_classes('SGDClassifier', <class 'sklearn.linear_model.stochastic_gradient.SGDClassifier'>, array([[ -5.25060772e-02,   2.18907205e+00,  -1.45500381e+00,
----------------------------------------------------------------------
Traceback (most recent call last):
  File "/usr/lib/python2.7/site-packages/nose/case.py", line 197, in runTest
    self.test(*self.arg)
  File "/home/besser82/rpmbuild/BUILDROOT/python-scikit-learn-0.15-0.1.git20140602.083b5f5.fc20.x86_64/usr/lib64/python2.7/site-packages/sklearn/tests/test_common.py", line 679, in check_classifiers_classes
    assert_array_equal(np.unique(y_), np.unique(y_pred))
  File "/usr/lib64/python2.7/site-packages/numpy/testing/utils.py", line 718, in assert_array_equal
    verbose=verbose, header='Arrays are not equal')
  File "/usr/lib64/python2.7/site-packages/numpy/testing/utils.py", line 599, in assert_array_compare
    raise AssertionError(msg)
AssertionError: 
Arrays are not equal

(shapes (3,), (1,) mismatch)
 x: array(['setosa', 'versicolor', 'virginica'], dtype=object)
 y: array(['setosa'], 
      dtype='|S10')
-------------------- >> begin captured stdout << ---------------------
__init__() got an unexpected keyword argument 'backend'

--------------------- >> end captured stdout << ----------------------
>>  raise AssertionError("\nArrays are not equal\n\n(shapes (3,), (1,) mismatch)\n x: array(['setosa', 'versicolor', 'virginica'], dtype=object)\n y: array(['setosa'], \n      dtype='|S10')")


----------------------------------------------------------------------
Ran 2812 tests in 168.041s

FAILED (SKIP=15, errors=146, failures=6)