jyu-theartofml commented on Jul 24, 2019 â€¢
edited
I got this error running pip install --editable . , is it the version of Scikit-learn I'm using that's causing the problem?
Requirement already satisfied: scipy>=0.17.0 in /anaconda3/lib/python3.7/site-packages (from scikit-learn==0.22.dev0) (1.2.1)
Requirement already satisfied: joblib>=0.11 in /anaconda3/lib/python3.7/site-packages (from scikit-learn==0.22.dev0) (0.13.2)
Installing collected packages: scikit-learn
  Found existing installation: scikit-learn 0.21.2
    Uninstalling scikit-learn-0.21.2:
      Successfully uninstalled scikit-learn-0.21.2
  Running setup.py develop for scikit-learn
    Complete output from command /anaconda3/bin/python -c "import setuptools, tokenize;__file__='/Users/jenny/Documents/scikit-learn/setup.py';f=getattr(tokenize, 'open', open)(__file__);code=f.read().replace('\r\n', '\n');f.close();exec(compile(code, __file__, 'exec'))" develop --no-deps:
    C compiler: gcc -Wno-unused-result -Wsign-compare -Wunreachable-code -DNDEBUG -g -fwrapv -O3 -Wall -Wstrict-prototypes -I/anaconda3/include -arch x86_64 -I/anaconda3/include -arch x86_64
    
    compile options: '-c'
    extra options: '-fopenmp'
    gcc: test_openmp.c
    clang: error: unsupported option '-fopenmp'
    Partial import of sklearn during the build process.
    Traceback (most recent call last):
      File "<string>", line 1, in <module>
      File "/Users/jenny/Documents/scikit-learn/setup.py", line 290, in <module>
        setup_package()
      File "/Users/jenny/Documents/scikit-learn/setup.py", line 286, in setup_package
        setup(**metadata)
      File "/anaconda3/lib/python3.7/site-packages/numpy/distutils/core.py", line 137, in setup
        config = configuration()
      File "/Users/jenny/Documents/scikit-learn/setup.py", line 174, in configuration
        config.add_subpackage('sklearn')
      File "/anaconda3/lib/python3.7/site-packages/numpy/distutils/misc_util.py", line 1036, in add_subpackage
        caller_level = 2)
      File "/anaconda3/lib/python3.7/site-packages/numpy/distutils/misc_util.py", line 1005, in get_subpackage
        caller_level = caller_level + 1)
      File "/anaconda3/lib/python3.7/site-packages/numpy/distutils/misc_util.py", line 942, in _get_configuration_from_setup_py
        config = setup_module.configuration(*args)
      File "sklearn/setup.py", line 76, in configuration
        maybe_cythonize_extensions(top_path, config)
      File "/Users/jenny/Documents/scikit-learn/sklearn/_build_utils/__init__.py", line 43, in maybe_cythonize_extensions
        with_openmp = check_openmp_support()
      File "/Users/jenny/Documents/scikit-learn/sklearn/_build_utils/openmp_helpers.py", line 140, in check_openmp_support
        raise CompileError(err_message)
    distutils.errors.CompileError:
                        ***
    
    It seems that scikit-learn cannot be built with OpenMP support.
    
    - Make sure you have followed the installation instructions:
    
        https://scikit-learn.org/dev/developers/advanced_installation.html
    
    - If your compiler supports OpenMP but the build still fails, please
      submit a bug report at:
    
        https://github.com/scikit-learn/scikit-learn/issues
    
    - If you want to build scikit-learn without OpenMP support, you can set
      the environment variable SKLEARN_NO_OPENMP and rerun the build
      command. Note however that some estimators will run in sequential
      mode and their `n_jobs` parameter will have no effect anymore.
    
                        ***
    
    
    ----------------------------------------
  Rolling back uninstall of scikit-learn
  Moving to /anaconda3/lib/python3.7/site-packages/scikit_learn-0.21.2.dist-info/
   from /anaconda3/lib/python3.7/site-packages/~cikit_learn-0.21.2.dist-info
  Moving to /anaconda3/lib/python3.7/site-packages/sklearn/
   from /anaconda3/lib/python3.7/site-packages/~klearn
Command "/anaconda3/bin/python -c "import setuptools, tokenize;__file__='/Users/jenny/Documents/scikit-learn/setup.py';f=getattr(tokenize, 'open', open)(__file__);code=f.read().replace('\r\n', '\n');f.close();exec(compile(code, __file__, 'exec'))" develop --no-deps" failed with error code 1 in /Users/jenny/Documents/scikit-learn/