cosmos2006 commented on Sep 28, 2015
The compilation of latest scikit-learn failed during installation on scientific linux 6. The error log is attached.
Following lines were commented from setup.cfg
cover-html = 1
cover-html-dir = coverage
doctest-fixtures = _fixture
2. Compilation of scikit learn on scientific linux 6 gave the following error:
running scons
nosetests -s -v sklearn
/usr/lib/python2.6/site-packages/tw/core/view.py:223: DeprecationWarning: object.__new__() takes no parameters
  obj = object.__new__(cls, *args, **kw)
I: Seeding RNGs with 855197113
Failure: AttributeError ('module' object has no attribute 'float16') ... ERROR
Failure: AttributeError ('module' object has no attribute 'float16') ... ERROR
Failure: AttributeError ('module' object has no attribute 'float16') ... ERROR
Failure: AttributeError ('module' object has no attribute 'float16') ... ERROR
Failure: AttributeError ('module' object has no attribute 'float16') ... ERROR
Failure: AttributeError ('module' object has no attribute 'float16') ... ERROR
Failure: AttributeError ('module' object has no attribute 'float16') ... ERROR
Failure: AttributeError ('module' object has no attribute 'float16') ... ERROR
Failure: AttributeError ('module' object has no attribute 'float16') ... ERROR
Doctest: sklearn.externals.joblib.parallel.Parallel ... ok
Doctest: sklearn.externals.joblib ... ok
Failure: AttributeError ('module' object has no attribute 'float16') ... ERROR
Failure: AttributeError ('module' object has no attribute 'float16') ... ERROR
Failure: AttributeError ('module' object has no attribute 'float16') ... ERROR
Failure: AttributeError ('module' object has no attribute 'float16') ... ERROR
Failure: AttributeError ('module' object has no attribute 'float16') ... ERROR
Failure: AttributeError ('module' object has no attribute 'float16') ... ERROR
Failure: AttributeError ('module' object has no attribute 'float16') ... ERROR
Failure: AttributeError ('module' object has no attribute 'float16') ... ERROR
Failure: AttributeError ('module' object has no attribute 'float16') ... ERROR
Failure: AttributeError ('module' object has no attribute 'float16') ... ERROR
Failure: AttributeError ('module' object has no attribute 'float16') ... ERROR
Failure: AttributeError ('module' object has no attribute 'float16') ... ERROR
Failure: AttributeError ('module' object has no attribute 'float16') ... ERROR
Failure: AttributeError ('module' object has no attribute 'float16') ... ERROR
Failure: AttributeError ('module' object has no attribute 'float16') ... ERROR
Failure: AttributeError ('module' object has no attribute 'float16') ... ERROR
Failure: AttributeError ('module' object has no attribute 'float16') ... ERROR
Failure: AttributeError ('module' object has no attribute 'float16') ... ERROR
Failure: AttributeError ('module' object has no attribute 'float16') ... ERROR
Failure: AttributeError ('module' object has no attribute 'float16') ... ERROR
Failure: AttributeError ('module' object has no attribute 'float16') ... ERROR
Failure: AttributeError ('module' object has no attribute 'float16') ... ERROR
Failure: AttributeError ('module' object has no attribute 'float16') ... ERROR
Failure: AttributeError ('module' object has no attribute 'float16') ... ERROR
Failure: AttributeError ('module' object has no attribute 'float16') ... ERROR
Failure: AttributeError ('module' object has no attribute 'float16') ... ERROR
Failure: AttributeError ('module' object has no attribute 'float16') ... ERROR
Failure: AttributeError ('module' object has no attribute 'float16') ... ERROR
Failure: AttributeError ('module' object has no attribute 'float16') ... ERROR
Failure: AttributeError ('module' object has no attribute 'float16') ... ERROR
Failure: AttributeError ('module' object has no attribute 'float16') ... ERROR
Failure: AttributeError ('module' object has no attribute 'float16') ... ERROR
Failure: AttributeError ('module' object has no attribute 'float16') ... ERROR
Failure: AttributeError ('module' object has no attribute 'float16') ... ERROR
Failure: AttributeError ('module' object has no attribute 'float16') ... ERROR
Failure: AttributeError ('module' object has no attribute 'float16') ... ERROR
Failure: AttributeError ('module' object has no attribute 'float16') ... ERROR
Failure: AttributeError ('module' object has no attribute 'float16') ... ERROR
Failure: AttributeError ('module' object has no attribute 'float16') ... ERROR
Failure: AttributeError ('module' object has no attribute 'float16') ... ERROR
Failure: AttributeError ('module' object has no attribute 'float16') ... ERROR
Failure: AttributeError ('module' object has no attribute 'float16') ... ERROR
Failure: AttributeError ('module' object has no attribute 'float16') ... ERROR
Failure: AttributeError ('module' object has no attribute 'float16') ... ERROR

======================================================================
ERROR: Failure: AttributeError ('module' object has no attribute 'float16')
----------------------------------------------------------------------
Traceback (most recent call last):
  File "/usr/lib/python2.6/site-packages/nose/loader.py", line 364, in loadTestsFromName
    addr.filename, addr.module)
  File "/usr/lib/python2.6/site-packages/nose/importer.py", line 39, in importFromPath
    return self.importFromDir(dir_path, fqname)
  File "/usr/lib/python2.6/site-packages/nose/importer.py", line 84, in importFromDir
    mod = load_module(part_fqname, fh, filename, desc)
  File "/usr/local/scikit-learn-master/sklearn/calibration.py", line 20, in <module>
    from .preprocessing import LabelBinarizer
  File "/usr/local/scikit-learn-master/sklearn/preprocessing/__init__.py", line 6, in <module>
    from ._function_transformer import FunctionTransformer
  File "/usr/local/scikit-learn-master/sklearn/preprocessing/_function_transformer.py", line 2, in <module>
    from ..utils import check_array
  File "/usr/local/scikit-learn-master/sklearn/utils/__init__.py", line 11, in <module>
    from .validation import (as_float_array,
  File "/usr/local/scikit-learn-master/sklearn/utils/validation.py", line 18, in <module>
    FLOAT_DTYPES = (np.float64, np.float32, np.float16)
AttributeError: 'module' object has no attribute 'float16'

======================================================================
ERROR: Failure: AttributeError ('module' object has no attribute 'float16')
----------------------------------------------------------------------
Traceback (most recent call last):
  File "/usr/lib/python2.6/site-packages/nose/loader.py", line 364, in loadTestsFromName
    addr.filename, addr.module)
  File "/usr/lib/python2.6/site-packages/nose/importer.py", line 39, in importFromPath
    return self.importFromDir(dir_path, fqname)
  File "/usr/lib/python2.6/site-packages/nose/importer.py", line 84, in importFromDir
    mod = load_module(part_fqname, fh, filename, desc)
  File "/usr/local/scikit-learn-master/sklearn/cluster/__init__.py", line 6, in <module>
    from .spectral import spectral_clustering, SpectralClustering
  File "/usr/local/scikit-learn-master/sklearn/cluster/spectral.py", line 13, in <module>
    from ..utils import check_random_state, as_float_array
  File "/usr/local/scikit-learn-master/sklearn/utils/__init__.py", line 11, in <module>
    from .validation import (as_float_array,
  File "/usr/local/scikit-learn-master/sklearn/utils/validation.py", line 18, in <module>
    FLOAT_DTYPES = (np.float64, np.float32, np.float16)
AttributeError: 'module' object has no attribute 'float16'

======================================================================
ERROR: Failure: AttributeError ('module' object has no attribute 'float16')
----------------------------------------------------------------------
Traceback (most recent call last):
  File "/usr/lib/python2.6/site-packages/nose/loader.py", line 364, in loadTestsFromName
    addr.filename, addr.module)
  File "/usr/lib/python2.6/site-packages/nose/importer.py", line 39, in importFromPath
    return self.importFromDir(dir_path, fqname)
  File "/usr/lib/python2.6/site-packages/nose/importer.py", line 84, in importFromDir
    mod = load_module(part_fqname, fh, filename, desc)
  File "/usr/local/scikit-learn-master/sklearn/covariance/__init__.py", line 9, in <module>
    from .empirical_covariance_ import empirical_covariance, EmpiricalCovariance, \
  File "/usr/local/scikit-learn-master/sklearn/covariance/empirical_covariance_.py", line 19, in <module>
    from ..utils import check_array
  File "/usr/local/scikit-learn-master/sklearn/utils/__init__.py", line 11, in <module>
    from .validation import (as_float_array,
  File "/usr/local/scikit-learn-master/sklearn/utils/validation.py", line 18, in <module>
    FLOAT_DTYPES = (np.float64, np.float32, np.float16)
AttributeError: 'module' object has no attribute 'float16'

======================================================================
ERROR: Failure: AttributeError ('module' object has no attribute 'float16')
----------------------------------------------------------------------
Traceback (most recent call last):
  File "/usr/lib/python2.6/site-packages/nose/loader.py", line 364, in loadTestsFromName
    addr.filename, addr.module)
  File "/usr/lib/python2.6/site-packages/nose/importer.py", line 39, in importFromPath
    return self.importFromDir(dir_path, fqname)
  File "/usr/lib/python2.6/site-packages/nose/importer.py", line 84, in importFromDir
    mod = load_module(part_fqname, fh, filename, desc)
  File "/usr/local/scikit-learn-master/sklearn/cross_decomposition/__init__.py", line 1, in <module>
    from .pls_ import *
  File "/usr/local/scikit-learn-master/sklearn/cross_decomposition/pls_.py", line 9, in <module>
    from ..utils import check_array, check_consistent_length
  File "/usr/local/scikit-learn-master/sklearn/utils/__init__.py", line 11, in <module>
    from .validation import (as_float_array,
  File "/usr/local/scikit-learn-master/sklearn/utils/validation.py", line 18, in <module>
    FLOAT_DTYPES = (np.float64, np.float32, np.float16)
AttributeError: 'module' object has no attribute 'float16'

======================================================================
ERROR: Failure: AttributeError ('module' object has no attribute 'float16')
----------------------------------------------------------------------
Traceback (most recent call last):
  File "/usr/lib/python2.6/site-packages/nose/loader.py", line 364, in loadTestsFromName
    addr.filename, addr.module)
  File "/usr/lib/python2.6/site-packages/nose/importer.py", line 39, in importFromPath
    return self.importFromDir(dir_path, fqname)
  File "/usr/lib/python2.6/site-packages/nose/importer.py", line 84, in importFromDir
    mod = load_module(part_fqname, fh, filename, desc)
  File "/usr/local/scikit-learn-master/sklearn/cross_validation.py", line 25, in <module>
    from .utils import indexable, check_random_state, safe_indexing
  File "/usr/local/scikit-learn-master/sklearn/utils/__init__.py", line 11, in <module>
    from .validation import (as_float_array,
  File "/usr/local/scikit-learn-master/sklearn/utils/validation.py", line 18, in <module>
    FLOAT_DTYPES = (np.float64, np.float32, np.float16)
AttributeError: 'module' object has no attribute 'float16'

======================================================================
ERROR: Failure: AttributeError ('module' object has no attribute 'float16')
----------------------------------------------------------------------
Traceback (most recent call last):
  File "/usr/lib/python2.6/site-packages/nose/loader.py", line 364, in loadTestsFromName
    addr.filename, addr.module)
  File "/usr/lib/python2.6/site-packages/nose/importer.py", line 39, in importFromPath
    return self.importFromDir(dir_path, fqname)
  File "/usr/lib/python2.6/site-packages/nose/importer.py", line 84, in importFromDir
    mod = load_module(part_fqname, fh, filename, desc)
  File "/usr/local/scikit-learn-master/sklearn/datasets/__init__.py", line 7, in <module>
    from .base import load_diabetes
  File "/usr/local/scikit-learn-master/sklearn/datasets/base.py", line 24, in <module>
    from ..utils import check_random_state
  File "/usr/local/scikit-learn-master/sklearn/utils/__init__.py", line 11, in <module>
    from .validation import (as_float_array,
  File "/usr/local/scikit-learn-master/sklearn/utils/validation.py", line 18, in <module>
    FLOAT_DTYPES = (np.float64, np.float32, np.float16)
AttributeError: 'module' object has no attribute 'float16'

======================================================================
ERROR: Failure: AttributeError ('module' object has no attribute 'float16')
----------------------------------------------------------------------
Traceback (most recent call last):
  File "/usr/lib/python2.6/site-packages/nose/loader.py", line 364, in loadTestsFromName
    addr.filename, addr.module)
  File "/usr/lib/python2.6/site-packages/nose/importer.py", line 39, in importFromPath
    return self.importFromDir(dir_path, fqname)
  File "/usr/lib/python2.6/site-packages/nose/importer.py", line 84, in importFromDir
    mod = load_module(part_fqname, fh, filename, desc)
  File "/usr/local/scikit-learn-master/sklearn/decomposition/__init__.py", line 7, in <module>
    from .nmf import NMF, ProjectedGradientNMF
  File "/usr/local/scikit-learn-master/sklearn/decomposition/nmf.py", line 21, in <module>
    from ..utils import check_random_state, check_array
  File "/usr/local/scikit-learn-master/sklearn/utils/__init__.py", line 11, in <module>
    from .validation import (as_float_array,
  File "/usr/local/scikit-learn-master/sklearn/utils/validation.py", line 18, in <module>
    FLOAT_DTYPES = (np.float64, np.float32, np.float16)
AttributeError: 'module' object has no attribute 'float16'

======================================================================
ERROR: Failure: AttributeError ('module' object has no attribute 'float16')
----------------------------------------------------------------------
Traceback (most recent call last):
  File "/usr/lib/python2.6/site-packages/nose/loader.py", line 364, in loadTestsFromName
    addr.filename, addr.module)
  File "/usr/lib/python2.6/site-packages/nose/importer.py", line 39, in importFromPath
    return self.importFromDir(dir_path, fqname)
  File "/usr/lib/python2.6/site-packages/nose/importer.py", line 84, in importFromDir
    mod = load_module(part_fqname, fh, filename, desc)
  File "/usr/local/scikit-learn-master/sklearn/dummy.py", line 12, in <module>
    from .utils import check_random_state
  File "/usr/local/scikit-learn-master/sklearn/utils/__init__.py", line 11, in <module>
    from .validation import (as_float_array,
  File "/usr/local/scikit-learn-master/sklearn/utils/validation.py", line 18, in <module>
    FLOAT_DTYPES = (np.float64, np.float32, np.float16)
AttributeError: 'module' object has no attribute 'float16'

======================================================================
ERROR: Failure: AttributeError ('module' object has no attribute 'float16')
----------------------------------------------------------------------
Traceback (most recent call last):
  File "/usr/lib/python2.6/site-packages/nose/loader.py", line 364, in loadTestsFromName
    addr.filename, addr.module)
  File "/usr/lib/python2.6/site-packages/nose/importer.py", line 39, in importFromPath
    return self.importFromDir(dir_path, fqname)
  File "/usr/lib/python2.6/site-packages/nose/importer.py", line 84, in importFromDir
    mod = load_module(part_fqname, fh, filename, desc)
  File "/usr/local/scikit-learn-master/sklearn/ensemble/__init__.py", line 6, in <module>
    from .base import BaseEnsemble
  File "/usr/local/scikit-learn-master/sklearn/ensemble/base.py", line 13, in <module>
    from ..utils import _get_n_jobs
  File "/usr/local/scikit-learn-master/sklearn/utils/__init__.py", line 11, in <module>
    from .validation import (as_float_array,
  File "/usr/local/scikit-learn-master/sklearn/utils/validation.py", line 18, in <module>
    FLOAT_DTYPES = (np.float64, np.float32, np.float16)
AttributeError: 'module' object has no attribute 'float16'

======================================================================
ERROR: Failure: AttributeError ('module' object has no attribute 'float16')
----------------------------------------------------------------------
Traceback (most recent call last):
  File "/usr/lib/python2.6/site-packages/nose/loader.py", line 364, in loadTestsFromName
    addr.filename, addr.module)
  File "/usr/lib/python2.6/site-packages/nose/importer.py", line 39, in importFromPath
    return self.importFromDir(dir_path, fqname)
  File "/usr/lib/python2.6/site-packages/nose/importer.py", line 84, in importFromDir
    mod = load_module(part_fqname, fh, filename, desc)
  File "/usr/local/scikit-learn-master/sklearn/feature_extraction/__init__.py", line 7, in <module>
    from .dict_vectorizer import DictVectorizer
  File "/usr/local/scikit-learn-master/sklearn/feature_extraction/dict_vectorizer.py", line 15, in <module>
    from ..utils import check_array, tosequence
  File "/usr/local/scikit-learn-master/sklearn/utils/__init__.py", line 11, in <module>
    from .validation import (as_float_array,
  File "/usr/local/scikit-learn-master/sklearn/utils/validation.py", line 18, in <module>
    FLOAT_DTYPES = (np.float64, np.float32, np.float16)
AttributeError: 'module' object has no attribute 'float16'

======================================================================
ERROR: Failure: AttributeError ('module' object has no attribute 'float16')
----------------------------------------------------------------------
Traceback (most recent call last):
  File "/usr/lib/python2.6/site-packages/nose/loader.py", line 364, in loadTestsFromName
    addr.filename, addr.module)
  File "/usr/lib/python2.6/site-packages/nose/importer.py", line 39, in importFromPath
    return self.importFromDir(dir_path, fqname)
  File "/usr/lib/python2.6/site-packages/nose/importer.py", line 84, in importFromDir
    mod = load_module(part_fqname, fh, filename, desc)
  File "/usr/local/scikit-learn-master/sklearn/feature_selection/__init__.py", line 7, in <module>
    from .univariate_selection import chi2
  File "/usr/local/scikit-learn-master/sklearn/feature_selection/univariate_selection.py", line 15, in <module>
    from ..preprocessing import LabelBinarizer
  File "/usr/local/scikit-learn-master/sklearn/preprocessing/__init__.py", line 6, in <module>
    from ._function_transformer import FunctionTransformer
  File "/usr/local/scikit-learn-master/sklearn/preprocessing/_function_transformer.py", line 2, in <module>
    from ..utils import check_array
  File "/usr/local/scikit-learn-master/sklearn/utils/__init__.py", line 11, in <module>
    from .validation import (as_float_array,
  File "/usr/local/scikit-learn-master/sklearn/utils/validation.py", line 18, in <module>
    FLOAT_DTYPES = (np.float64, np.float32, np.float16)
AttributeError: 'module' object has no attribute 'float16'

======================================================================
ERROR: Failure: AttributeError ('module' object has no attribute 'float16')
----------------------------------------------------------------------
Traceback (most recent call last):
  File "/usr/lib/python2.6/site-packages/nose/loader.py", line 364, in loadTestsFromName
    addr.filename, addr.module)
  File "/usr/lib/python2.6/site-packages/nose/importer.py", line 39, in importFromPath
    return self.importFromDir(dir_path, fqname)
  File "/usr/lib/python2.6/site-packages/nose/importer.py", line 84, in importFromDir
    mod = load_module(part_fqname, fh, filename, desc)
  File "/usr/local/scikit-learn-master/sklearn/gaussian_process/__init__.py", line 12, in <module>
    from .gaussian_process import GaussianProcess
  File "/usr/local/scikit-learn-master/sklearn/gaussian_process/gaussian_process.py", line 13, in <module>
    from ..metrics.pairwise import manhattan_distances
  File "/usr/local/scikit-learn-master/sklearn/metrics/__init__.py", line 7, in <module>
    from .ranking import auc
  File "/usr/local/scikit-learn-master/sklearn/metrics/ranking.py", line 26, in <module>
    from ..utils import check_consistent_length
  File "/usr/local/scikit-learn-master/sklearn/utils/__init__.py", line 11, in <module>
    from .validation import (as_float_array,
  File "/usr/local/scikit-learn-master/sklearn/utils/validation.py", line 18, in <module>
    FLOAT_DTYPES = (np.float64, np.float32, np.float16)
AttributeError: 'module' object has no attribute 'float16'

======================================================================
ERROR: Failure: AttributeError ('module' object has no attribute 'float16')
----------------------------------------------------------------------
Traceback (most recent call last):
  File "/usr/lib/python2.6/site-packages/nose/loader.py", line 364, in loadTestsFromName
    addr.filename, addr.module)
  File "/usr/lib/python2.6/site-packages/nose/importer.py", line 39, in importFromPath
    return self.importFromDir(dir_path, fqname)
  File "/usr/lib/python2.6/site-packages/nose/importer.py", line 84, in importFromDir
    mod = load_module(part_fqname, fh, filename, desc)
  File "/usr/local/scikit-learn-master/sklearn/grid_search.py", line 24, in <module>
    from .cross_validation import check_cv
  File "/usr/local/scikit-learn-master/sklearn/cross_validation.py", line 25, in <module>
    from .utils import indexable, check_random_state, safe_indexing
  File "/usr/local/scikit-learn-master/sklearn/utils/__init__.py", line 11, in <module>
    from .validation import (as_float_array,
  File "/usr/local/scikit-learn-master/sklearn/utils/validation.py", line 18, in <module>
    FLOAT_DTYPES = (np.float64, np.float32, np.float16)
AttributeError: 'module' object has no attribute 'float16'

======================================================================
ERROR: Failure: AttributeError ('module' object has no attribute 'float16')
----------------------------------------------------------------------
Traceback (most recent call last):
  File "/usr/lib/python2.6/site-packages/nose/loader.py", line 364, in loadTestsFromName
    addr.filename, addr.module)
  File "/usr/lib/python2.6/site-packages/nose/importer.py", line 39, in importFromPath
    return self.importFromDir(dir_path, fqname)
  File "/usr/lib/python2.6/site-packages/nose/importer.py", line 84, in importFromDir
    mod = load_module(part_fqname, fh, filename, desc)
  File "/usr/local/scikit-learn-master/sklearn/isotonic.py", line 10, in <module>
    from .utils import as_float_array, check_array, check_consistent_length
  File "/usr/local/scikit-learn-master/sklearn/utils/__init__.py", line 11, in <module>
    from .validation import (as_float_array,
  File "/usr/local/scikit-learn-master/sklearn/utils/validation.py", line 18, in <module>
    FLOAT_DTYPES = (np.float64, np.float32, np.float16)
AttributeError: 'module' object has no attribute 'float16'

======================================================================
ERROR: Failure: AttributeError ('module' object has no attribute 'float16')
----------------------------------------------------------------------
Traceback (most recent call last):
  File "/usr/lib/python2.6/site-packages/nose/loader.py", line 364, in loadTestsFromName
    addr.filename, addr.module)
  File "/usr/lib/python2.6/site-packages/nose/importer.py", line 39, in importFromPath
    return self.importFromDir(dir_path, fqname)
  File "/usr/lib/python2.6/site-packages/nose/importer.py", line 84, in importFromDir
    mod = load_module(part_fqname, fh, filename, desc)
  File "/usr/local/scikit-learn-master/sklearn/kernel_approximation.py", line 18, in <module>
    from .utils import check_array, check_random_state, as_float_array
  File "/usr/local/scikit-learn-master/sklearn/utils/__init__.py", line 11, in <module>
    from .validation import (as_float_array,
  File "/usr/local/scikit-learn-master/sklearn/utils/validation.py", line 18, in <module>
    FLOAT_DTYPES = (np.float64, np.float32, np.float16)
AttributeError: 'module' object has no attribute 'float16'

======================================================================
ERROR: Failure: AttributeError ('module' object has no attribute 'float16')
----------------------------------------------------------------------
Traceback (most recent call last):
  File "/usr/lib/python2.6/site-packages/nose/loader.py", line 364, in loadTestsFromName
    addr.filename, addr.module)
  File "/usr/lib/python2.6/site-packages/nose/importer.py", line 39, in importFromPath
    return self.importFromDir(dir_path, fqname)
  File "/usr/lib/python2.6/site-packages/nose/importer.py", line 84, in importFromDir
    mod = load_module(part_fqname, fh, filename, desc)
  File "/usr/local/scikit-learn-master/sklearn/kernel_ridge.py", line 10, in <module>
    from .metrics.pairwise import pairwise_kernels
  File "/usr/local/scikit-learn-master/sklearn/metrics/__init__.py", line 7, in <module>
    from .ranking import auc
  File "/usr/local/scikit-learn-master/sklearn/metrics/ranking.py", line 26, in <module>
    from ..utils import check_consistent_length
  File "/usr/local/scikit-learn-master/sklearn/utils/__init__.py", line 11, in <module>
    from .validation import (as_float_array,
  File "/usr/local/scikit-learn-master/sklearn/utils/validation.py", line 18, in <module>
    FLOAT_DTYPES = (np.float64, np.float32, np.float16)
AttributeError: 'module' object has no attribute 'float16'

======================================================================
ERROR: Failure: AttributeError ('module' object has no attribute 'float16')
----------------------------------------------------------------------
Traceback (most recent call last):
  File "/usr/lib/python2.6/site-packages/nose/loader.py", line 364, in loadTestsFromName
    addr.filename, addr.module)
  File "/usr/lib/python2.6/site-packages/nose/importer.py", line 39, in importFromPath
    return self.importFromDir(dir_path, fqname)
  File "/usr/lib/python2.6/site-packages/nose/importer.py", line 84, in importFromDir
    mod = load_module(part_fqname, fh, filename, desc)
  File "/usr/local/scikit-learn-master/sklearn/lda.py", line 20, in <module>
    from .linear_model.base import LinearClassifierMixin
  File "/usr/local/scikit-learn-master/sklearn/linear_model/__init__.py", line 12, in <module>
    from .base import LinearRegression
  File "/usr/local/scikit-learn-master/sklearn/linear_model/base.py", line 28, in <module>
    from ..utils import as_float_array, check_array, check_X_y, deprecated, column_or_1d
  File "/usr/local/scikit-learn-master/sklearn/utils/__init__.py", line 11, in <module>
    from .validation import (as_float_array,
  File "/usr/local/scikit-learn-master/sklearn/utils/validation.py", line 18, in <module>
    FLOAT_DTYPES = (np.float64, np.float32, np.float16)
AttributeError: 'module' object has no attribute 'float16'

======================================================================
ERROR: Failure: AttributeError ('module' object has no attribute 'float16')
----------------------------------------------------------------------
Traceback (most recent call last):
  File "/usr/lib/python2.6/site-packages/nose/loader.py", line 364, in loadTestsFromName
    addr.filename, addr.module)
  File "/usr/lib/python2.6/site-packages/nose/importer.py", line 39, in importFromPath
    return self.importFromDir(dir_path, fqname)
  File "/usr/lib/python2.6/site-packages/nose/importer.py", line 84, in importFromDir
    mod = load_module(part_fqname, fh, filename, desc)
  File "/usr/local/scikit-learn-master/sklearn/learning_curve.py", line 12, in <module>
    from .cross_validation import check_cv
  File "/usr/local/scikit-learn-master/sklearn/cross_validation.py", line 25, in <module>
    from .utils import indexable, check_random_state, safe_indexing
  File "/usr/local/scikit-learn-master/sklearn/utils/__init__.py", line 11, in <module>
    from .validation import (as_float_array,
  File "/usr/local/scikit-learn-master/sklearn/utils/validation.py", line 18, in <module>
    FLOAT_DTYPES = (np.float64, np.float32, np.float16)
AttributeError: 'module' object has no attribute 'float16'

======================================================================
ERROR: Failure: AttributeError ('module' object has no attribute 'float16')
----------------------------------------------------------------------
Traceback (most recent call last):
  File "/usr/lib/python2.6/site-packages/nose/loader.py", line 364, in loadTestsFromName
    addr.filename, addr.module)
  File "/usr/lib/python2.6/site-packages/nose/importer.py", line 39, in importFromPath
    return self.importFromDir(dir_path, fqname)
  File "/usr/lib/python2.6/site-packages/nose/importer.py", line 84, in importFromDir
    mod = load_module(part_fqname, fh, filename, desc)
  File "/usr/local/scikit-learn-master/sklearn/linear_model/__init__.py", line 12, in <module>
    from .base import LinearRegression
  File "/usr/local/scikit-learn-master/sklearn/linear_model/base.py", line 28, in <module>
    from ..utils import as_float_array, check_array, check_X_y, deprecated, column_or_1d
  File "/usr/local/scikit-learn-master/sklearn/utils/__init__.py", line 11, in <module>
    from .validation import (as_float_array,
  File "/usr/local/scikit-learn-master/sklearn/utils/validation.py", line 18, in <module>
    FLOAT_DTYPES = (np.float64, np.float32, np.float16)
AttributeError: 'module' object has no attribute 'float16'

======================================================================
ERROR: Failure: AttributeError ('module' object has no attribute 'float16')
----------------------------------------------------------------------
Traceback (most recent call last):
  File "/usr/lib/python2.6/site-packages/nose/loader.py", line 364, in loadTestsFromName
    addr.filename, addr.module)
  File "/usr/lib/python2.6/site-packages/nose/importer.py", line 39, in importFromPath
    return self.importFromDir(dir_path, fqname)
  File "/usr/lib/python2.6/site-packages/nose/importer.py", line 84, in importFromDir
    mod = load_module(part_fqname, fh, filename, desc)
  File "/usr/local/scikit-learn-master/sklearn/manifold/__init__.py", line 5, in <module>
    from .locally_linear import locally_linear_embedding, LocallyLinearEmbedding
  File "/usr/local/scikit-learn-master/sklearn/manifold/locally_linear.py", line 11, in <module>
    from ..utils import check_random_state, check_array
  File "/usr/local/scikit-learn-master/sklearn/utils/__init__.py", line 11, in <module>
    from .validation import (as_float_array,
  File "/usr/local/scikit-learn-master/sklearn/utils/validation.py", line 18, in <module>
    FLOAT_DTYPES = (np.float64, np.float32, np.float16)
AttributeError: 'module' object has no attribute 'float16'

======================================================================
ERROR: Failure: AttributeError ('module' object has no attribute 'float16')
----------------------------------------------------------------------
Traceback (most recent call last):
  File "/usr/lib/python2.6/site-packages/nose/loader.py", line 364, in loadTestsFromName
    addr.filename, addr.module)
  File "/usr/lib/python2.6/site-packages/nose/importer.py", line 39, in importFromPath
    return self.importFromDir(dir_path, fqname)
  File "/usr/lib/python2.6/site-packages/nose/importer.py", line 84, in importFromDir
    mod = load_module(part_fqname, fh, filename, desc)
  File "/usr/local/scikit-learn-master/sklearn/metrics/__init__.py", line 7, in <module>
    from .ranking import auc
  File "/usr/local/scikit-learn-master/sklearn/metrics/ranking.py", line 26, in <module>
    from ..utils import check_consistent_length
  File "/usr/local/scikit-learn-master/sklearn/utils/__init__.py", line 11, in <module>
    from .validation import (as_float_array,
  File "/usr/local/scikit-learn-master/sklearn/utils/validation.py", line 18, in <module>
    FLOAT_DTYPES = (np.float64, np.float32, np.float16)
AttributeError: 'module' object has no attribute 'float16'

======================================================================
ERROR: Failure: AttributeError ('module' object has no attribute 'float16')
----------------------------------------------------------------------
Traceback (most recent call last):
  File "/usr/lib/python2.6/site-packages/nose/loader.py", line 364, in loadTestsFromName
    addr.filename, addr.module)
  File "/usr/lib/python2.6/site-packages/nose/importer.py", line 39, in importFromPath
    return self.importFromDir(dir_path, fqname)
  File "/usr/lib/python2.6/site-packages/nose/importer.py", line 84, in importFromDir
    mod = load_module(part_fqname, fh, filename, desc)
  File "/usr/local/scikit-learn-master/sklearn/mixture/__init__.py", line 5, in <module>
    from .gmm import sample_gaussian, log_multivariate_normal_density
  File "/usr/local/scikit-learn-master/sklearn/mixture/gmm.py", line 18, in <module>
    from ..utils import check_random_state, check_array
  File "/usr/local/scikit-learn-master/sklearn/utils/__init__.py", line 11, in <module>
    from .validation import (as_float_array,
  File "/usr/local/scikit-learn-master/sklearn/utils/validation.py", line 18, in <module>
    FLOAT_DTYPES = (np.float64, np.float32, np.float16)
AttributeError: 'module' object has no attribute 'float16'

======================================================================
ERROR: Failure: AttributeError ('module' object has no attribute 'float16')
----------------------------------------------------------------------
Traceback (most recent call last):
  File "/usr/lib/python2.6/site-packages/nose/loader.py", line 364, in loadTestsFromName
    addr.filename, addr.module)
  File "/usr/lib/python2.6/site-packages/nose/importer.py", line 39, in importFromPath
    return self.importFromDir(dir_path, fqname)
  File "/usr/lib/python2.6/site-packages/nose/importer.py", line 84, in importFromDir
    mod = load_module(part_fqname, fh, filename, desc)
  File "/usr/local/scikit-learn-master/sklearn/multiclass.py", line 43, in <module>
    from .preprocessing import LabelBinarizer
  File "/usr/local/scikit-learn-master/sklearn/preprocessing/__init__.py", line 6, in <module>
    from ._function_transformer import FunctionTransformer
  File "/usr/local/scikit-learn-master/sklearn/preprocessing/_function_transformer.py", line 2, in <module>
    from ..utils import check_array
  File "/usr/local/scikit-learn-master/sklearn/utils/__init__.py", line 11, in <module>
    from .validation import (as_float_array,
  File "/usr/local/scikit-learn-master/sklearn/utils/validation.py", line 18, in <module>
    FLOAT_DTYPES = (np.float64, np.float32, np.float16)
AttributeError: 'module' object has no attribute 'float16'

======================================================================
ERROR: Failure: AttributeError ('module' object has no attribute 'float16')
----------------------------------------------------------------------
Traceback (most recent call last):
  File "/usr/lib/python2.6/site-packages/nose/loader.py", line 364, in loadTestsFromName
    addr.filename, addr.module)
  File "/usr/lib/python2.6/site-packages/nose/importer.py", line 39, in importFromPath
    return self.importFromDir(dir_path, fqname)
  File "/usr/lib/python2.6/site-packages/nose/importer.py", line 84, in importFromDir
    mod = load_module(part_fqname, fh, filename, desc)
  File "/usr/local/scikit-learn-master/sklearn/naive_bayes.py", line 25, in <module>
    from .preprocessing import binarize
  File "/usr/local/scikit-learn-master/sklearn/preprocessing/__init__.py", line 6, in <module>
    from ._function_transformer import FunctionTransformer
  File "/usr/local/scikit-learn-master/sklearn/preprocessing/_function_transformer.py", line 2, in <module>
    from ..utils import check_array
  File "/usr/local/scikit-learn-master/sklearn/utils/__init__.py", line 11, in <module>
    from .validation import (as_float_array,
  File "/usr/local/scikit-learn-master/sklearn/utils/validation.py", line 18, in <module>
    FLOAT_DTYPES = (np.float64, np.float32, np.float16)
AttributeError: 'module' object has no attribute 'float16'

======================================================================
ERROR: Failure: AttributeError ('module' object has no attribute 'float16')
----------------------------------------------------------------------
Traceback (most recent call last):
  File "/usr/lib/python2.6/site-packages/nose/loader.py", line 364, in loadTestsFromName
    addr.filename, addr.module)
  File "/usr/lib/python2.6/site-packages/nose/importer.py", line 39, in importFromPath
    return self.importFromDir(dir_path, fqname)
  File "/usr/lib/python2.6/site-packages/nose/importer.py", line 84, in importFromDir
    mod = load_module(part_fqname, fh, filename, desc)
  File "/usr/local/scikit-learn-master/sklearn/neighbors/__init__.py", line 6, in <module>
    from .ball_tree import BallTree
  File "sklearn/neighbors/ball_tree.pyx", line 1, in init sklearn.neighbors.ball_tree (sklearn/neighbors/ball_tree.c:36370)
    #!python
  File "/usr/local/scikit-learn-master/sklearn/utils/__init__.py", line 11, in <module>
    from .validation import (as_float_array,
  File "/usr/local/scikit-learn-master/sklearn/utils/validation.py", line 18, in <module>
    FLOAT_DTYPES = (np.float64, np.float32, np.float16)
AttributeError: 'module' object has no attribute 'float16'

======================================================================
ERROR: Failure: AttributeError ('module' object has no attribute 'float16')
----------------------------------------------------------------------
Traceback (most recent call last):
  File "/usr/lib/python2.6/site-packages/nose/loader.py", line 364, in loadTestsFromName
    addr.filename, addr.module)
  File "/usr/lib/python2.6/site-packages/nose/importer.py", line 39, in importFromPath
    return self.importFromDir(dir_path, fqname)
  File "/usr/lib/python2.6/site-packages/nose/importer.py", line 84, in importFromDir
    mod = load_module(part_fqname, fh, filename, desc)
  File "/usr/local/scikit-learn-master/sklearn/neural_network/__init__.py", line 6, in <module>
    from .rbm import BernoulliRBM
  File "/usr/local/scikit-learn-master/sklearn/neural_network/rbm.py", line 18, in <module>
    from ..utils import check_array
  File "/usr/local/scikit-learn-master/sklearn/utils/__init__.py", line 11, in <module>
    from .validation import (as_float_array,
  File "/usr/local/scikit-learn-master/sklearn/utils/validation.py", line 18, in <module>
    FLOAT_DTYPES = (np.float64, np.float32, np.float16)
AttributeError: 'module' object has no attribute 'float16'

======================================================================
ERROR: Failure: AttributeError ('module' object has no attribute 'float16')
----------------------------------------------------------------------
Traceback (most recent call last):
  File "/usr/lib/python2.6/site-packages/nose/loader.py", line 364, in loadTestsFromName
    addr.filename, addr.module)
  File "/usr/lib/python2.6/site-packages/nose/importer.py", line 39, in importFromPath
    return self.importFromDir(dir_path, fqname)
  File "/usr/lib/python2.6/site-packages/nose/importer.py", line 84, in importFromDir
    mod = load_module(part_fqname, fh, filename, desc)
  File "/usr/local/scikit-learn-master/sklearn/pipeline.py", line 20, in <module>
    from .utils import tosequence
  File "/usr/local/scikit-learn-master/sklearn/utils/__init__.py", line 11, in <module>
    from .validation import (as_float_array,
  File "/usr/local/scikit-learn-master/sklearn/utils/validation.py", line 18, in <module>
    FLOAT_DTYPES = (np.float64, np.float32, np.float16)
AttributeError: 'module' object has no attribute 'float16'

======================================================================
ERROR: Failure: AttributeError ('module' object has no attribute 'float16')
----------------------------------------------------------------------
Traceback (most recent call last):
  File "/usr/lib/python2.6/site-packages/nose/loader.py", line 364, in loadTestsFromName
    addr.filename, addr.module)
  File "/usr/lib/python2.6/site-packages/nose/importer.py", line 39, in importFromPath
    return self.importFromDir(dir_path, fqname)
  File "/usr/lib/python2.6/site-packages/nose/importer.py", line 84, in importFromDir
    mod = load_module(part_fqname, fh, filename, desc)
  File "/usr/local/scikit-learn-master/sklearn/preprocessing/__init__.py", line 6, in <module>
    from ._function_transformer import FunctionTransformer
  File "/usr/local/scikit-learn-master/sklearn/preprocessing/_function_transformer.py", line 2, in <module>
    from ..utils import check_array
  File "/usr/local/scikit-learn-master/sklearn/utils/__init__.py", line 11, in <module>
    from .validation import (as_float_array,
  File "/usr/local/scikit-learn-master/sklearn/utils/validation.py", line 18, in <module>
    FLOAT_DTYPES = (np.float64, np.float32, np.float16)
AttributeError: 'module' object has no attribute 'float16'

======================================================================
ERROR: Failure: AttributeError ('module' object has no attribute 'float16')
----------------------------------------------------------------------
Traceback (most recent call last):
  File "/usr/lib/python2.6/site-packages/nose/loader.py", line 364, in loadTestsFromName
    addr.filename, addr.module)
  File "/usr/lib/python2.6/site-packages/nose/importer.py", line 39, in importFromPath
    return self.importFromDir(dir_path, fqname)
  File "/usr/lib/python2.6/site-packages/nose/importer.py", line 84, in importFromDir
    mod = load_module(part_fqname, fh, filename, desc)
  File "/usr/local/scikit-learn-master/sklearn/qda.py", line 15, in <module>
    from .utils import check_array, check_X_y
  File "/usr/local/scikit-learn-master/sklearn/utils/__init__.py", line 11, in <module>
    from .validation import (as_float_array,
  File "/usr/local/scikit-learn-master/sklearn/utils/validation.py", line 18, in <module>
    FLOAT_DTYPES = (np.float64, np.float32, np.float16)
AttributeError: 'module' object has no attribute 'float16'

======================================================================
ERROR: Failure: AttributeError ('module' object has no attribute 'float16')
----------------------------------------------------------------------
Traceback (most recent call last):
  File "/usr/lib/python2.6/site-packages/nose/loader.py", line 364, in loadTestsFromName
    addr.filename, addr.module)
  File "/usr/lib/python2.6/site-packages/nose/importer.py", line 39, in importFromPath
    return self.importFromDir(dir_path, fqname)
  File "/usr/lib/python2.6/site-packages/nose/importer.py", line 84, in importFromDir
    mod = load_module(part_fqname, fh, filename, desc)
  File "/usr/local/scikit-learn-master/sklearn/random_projection.py", line 41, in <module>
    from .utils import check_random_state
  File "/usr/local/scikit-learn-master/sklearn/utils/__init__.py", line 11, in <module>
    from .validation import (as_float_array,
  File "/usr/local/scikit-learn-master/sklearn/utils/validation.py", line 18, in <module>
    FLOAT_DTYPES = (np.float64, np.float32, np.float16)
AttributeError: 'module' object has no attribute 'float16'

======================================================================
ERROR: Failure: AttributeError ('module' object has no attribute 'float16')
----------------------------------------------------------------------
Traceback (most recent call last):
  File "/usr/lib/python2.6/site-packages/nose/loader.py", line 364, in loadTestsFromName
    addr.filename, addr.module)
  File "/usr/lib/python2.6/site-packages/nose/importer.py", line 39, in importFromPath
    return self.importFromDir(dir_path, fqname)
  File "/usr/lib/python2.6/site-packages/nose/importer.py", line 84, in importFromDir
    mod = load_module(part_fqname, fh, filename, desc)
  File "/usr/local/scikit-learn-master/sklearn/semi_supervised/__init__.py", line 8, in <module>
    from .label_propagation import LabelPropagation, LabelSpreading
  File "/usr/local/scikit-learn-master/sklearn/semi_supervised/label_propagation.py", line 61, in <module>
    from ..metrics.pairwise import rbf_kernel
  File "/usr/local/scikit-learn-master/sklearn/metrics/__init__.py", line 7, in <module>
    from .ranking import auc
  File "/usr/local/scikit-learn-master/sklearn/metrics/ranking.py", line 26, in <module>
    from ..utils import check_consistent_length
  File "/usr/local/scikit-learn-master/sklearn/utils/__init__.py", line 11, in <module>
    from .validation import (as_float_array,
  File "/usr/local/scikit-learn-master/sklearn/utils/validation.py", line 18, in <module>
    FLOAT_DTYPES = (np.float64, np.float32, np.float16)
AttributeError: 'module' object has no attribute 'float16'

======================================================================
ERROR: Failure: AttributeError ('module' object has no attribute 'float16')
----------------------------------------------------------------------
Traceback (most recent call last):
  File "/usr/lib/python2.6/site-packages/nose/loader.py", line 364, in loadTestsFromName
    addr.filename, addr.module)
  File "/usr/lib/python2.6/site-packages/nose/importer.py", line 39, in importFromPath
    return self.importFromDir(dir_path, fqname)
  File "/usr/lib/python2.6/site-packages/nose/importer.py", line 84, in importFromDir
    mod = load_module(part_fqname, fh, filename, desc)
  File "/usr/local/scikit-learn-master/sklearn/svm/__init__.py", line 13, in <module>
    from .classes import SVC, NuSVC, SVR, NuSVR, OneClassSVM, LinearSVC, \
  File "/usr/local/scikit-learn-master/sklearn/svm/classes.py", line 4, in <module>
    from .base import _fit_liblinear, BaseSVC, BaseLibSVM
  File "/usr/local/scikit-learn-master/sklearn/svm/base.py", line 9, in <module>
    from . import libsvm_sparse
  File "sklearn/svm/libsvm_sparse.pyx", line 5, in init sklearn.svm.libsvm_sparse (sklearn/svm/libsvm_sparse.c:7612)
    from ..utils import ConvergenceWarning
  File "/usr/local/scikit-learn-master/sklearn/utils/__init__.py", line 11, in <module>
    from .validation import (as_float_array,
  File "/usr/local/scikit-learn-master/sklearn/utils/validation.py", line 18, in <module>
    FLOAT_DTYPES = (np.float64, np.float32, np.float16)
AttributeError: 'module' object has no attribute 'float16'

======================================================================
ERROR: Failure: AttributeError ('module' object has no attribute 'float16')
----------------------------------------------------------------------
Traceback (most recent call last):
  File "/usr/lib/python2.6/site-packages/nose/loader.py", line 364, in loadTestsFromName
    addr.filename, addr.module)
  File "/usr/lib/python2.6/site-packages/nose/importer.py", line 39, in importFromPath
    return self.importFromDir(dir_path, fqname)
  File "/usr/lib/python2.6/site-packages/nose/importer.py", line 84, in importFromDir
    mod = load_module(part_fqname, fh, filename, desc)
  File "/usr/local/scikit-learn-master/sklearn/tree/__init__.py", line 6, in <module>
    from .tree import DecisionTreeClassifier
  File "/usr/local/scikit-learn-master/sklearn/tree/tree.py", line 27, in <module>
    from ..feature_selection.from_model import _LearntSelectorMixin
  File "/usr/local/scikit-learn-master/sklearn/feature_selection/__init__.py", line 7, in <module>
    from .univariate_selection import chi2
  File "/usr/local/scikit-learn-master/sklearn/feature_selection/univariate_selection.py", line 15, in <module>
    from ..preprocessing import LabelBinarizer
  File "/usr/local/scikit-learn-master/sklearn/preprocessing/__init__.py", line 6, in <module>
    from ._function_transformer import FunctionTransformer
  File "/usr/local/scikit-learn-master/sklearn/preprocessing/_function_transformer.py", line 2, in <module>
    from ..utils import check_array
  File "/usr/local/scikit-learn-master/sklearn/utils/__init__.py", line 11, in <module>
    from .validation import (as_float_array,
  File "/usr/local/scikit-learn-master/sklearn/utils/validation.py", line 18, in <module>
    FLOAT_DTYPES = (np.float64, np.float32, np.float16)
AttributeError: 'module' object has no attribute 'float16'

======================================================================
ERROR: Failure: AttributeError ('module' object has no attribute 'float16')
----------------------------------------------------------------------
Traceback (most recent call last):
  File "/usr/lib/python2.6/site-packages/nose/loader.py", line 364, in loadTestsFromName
    addr.filename, addr.module)
  File "/usr/lib/python2.6/site-packages/nose/importer.py", line 39, in importFromPath
    return self.importFromDir(dir_path, fqname)
  File "/usr/lib/python2.6/site-packages/nose/importer.py", line 84, in importFromDir
    mod = load_module(part_fqname, fh, filename, desc)
  File "/usr/local/scikit-learn-master/sklearn/utils/__init__.py", line 11, in <module>
    from .validation import (as_float_array,
  File "/usr/local/scikit-learn-master/sklearn/utils/validation.py", line 18, in <module>
    FLOAT_DTYPES = (np.float64, np.float32, np.float16)
AttributeError: 'module' object has no attribute 'float16'

======================================================================
ERROR: Failure: AttributeError ('module' object has no attribute 'float16')
----------------------------------------------------------------------
Traceback (most recent call last):
  File "/usr/lib/python2.6/site-packages/nose/loader.py", line 364, in loadTestsFromName
    addr.filename, addr.module)
  File "/usr/lib/python2.6/site-packages/nose/importer.py", line 39, in importFromPath
    return self.importFromDir(dir_path, fqname)
  File "/usr/lib/python2.6/site-packages/nose/importer.py", line 84, in importFromDir
    mod = load_module(part_fqname, fh, filename, desc)
  File "/usr/local/scikit-learn-master/sklearn/tests/test_base.py", line 7, in <module>
    from sklearn.utils.testing import assert_array_equal
  File "/usr/local/scikit-learn-master/sklearn/utils/__init__.py", line 11, in <module>
    from .validation import (as_float_array,
  File "/usr/local/scikit-learn-master/sklearn/utils/validation.py", line 18, in <module>
    FLOAT_DTYPES = (np.float64, np.float32, np.float16)
AttributeError: 'module' object has no attribute 'float16'

======================================================================
ERROR: Failure: AttributeError ('module' object has no attribute 'float16')
----------------------------------------------------------------------
Traceback (most recent call last):
  File "/usr/lib/python2.6/site-packages/nose/loader.py", line 364, in loadTestsFromName
    addr.filename, addr.module)
  File "/usr/lib/python2.6/site-packages/nose/importer.py", line 39, in importFromPath
    return self.importFromDir(dir_path, fqname)
  File "/usr/lib/python2.6/site-packages/nose/importer.py", line 84, in importFromDir
    mod = load_module(part_fqname, fh, filename, desc)
  File "/usr/local/scikit-learn-master/sklearn/tests/test_calibration.py", line 7, in <module>
    from sklearn.utils.testing import (assert_array_almost_equal, assert_equal,
  File "/usr/local/scikit-learn-master/sklearn/utils/__init__.py", line 11, in <module>
    from .validation import (as_float_array,
  File "/usr/local/scikit-learn-master/sklearn/utils/validation.py", line 18, in <module>
    FLOAT_DTYPES = (np.float64, np.float32, np.float16)
AttributeError: 'module' object has no attribute 'float16'

======================================================================
ERROR: Failure: AttributeError ('module' object has no attribute 'float16')
----------------------------------------------------------------------
Traceback (most recent call last):
  File "/usr/lib/python2.6/site-packages/nose/loader.py", line 364, in loadTestsFromName
    addr.filename, addr.module)
  File "/usr/lib/python2.6/site-packages/nose/importer.py", line 39, in importFromPath
    return self.importFromDir(dir_path, fqname)
  File "/usr/lib/python2.6/site-packages/nose/importer.py", line 84, in importFromDir
    mod = load_module(part_fqname, fh, filename, desc)
  File "/usr/local/scikit-learn-master/sklearn/tests/test_check_build.py", line 10, in <module>
    from sklearn.utils.testing import assert_raises
  File "/usr/local/scikit-learn-master/sklearn/utils/__init__.py", line 11, in <module>
    from .validation import (as_float_array,
  File "/usr/local/scikit-learn-master/sklearn/utils/validation.py", line 18, in <module>
    FLOAT_DTYPES = (np.float64, np.float32, np.float16)
AttributeError: 'module' object has no attribute 'float16'

======================================================================
ERROR: Failure: AttributeError ('module' object has no attribute 'float16')
----------------------------------------------------------------------
Traceback (most recent call last):
  File "/usr/lib/python2.6/site-packages/nose/loader.py", line 364, in loadTestsFromName
    addr.filename, addr.module)
  File "/usr/lib/python2.6/site-packages/nose/importer.py", line 39, in importFromPath
    return self.importFromDir(dir_path, fqname)
  File "/usr/lib/python2.6/site-packages/nose/importer.py", line 84, in importFromDir
    mod = load_module(part_fqname, fh, filename, desc)
  File "/usr/local/scikit-learn-master/sklearn/tests/test_common.py", line 16, in <module>
    from sklearn.utils.testing import assert_false, clean_warning_registry
  File "/usr/local/scikit-learn-master/sklearn/utils/__init__.py", line 11, in <module>
    from .validation import (as_float_array,
  File "/usr/local/scikit-learn-master/sklearn/utils/validation.py", line 18, in <module>
    FLOAT_DTYPES = (np.float64, np.float32, np.float16)
AttributeError: 'module' object has no attribute 'float16'

======================================================================
ERROR: Failure: AttributeError ('module' object has no attribute 'float16')
----------------------------------------------------------------------
Traceback (most recent call last):
  File "/usr/lib/python2.6/site-packages/nose/loader.py", line 364, in loadTestsFromName
    addr.filename, addr.module)
  File "/usr/lib/python2.6/site-packages/nose/importer.py", line 39, in importFromPath
    return self.importFromDir(dir_path, fqname)
  File "/usr/lib/python2.6/site-packages/nose/importer.py", line 84, in importFromDir
    mod = load_module(part_fqname, fh, filename, desc)
  File "/usr/local/scikit-learn-master/sklearn/tests/test_cross_validation.py", line 10, in <module>
    from sklearn.utils.testing import assert_true
  File "/usr/local/scikit-learn-master/sklearn/utils/__init__.py", line 11, in <module>
    from .validation import (as_float_array,
  File "/usr/local/scikit-learn-master/sklearn/utils/validation.py", line 18, in <module>
    FLOAT_DTYPES = (np.float64, np.float32, np.float16)
AttributeError: 'module' object has no attribute 'float16'

======================================================================
ERROR: Failure: AttributeError ('module' object has no attribute 'float16')
----------------------------------------------------------------------
Traceback (most recent call last):
  File "/usr/lib/python2.6/site-packages/nose/loader.py", line 364, in loadTestsFromName
    addr.filename, addr.module)
  File "/usr/lib/python2.6/site-packages/nose/importer.py", line 39, in importFromPath
    return self.importFromDir(dir_path, fqname)
  File "/usr/lib/python2.6/site-packages/nose/importer.py", line 84, in importFromDir
    mod = load_module(part_fqname, fh, filename, desc)
  File "/usr/local/scikit-learn-master/sklearn/tests/test_dummy.py", line 7, in <module>
    from sklearn.utils.testing import assert_array_equal
  File "/usr/local/scikit-learn-master/sklearn/utils/__init__.py", line 11, in <module>
    from .validation import (as_float_array,
  File "/usr/local/scikit-learn-master/sklearn/utils/validation.py", line 18, in <module>
    FLOAT_DTYPES = (np.float64, np.float32, np.float16)
AttributeError: 'module' object has no attribute 'float16'

======================================================================
ERROR: Failure: AttributeError ('module' object has no attribute 'float16')
----------------------------------------------------------------------
Traceback (most recent call last):
  File "/usr/lib/python2.6/site-packages/nose/loader.py", line 364, in loadTestsFromName
    addr.filename, addr.module)
  File "/usr/lib/python2.6/site-packages/nose/importer.py", line 39, in importFromPath
    return self.importFromDir(dir_path, fqname)
  File "/usr/lib/python2.6/site-packages/nose/importer.py", line 84, in importFromDir
    mod = load_module(part_fqname, fh, filename, desc)
  File "/usr/local/scikit-learn-master/sklearn/tests/test_grid_search.py", line 16, in <module>
    from sklearn.utils.testing import assert_equal
  File "/usr/local/scikit-learn-master/sklearn/utils/__init__.py", line 11, in <module>
    from .validation import (as_float_array,
  File "/usr/local/scikit-learn-master/sklearn/utils/validation.py", line 18, in <module>
    FLOAT_DTYPES = (np.float64, np.float32, np.float16)
AttributeError: 'module' object has no attribute 'float16'

======================================================================
ERROR: Failure: AttributeError ('module' object has no attribute 'float16')
----------------------------------------------------------------------
Traceback (most recent call last):
  File "/usr/lib/python2.6/site-packages/nose/loader.py", line 364, in loadTestsFromName
    addr.filename, addr.module)
  File "/usr/lib/python2.6/site-packages/nose/importer.py", line 39, in importFromPath
    return self.importFromDir(dir_path, fqname)
  File "/usr/lib/python2.6/site-packages/nose/importer.py", line 84, in importFromDir
    mod = load_module(part_fqname, fh, filename, desc)
  File "/usr/local/scikit-learn-master/sklearn/tests/test_init.py", line 7, in <module>
    from sklearn.utils.testing import assert_equal
  File "/usr/local/scikit-learn-master/sklearn/utils/__init__.py", line 11, in <module>
    from .validation import (as_float_array,
  File "/usr/local/scikit-learn-master/sklearn/utils/validation.py", line 18, in <module>
    FLOAT_DTYPES = (np.float64, np.float32, np.float16)
AttributeError: 'module' object has no attribute 'float16'

======================================================================
ERROR: Failure: AttributeError ('module' object has no attribute 'float16')
----------------------------------------------------------------------
Traceback (most recent call last):
  File "/usr/lib/python2.6/site-packages/nose/loader.py", line 364, in loadTestsFromName
    addr.filename, addr.module)
  File "/usr/lib/python2.6/site-packages/nose/importer.py", line 39, in importFromPath
    return self.importFromDir(dir_path, fqname)
  File "/usr/lib/python2.6/site-packages/nose/importer.py", line 84, in importFromDir
    mod = load_module(part_fqname, fh, filename, desc)
  File "/usr/local/scikit-learn-master/sklearn/tests/test_isotonic.py", line 4, in <module>
    from sklearn.isotonic import (check_increasing, isotonic_regression,
  File "/usr/local/scikit-learn-master/sklearn/isotonic.py", line 10, in <module>
    from .utils import as_float_array, check_array, check_consistent_length
  File "/usr/local/scikit-learn-master/sklearn/utils/__init__.py", line 11, in <module>
    from .validation import (as_float_array,
  File "/usr/local/scikit-learn-master/sklearn/utils/validation.py", line 18, in <module>
    FLOAT_DTYPES = (np.float64, np.float32, np.float16)
AttributeError: 'module' object has no attribute 'float16'

======================================================================
ERROR: Failure: AttributeError ('module' object has no attribute 'float16')
----------------------------------------------------------------------
Traceback (most recent call last):
  File "/usr/lib/python2.6/site-packages/nose/loader.py", line 364, in loadTestsFromName
    addr.filename, addr.module)
  File "/usr/lib/python2.6/site-packages/nose/importer.py", line 39, in importFromPath
    return self.importFromDir(dir_path, fqname)
  File "/usr/lib/python2.6/site-packages/nose/importer.py", line 84, in importFromDir
    mod = load_module(part_fqname, fh, filename, desc)
  File "/usr/local/scikit-learn-master/sklearn/tests/test_kernel_approximation.py", line 4, in <module>
    from sklearn.utils.testing import assert_array_equal, assert_equal, assert_true
  File "/usr/local/scikit-learn-master/sklearn/utils/__init__.py", line 11, in <module>
    from .validation import (as_float_array,
  File "/usr/local/scikit-learn-master/sklearn/utils/validation.py", line 18, in <module>
    FLOAT_DTYPES = (np.float64, np.float32, np.float16)
AttributeError: 'module' object has no attribute 'float16'

======================================================================
ERROR: Failure: AttributeError ('module' object has no attribute 'float16')
----------------------------------------------------------------------
Traceback (most recent call last):
  File "/usr/lib/python2.6/site-packages/nose/loader.py", line 364, in loadTestsFromName
    addr.filename, addr.module)
  File "/usr/lib/python2.6/site-packages/nose/importer.py", line 39, in importFromPath
    return self.importFromDir(dir_path, fqname)
  File "/usr/lib/python2.6/site-packages/nose/importer.py", line 84, in importFromDir
    mod = load_module(part_fqname, fh, filename, desc)
  File "/usr/local/scikit-learn-master/sklearn/tests/test_kernel_ridge.py", line 4, in <module>
    from sklearn.datasets import make_regression
  File "/usr/local/scikit-learn-master/sklearn/datasets/__init__.py", line 7, in <module>
    from .base import load_diabetes
  File "/usr/local/scikit-learn-master/sklearn/datasets/base.py", line 24, in <module>
    from ..utils import check_random_state
  File "/usr/local/scikit-learn-master/sklearn/utils/__init__.py", line 11, in <module>
    from .validation import (as_float_array,
  File "/usr/local/scikit-learn-master/sklearn/utils/validation.py", line 18, in <module>
    FLOAT_DTYPES = (np.float64, np.float32, np.float16)
AttributeError: 'module' object has no attribute 'float16'

======================================================================
ERROR: Failure: AttributeError ('module' object has no attribute 'float16')
----------------------------------------------------------------------
Traceback (most recent call last):
  File "/usr/lib/python2.6/site-packages/nose/loader.py", line 364, in loadTestsFromName
    addr.filename, addr.module)
  File "/usr/lib/python2.6/site-packages/nose/importer.py", line 39, in importFromPath
    return self.importFromDir(dir_path, fqname)
  File "/usr/lib/python2.6/site-packages/nose/importer.py", line 84, in importFromDir
    mod = load_module(part_fqname, fh, filename, desc)
  File "/usr/local/scikit-learn-master/sklearn/tests/test_lda.py", line 3, in <module>
    from sklearn.utils.testing import assert_array_equal
  File "/usr/local/scikit-learn-master/sklearn/utils/__init__.py", line 11, in <module>
    from .validation import (as_float_array,
  File "/usr/local/scikit-learn-master/sklearn/utils/validation.py", line 18, in <module>
    FLOAT_DTYPES = (np.float64, np.float32, np.float16)
AttributeError: 'module' object has no attribute 'float16'

======================================================================
ERROR: Failure: AttributeError ('module' object has no attribute 'float16')
----------------------------------------------------------------------
Traceback (most recent call last):
  File "/usr/lib/python2.6/site-packages/nose/loader.py", line 364, in loadTestsFromName
    addr.filename, addr.module)
  File "/usr/lib/python2.6/site-packages/nose/importer.py", line 39, in importFromPath
    return self.importFromDir(dir_path, fqname)
  File "/usr/lib/python2.6/site-packages/nose/importer.py", line 84, in importFromDir
    mod = load_module(part_fqname, fh, filename, desc)
  File "/usr/local/scikit-learn-master/sklearn/tests/test_learning_curve.py", line 10, in <module>
    from sklearn.learning_curve import learning_curve, validation_curve
  File "/usr/local/scikit-learn-master/sklearn/learning_curve.py", line 12, in <module>
    from .cross_validation import check_cv
  File "/usr/local/scikit-learn-master/sklearn/cross_validation.py", line 25, in <module>
    from .utils import indexable, check_random_state, safe_indexing
  File "/usr/local/scikit-learn-master/sklearn/utils/__init__.py", line 11, in <module>
    from .validation import (as_float_array,
  File "/usr/local/scikit-learn-master/sklearn/utils/validation.py", line 18, in <module>
    FLOAT_DTYPES = (np.float64, np.float32, np.float16)
AttributeError: 'module' object has no attribute 'float16'

======================================================================
ERROR: Failure: AttributeError ('module' object has no attribute 'float16')
----------------------------------------------------------------------
Traceback (most recent call last):
  File "/usr/lib/python2.6/site-packages/nose/loader.py", line 364, in loadTestsFromName
    addr.filename, addr.module)
  File "/usr/lib/python2.6/site-packages/nose/importer.py", line 39, in importFromPath
    return self.importFromDir(dir_path, fqname)
  File "/usr/lib/python2.6/site-packages/nose/importer.py", line 84, in importFromDir
    mod = load_module(part_fqname, fh, filename, desc)
  File "/usr/local/scikit-learn-master/sklearn/tests/test_metaestimators.py", line 9, in <module>
    from sklearn.datasets import make_classification
  File "/usr/local/scikit-learn-master/sklearn/datasets/__init__.py", line 7, in <module>
    from .base import load_diabetes
  File "/usr/local/scikit-learn-master/sklearn/datasets/base.py", line 24, in <module>
    from ..utils import check_random_state
  File "/usr/local/scikit-learn-master/sklearn/utils/__init__.py", line 11, in <module>
    from .validation import (as_float_array,
  File "/usr/local/scikit-learn-master/sklearn/utils/validation.py", line 18, in <module>
    FLOAT_DTYPES = (np.float64, np.float32, np.float16)
AttributeError: 'module' object has no attribute 'float16'

======================================================================
ERROR: Failure: AttributeError ('module' object has no attribute 'float16')
----------------------------------------------------------------------
Traceback (most recent call last):
  File "/usr/lib/python2.6/site-packages/nose/loader.py", line 364, in loadTestsFromName
    addr.filename, addr.module)
  File "/usr/lib/python2.6/site-packages/nose/importer.py", line 39, in importFromPath
    return self.importFromDir(dir_path, fqname)
  File "/usr/lib/python2.6/site-packages/nose/importer.py", line 84, in importFromDir
    mod = load_module(part_fqname, fh, filename, desc)
  File "/usr/local/scikit-learn-master/sklearn/tests/test_multiclass.py", line 4, in <module>
    from sklearn.utils.testing import assert_array_equal
  File "/usr/local/scikit-learn-master/sklearn/utils/__init__.py", line 11, in <module>
    from .validation import (as_float_array,
  File "/usr/local/scikit-learn-master/sklearn/utils/validation.py", line 18, in <module>
    FLOAT_DTYPES = (np.float64, np.float32, np.float16)
AttributeError: 'module' object has no attribute 'float16'

======================================================================
ERROR: Failure: AttributeError ('module' object has no attribute 'float16')
----------------------------------------------------------------------
Traceback (most recent call last):
  File "/usr/lib/python2.6/site-packages/nose/loader.py", line 364, in loadTestsFromName
    addr.filename, addr.module)
  File "/usr/lib/python2.6/site-packages/nose/importer.py", line 39, in importFromPath
    return self.importFromDir(dir_path, fqname)
  File "/usr/lib/python2.6/site-packages/nose/importer.py", line 84, in importFromDir
    mod = load_module(part_fqname, fh, filename, desc)
  File "/usr/local/scikit-learn-master/sklearn/tests/test_naive_bayes.py", line 6, in <module>
    from sklearn.datasets import load_digits, load_iris
  File "/usr/local/scikit-learn-master/sklearn/datasets/__init__.py", line 7, in <module>
    from .base import load_diabetes
  File "/usr/local/scikit-learn-master/sklearn/datasets/base.py", line 24, in <module>
    from ..utils import check_random_state
  File "/usr/local/scikit-learn-master/sklearn/utils/__init__.py", line 11, in <module>
    from .validation import (as_float_array,
  File "/usr/local/scikit-learn-master/sklearn/utils/validation.py", line 18, in <module>
    FLOAT_DTYPES = (np.float64, np.float32, np.float16)
AttributeError: 'module' object has no attribute 'float16'

======================================================================
ERROR: Failure: AttributeError ('module' object has no attribute 'float16')
----------------------------------------------------------------------
Traceback (most recent call last):
  File "/usr/lib/python2.6/site-packages/nose/loader.py", line 364, in loadTestsFromName
    addr.filename, addr.module)
  File "/usr/lib/python2.6/site-packages/nose/importer.py", line 39, in importFromPath
    return self.importFromDir(dir_path, fqname)
  File "/usr/lib/python2.6/site-packages/nose/importer.py", line 84, in importFromDir
    mod = load_module(part_fqname, fh, filename, desc)
  File "/usr/local/scikit-learn-master/sklearn/tests/test_pipeline.py", line 8, in <module>
    from sklearn.utils.testing import assert_raises, assert_raises_regex, assert_raise_message
  File "/usr/local/scikit-learn-master/sklearn/utils/__init__.py", line 11, in <module>
    from .validation import (as_float_array,
  File "/usr/local/scikit-learn-master/sklearn/utils/validation.py", line 18, in <module>
    FLOAT_DTYPES = (np.float64, np.float32, np.float16)
AttributeError: 'module' object has no attribute 'float16'

======================================================================
ERROR: Failure: AttributeError ('module' object has no attribute 'float16')
----------------------------------------------------------------------
Traceback (most recent call last):
  File "/usr/lib/python2.6/site-packages/nose/loader.py", line 364, in loadTestsFromName
    addr.filename, addr.module)
  File "/usr/lib/python2.6/site-packages/nose/importer.py", line 39, in importFromPath
    return self.importFromDir(dir_path, fqname)
  File "/usr/lib/python2.6/site-packages/nose/importer.py", line 84, in importFromDir
    mod = load_module(part_fqname, fh, filename, desc)
  File "/usr/local/scikit-learn-master/sklearn/tests/test_qda.py", line 3, in <module>
    from sklearn.utils.testing import assert_array_equal
  File "/usr/local/scikit-learn-master/sklearn/utils/__init__.py", line 11, in <module>
    from .validation import (as_float_array,
  File "/usr/local/scikit-learn-master/sklearn/utils/validation.py", line 18, in <module>
    FLOAT_DTYPES = (np.float64, np.float32, np.float16)
AttributeError: 'module' object has no attribute 'float16'

======================================================================
ERROR: Failure: AttributeError ('module' object has no attribute 'float16')
----------------------------------------------------------------------
Traceback (most recent call last):
  File "/usr/lib/python2.6/site-packages/nose/loader.py", line 364, in loadTestsFromName
    addr.filename, addr.module)
  File "/usr/lib/python2.6/site-packages/nose/importer.py", line 39, in importFromPath
    return self.importFromDir(dir_path, fqname)
  File "/usr/lib/python2.6/site-packages/nose/importer.py", line 84, in importFromDir
    mod = load_module(part_fqname, fh, filename, desc)
  File "/usr/local/scikit-learn-master/sklearn/tests/test_random_projection.py", line 6, in <module>
    from sklearn.metrics import euclidean_distances
  File "/usr/local/scikit-learn-master/sklearn/metrics/__init__.py", line 7, in <module>
    from .ranking import auc
  File "/usr/local/scikit-learn-master/sklearn/metrics/ranking.py", line 26, in <module>
    from ..utils import check_consistent_length
  File "/usr/local/scikit-learn-master/sklearn/utils/__init__.py", line 11, in <module>
    from .validation import (as_float_array,
  File "/usr/local/scikit-learn-master/sklearn/utils/validation.py", line 18, in <module>
    FLOAT_DTYPES = (np.float64, np.float32, np.float16)
AttributeError: 'module' object has no attribute 'float16'

----------------------------------------------------------------------
Ran 55 tests in 0.031s

FAILED (errors=53)
make: *** [test-code] Error 1