Roottan commented on Aug 15, 2014
When I recomiling and linking the code ,find some error ,like this:
Creating library build\temp.win32-2.7\Release\sklearn\linear_model\sgd_fast.l
ib and object build\temp.win32-2.7\Release\sklearn\linear_model\sgd_fast.exp
sgd_fast.obj : error LNK2019: unresolved external symbol _isfinite referenced in
 function ___pyx_f_7sklearn_12linear_model_8sgd_fast_any_nonfinite
build\lib.win32-2.7\sklearn\linear_model\sgd_fast.pyd : fatal error LNK1120: 1 u
nresolved externals
error: Command "C:\Program Files (x86)\Microsoft Visual Studio 9.0\VC\BIN\link.e
xe /DLL /nologo /INCREMENTAL:NO /LIBPATH:C:\Python27\libs /LIBPATH:C:\Python27\P
Cbuild /LIBPATH:build\temp.win32-2.7 /EXPORT:initsgd_fast build\temp.win32-2.7\R
elease\sklearn\linear_model\sgd_fast.obj /OUT:build\lib.win32-2.7\sklearn\linear
_model\sgd_fast.pyd /IMPLIB:build\temp.win32-2.7\Release\sklearn\linear_model\sg
d_fast.lib /MANIFESTFILE:build\temp.win32-2.7\Release\sklearn\linear_model\sgd_f
ast.pyd.manifest" failed with exit status 1120
OS: windows7 64bit
python: 2.7 32bit
VC: 2008 express version