ibell commented on 25 Feb 2014
Found existing installation: tornado 3.1.1
Uninstalling tornado:
Successfully uninstalled tornado
Running setup.py install for tornado
building 'tornado.speedups' extension
c:\Program Files (x86)\Microsoft Visual Studio 9.0\VC\BIN\cl.exe /c /nologo /Ox /MD /W3 /GS- /DNDEBUG -IC:\Python27\include -IC:\Python27\PC /Tctornado/speedups.c /Fobuild\temp.win32-2.7\Release\tornado/speedups.obj
speedups.c
tornado/speedups.c(14) : error C2275: 'PyObject' : illegal use of this type as an expression
c:\python27\include\object.h(108) : see declaration of 'PyObject'
tornado/speedups.c(14) : error C2065: 'result' : undeclared identifier
tornado/speedups.c(15) : error C2065: 'result' : undeclared identifier
tornado/speedups.c(18) : error C2143: syntax error : missing ';' before 'type'
tornado/speedups.c(20) : error C2065: 'buf' : undeclared identifier
tornado/speedups.c(20) : error C2109: subscript requires array or pointer type
tornado/speedups.c(23) : error C2065: 'result' : undeclared identifier
tornado/speedups.c(23) : warning C4047: 'return' : 'PyObject _' differs in levels of indirection from 'int'
tornado/speedups.c(26) : error C2061: syntax error : identifier 'methods'
tornado/speedups.c(26) : error C2059: syntax error : ';'
tornado/speedups.c(26) : error C3409: empty attribute block is not allowed
tornado/speedups.c(26) : error C2513: '/_global*/ ' : no variable declared before '='
tornado/speedups.c(47) : error C2065: 'methods' : undeclared identifier
tornado/speedups.c(47) : warning C4047: 'function' : 'PyMethodDef *' differs in levels of indirection from 'int'
tornado/speedups.c(47) : warning C4024: 'Py_InitModule4' : different types for formal and actual parameter 2
command '"c:\Program Files (x86)\Microsoft Visual Studio 9.0\VC\BIN\cl.exe"' failed with exit status 2
C:\Users\Belli\build\tornado\setup.py:102: UserWarning:
WARNING: The tornado.speedups extension module could not
be compiled. No C extensions are essential for Tornado to run,
although they do result in significant speed improvements for
websockets.
The output above this warning shows how the compilation failed.
Here are some hints for popular operating systems:
If you are seeing this message on Linux you probably need to
install GCC and/or the Python development package for your
version of Python.
Debian and Ubuntu users should issue the following command:
  $ sudo apt-get install build-essential python-dev
RedHat, CentOS, and Fedora users should issue the following command:
  $ sudo yum install gcc python-devel
If you are seeing this message on OSX please read the documentation
here:
http://api.mongodb.org/python/current/installation.html#osx
"The output above "
warning: no files found matching 'README' under directory 'demos'
Running setup.py install for backports.ssl-match-hostname
ccessfully installed tornado backports.ssl-match-hostname
eaning up...
\Users\Belli>