Contributor
fernandoflorez commented on 24 Oct 2015
Unit tests are failing under python2.7:
FAIL: test_root_static_path (tornado.test.web_test.StaticFileTest)
Traceback (most recent call last):
File "tornado/testing.py", line 132, in call
result = self.orig_method(_args, *_kwargs)
File "tornado/test/web_test.py", line 1223, in test_root_static_path
self.assertEqual(response.code, 200)
AssertionError: 404 != 200
FAIL: test_root_static_path (tornado.test.wsgi_test.WSGIAdapterWrappedTest)
Traceback (most recent call last):
File "tornado/testing.py", line 132, in call
result = self.orig_method(_args, *_kwargs)
File "tornado/test/web_test.py", line 1223, in test_root_static_path
self.assertEqual(response.code, 200)
AssertionError: 404 != 200
FAIL: test_root_static_path (tornado.test.wsgi_test.WSGIApplicationWrappedTest)
Traceback (most recent call last):
File "tornado/testing.py", line 132, in call
result = self.orig_method(_args, *_kwargs)
File "tornado/test/web_test.py", line 1223, in test_root_static_path
self.assertEqual(response.code, 200)
AssertionError: 404 != 200