yw411 commented on 6 Apr 2016
错误是：Exception: ('The following error happened while compiling the node', mrg_uniform{TensorType(float32, vector),inplace}(<TensorType(int32, matrix)>, TensorConstant{(1,) of 20000}), '\n', "Compilation failed (return status=1): C:\Users\Administrator\AppData\Local\Theano\compiledir_Windows-7-6.1.7601-SP1-x86_Family_6_Model_42_Stepping_7_GenuineIntel-2.7.11-32\tmpc2_g4d\mod.cpp: In member function 'int {anonymous}::struct_compiled_op_cc0dd545794361d9189316f02351d57b::run()':\r. C:\Users\Administrator\AppData\Local\Theano\compiledir_Windows-7-6.1.7601-SP1-x86_Family_6_Model_42_Stepping_7_GenuineIntel-2.7.11-32\tmpc2_g4d\mod.cpp:457:34: error: cannot convert 'npy_int64* {aka long long int}' to 'npy_intp {aka int_}' in argument passing\r. ", '[_1 -> mrg_uniform{TensorType(float32, vector),inplace}(<TensorType(int32, matrix)>, TensorConstant{(1,) of 20000}), *1::1]')
不知各位大神是否遇到过这种情况，该如何解决呢？