phpmind commented on 30 Mar 2017
Why i am getting this error ?
===============================
Problem occurred during compilation with the command line below:
"C:\Users\om\Anaconda3\envs\tensorflow-gpu\Library\mingw-w64\bin\g++.exe" -shared -g -march=broadwell -mmmx -mno-3dnow -msse -msse2 -msse3 -mssse3 -mno-sse4a -mcx16 -msahf -mmovbe -maes -
mno-sha -mpclmul -mpopcnt -mabm -mno-lwp -mfma -mno-fma4 -mno-xop -mbmi -mbmi2 -mno-tbm -mavx -mavx2 -msse4.2 -msse4.1 -mlzcnt -mrtm -mhle -mrdrnd -mf16c -mfsgsbase -mrdseed -mprfchw -mad
x -mfxsr -mxsave -mxsaveopt -mno-avx512f -mno-avx512er -mno-avx512cd -mno-avx512pf -mno-prefetchwt1 -mclflushopt -mxsavec -mxsaves -mno-avx512dq -mno-avx512bw -mno-avx512vl -mno-avx512ifm
a -mno-avx512vbmi -mno-clwb -mno-pcommit -mno-mwaitx --param l1-cache-size=32 --param l1-cache-line-size=64 --param l2-cache-size=6144 -mtune=generic -DNPY_NO_DEPRECATED_API=NPY_1_7_API_V
ERSION -m64 -DMS_WIN64 -I"C:\Users\om\Anaconda3\envs\tensorflow-gpu\lib\site-packages\numpy\core\include" -I"C:\Users\om\Anaconda3\envs\tensorflow-gpu\include" -I"C:\Users\om\Anaconda3\en
vs\tensorflow-gpu\lib\site-packages\theano\gof" -L"C:\Users\om\Anaconda3\envs\tensorflow-gpu\libs" -L"C:\Users\om\Anaconda3\envs\tensorflow-gpu" -o C:\Users\om\AppData\Local\Theano\compil
edir_Windows-10-10.0.14393-SP0-Intel64_Family_6_Model_94_Stepping_3_GenuineIntel-3.5.2-64\lazylinker_ext\lazylinker_ext.pyd C:\Users\om\AppData\Local\Theano\compiledir_Windows-10-10.0.143
93-SP0-Intel64_Family_6_Model_94_Stepping_3_GenuineIntel-3.5.2-64\lazylinker_ext\mod.cpp -lpython35
C:\Users\om\AppData\Local\Temp\ccUzk0H7.o: In function _import_array': C:/Users/om/Anaconda3/envs/tensorflow-gpu/lib/site-packages/numpy/core/include/numpy/__multiarray_api.h:1455: undefined reference to __imp_PyExc_ImportError'
C:/Users/om/Anaconda3/envs/tensorflow-gpu/lib/site-packages/numpy/core/include/numpy/__multiarray_api.h:1461: undefined reference to __imp_PyExc_AttributeError' C:/Users/om/Anaconda3/envs/tensorflow-gpu/lib/site-packages/numpy/core/include/numpy/__multiarray_api.h:1466: undefined reference to __imp_PyCapsule_Type'
C:/Users/om/Anaconda3/envs/tensorflow-gpu/lib/site-packages/numpy/core/include/numpy/__multiarray_api.h:1467: undefined reference to __imp_PyExc_RuntimeError' C:/Users/om/Anaconda3/envs/tensorflow-gpu/lib/site-packages/numpy/core/include/numpy/__multiarray_api.h:1482: undefined reference to __imp_PyExc_RuntimeError'
C:/Users/om/Anaconda3/envs/tensorflow-gpu/lib/site-packages/numpy/core/include/numpy/__multiarray_api.h:1490: undefined reference to __imp_PyExc_RuntimeError' C:/Users/om/Anaconda3/envs/tensorflow-gpu/lib/site-packages/numpy/core/include/numpy/__multiarray_api.h:1496: undefined reference to __imp_PyExc_RuntimeError'
C:/Users/om/Anaconda3/envs/tensorflow-gpu/lib/site-packages/numpy/core/include/numpy/__multiarray_api.h:1506: undefined reference to __imp_PyExc_RuntimeError' C:\Users\om\AppData\Local\Temp\ccUzk0H7.o:C:/Users/om/Anaconda3/envs/tensorflow-gpu/lib/site-packages/numpy/core/include/numpy/__multiarray_api.h:1518: more undefined references to __imp
_PyExc_RuntimeError' follow
C:\Users\om\AppData\Local\Temp\ccUzk0H7.o: In function NpyCapsule_Check': C:/Users/om/Anaconda3/envs/tensorflow-gpu/lib/site-packages/numpy/core/include/numpy/npy_3kcompat.h:462: undefined reference to __imp_PyCapsule_Type'
C:\Users\om\AppData\Local\Temp\ccUzk0H7.o: In function unpack_list_of_ssize_t': C:/Users/om/AppData/Local/Theano/compiledir_Windows-10-10.0.14393-SP0-Intel64_Family_6_Model_94_Stepping_3_GenuineIntel-3.5.2-64/lazylinker_ext/mod.cpp:48: undefined reference to __imp_P
yExc_TypeError'
C:/Users/om/AppData/Local/Theano/compiledir_Windows-10-10.0.14393-SP0-Intel64_Family_6_Model_94_Stepping_3_GenuineIntel-3.5.2-64/lazylinker_ext/mod.cpp:58: undefined reference to __imp_P yExc_IndexError' C:\Users\om\AppData\Local\Temp\ccUzk0H7.o: In function CLazyLinker_init':
C:/Users/om/AppData/Local/Theano/compiledir_Windows-10-10.0.14393-SP0-Intel64_Family_6_Model_94_Stepping_3_GenuineIntel-3.5.2-64/lazylinker_ext/mod.cpp:352: undefined reference to __imp_ PyExc_IndexError' C:/Users/om/AppData/Local/Theano/compiledir_Windows-10-10.0.14393-SP0-Intel64_Family_6_Model_94_Stepping_3_GenuineIntel-3.5.2-64/lazylinker_ext/mod.cpp:370: undefined reference to _imp
PyExc_IndexError'
C:/Users/om/AppData/Local/Theano/compiledir_Windows-10-10.0.14393-SP0-Intel64_Family_6_Model_94_Stepping_3_GenuineIntel-3.5.2-64/lazylinker_ext/mod.cpp:385: undefined reference to __imp_ PyExc_IndexError' C:/Users/om/AppData/Local/Theano/compiledir_Windows-10-10.0.14393-SP0-Intel64_Family_6_Model_94_Stepping_3_GenuineIntel-3.5.2-64/lazylinker_ext/mod.cpp:389: undefined reference to _imp
PyExc_IndexError'
C:\Users\om\AppData\Local\Temp\ccUzk0H7.o:C:/Users/om/AppData/Local/Theano/compiledir_Windows-10-10.0.14393-SP0-Intel64_Family_6_Model_94_Stepping_3_GenuineIntel-3.5.2-64/lazylinker_ext/m
od.cpp:393: more undefined references to __imp_PyExc_IndexError' follow C:\Users\om\AppData\Local\Temp\ccUzk0H7.o: In function CLazyLinker_init':
C:/Users/om/AppData/Local/Theano/compiledir_Windows-10-10.0.14393-SP0-Intel64_Family_6_Model_94_Stepping_3_GenuineIntel-3.5.2-64/lazylinker_ext/mod.cpp:405: undefined reference to __imp_ PyExc_TypeError' C:/Users/om/AppData/Local/Theano/compiledir_Windows-10-10.0.14393-SP0-Intel64_Family_6_Model_94_Stepping_3_GenuineIntel-3.5.2-64/lazylinker_ext/mod.cpp:420: undefined reference to _imp
_Py_NoneStruct'
C:/Users/om/AppData/Local/Theano/compiledir_Windows-10-10.0.14393-SP0-Intel64_Family_6_Model_94_Stepping_3_GenuineIntel-3.5.2-64/lazylinker_ext/mod.cpp:426: undefined reference to __imp_ PyExc_IndexError' C:/Users/om/AppData/Local/Theano/compiledir_Windows-10-10.0.14393-SP0-Intel64_Family_6_Model_94_Stepping_3_GenuineIntel-3.5.2-64/lazylinker_ext/mod.cpp:440: undefined reference to _imp
PyExc_TypeError'
C:/Users/om/AppData/Local/Theano/compiledir_Windows-10-10.0.14393-SP0-Intel64_Family_6_Model_94_Stepping_3_GenuineIntel-3.5.2-64/lazylinker_ext/mod.cpp:444: undefined reference to __imp_ _Py_NoneStruct' C:\Users\om\AppData\Local\Temp\ccUzk0H7.o: In function c_call':
C:/Users/om/AppData/Local/Theano/compiledir_Windows-10-10.0.14393-SP0-Intel64_Family_6_Model_94_Stepping_3_GenuineIntel-3.5.2-64/lazylinker_ext/mod.cpp:545: undefined reference to __imp_ _Py_NoneStruct' C:/Users/om/AppData/Local/Theano/compiledir_Windows-10-10.0.14393-SP0-Intel64_Family_6_Model_94_Stepping_3_GenuineIntel-3.5.2-64/lazylinker_ext/mod.cpp:545: undefined reference to _imp
_Py_NoneStruct'
C:/Users/om/AppData/Local/Theano/compiledir_Windows-10-10.0.14393-SP0-Intel64_Family_6_Model_94_Stepping_3_GenuineIntel-3.5.2-64/lazylinker_ext/mod.cpp:545: undefined reference to __imp_ _Py_NoneStruct' C:/Users/om/AppData/Local/Theano/compiledir_Windows-10-10.0.14393-SP0-Intel64_Family_6_Model_94_Stepping_3_GenuineIntel-3.5.2-64/lazylinker_ext/mod.cpp:546: undefined reference to _imp
_Py_NoneStruct'
C:\Users\om\AppData\Local\Temp\ccUzk0H7.o:C:/Users/om/AppData/Local/Theano/compiledir_Windows-10-10.0.14393-SP0-Intel64_Family_6_Model_94_Stepping_3_GenuineIntel-3.5.2-64/lazylinker_ext/m
od.cpp:546: more undefined references to __imp__Py_NoneStruct' follow C:\Users\om\AppData\Local\Temp\ccUzk0H7.o: In function lazy_rec_eval':
C:/Users/om/AppData/Local/Theano/compiledir_Windows-10-10.0.14393-SP0-Intel64_Family_6_Model_94_Stepping_3_GenuineIntel-3.5.2-64/lazylinker_ext/mod.cpp:618: undefined reference to __imp_ PyExc_IndexError' C:/Users/om/AppData/Local/Theano/compiledir_Windows-10-10.0.14393-SP0-Intel64_Family_6_Model_94_Stepping_3_GenuineIntel-3.5.2-64/lazylinker_ext/mod.cpp:641: undefined reference to _imp
PyExc_TypeError'
C:/Users/om/AppData/Local/Theano/compiledir_Windows-10-10.0.14393-SP0-Intel64_Family_6_Model_94_Stepping_3_GenuineIntel-3.5.2-64/lazylinker_ext/mod.cpp:649: undefined reference to __imp_ PyExc_ValueError' C:/Users/om/AppData/Local/Theano/compiledir_Windows-10-10.0.14393-SP0-Intel64_Family_6_Model_94_Stepping_3_GenuineIntel-3.5.2-64/lazylinker_ext/mod.cpp:657: undefined reference to _imp
PyExc_IndexError'
C:/Users/om/AppData/Local/Theano/compiledir_Windows-10-10.0.14393-SP0-Intel64_Family_6_Model_94_Stepping_3_GenuineIntel-3.5.2-64/lazylinker_ext/mod.cpp:708: undefined reference to __imp_ _Py_NoneStruct' C:/Users/om/AppData/Local/Theano/compiledir_Windows-10-10.0.14393-SP0-Intel64_Family_6_Model_94_Stepping_3_GenuineIntel-3.5.2-64/lazylinker_ext/mod.cpp:715: undefined reference to _imp
PyExc_TypeError'
C:/Users/om/AppData/Local/Theano/compiledir_Windows-10-10.0.14393-SP0-Intel64_Family_6_Model_94_Stepping_3_GenuineIntel-3.5.2-64/lazylinker_ext/mod.cpp:721: undefined reference to __imp_ PyExc_TypeError' C:/Users/om/AppData/Local/Theano/compiledir_Windows-10-10.0.14393-SP0-Intel64_Family_6_Model_94_Stepping_3_GenuineIntel-3.5.2-64/lazylinker_ext/mod.cpp:771: undefined reference to _imp
_Py_NoneStruct'
C:/Users/om/AppData/Local/Theano/compiledir_Windows-10-10.0.14393-SP0-Intel64_Family_6_Model_94_Stepping_3_GenuineIntel-3.5.2-64/lazylinker_ext/mod.cpp:771: undefined reference to __imp_ _Py_NoneStruct' C:/Users/om/AppData/Local/Theano/compiledir_Windows-10-10.0.14393-SP0-Intel64_Family_6_Model_94_Stepping_3_GenuineIntel-3.5.2-64/lazylinker_ext/mod.cpp:772: undefined reference to _imp
_Py_NoneStruct'
C:\Users\om\AppData\Local\Temp\ccUzk0H7.o: In function CLazyLinker_call': C:/Users/om/AppData/Local/Theano/compiledir_Windows-10-10.0.14393-SP0-Intel64_Family_6_Model_94_Stepping_3_GenuineIntel-3.5.2-64/lazylinker_ext/mod.cpp:814: undefined reference to _imp
PyExc_RuntimeError'
C:/Users/om/AppData/Local/Theano/compiledir_Windows-10-10.0.14393-SP0-Intel64_Family_6_Model_94_Stepping_3_GenuineIntel-3.5.2-64/lazylinker_ext/mod.cpp:826: undefined reference to __imp_ PyExc_RuntimeError' C:/Users/om/AppData/Local/Theano/compiledir_Windows-10-10.0.14393-SP0-Intel64_Family_6_Model_94_Stepping_3_GenuineIntel-3.5.2-64/lazylinker_ext/mod.cpp:839: undefined reference to _imp
_Py_NoneStruct'
C:/Users/om/AppData/Local/Theano/compiledir_Windows-10-10.0.14393-SP0-Intel64_Family_6_Model_94_Stepping_3_GenuineIntel-3.5.2-64/lazylinker_ext/mod.cpp:839: undefined reference to __imp_ _Py_NoneStruct' C:/Users/om/AppData/Local/Theano/compiledir_Windows-10-10.0.14393-SP0-Intel64_Family_6_Model_94_Stepping_3_GenuineIntel-3.5.2-64/lazylinker_ext/mod.cpp:840: undefined reference to _imp
_Py_NoneStruct'
C:/Users/om/AppData/Local/Theano/compiledir_Windows-10-10.0.14393-SP0-Intel64_Family_6_Model_94_Stepping_3_GenuineIntel-3.5.2-64/lazylinker_ext/mod.cpp:849: undefined reference to __imp_ _Py_NoneStruct' C:/Users/om/AppData/Local/Theano/compiledir_Windows-10-10.0.14393-SP0-Intel64_Family_6_Model_94_Stepping_3_GenuineIntel-3.5.2-64/lazylinker_ext/mod.cpp:849: undefined reference to _imp
_Py_NoneStruct'
C:\Users\om\AppData\Local\Temp\ccUzk0H7.o:C:/Users/om/AppData/Local/Theano/compiledir_Windows-10-10.0.14393-SP0-Intel64_Family_6_Model_94_Stepping_3_GenuineIntel-3.5.2-64/lazylinker_ext/m
od.cpp:850: more undefined references to __imp__Py_NoneStruct' follow C:\Users\om\AppData\Local\Temp\ccUzk0H7.o: In function CLazyLinker_call':
C:/Users/om/AppData/Local/Theano/compiledir_Windows-10-10.0.14393-SP0-Intel64_Family_6_Model_94_Stepping_3_GenuineIntel-3.5.2-64/lazylinker_ext/mod.cpp:894: undefined reference to __imp_ PyExc_AssertionError' C:/Users/om/AppData/Local/Theano/compiledir_Windows-10-10.0.14393-SP0-Intel64_Family_6_Model_94_Stepping_3_GenuineIntel-3.5.2-64/lazylinker_ext/mod.cpp:937: undefined reference to _imp
_Py_NoneStruct'
C:/Users/om/AppData/Local/Theano/compiledir_Windows-10-10.0.14393-SP0-Intel64_Family_6_Model_94_Stepping_3_GenuineIntel-3.5.2-64/lazylinker_ext/mod.cpp:937: undefined reference to __imp_ _Py_NoneStruct' C:/Users/om/AppData/Local/Theano/compiledir_Windows-10-10.0.14393-SP0-Intel64_Family_6_Model_94_Stepping_3_GenuineIntel-3.5.2-64/lazylinker_ext/mod.cpp:938: undefined reference to _imp
_Py_NoneStruct'
C:\Users\om\AppData\Local\Temp\ccUzk0H7.o: In function CLazyLinker_set_allow_gc': C:/Users/om/AppData/Local/Theano/compiledir_Windows-10-10.0.14393-SP0-Intel64_Family_6_Model_94_Stepping_3_GenuineIntel-3.5.2-64/lazylinker_ext/mod.cpp:973: undefined reference to _imp
PyBool_Type'
C:/Users/om/AppData/Local/Theano/compiledir_Windows-10-10.0.14393-SP0-Intel64_Family_6_Model_94_Stepping_3_GenuineIntel-3.5.2-64/lazylinker_ext/mod.cpp:976: undefined reference to `_imp
_Py_TrueStruct'
collect2.exe: error: ld returned 1 exit status
Traceback (most recent call last):
File "C:\Users\om\Anaconda3\envs\tensorflow-gpu\lib\site-packages\theano\gof\lazylinker_c.py", line 75, in
raise ImportError()
ImportError
During handling of the above exception, another exception occurred:
Traceback (most recent call last):
File "C:\Users\om\Anaconda3\envs\tensorflow-gpu\lib\site-packages\theano\gof\lazylinker_c.py", line 92, in
raise ImportError()
ImportError
During handling of the above exception, another exception occurred:
Traceback (most recent call last):
File "First_Neural Network_cha_7.py", line 2, in
from keras.models import Sequential
File "C:\Users\om\Anaconda3\envs\tensorflow-gpu\lib\site-packages\keras_init.py", line 3, in
from . import activations
File "C:\Users\om\Anaconda3\envs\tensorflow-gpu\lib\site-packages\keras\activations.py", line 3, in
from . import backend as K
File "C:\Users\om\Anaconda3\envs\tensorflow-gpu\lib\site-packages\keras\backend_init_.py", line 61, in
from .theano_backend import *
File "C:\Users\om\Anaconda3\envs\tensorflow-gpu\lib\site-packages\keras\backend\theano_backend.py", line 3, in
import theano
File "C:\Users\om\Anaconda3\envs\tensorflow-gpu\lib\site-packages\theano_init_.py", line 66, in
from theano.compile import (
File "C:\Users\om\Anaconda3\envs\tensorflow-gpu\lib\site-packages\theano\compile_init_.py", line 10, in
from theano.compile.function_module import *
File "C:\Users\om\Anaconda3\envs\tensorflow-gpu\lib\site-packages\theano\compile\function_module.py", line 21, in
import theano.compile.mode
File "C:\Users\om\Anaconda3\envs\tensorflow-gpu\lib\site-packages\theano\compile\mode.py", line 10, in
import theano.gof.vm
File "C:\Users\om\Anaconda3\envs\tensorflow-gpu\lib\site-packages\theano\gof\vm.py", line 662, in
from . import lazylinker_c
File "C:\Users\om\Anaconda3\envs\tensorflow-gpu\lib\site-packages\theano\gof\lazylinker_c.py", line 127, in
preargs=args)
File "C:\Users\om\Anaconda3\envs\tensorflow-gpu\lib\site-packages\theano\gof\cmodule.py", line 2316, in compile_str
(status, compile_stderr.replace('\n', '. ')))
. C:\Users\om\AppData\Local\Temp\ccUzk0H7.o:C:/Users/om/Anaconda3/envs/tensorflow-gpu/lib/site-packages/numpy/core/include/numpy/__multiarray_api.h:1518: more undefined references to __i . C:/Users/om/AppData/Local/Theano/compiledir_Windows-10-10.0.14393-SP0-Intel64_Family_6_Model_94_Stepping_3_GenuineIntel-3.5.2-64/lazylinker_ext/mod.cpp:48: undefined reference to __imp
. C:/Users/om/AppData/Local/Theano/compiledir_Windows-10-10.0.14393-SP0-Intel64_Family_6_Model_94_Stepping_3_GenuineIntel-3.5.2-64/lazylinker_ext/mod.cpp:58: undefined reference to __imp . C:/Users/om/AppData/Local/Theano/compiledir_Windows-10-10.0.14393-SP0-Intel64_Family_6_Model_94_Stepping_3_GenuineIntel-3.5.2-64/lazylinker_ext/mod.cpp:352: undefined reference to __im
. C:/Users/om/AppData/Local/Theano/compiledir_Windows-10-10.0.14393-SP0-Intel64_Family_6_Model_94_Stepping_3_GenuineIntel-3.5.2-64/lazylinker_ext/mod.cpp:370: undefined reference to __im . C:/Users/om/AppData/Local/Theano/compiledir_Windows-10-10.0.14393-SP0-Intel64_Family_6_Model_94_Stepping_3_GenuineIntel-3.5.2-64/lazylinker_ext/mod.cpp:385: undefined reference to __im
. C:/Users/om/AppData/Local/Theano/compiledir_Windows-10-10.0.14393-SP0-Intel64_Family_6_Model_94_Stepping_3_GenuineIntel-3.5.2-64/lazylinker_ext/mod.cpp:389: undefined reference to __im . C:\Users\om\AppData\Local\Temp\ccUzk0H7.o:C:/Users/om/AppData/Local/Theano/compiledir_Windows-10-10.0.14393-SP0-Intel64_Family_6_Model_94_Stepping_3_GenuineIntel-3.5.2-64/lazylinker_ext . C:/Users/om/AppData/Local/Theano/compiledir_Windows-10-10.0.14393-SP0-Intel64_Family_6_Model_94_Stepping_3_GenuineIntel-3.5.2-64/lazylinker_ext/mod.cpp:405: undefined reference to __im
. C:/Users/om/AppData/Local/Theano/compiledir_Windows-10-10.0.14393-SP0-Intel64_Family_6_Model_94_Stepping_3_GenuineIntel-3.5.2-64/lazylinker_ext/mod.cpp:420: undefined reference to __im . C:/Users/om/AppData/Local/Theano/compiledir_Windows-10-10.0.14393-SP0-Intel64_Family_6_Model_94_Stepping_3_GenuineIntel-3.5.2-64/lazylinker_ext/mod.cpp:426: undefined reference to __im
. C:/Users/om/AppData/Local/Theano/compiledir_Windows-10-10.0.14393-SP0-Intel64_Family_6_Model_94_Stepping_3_GenuineIntel-3.5.2-64/lazylinker_ext/mod.cpp:440: undefined reference to __im . C:/Users/om/AppData/Local/Theano/compiledir_Windows-10-10.0.14393-SP0-Intel64_Family_6_Model_94_Stepping_3_GenuineIntel-3.5.2-64/lazylinker_ext/mod.cpp:444: undefined reference to __im
. C:/Users/om/AppData/Local/Theano/compiledir_Windows-10-10.0.14393-SP0-Intel64_Family_6_Model_94_Stepping_3_GenuineIntel-3.5.2-64/lazylinker_ext/mod.cpp:545: undefined reference to __im . C:/Users/om/AppData/Local/Theano/compiledir_Windows-10-10.0.14393-SP0-Intel64_Family_6_Model_94_Stepping_3_GenuineIntel-3.5.2-64/lazylinker_ext/mod.cpp:545: undefined reference to __im
. C:/Users/om/AppData/Local/Theano/compiledir_Windows-10-10.0.14393-SP0-Intel64_Family_6_Model_94_Stepping_3_GenuineIntel-3.5.2-64/lazylinker_ext/mod.cpp:545: undefined reference to __im . C:/Users/om/AppData/Local/Theano/compiledir_Windows-10-10.0.14393-SP0-Intel64_Family_6_Model_94_Stepping_3_GenuineIntel-3.5.2-64/lazylinker_ext/mod.cpp:546: undefined reference to __im
. C:\Users\om\AppData\Local\Temp\ccUzk0H7.o:C:/Users/om/AppData/Local/Theano/compiledir_Windows-10-10.0.14393-SP0-Intel64_Family_6_Model_94_Stepping_3_GenuineIntel-3.5.2-64/lazylinker_ext
. C:/Users/om/AppData/Local/Theano/compiledir_Windows-10-10.0.14393-SP0-Intel64_Family_6_Model_94_Stepping_3_GenuineIntel-3.5.2-64/lazylinker_ext/mod.cpp:618: undefined reference to __im . C:/Users/om/AppData/Local/Theano/compiledir_Windows-10-10.0.14393-SP0-Intel64_Family_6_Model_94_Stepping_3_GenuineIntel-3.5.2-64/lazylinker_ext/mod.cpp:641: undefined reference to __im
. C:/Users/om/AppData/Local/Theano/compiledir_Windows-10-10.0.14393-SP0-Intel64_Family_6_Model_94_Stepping_3_GenuineIntel-3.5.2-64/lazylinker_ext/mod.cpp:649: undefined reference to __im . C:/Users/om/AppData/Local/Theano/compiledir_Windows-10-10.0.14393-SP0-Intel64_Family_6_Model_94_Stepping_3_GenuineIntel-3.5.2-64/lazylinker_ext/mod.cpp:657: undefined reference to __im
. C:/Users/om/AppData/Local/Theano/compiledir_Windows-10-10.0.14393-SP0-Intel64_Family_6_Model_94_Stepping_3_GenuineIntel-3.5.2-64/lazylinker_ext/mod.cpp:708: undefined reference to __im . C:/Users/om/AppData/Local/Theano/compiledir_Windows-10-10.0.14393-SP0-Intel64_Family_6_Model_94_Stepping_3_GenuineIntel-3.5.2-64/lazylinker_ext/mod.cpp:715: undefined reference to __im
. C:/Users/om/AppData/Local/Theano/compiledir_Windows-10-10.0.14393-SP0-Intel64_Family_6_Model_94_Stepping_3_GenuineIntel-3.5.2-64/lazylinker_ext/mod.cpp:721: undefined reference to __im . C:/Users/om/AppData/Local/Theano/compiledir_Windows-10-10.0.14393-SP0-Intel64_Family_6_Model_94_Stepping_3_GenuineIntel-3.5.2-64/lazylinker_ext/mod.cpp:771: undefined reference to __im
. C:/Users/om/AppData/Local/Theano/compiledir_Windows-10-10.0.14393-SP0-Intel64_Family_6_Model_94_Stepping_3_GenuineIntel-3.5.2-64/lazylinker_ext/mod.cpp:771: undefined reference to __im . C:/Users/om/AppData/Local/Theano/compiledir_Windows-10-10.0.14393-SP0-Intel64_Family_6_Model_94_Stepping_3_GenuineIntel-3.5.2-64/lazylinker_ext/mod.cpp:772: undefined reference to __im
. C:/Users/om/AppData/Local/Theano/compiledir_Windows-10-10.0.14393-SP0-Intel64_Family_6_Model_94_Stepping_3_GenuineIntel-3.5.2-64/lazylinker_ext/mod.cpp:814: undefined reference to __im . C:/Users/om/AppData/Local/Theano/compiledir_Windows-10-10.0.14393-SP0-Intel64_Family_6_Model_94_Stepping_3_GenuineIntel-3.5.2-64/lazylinker_ext/mod.cpp:826: undefined reference to __im
. C:/Users/om/AppData/Local/Theano/compiledir_Windows-10-10.0.14393-SP0-Intel64_Family_6_Model_94_Stepping_3_GenuineIntel-3.5.2-64/lazylinker_ext/mod.cpp:839: undefined reference to __im . C:/Users/om/AppData/Local/Theano/compiledir_Windows-10-10.0.14393-SP0-Intel64_Family_6_Model_94_Stepping_3_GenuineIntel-3.5.2-64/lazylinker_ext/mod.cpp:839: undefined reference to __im
. C:/Users/om/AppData/Local/Theano/compiledir_Windows-10-10.0.14393-SP0-Intel64_Family_6_Model_94_Stepping_3_GenuineIntel-3.5.2-64/lazylinker_ext/mod.cpp:840: undefined reference to __im . C:/Users/om/AppData/Local/Theano/compiledir_Windows-10-10.0.14393-SP0-Intel64_Family_6_Model_94_Stepping_3_GenuineIntel-3.5.2-64/lazylinker_ext/mod.cpp:849: undefined reference to __im
. C:/Users/om/AppData/Local/Theano/compiledir_Windows-10-10.0.14393-SP0-Intel64_Family_6_Model_94_Stepping_3_GenuineIntel-3.5.2-64/lazylinker_ext/mod.cpp:849: undefined reference to __im . C:\Users\om\AppData\Local\Temp\ccUzk0H7.o:C:/Users/om/AppData/Local/Theano/compiledir_Windows-10-10.0.14393-SP0-Intel64_Family_6_Model_94_Stepping_3_GenuineIntel-3.5.2-64/lazylinker_ext . C:/Users/om/AppData/Local/Theano/compiledir_Windows-10-10.0.14393-SP0-Intel64_Family_6_Model_94_Stepping_3_GenuineIntel-3.5.2-64/lazylinker_ext/mod.cpp:894: undefined reference to __im
. C:/Users/om/AppData/Local/Theano/compiledir_Windows-10-10.0.14393-SP0-Intel64_Family_6_Model_94_Stepping_3_GenuineIntel-3.5.2-64/lazylinker_ext/mod.cpp:937: undefined reference to __im . C:/Users/om/AppData/Local/Theano/compiledir_Windows-10-10.0.14393-SP0-Intel64_Family_6_Model_94_Stepping_3_GenuineIntel-3.5.2-64/lazylinker_ext/mod.cpp:937: undefined reference to __im
. C:/Users/om/AppData/Local/Theano/compiledir_Windows-10-10.0.14393-SP0-Intel64_Family_6_Model_94_Stepping_3_GenuineIntel-3.5.2-64/lazylinker_ext/mod.cpp:938: undefined reference to __im . C:/Users/om/AppData/Local/Theano/compiledir_Windows-10-10.0.14393-SP0-Intel64_Family_6_Model_94_Stepping_3_GenuineIntel-3.5.2-64/lazylinker_ext/mod.cpp:973: undefined reference to __im
. C:/Users/om/AppData/Local/Theano/compiledir_Windows-10-10.0.14393-SP0-Intel64_Family_6_Model_94_Stepping_3_GenuineIntel-3.5.2-64/lazylinker_ext/mod.cpp:976: undefined reference to `__im
. collect2.exe: error: ld returned 1 exit status