ghost commented on 16 Jul 2016 â€¢
edited by ghost
I was trying to install mitmproxy using pip but I get a build error.
What went wrong?
 error: command '/usr/local/bin/gcc-4.2' failed with exit status 1

  ----------------------------------------
  Failed building wheel for watchdog
  Running setup.py clean for watchdog
Failed to build watchdog
Installing collected packages: watchdog, mitmproxy
  Running setup.py install for watchdog ... error
    Complete output from command /Library/Frameworks/Python.framework/Versions/3.4/bin/python3 -u -c "import setuptools, tokenize;__file__='/private/var/folders/5n/6wblsmz51ll_gbhv2d_bkw3h0000gn/T/pip-build-ev6ibqgz/watchdog/setup.py';exec(compile(getattr(tokenize, 'open', open)(__file__).read().replace('\r\n', '\n'), __file__, 'exec'))" install --record /var/folders/5n/6wblsmz51ll_gbhv2d_bkw3h0000gn/T/pip-mp83y29k-record/install-record.txt --single-version-externally-managed --compile:
    running install
    running build
    running build_py
    creating build
    creating build/lib.macosx-10.6-intel-3.4
    creating build/lib.macosx-10.6-intel-3.4/watchdog
    copying src/watchdog/__init__.py -> build/lib.macosx-10.6-intel-3.4/watchdog
    copying src/watchdog/events.py -> build/lib.macosx-10.6-intel-3.4/watchdog
    copying src/watchdog/version.py -> build/lib.macosx-10.6-intel-3.4/watchdog
    copying src/watchdog/watchmedo.py -> build/lib.macosx-10.6-intel-3.4/watchdog
    creating build/lib.macosx-10.6-intel-3.4/watchdog/observers
    copying src/watchdog/observers/__init__.py -> build/lib.macosx-10.6-intel-3.4/watchdog/observers
    copying src/watchdog/observers/api.py -> build/lib.macosx-10.6-intel-3.4/watchdog/observers
    copying src/watchdog/observers/fsevents.py -> build/lib.macosx-10.6-intel-3.4/watchdog/observers
    copying src/watchdog/observers/fsevents2.py -> build/lib.macosx-10.6-intel-3.4/watchdog/observers
    copying src/watchdog/observers/inotify.py -> build/lib.macosx-10.6-intel-3.4/watchdog/observers
    copying src/watchdog/observers/inotify_buffer.py -> build/lib.macosx-10.6-intel-3.4/watchdog/observers
    copying src/watchdog/observers/inotify_c.py -> build/lib.macosx-10.6-intel-3.4/watchdog/observers
    copying src/watchdog/observers/kqueue.py -> build/lib.macosx-10.6-intel-3.4/watchdog/observers
    copying src/watchdog/observers/polling.py -> build/lib.macosx-10.6-intel-3.4/watchdog/observers
    copying src/watchdog/observers/read_directory_changes.py -> build/lib.macosx-10.6-intel-3.4/watchdog/observers
    copying src/watchdog/observers/winapi.py -> build/lib.macosx-10.6-intel-3.4/watchdog/observers
    creating build/lib.macosx-10.6-intel-3.4/watchdog/tricks
    copying src/watchdog/tricks/__init__.py -> build/lib.macosx-10.6-intel-3.4/watchdog/tricks
    creating build/lib.macosx-10.6-intel-3.4/watchdog/utils
    copying src/watchdog/utils/__init__.py -> build/lib.macosx-10.6-intel-3.4/watchdog/utils
    copying src/watchdog/utils/bricks.py -> build/lib.macosx-10.6-intel-3.4/watchdog/utils
    copying src/watchdog/utils/compat.py -> build/lib.macosx-10.6-intel-3.4/watchdog/utils
    copying src/watchdog/utils/decorators.py -> build/lib.macosx-10.6-intel-3.4/watchdog/utils
    copying src/watchdog/utils/delayed_queue.py -> build/lib.macosx-10.6-intel-3.4/watchdog/utils
    copying src/watchdog/utils/dirsnapshot.py -> build/lib.macosx-10.6-intel-3.4/watchdog/utils
    copying src/watchdog/utils/echo.py -> build/lib.macosx-10.6-intel-3.4/watchdog/utils
    copying src/watchdog/utils/event_backport.py -> build/lib.macosx-10.6-intel-3.4/watchdog/utils
    copying src/watchdog/utils/importlib2.py -> build/lib.macosx-10.6-intel-3.4/watchdog/utils
    copying src/watchdog/utils/platform.py -> build/lib.macosx-10.6-intel-3.4/watchdog/utils
    copying src/watchdog/utils/unicode_paths.py -> build/lib.macosx-10.6-intel-3.4/watchdog/utils
    copying src/watchdog/utils/win32stat.py -> build/lib.macosx-10.6-intel-3.4/watchdog/utils
    running egg_info
    writing requirements to src/watchdog.egg-info/requires.txt
    writing dependency_links to src/watchdog.egg-info/dependency_links.txt
    writing src/watchdog.egg-info/PKG-INFO
    writing entry points to src/watchdog.egg-info/entry_points.txt
    writing top-level names to src/watchdog.egg-info/top_level.txt
    warning: manifest_maker: standard file '-c' not found

    reading manifest file 'src/watchdog.egg-info/SOURCES.txt'
    reading manifest template 'MANIFEST.in'
    warning: no files found matching '*.h' under directory 'src'
    writing manifest file 'src/watchdog.egg-info/SOURCES.txt'
    running build_ext
    building '_watchdog_fsevents' extension
    creating build/temp.macosx-10.6-intel-3.4
    creating build/temp.macosx-10.6-intel-3.4/src
    /usr/local/bin/gcc-4.2 -fno-strict-aliasing -fno-common -dynamic -DNDEBUG -g -fwrapv -O3 -Wall -Wstrict-prototypes -arch i386 -arch x86_64 -g -DWATCHDOG_VERSION_STRING="0.8.3" -DWATCHDOG_VERSION_MAJOR=0 -DWATCHDOG_VERSION_MINOR=8 -DWATCHDOG_VERSION_BUILD=3 -I/Library/Frameworks/Python.framework/Versions/3.4/include/python3.4m -c src/watchdog_fsevents.c -o build/temp.macosx-10.6-intel-3.4/src/watchdog_fsevents.o -std=c99 -pedantic -Wall -Wextra -fPIC -Wno-error=unused-command-line-argument-hard-error-in-future
    cc1: error: -Werror=unused-command-line-argument-hard-error-in-future: No option -Wunused-command-line-argument-hard-error-in-future
    cc1: error: -Werror=unused-command-line-argument-hard-error-in-future: No option -Wunused-command-line-argument-hard-error-in-future
    fatal error: /Applications/Xcode.app/Contents/Developer/Toolchains/XcodeDefault.xctoolchain/usr/bin/lipo: can't figure out the architecture type of: /var/folders/5n/6wblsmz51ll_gbhv2d_bkw3h0000gn/T//cc0XFAdA.out
    error: command '/usr/local/bin/gcc-4.2' failed with exit status 1

    ----------------------------------------
Command "/Library/Frameworks/Python.framework/Versions/3.4/bin/python3 -u -c "import setuptools, tokenize;__file__='/private/var/folders/5n/6wblsmz51ll_gbhv2d_bkw3h0000gn/T/pip-build-ev6ibqgz/watchdog/setup.py';exec(compile(getattr(tokenize, 'open', open)(__file__).read().replace('\r\n', '\n'), __file__, 'exec'))" install --record /var/folders/5n/6wblsmz51ll_gbhv2d_bkw3h0000gn/T/pip-mp83y29k-record/install-record.txt --single-version-externally-managed --compile" failed with error code 1 in /private/var/folders/5n/6wblsmz51ll_gbhv2d_bkw3h0000gn/T/pip-build-ev6ibqgz/watchdog/
Any other comments? What have you tried so far?
I have tried installing other modules but they did not throw any sort of error.
Mitmproxy Version:
Operating System: