YuriyPryyma commented on 7 Feb 2018 â€¢
edited by mhils
Steps to reproduce the problem:
install binary release
run mitmdump -s test.py (with import ctypes)
Output:
  Addon error: Traceback (most recent call last):
  File "site-packages/PyInstaller/loader/pyiboot01_bootstrap.py", line 149, in __init__
  File "ctypes/__init__.py", line 347, in __init__
OSError: command_path: cannot open shared object file: No such file or directory

During handling of the above exception, another exception occurred:

Traceback (most recent call last):
  File "mitmproxy/addonmanager.py", line 67, in safecall
  File "mitmproxy/addons/script.py", line 76, in tick
  File "mitmproxy/addonmanager.py", line 177, in register
  File "mitmproxy/command.py", line 134, in collect_commands
  File "ctypes/__init__.py", line 417, in __getattr__
  File "site-packages/PyInstaller/loader/pyiboot01_bootstrap.py", line 151, in __init__
PyInstallerImportError: Failed to load dynlib/dll 'command_path'. Most probably this dynlib/dll was not found when the application was frozen.
System information
UBUNTU 16.04
Mitmproxy: 3.0.0.dev1136 (commit 15f525e) binary
Python: 3.5.2
OpenSSL: OpenSSL 1.1.0g 2 Nov 2017
Platform: Linux-4.13.0-32-generic-x86_64-with-debian-stretch-sid