ZeroChaos- commented on 30 May 2018
this is from testing on Gentoo Linux, I believe all deps are in line and correct but test seem to fail
test.examples.test_examples.TestScripts.test_add_header ... ERROR
test.examples.test_examples.TestScripts.test_custom_contentviews ... ERROR
test.examples.test_examples.TestScripts.test_dns_spoofing ... ERROR
test.examples.test_examples.TestScripts.test_iframe_injector ... ERROR
test.examples.test_examples.TestScripts.test_modify_form ... ERROR
test.examples.test_examples.TestScripts.test_modify_querystring ... ERROR
test.examples.test_examples.TestScripts.test_redirect_requests ... ERROR
test.examples.test_examples.TestScripts.test_send_reply_from_proxy ... ERROR
test.examples.test_har_dump.TestHARDump.test_base64 ... ERROR
test.examples.test_har_dump.TestHARDump.test_binary ... ERROR
test.examples.test_har_dump.TestHARDump.test_format_cookies ... ERROR
test.examples.test_har_dump.TestHARDump.test_simple ... ERROR
test.examples.test_xss_scanner.TestXSSScanner.test_data_equals ... ok
test.examples.test_xss_scanner.TestXSSScanner.test_find_unclaimed_URLs ... ERROR
test.examples.test_xss_scanner.TestXSSScanner.test_get_SQLi_data ... ok
test.examples.test_xss_scanner.TestXSSScanner.test_get_XSS_info ... ok
test.examples.test_xss_scanner.TestXSSScanner.test_get_cookies ... ok
test.examples.test_xss_scanner.TestXSSScanner.test_inside_quote ... ok
test.examples.test_xss_scanner.TestXSSScanner.test_log_SQLi_data ... ERROR
test.examples.test_xss_scanner.TestXSSScanner.test_log_XSS_data ... ERROR
test.examples.test_xss_scanner.TestXSSScanner.test_paths_to_text ... ok
test.examples.test_xss_scanner.TestXSSScanner.test_response ... ERROR
test.examples.test_xss_scanner.TestXSSScanner.test_test_end_of_url_injection ... ERROR
test.examples.test_xss_scanner.TestXSSScanner.test_test_query_injection ... ERROR
test.examples.test_xss_scanner.TestXSSScanner.test_test_referer_injection ... ERROR
test.examples.test_xss_scanner.TestXSSScanner.test_test_user_agent_injection ... ERROR
test.mitmproxy.addons.test_anticache.TestAntiCache.test_simple ... ok
test.mitmproxy.addons.test_anticomp.TestAntiComp.test_simple ... ok
test.mitmproxy.addons.test_block.test_block_global ... ERROR
test.mitmproxy.addons.test_browser.test_browser ... /usr/lib64/python3.6/site-packages/nose/case.py:197: RuntimeWarning: coroutine 'test_browser' was never awaited
  self.test(*self.arg)
ok
test.mitmproxy.addons.test_browser.test_no_browser ... /usr/lib64/python3.6/site-packages/nose/case.py:197: RuntimeWarning: coroutine 'test_no_browser' was never awaited
  self.test(*self.arg)
ok
test.mitmproxy.addons.test_check_ca.TestCheckCA.test_check_ca ... ERROR
test.mitmproxy.addons.test_clientplayback.TestClientPlayback.test_check ... ok
test.mitmproxy.addons.test_clientplayback.TestClientPlayback.test_configure ... ERROR
test.mitmproxy.addons.test_clientplayback.TestClientPlayback.test_http2 ... ok
test.mitmproxy.addons.test_clientplayback.TestClientPlayback.test_load_file ... ERROR
test.mitmproxy.addons.test_clientplayback.TestClientPlayback.test_playback ... /usr/lib64/python3.6/site-packages/nose/case.py:197: RuntimeWarning: coroutine 'TestClientPlayback.test_playback' was never awaited
  self.test(*self.arg)
ok
test.mitmproxy.addons.test_clientplayback.TestHTTPProxy.test_replay ... ok
test.mitmproxy.addons.test_clientplayback.TestHTTPSProxy.test_replay ... ok
test.mitmproxy.addons.test_clientplayback.TestUpstreamProxy.test_replay ... ok
test.mitmproxy.addons.test_core.test_set ... ok
test.mitmproxy.addons.test_core.test_resume ... ok
test.mitmproxy.addons.test_core.test_mark ... ok
test.mitmproxy.addons.test_core.test_kill ... ok
test.mitmproxy.addons.test_core.test_revert ... ok
test.mitmproxy.addons.test_core.test_flow_set ... ok
test.mitmproxy.addons.test_core.test_encoding ... ok
test.mitmproxy.addons.test_core.test_options ... ERROR
test.mitmproxy.addons.test_core.test_validation_simple ... ok
test.mitmproxy.addons.test_core.test_client_certs ... ERROR
test.mitmproxy.addons.test_core.test_validation_modes ... ok
test.mitmproxy.addons.test_core.test_validation_no_transparent ... ok
test.mitmproxy.addons.test_cut.test_extract ... ERROR
test.mitmproxy.addons.test_cut.test_headername ... ok
test.mitmproxy.addons.test_cut.test_cut_clip ... /usr/lib64/python3.6/site-packages/nose/case.py:197: RuntimeWarning: coroutine 'test_cut_clip' was never awaited
  self.test(*self.arg)
ok
test.mitmproxy.addons.test_cut.test_cut_save ... ERROR
test.mitmproxy.addons.test_cut.test_cut_save_open ... ERROR
test.mitmproxy.addons.test_cut.test_cut ... ok
test.mitmproxy.addons.test_disable_h2c.TestDisableH2CleartextUpgrade.test_prior_knowledge ... ok
test.mitmproxy.addons.test_disable_h2c.TestDisableH2CleartextUpgrade.test_upgrade ... ok
test.mitmproxy.addons.test_dumper.TestContentView.test_contentview ... /usr/lib64/python3.6/site-packages/nose/case.py:197: RuntimeWarning: coroutine 'TestContentView.test_contentview' was never awaited
  self.test(*self.arg)
ok
test.mitmproxy.addons.test_dumper.test_configure ... ok
test.mitmproxy.addons.test_dumper.test_simple ... ok
test.mitmproxy.addons.test_dumper.test_echo_body ... ok
test.mitmproxy.addons.test_dumper.test_echo_request_line ... ok
test.mitmproxy.addons.test_dumper.test_tcp ... ok
test.mitmproxy.addons.test_dumper.test_websocket ... ok
test.mitmproxy.addons.test_eventstore.test_simple ... ok
test.mitmproxy.addons.test_eventstore.test_max_size ... ok
test.mitmproxy.addons.test_export.TestExportCurlCommand.test_get ... ERROR
test.mitmproxy.addons.test_export.TestExportCurlCommand.test_patch ... ERROR
test.mitmproxy.addons.test_export.TestExportCurlCommand.test_post ... ERROR
test.mitmproxy.addons.test_export.TestExportCurlCommand.test_tcp ... ERROR
test.mitmproxy.addons.test_export.TestExportHttpieCommand.test_get ... ERROR
test.mitmproxy.addons.test_export.TestExportHttpieCommand.test_patch ... ERROR
test.mitmproxy.addons.test_export.TestExportHttpieCommand.test_post ... ERROR
test.mitmproxy.addons.test_export.TestExportHttpieCommand.test_tcp ... ERROR
test.mitmproxy.addons.test_export.TestRaw.test_get ... ERROR
test.mitmproxy.addons.test_export.TestRaw.test_tcp ... ERROR
test.mitmproxy.addons.test_export.test_export ... ERROR
test.mitmproxy.addons.test_export.test_export_open ... ERROR
test.mitmproxy.addons.test_export.test_clip ... ERROR
test.mitmproxy.addons.test_intercept.test_simple ... ok
test.mitmproxy.addons.test_keepserving.test_keepserving ... /usr/lib64/python3.6/site-packages/nose/case.py:197: RuntimeWarning: coroutine 'test_keepserving' was never awaited
  self.test(*self.arg)
ok
test.mitmproxy.addons.test_onboarding.TestApp.test_basic ... /usr/lib64/python3.6/site-packages/nose/case.py:197: RuntimeWarning: coroutine 'TestApp.test_basic' was never awaited
  self.test(*self.arg)
ok
test.mitmproxy.addons.test_onboarding.TestApp.test_cert ... ERROR
test.mitmproxy.addons.test_onboarding.TestApp.test_head ... ERROR
test.mitmproxy.addons.test_proxyauth.TestMkauth.test_mkauth ... ERROR
test.mitmproxy.addons.test_proxyauth.TestMkauth.test_mkauth_scheme ... ok
test.mitmproxy.addons.test_proxyauth.TestParseHttpBasicAuth.test_parse_http_basic_auth ... ok
test.mitmproxy.addons.test_proxyauth.TestParseHttpBasicAuth.test_parse_http_basic_auth_error ... ERROR
test.mitmproxy.addons.test_proxyauth.TestProxyAuth.test_auth_required_response ... ERROR
test.mitmproxy.addons.test_proxyauth.TestProxyAuth.test_authenticate ... ok
test.mitmproxy.addons.test_proxyauth.TestProxyAuth.test_check ... ERROR
test.mitmproxy.addons.test_proxyauth.TestProxyAuth.test_configure ... ERROR
test.mitmproxy.addons.test_proxyauth.TestProxyAuth.test_handlers ... ok
test.mitmproxy.addons.test_proxyauth.TestProxyAuth.test_is_proxy_auth ... ERROR
test.mitmproxy.addons.test_proxyauth.TestProxyAuth.test_which_auth_header ... ERROR
Failure: ModuleNotFoundError (No module named 'asynctest') ... ERROR
test.mitmproxy.addons.test_replace.TestReplace.test_configure ... ok
test.mitmproxy.addons.test_replace.TestReplace.test_order ... ok
test.mitmproxy.addons.test_replace.TestReplace.test_parse_hook ... ok
test.mitmproxy.addons.test_replace.TestReplace.test_simple ... ok
test.mitmproxy.addons.test_replace.TestReplaceFile.test_nonexistent ... ERROR
test.mitmproxy.addons.test_replace.TestReplaceFile.test_simple ... ERROR
test.mitmproxy.addons.test_save.test_configure ... ERROR
test.mitmproxy.addons.test_save.test_tcp ... ERROR
test.mitmproxy.addons.test_save.test_websocket ... ERROR
test.mitmproxy.addons.test_save.test_save_command ... ERROR
test.mitmproxy.addons.test_save.test_simple ... ERROR
test.mitmproxy.addons.test_script.TestCutTraceback.test_simple ... ok
test.mitmproxy.addons.test_script.TestScript.test_addon ... ERROR
test.mitmproxy.addons.test_script.TestScript.test_exception ... ERROR
test.mitmproxy.addons.test_script.TestScript.test_notfound ... ok
Test that a script specified as '"foo.py"' works to support the calling convention of ... ERROR
test.mitmproxy.addons.test_script.TestScript.test_reload ... ERROR
test.mitmproxy.addons.test_script.TestScript.test_simple ... ERROR
test.mitmproxy.addons.test_script.TestScriptLoader.test_dupes ... ok
test.mitmproxy.addons.test_script.TestScriptLoader.test_order ... ERROR
test.mitmproxy.addons.test_script.TestScriptLoader.test_script_deletion ... ERROR
test.mitmproxy.addons.test_script.TestScriptLoader.test_script_error_handler ... /usr/lib64/python3.6/site-packages/nose/case.py:197: RuntimeWarning: coroutine 'TestScriptLoader.test_script_error_handler' was never awaited
  self.test(*self.arg)
ok
test.mitmproxy.addons.test_script.TestScriptLoader.test_script_run ... ERROR
test.mitmproxy.addons.test_script.TestScriptLoader.test_script_run_nonexistent ... /usr/lib64/python3.6/site-packages/nose/case.py:197: RuntimeWarning: coroutine 'TestScriptLoader.test_script_run_nonexistent' was never awaited
  self.test(*self.arg)
ok
test.mitmproxy.addons.test_script.TestScriptLoader.test_simple ... ERROR
test.mitmproxy.addons.test_script.test_load_script ... ERROR
Test that loading two scripts at locations a/foo.py and b/foo.py works. ... ERROR
test.mitmproxy.addons.test_serverplayback.test_load_file ... ERROR
test.mitmproxy.addons.test_serverplayback.test_config ... ERROR
test.mitmproxy.addons.test_serverplayback.test_server_playback ... ok
test.mitmproxy.addons.test_serverplayback.test_ignore_host ... ok
test.mitmproxy.addons.test_serverplayback.test_ignore_content ... ok
test.mitmproxy.addons.test_serverplayback.test_ignore_content_wins_over_params ... ok
test.mitmproxy.addons.test_serverplayback.test_ignore_payload_params_other_content_type ... ok
test.mitmproxy.addons.test_serverplayback.test_hash ... ok
test.mitmproxy.addons.test_serverplayback.test_headers ... ok
test.mitmproxy.addons.test_serverplayback.test_load ... ok
test.mitmproxy.addons.test_serverplayback.test_load_with_server_replay_nopop ... ok
test.mitmproxy.addons.test_serverplayback.test_ignore_params ... ok
test.mitmproxy.addons.test_serverplayback.test_ignore_payload_params ... ok
test.mitmproxy.addons.test_serverplayback.test_server_playback_full ... ok
test.mitmproxy.addons.test_serverplayback.test_server_playback_kill ... ok
test.mitmproxy.addons.test_setheaders.TestSetHeaders.test_configure ... ok
test.mitmproxy.addons.test_setheaders.TestSetHeaders.test_parse_setheaders ... ok
test.mitmproxy.addons.test_setheaders.TestSetHeaders.test_setheaders ... ok
test.mitmproxy.addons.test_stickyauth.test_configure ... ok
test.mitmproxy.addons.test_stickyauth.test_simple ... ok
test.mitmproxy.addons.test_stickycookie.TestStickyCookie.test_config ... ok
test.mitmproxy.addons.test_stickycookie.TestStickyCookie.test_request ... ok
test.mitmproxy.addons.test_stickycookie.TestStickyCookie.test_response ... ok
test.mitmproxy.addons.test_stickycookie.TestStickyCookie.test_response_delete ... ok
test.mitmproxy.addons.test_stickycookie.TestStickyCookie.test_response_multiple ... ok
test.mitmproxy.addons.test_stickycookie.TestStickyCookie.test_response_overwrite ... ok
test.mitmproxy.addons.test_stickycookie.TestStickyCookie.test_response_weird ... ok
test.mitmproxy.addons.test_stickycookie.TestStickyCookie.test_simple ... ok
test.mitmproxy.addons.test_stickycookie.test_domain_match ... ok
test.mitmproxy.addons.test_streambodies.test_simple ... ok
test.mitmproxy.addons.test_termlog.TestTermLog.test_output ... ERROR
test.mitmproxy.addons.test_termstatus.test_configure ... /usr/lib64/python3.6/site-packages/nose/case.py:197: RuntimeWarning: coroutine 'test_configure' was never awaited
  self.test(*self.arg)
ok
test.mitmproxy.addons.test_upstream_auth.test_configure ... ok
test.mitmproxy.addons.test_upstream_auth.test_simple ... ok
test.mitmproxy.addons.test_view.test_order_refresh ... ok
test.mitmproxy.addons.test_view.test_order_generators ... ok
test.mitmproxy.addons.test_view.test_simple ... ok
test.mitmproxy.addons.test_view.test_filter ... ok
test.mitmproxy.addons.test_view.test_create ... ok
test.mitmproxy.addons.test_view.test_orders ... ok
test.mitmproxy.addons.test_view.test_load ... ERROR
test.mitmproxy.addons.test_view.test_resolve ... ok
test.mitmproxy.addons.test_view.test_movement ... ok
test.mitmproxy.addons.test_view.test_duplicate ... ok
test.mitmproxy.addons.test_view.test_remove ... ok
test.mitmproxy.addons.test_view.test_setgetval ... ok
test.mitmproxy.addons.test_view.test_order ... ok
test.mitmproxy.addons.test_view.test_reversed ... ok
test.mitmproxy.addons.test_view.test_update ... ok
test.mitmproxy.addons.test_view.test_signals ... ok
test.mitmproxy.addons.test_view.test_focus_follow ... ok
test.mitmproxy.addons.test_view.test_focus ... ok
test.mitmproxy.addons.test_view.test_settings ... ok
test.mitmproxy.addons.test_view.test_configure ... ok
test.mitmproxy.addons.test_wsgiapp.TestApp.test_app_err ... ok
test.mitmproxy.addons.test_wsgiapp.TestApp.test_simple ... ok
test.mitmproxy.contentviews.image.test_image_parser.test_parse_png ... ERROR
test.mitmproxy.contentviews.image.test_image_parser.test_parse_gif ... ERROR
test.mitmproxy.contentviews.image.test_image_parser.test_parse_jpeg ... ERROR
test.mitmproxy.contentviews.image.test_image_parser.test_ico ... ERROR
test.mitmproxy.contentviews.image.test_view.test_view_image ... ERROR
test.mitmproxy.contentviews.test_api.test_add_remove ... ok
test.mitmproxy.contentviews.test_api.test_get_content_view ... ok
test.mitmproxy.contentviews.test_api.test_get_message_content_view ... ok
test.mitmproxy.contentviews.test_auto.test_view_auto ... ok
test.mitmproxy.contentviews.test_base.test_format_dict ... ok
test.mitmproxy.contentviews.test_css.test_beautify ... ERROR
test.mitmproxy.contentviews.test_css.test_simple ... ok
test.mitmproxy.contentviews.test_hex.test_view_hex ... ok
test.mitmproxy.contentviews.test_javascript.test_view_javascript ... ok
test.mitmproxy.contentviews.test_javascript.test_format_xml ... ERROR
test.mitmproxy.contentviews.test_json.test_pretty_json ... ok
test.mitmproxy.contentviews.test_json.test_view_json ... ok
test.mitmproxy.contentviews.test_multipart.test_view_multipart ... ok
test.mitmproxy.contentviews.test_protobuf.test_view_protobuf_request ... ERROR
test.mitmproxy.contentviews.test_protobuf.test_format_pbuf ... ERROR
test.mitmproxy.contentviews.test_query.test_view_query ... ok
test.mitmproxy.contentviews.test_raw.test_view_raw ... ok
test.mitmproxy.contentviews.test_urlencoded.test_view_urlencoded ... ok
test.mitmproxy.contentviews.test_wbxml.test_wbxml ... ERROR
test.mitmproxy.contentviews.test_xml_html.test_simple ... ERROR
test.mitmproxy.contentviews.test_xml_html.test_format_xml ... ERROR
test.mitmproxy.coretypes.test_basethread.test_basethread ... ok
test.mitmproxy.coretypes.test_bidi.test_bidi ... ok
test.mitmproxy.coretypes.test_multidict.TestMultiDict.test_add ... ok
test.mitmproxy.coretypes.test_multidict.TestMultiDict.test_delitem ... ok
test.mitmproxy.coretypes.test_multidict.TestMultiDict.test_eq ... ok
test.mitmproxy.coretypes.test_multidict.TestMultiDict.test_get_all ... ok
test.mitmproxy.coretypes.test_multidict.TestMultiDict.test_getitem ... ok
If a class defines mutable objects and implements an __eq__() method, ... ok
test.mitmproxy.coretypes.test_multidict.TestMultiDict.test_init ... ok
test.mitmproxy.coretypes.test_multidict.TestMultiDict.test_insert ... ok
test.mitmproxy.coretypes.test_multidict.TestMultiDict.test_items ... ok
test.mitmproxy.coretypes.test_multidict.TestMultiDict.test_iter ... ok
test.mitmproxy.coretypes.test_multidict.TestMultiDict.test_keys ... ok
test.mitmproxy.coretypes.test_multidict.TestMultiDict.test_len ... ok
test.mitmproxy.coretypes.test_multidict.TestMultiDict.test_repr ... ok
test.mitmproxy.coretypes.test_multidict.TestMultiDict.test_set_all ... ok
test.mitmproxy.coretypes.test_multidict.TestMultiDict.test_setitem ... ok
test.mitmproxy.coretypes.test_multidict.TestMultiDict.test_state ... ok
test.mitmproxy.coretypes.test_multidict.TestMultiDict.test_values ... ok
test.mitmproxy.coretypes.test_multidict.TestMultiDictView.test_copy ... ok
test.mitmproxy.coretypes.test_multidict.TestMultiDictView.test_modify ... ok
test.mitmproxy.coretypes.test_serializable.TestSerializable.test_copy ... ok
test.mitmproxy.coretypes.test_serializable.TestSerializable.test_copy_id ... ok
test.mitmproxy.net.http.http1.test_assemble.test_assemble_request ... ok
test.mitmproxy.net.http.http1.test_assemble.test_assemble_request_head ... ok
test.mitmproxy.net.http.http1.test_assemble.test_assemble_response ... ok
test.mitmproxy.net.http.http1.test_assemble.test_assemble_response_head ... ok
test.mitmproxy.net.http.http1.test_assemble.test_assemble_body ... ok
test.mitmproxy.net.http.http1.test_assemble.test_assemble_request_line ... ok
test.mitmproxy.net.http.http1.test_assemble.test_assemble_request_headers ... ok
test.mitmproxy.net.http.http1.test_assemble.test_assemble_request_headers_host_header ... ok
test.mitmproxy.net.http.http1.test_assemble.test_assemble_response_headers ... ok
test.mitmproxy.net.http.http1.test_read.TestReadBody.test_chunked ... ok
test.mitmproxy.net.http.http1.test_read.TestReadBody.test_known_size ... ok
test.mitmproxy.net.http.http1.test_read.TestReadBody.test_known_size_limit ... ok
test.mitmproxy.net.http.http1.test_read.TestReadBody.test_known_size_too_short ... ok
test.mitmproxy.net.http.http1.test_read.TestReadBody.test_max_chunk_size ... ok
test.mitmproxy.net.http.http1.test_read.TestReadBody.test_unknown_size ... ok
test.mitmproxy.net.http.http1.test_read.TestReadBody.test_unknown_size_limit ... ok
test.mitmproxy.net.http.http1.test_read.TestReadHeaders.test_read_continued ... ok
test.mitmproxy.net.http.http1.test_read.TestReadHeaders.test_read_continued_err ... ok
test.mitmproxy.net.http.http1.test_read.TestReadHeaders.test_read_empty_name ... ok
test.mitmproxy.net.http.http1.test_read.TestReadHeaders.test_read_empty_value ... ok
test.mitmproxy.net.http.http1.test_read.TestReadHeaders.test_read_err ... ok
test.mitmproxy.net.http.http1.test_read.TestReadHeaders.test_read_multi ... ok
test.mitmproxy.net.http.http1.test_read.TestReadHeaders.test_read_simple ... ok
test.mitmproxy.net.http.http1.test_read.test_get_header_tokens ... ok
test.mitmproxy.net.http.http1.test_read.test_read_request ... ERROR
test.mitmproxy.net.http.http1.test_read.test_read_request_error ... ERROR
test.mitmproxy.net.http.http1.test_read.test_read_request_head ... ok
test.mitmproxy.net.http.http1.test_read.test_read_response ... ERROR
test.mitmproxy.net.http.http1.test_read.test_read_response_head ... ok
test.mitmproxy.net.http.http1.test_read.test_connection_close ... ok
test.mitmproxy.net.http.http1.test_read.test_expected_http_body_size ... ok
test.mitmproxy.net.http.http1.test_read.test_get_first_line ... ok
test.mitmproxy.net.http.http1.test_read.test_read_request_line ... ok
test.mitmproxy.net.http.http1.test_read.test_parse_authority_form ... ok
test.mitmproxy.net.http.http1.test_read.test_read_response_line ... ok
test.mitmproxy.net.http.http1.test_read.test_check_http_version ... ok
test.mitmproxy.net.http.http1.test_read.test_read_chunked ... ok
test.mitmproxy.net.http.http2.test_framereader.test_read_raw_frame ... ok
test.mitmproxy.net.http.http2.test_framereader.test_read_raw_frame_failed ... ok
test.mitmproxy.net.http.http2.test_framereader.test_parse_frame ... ok
test.mitmproxy.net.http.http2.test_framereader.test_parse_frame_combined ... ok
test.mitmproxy.net.http.http2.test_utils.TestHttp2ParseHeaders.test_absolute ... ok
test.mitmproxy.net.http.http2.test_utils.TestHttp2ParseHeaders.test_connect ... ok
test.mitmproxy.net.http.http2.test_utils.TestHttp2ParseHeaders.test_relative ... ok
test.mitmproxy.net.http.http2.test_utils.TestHttp2ParseHeaders.test_without_authority ... ok
test.mitmproxy.net.http.http2.test_utils.TestHttp2ParseHeaders.test_without_port ... ERROR
test.mitmproxy.net.http.test_cookies.test_read_key ... ok
test.mitmproxy.net.http.test_cookies.test_read_quoted_string ... ok
test.mitmproxy.net.http.test_cookies.test_read_cookie_pairs ... ok
test.mitmproxy.net.http.test_cookies.test_pairs_roundtrips ... ok
test.mitmproxy.net.http.test_cookies.test_cookie_roundtrips ... ok
test.mitmproxy.net.http.test_cookies.test_parse_set_cookie_pairs ... ok
test.mitmproxy.net.http.test_cookies.test_parse_set_cookie_header ... ok
test.mitmproxy.net.http.test_cookies.test_refresh_cookie ... ok
test.mitmproxy.net.http.test_cookies.test_is_expired ... ok
test.mitmproxy.net.http.test_cookies.test_group_cookies ... ok
test.mitmproxy.net.http.test_cookies.test_get_expiration_ts ... ok
test.mitmproxy.net.http.test_encoding.test_identity ... ERROR
This test is for testing byte->byte encoding/decoding ... ERROR
This test is for testing byte->str decoding ... ERROR
test.mitmproxy.net.http.test_encoding.test_cache ... ok
test.mitmproxy.net.http.test_headers.TestHeaders.test_bytes ... ok
test.mitmproxy.net.http.test_headers.TestHeaders.test_init ... ok
test.mitmproxy.net.http.test_headers.TestHeaders.test_replace_multi ... ok
test.mitmproxy.net.http.test_headers.TestHeaders.test_replace_remove_spacer ... ok
test.mitmproxy.net.http.test_headers.TestHeaders.test_replace_simple ... ok
test.mitmproxy.net.http.test_headers.TestHeaders.test_replace_with_count ... ok
test.mitmproxy.net.http.test_headers.TestHeaders.test_set ... ok
test.mitmproxy.net.http.test_headers.test_parse_content_type ... ok
test.mitmproxy.net.http.test_headers.test_assemble_content_type ... ok
test.mitmproxy.net.http.test_message.TestMessage.test_content_length_update ... ok
test.mitmproxy.net.http.test_message.TestMessage.test_eq_ne ... ok
test.mitmproxy.net.http.test_message.TestMessage.test_headers ... ok
test.mitmproxy.net.http.test_message.TestMessage.test_http_version ... ok
test.mitmproxy.net.http.test_message.TestMessage.test_init ... ok
test.mitmproxy.net.http.test_message.TestMessage.test_replace ... ok
test.mitmproxy.net.http.test_message.TestMessage.test_serializable ... ok
test.mitmproxy.net.http.test_message.TestMessage.test_timestamp_end ... ok
test.mitmproxy.net.http.test_message.TestMessage.test_timestamp_start ... ok
test.mitmproxy.net.http.test_message.TestMessageContentEncoding.test_cannot_decode ... ok
test.mitmproxy.net.http.test_message.TestMessageContentEncoding.test_cannot_encode ... ok
test.mitmproxy.net.http.test_message.TestMessageContentEncoding.test_modify ... ok
test.mitmproxy.net.http.test_message.TestMessageContentEncoding.test_none ... ok
test.mitmproxy.net.http.test_message.TestMessageContentEncoding.test_simple ... ok
test.mitmproxy.net.http.test_message.TestMessageContentEncoding.test_unknown_ce ... ok
test.mitmproxy.net.http.test_message.TestMessageContentEncoding.test_update_content_length_header ... ok
test.mitmproxy.net.http.test_message.TestMessageContentEncoding.test_utf8_as_ce ... ok
test.mitmproxy.net.http.test_message.TestMessageData.test_eq ... ok
test.mitmproxy.net.http.test_message.TestMessageData.test_serializable ... ok
test.mitmproxy.net.http.test_message.TestMessageText.test_cannot_decode ... ok
test.mitmproxy.net.http.test_message.TestMessageText.test_cannot_encode ... ok
test.mitmproxy.net.http.test_message.TestMessageText.test_guess_json ... ok
test.mitmproxy.net.http.test_message.TestMessageText.test_modify ... ok
test.mitmproxy.net.http.test_message.TestMessageText.test_none ... ok
test.mitmproxy.net.http.test_message.TestMessageText.test_simple ... ok
test.mitmproxy.net.http.test_message.TestMessageText.test_unknown_ce ... ok
test.mitmproxy.net.http.test_multipart.test_decode ... ok
test.mitmproxy.net.http.test_request.TestRequestCore.test_first_line_format ... ok
test.mitmproxy.net.http.test_request.TestRequestCore.test_get_host_header ... ok
test.mitmproxy.net.http.test_request.TestRequestCore.test_host ... ok
test.mitmproxy.net.http.test_request.TestRequestCore.test_host_update_also_updates_header ... ok
test.mitmproxy.net.http.test_request.TestRequestCore.test_make ... ok
test.mitmproxy.net.http.test_request.TestRequestCore.test_method ... ok
test.mitmproxy.net.http.test_request.TestRequestCore.test_modify_host_header ... ok
test.mitmproxy.net.http.test_request.TestRequestCore.test_path ... ok
test.mitmproxy.net.http.test_request.TestRequestCore.test_port ... ok
test.mitmproxy.net.http.test_request.TestRequestCore.test_replace ... ok
test.mitmproxy.net.http.test_request.TestRequestCore.test_repr ... ok
test.mitmproxy.net.http.test_request.TestRequestCore.test_scheme ... ok
test.mitmproxy.net.http.test_request.TestRequestData.test_init ... ok
test.mitmproxy.net.http.test_request.TestRequestUtils.test_anticache ... ok
test.mitmproxy.net.http.test_request.TestRequestUtils.test_anticomp ... ok
test.mitmproxy.net.http.test_request.TestRequestUtils.test_constrain_encoding ... ok
test.mitmproxy.net.http.test_request.TestRequestUtils.test_get_cookies_double ... ok
test.mitmproxy.net.http.test_request.TestRequestUtils.test_get_cookies_none ... ok
test.mitmproxy.net.http.test_request.TestRequestUtils.test_get_cookies_single ... ok
test.mitmproxy.net.http.test_request.TestRequestUtils.test_get_cookies_withequalsign ... ok
test.mitmproxy.net.http.test_request.TestRequestUtils.test_get_multipart_form ... ok
test.mitmproxy.net.http.test_request.TestRequestUtils.test_get_path_components ... ok
test.mitmproxy.net.http.test_request.TestRequestUtils.test_get_query ... ok
test.mitmproxy.net.http.test_request.TestRequestUtils.test_get_urlencoded_form ... ok
test.mitmproxy.net.http.test_request.TestRequestUtils.test_pretty_host ... ok
test.mitmproxy.net.http.test_request.TestRequestUtils.test_pretty_url ... ok
test.mitmproxy.net.http.test_request.TestRequestUtils.test_pretty_url_authority ... ok
test.mitmproxy.net.http.test_request.TestRequestUtils.test_pretty_url_options ... ok
test.mitmproxy.net.http.test_request.TestRequestUtils.test_set_cookies ... ok
test.mitmproxy.net.http.test_request.TestRequestUtils.test_set_multipart_form ... ok
test.mitmproxy.net.http.test_request.TestRequestUtils.test_set_path_components ... ok
test.mitmproxy.net.http.test_request.TestRequestUtils.test_set_query ... ok
test.mitmproxy.net.http.test_request.TestRequestUtils.test_set_urlencoded_form ... ok
test.mitmproxy.net.http.test_request.TestRequestUtils.test_url ... ok
test.mitmproxy.net.http.test_request.TestRequestUtils.test_url_authority ... ok
test.mitmproxy.net.http.test_request.TestRequestUtils.test_url_options ... ok
test.mitmproxy.net.http.test_response.TestResponseCore.test_make ... ok
test.mitmproxy.net.http.test_response.TestResponseCore.test_reason ... ok
test.mitmproxy.net.http.test_response.TestResponseCore.test_repr ... ok
test.mitmproxy.net.http.test_response.TestResponseCore.test_status_code ... ok
test.mitmproxy.net.http.test_response.TestResponseData.test_init ... ok
test.mitmproxy.net.http.test_response.TestResponseUtils.test_get_cookies_empty ... ok
test.mitmproxy.net.http.test_response.TestResponseUtils.test_get_cookies_no_value ... ok
test.mitmproxy.net.http.test_response.TestResponseUtils.test_get_cookies_none ... ok
test.mitmproxy.net.http.test_response.TestResponseUtils.test_get_cookies_simple ... ok
test.mitmproxy.net.http.test_response.TestResponseUtils.test_get_cookies_twocookies ... ok
test.mitmproxy.net.http.test_response.TestResponseUtils.test_get_cookies_with_parameters ... ok
test.mitmproxy.net.http.test_response.TestResponseUtils.test_refresh ... ok
test.mitmproxy.net.http.test_response.TestResponseUtils.test_set_cookies ... ok
test.mitmproxy.net.http.test_status_codes.test_simple ... ok
test.mitmproxy.net.http.test_url.test_parse ... ok
test.mitmproxy.net.http.test_url.test_parse_port_range ... ok
test.mitmproxy.net.http.test_url.test_unparse ... ok
Some HTTP clients don't send trailing equal signs for parameters without assigned value, e.g. they send ... ok
test.mitmproxy.net.http.test_url.test_encode ... ok
test.mitmproxy.net.http.test_url.test_decode ... ok
test.mitmproxy.net.http.test_url.test_quote ... ok
test.mitmproxy.net.http.test_url.test_unquote ... ok
test.mitmproxy.net.http.test_user_agents.test_get_shortcut ... ok
test.mitmproxy.net.websockets.test_frame.TestFrame.test_equality ... ok
test.mitmproxy.net.websockets.test_frame.TestFrame.test_human_readable ... ok
test.mitmproxy.net.websockets.test_frame.TestFrame.test_roundtrip ... ok
test.mitmproxy.net.websockets.test_frame.TestFrame.test_serialization_bijection ... ERROR
test.mitmproxy.net.websockets.test_frame.TestFrameHeader.test_automask ... ok
test.mitmproxy.net.websockets.test_frame.TestFrameHeader.test_deserialization_length ... ERROR
test.mitmproxy.net.websockets.test_frame.TestFrameHeader.test_deserialization_masking ... ERROR
test.mitmproxy.net.websockets.test_frame.TestFrameHeader.test_equality ... ok
test.mitmproxy.net.websockets.test_frame.TestFrameHeader.test_funky ... ok
test.mitmproxy.net.websockets.test_frame.TestFrameHeader.test_human_readable ... ok
test.mitmproxy.net.websockets.test_frame.TestFrameHeader.test_roundtrip ... ok
test.mitmproxy.net.websockets.test_frame.TestFrameHeader.test_serialization_length ... ERROR
test.mitmproxy.net.websockets.test_frame.TestFrameHeader.test_serialization_too_large ... ok
test.mitmproxy.net.websockets.test_frame.TestFrameHeader.test_violations ... ok
test.mitmproxy.net.websockets.test_masker.TestMasker.test_masker ... ERROR
test.mitmproxy.net.websockets.test_utils.TestUtils.test_check_client_version ... ERROR
test.mitmproxy.net.websockets.test_utils.TestUtils.test_check_handshake ... ERROR
test.mitmproxy.net.websockets.test_utils.TestUtils.test_client_handshake_headers ... ok
test.mitmproxy.net.websockets.test_utils.TestUtils.test_create_server_nonce ... ERROR
test.mitmproxy.net.websockets.test_utils.TestUtils.test_get_client_key ... ERROR
test.mitmproxy.net.websockets.test_utils.TestUtils.test_get_extensions ... ERROR
test.mitmproxy.net.websockets.test_utils.TestUtils.test_get_protocol ... ERROR
test.mitmproxy.net.websockets.test_utils.TestUtils.test_get_server_accept ... ERROR
test.mitmproxy.net.websockets.test_utils.TestUtils.test_server_handshake_headers ... ok
test.mitmproxy.net.test_check.test_is_valid_host ... ok
test.mitmproxy.net.test_server_spec.test_parse ... ok
test.mitmproxy.net.test_server_spec.test_parse_with_mode ... ok
test.mitmproxy.net.test_socks.test_client_greeting ... ok
test.mitmproxy.net.test_socks.test_client_greeting_assert_socks5 ... ok
test.mitmproxy.net.test_socks.test_server_greeting ... ok
test.mitmproxy.net.test_socks.test_server_greeting_assert_socks5 ... ok
test.mitmproxy.net.test_socks.test_username_password_auth ... ok
test.mitmproxy.net.test_socks.test_username_password_auth_assert_ver1 ... ok
test.mitmproxy.net.test_socks.test_username_password_auth_response ... ok
test.mitmproxy.net.test_socks.test_username_password_auth_response_auth_assert_ver1 ... ok
test.mitmproxy.net.test_socks.test_message ... ok
test.mitmproxy.net.test_socks.test_message_assert_socks5 ... ok
test.mitmproxy.net.test_socks.test_message_ipv4 ... ok
test.mitmproxy.net.test_socks.test_message_ipv6 ... ok
test.mitmproxy.net.test_socks.test_message_invalid_host ... ok
test.mitmproxy.net.test_socks.test_message_invalid_rsv ... ok
test.mitmproxy.net.test_socks.test_message_unknown_atyp ... ok
test.mitmproxy.net.test_tcp.TestALPNClient.test_alpn ... ERROR
test.mitmproxy.net.test_tcp.TestClientCipherListError.test_echo ... ok
test.mitmproxy.net.test_tcp.TestDHParams.test_dhparams ... ok
test.mitmproxy.net.test_tcp.TestDisconnect.test_echo ... ok
test.mitmproxy.net.test_tcp.TestEcho.test_echo ... ok
test.mitmproxy.net.test_tcp.TestFileLike.test_blocksize ... ok
test.mitmproxy.net.test_tcp.TestFileLike.test_first_byte_timestamp_updated_on_read ... ok
test.mitmproxy.net.test_tcp.TestFileLike.test_first_byte_timestamp_updated_on_readline ... ok
test.mitmproxy.net.test_tcp.TestFileLike.test_limit ... ok
test.mitmproxy.net.test_tcp.TestFileLike.test_limitless ... ok
test.mitmproxy.net.test_tcp.TestFileLike.test_read_ssl_error ... ok
test.mitmproxy.net.test_tcp.TestFileLike.test_read_syscall_ssl_error ... ok
test.mitmproxy.net.test_tcp.TestFileLike.test_reader_incomplete_error ... ok
test.mitmproxy.net.test_tcp.TestFileLike.test_reader_read_error ... ok
test.mitmproxy.net.test_tcp.TestFileLike.test_reader_readline_disconnect ... ok
test.mitmproxy.net.test_tcp.TestFileLike.test_readlog ... ok
test.mitmproxy.net.test_tcp.TestFileLike.test_reset_timestamps ... ok
test.mitmproxy.net.test_tcp.TestFileLike.test_wrap ... ok
test.mitmproxy.net.test_tcp.TestFileLike.test_writelog ... ok
test.mitmproxy.net.test_tcp.TestFileLike.test_writer_flush_error ... ok
test.mitmproxy.net.test_tcp.TestFinishFail.test_disconnect_in_finish ... ok
test.mitmproxy.net.test_tcp.TestInvalidTrustFile.test_invalid_trust_file_should_fail ... ERROR
test.mitmproxy.net.test_tcp.TestNoSSLNoALPNClient.test_no_ssl_no_alpn ... ok
test.mitmproxy.net.test_tcp.TestPeek.test_peek ... ok
test.mitmproxy.net.test_tcp.TestPeekSSL.test_peek ... ok
test.mitmproxy.net.test_tcp.TestSNI.test_echo ... ok
test.mitmproxy.net.test_tcp.TestSNI.test_idn ... ok
test.mitmproxy.net.test_tcp.TestSSLClientCert.test_clientcert ... ERROR
test.mitmproxy.net.test_tcp.TestSSLClientCert.test_clientcert_err ... ERROR
test.mitmproxy.net.test_tcp.TestSSLDisconnect.test_echo ... ok
test.mitmproxy.net.test_tcp.TestSSLHardDisconnect.test_echo ... ok
test.mitmproxy.net.test_tcp.TestSSLTimeOut.test_timeout_client ... ok
test.mitmproxy.net.test_tcp.TestSSLUpstreamCertVerificationWBadHostname.test_mode_none_should_pass_without_sni ... ERROR
test.mitmproxy.net.test_tcp.TestSSLUpstreamCertVerificationWBadHostname.test_should_fail ... ERROR
test.mitmproxy.net.test_tcp.TestSSLUpstreamCertVerificationWBadHostname.test_should_fail_without_sni ... ERROR
test.mitmproxy.net.test_tcp.TestSSLUpstreamCertVerificationWBadServerCert.test_mode_default_should_pass ... ok
test.mitmproxy.net.test_tcp.TestSSLUpstreamCertVerificationWBadServerCert.test_mode_none_should_pass ... ok
test.mitmproxy.net.test_tcp.TestSSLUpstreamCertVerificationWBadServerCert.test_mode_strict_should_fail ... ERROR
test.mitmproxy.net.test_tcp.TestSSLUpstreamCertVerificationWValidCertChain.test_mode_strict_w_confdir_should_pass ... ERROR
test.mitmproxy.net.test_tcp.TestSSLUpstreamCertVerificationWValidCertChain.test_mode_strict_w_pemfile_should_pass ... ERROR
test.mitmproxy.net.test_tcp.TestSSLv3Only.test_failure ... ok
test.mitmproxy.net.test_tcp.TestServer.test_echo ... ok
test.mitmproxy.net.test_tcp.TestServer.test_thread_start_error ... ok
Test to bind to a given random port. Try again if the random port turned out to be blocked. ... ok
test.mitmproxy.net.test_tcp.TestServerCipherList.test_echo ... ok
test.mitmproxy.net.test_tcp.TestServerCipherListError.test_echo ... ok
test.mitmproxy.net.test_tcp.TestServerCurrentCipher.test_echo ... ok
test.mitmproxy.net.test_tcp.TestServerIPv6.test_echo ... ok
test.mitmproxy.net.test_tcp.TestServerSSL.test_echo ... ok
test.mitmproxy.net.test_tcp.TestServerSSL.test_get_current_cipher ... ok
test.mitmproxy.net.test_tcp.TestServerTimeOut.test_timeout ... ok
test.mitmproxy.net.test_tcp.TestTCPClient.test_conerr ... ok
test.mitmproxy.net.test_tcp.TestTCPClient.test_spoof_address ... ok
test.mitmproxy.net.test_tcp.TestTCPClient.test_timeout ... ok
test.mitmproxy.net.test_tcp.TestTCPServer.test_binderr ... ok
test.mitmproxy.net.test_tcp.TestTCPServer.test_wait_for_silence ... ok
test.mitmproxy.net.test_tcp.TestTimeOut.test_timeout ... ok
test.mitmproxy.net.test_tls.TestClientHello.test_extensions ... ok
test.mitmproxy.net.test_tls.TestClientHello.test_from_file ... ok
test.mitmproxy.net.test_tls.TestClientHello.test_no_extensions ... ok
test.mitmproxy.net.test_tls.TestMasterSecretLogger.test_create_logfun ... ok
test.mitmproxy.net.test_tls.TestMasterSecretLogger.test_log ... ERROR
test.mitmproxy.net.test_tls.TestTLSInvalid.test_alpn_error ... ok
test.mitmproxy.net.test_tls.TestTLSInvalid.test_invalid_ssl_method_should_fail ... ok
test.mitmproxy.net.test_tls.test_is_record_magic ... ok
test.mitmproxy.net.test_tls.test_get_client_hello ... ok
test.mitmproxy.net.test_wsgi.TestWSGI.test_make_environ ... ok
test.mitmproxy.net.test_wsgi.TestWSGI.test_serve ... ok
test.mitmproxy.net.test_wsgi.TestWSGI.test_serve_double_err ... ok
test.mitmproxy.net.test_wsgi.TestWSGI.test_serve_double_start ... ok
test.mitmproxy.net.test_wsgi.TestWSGI.test_serve_empty_body ... ok
test.mitmproxy.net.test_wsgi.TestWSGI.test_serve_single_err ... ok
test.mitmproxy.platform.test_pf.TestLookup.test_simple ... ERROR
test.mitmproxy.proxy.protocol.test_http1.TestExpectHeader.test_simple ... ok
test.mitmproxy.proxy.protocol.test_http1.TestHTTPFlow.test_repr ... ok
test.mitmproxy.proxy.protocol.test_http1.TestHeadContentLength.test_head_content_length ... ok
test.mitmproxy.proxy.protocol.test_http1.TestInvalidRequests.test_double_connect ... ok
test.mitmproxy.proxy.protocol.test_http1.TestInvalidRequests.test_relative_request ... ok
test.mitmproxy.proxy.protocol.test_http1.TestProxyMisconfiguration.test_absolute_request ... ok
test.mitmproxy.proxy.protocol.test_http1.TestStreaming.test_streaming ... ERROR
test.mitmproxy.proxy.protocol.test_http2.TestBodySizeLimit.test_body_size_limit ... ok
test.mitmproxy.proxy.protocol.test_http2.TestConnectionLost.test_connection_lost ... ok
test.mitmproxy.proxy.protocol.test_http2.TestConnectionTerminated.test_connection_terminated ... ok
test.mitmproxy.proxy.protocol.test_http2.TestMaxConcurrentStreams.test_max_concurrent_streams ... ok
test.mitmproxy.proxy.protocol.test_http2.TestPriority.test_priority ... ERROR
ERROR
test.mitmproxy.proxy.protocol.test_http2.TestPushPromise.test_push_promise ... ok
test.mitmproxy.proxy.protocol.test_http2.TestPushPromise.test_push_promise_reset ... ok
test.mitmproxy.proxy.protocol.test_http2.TestRequestStreaming.test_request_streaming ... ERROR
ERROR
test.mitmproxy.proxy.protocol.test_http2.TestRequestWithPriority.test_request_with_priority ... ERROR
ERROR
test.mitmproxy.proxy.protocol.test_http2.TestResponseStreaming.test_response_streaming ... ERROR
ERROR
test.mitmproxy.proxy.protocol.test_http2.TestSimple.test_simple ... ok
test.mitmproxy.proxy.protocol.test_http2.TestStreamResetFromServer.test_request_with_priority ... ok
test.mitmproxy.proxy.protocol.test_websocket.TestClose.test_close ... ok
test.mitmproxy.proxy.protocol.test_websocket.TestClose.test_close_payload_1 ... ok
test.mitmproxy.proxy.protocol.test_websocket.TestClose.test_close_payload_2 ... ok
test.mitmproxy.proxy.protocol.test_websocket.TestExtension.test_extension ... ok
test.mitmproxy.proxy.protocol.test_websocket.TestInjectMessageClient.test_inject_message_client ... ok
test.mitmproxy.proxy.protocol.test_websocket.TestInjectMessageServer.test_inject_message_server ... ok
test.mitmproxy.proxy.protocol.test_websocket.TestInvalidFrame.test_invalid_frame ... ok
test.mitmproxy.proxy.protocol.test_websocket.TestKillFlow.test_kill ... ok
test.mitmproxy.proxy.protocol.test_websocket.TestPing.test_ping ... /usr/lib64/python3.6/site-packages/nose/case.py:197: RuntimeWarning: coroutine 'TestPing.test_ping' was never awaited
  self.test(*self.arg)
ok
test.mitmproxy.proxy.protocol.test_websocket.TestPong.test_pong ... /usr/lib64/python3.6/site-packages/nose/case.py:197: RuntimeWarning: coroutine 'TestPong.test_pong' was never awaited
  self.test(*self.arg)
ok
test.mitmproxy.proxy.protocol.test_websocket.TestSimple.test_change_payload ... ok
test.mitmproxy.proxy.protocol.test_websocket.TestSimple.test_simple ... ERROR
test.mitmproxy.proxy.protocol.test_websocket.TestSimpleTLS.test_simple_tls ... ok
test.mitmproxy.proxy.protocol.test_websocket.TestStreaming.test_streaming ... ERROR
test.mitmproxy.proxy.test_config.TestProxyConfig.test_invalid_certificate ... ERROR
test.mitmproxy.proxy.test_config.TestProxyConfig.test_invalid_confdir ... ok
test.mitmproxy.proxy.test_server.TestFakeResponse.test_fake ... ok
test.mitmproxy.proxy.test_server.TestHTTP.test_blank_leading_line ... ok
test.mitmproxy.proxy.test_server.TestHTTP.test_connection_close ... ok
If mitmproxy is a regular HTTP proxy, it must rewrite an absolute-form request like ... ok
test.mitmproxy.proxy.test_server.TestHTTP.test_get_connection_switching ... /usr/lib64/python3.6/site-packages/nose/case.py:197: RuntimeWarning: coroutine 'TestHTTP.test_get_connection_switching' was never awaited
  self.test(*self.arg)
ok
test.mitmproxy.proxy.test_server.TestHTTP.test_http ... ok
test.mitmproxy.proxy.test_server.TestHTTP.test_invalid_connect ... ok
test.mitmproxy.proxy.test_server.TestHTTP.test_invalid_headers ... ok
test.mitmproxy.proxy.test_server.TestHTTP.test_invalid_http ... ok
test.mitmproxy.proxy.test_server.TestHTTP.test_large ... ok
test.mitmproxy.proxy.test_server.TestHTTP.test_reconnect ... ok
test.mitmproxy.proxy.test_server.TestHTTP.test_sni ... ok
test.mitmproxy.proxy.test_server.TestHTTP.test_stream_modify ... ERROR
test.mitmproxy.proxy.test_server.TestHTTP.test_upstream_ssl_error ... ok
test.mitmproxy.proxy.test_server.TestHTTPS.test_clientcert_dir ... ERROR
test.mitmproxy.proxy.test_server.TestHTTPS.test_clientcert_file ... ERROR
test.mitmproxy.proxy.test_server.TestHTTPS.test_error_post_connect ... ok
test.mitmproxy.proxy.test_server.TestHTTPS.test_http ... ok
test.mitmproxy.proxy.test_server.TestHTTPS.test_ignore ... ok
test.mitmproxy.proxy.test_server.TestHTTPS.test_invalid_http ... ok
test.mitmproxy.proxy.test_server.TestHTTPS.test_large ... ok
test.mitmproxy.proxy.test_server.TestHTTPS.test_sni ... ok
test.mitmproxy.proxy.test_server.TestHTTPS.test_tcp ... ok
test.mitmproxy.proxy.test_server.TestHTTPSAddUpstreamCertsToClientChainFalse.test_add_upstream_certs_to_client_chain ... ok
test.mitmproxy.proxy.test_server.TestHTTPSAddUpstreamCertsToClientChainTrue.test_add_upstream_certs_to_client_chain ... ok
test.mitmproxy.proxy.test_server.TestHTTPSCertfile.test_certfile ... ok
test.mitmproxy.proxy.test_server.TestHTTPSCertfile.test_http ... ok
test.mitmproxy.proxy.test_server.TestHTTPSCertfile.test_invalid_http ... ok
test.mitmproxy.proxy.test_server.TestHTTPSCertfile.test_large ... ok
test.mitmproxy.proxy.test_server.TestHTTPSCertfile.test_sni ... ok
test.mitmproxy.proxy.test_server.TestHTTPSNoCommonName.test_http ... ok
Certificate verification should be turned on by default. ... ok
test.mitmproxy.proxy.test_server.TestHTTPSUpstreamServerVerificationWBadCert.test_no_verification_w_bad_cert ... ok
test.mitmproxy.proxy.test_server.TestHTTPSUpstreamServerVerificationWBadCert.test_verification_w_bad_cert ... ok
test.mitmproxy.proxy.test_server.TestHTTPSUpstreamServerVerificationWTrustedCert.test_verification_w_confdir ... ERROR
test.mitmproxy.proxy.test_server.TestHTTPSUpstreamServerVerificationWTrustedCert.test_verification_w_pemfile ... ERROR
test.mitmproxy.proxy.test_server.TestHttps2Http.test_all ... ok
test.mitmproxy.proxy.test_server.TestHttps2Http.test_http ... ok
test.mitmproxy.proxy.test_server.TestHttps2Http.test_sni ... ok
test.mitmproxy.proxy.test_server.TestIncompleteResponse.test_incomplete ... ok
test.mitmproxy.proxy.test_server.TestKillRequest.test_kill ... ok
test.mitmproxy.proxy.test_server.TestKillResponse.test_kill ... ok
test.mitmproxy.proxy.test_server.TestProxy.test_http ... ok
test.mitmproxy.proxy.test_server.TestProxy.test_request_ip ... ok
test.mitmproxy.proxy.test_server.TestProxy.test_request_tcp_setup_timestamp_presence ... ok
test.mitmproxy.proxy.test_server.TestProxy.test_request_timestamps ... ok
test.mitmproxy.proxy.test_server.TestProxy.test_response_timestamps ... ok
Tests proper functionality of ConnectionHandler.server_reconnect mock. ... ok
test.mitmproxy.proxy.test_server.TestProxySSL.test_request_tls_attribute_presence ... ok
test.mitmproxy.proxy.test_server.TestProxySSL.test_via ... ok
Imagine a single HTTPS connection with three requests: ... ok
test.mitmproxy.proxy.test_server.TestReverse.test_host_header ... ok
test.mitmproxy.proxy.test_server.TestReverse.test_http ... ok
test.mitmproxy.proxy.test_server.TestReverse.test_ignore ... ok
test.mitmproxy.proxy.test_server.TestReverse.test_invalid_http ... ok
test.mitmproxy.proxy.test_server.TestReverse.test_large ... ok
test.mitmproxy.proxy.test_server.TestReverse.test_overridden_host_header ... ok
test.mitmproxy.proxy.test_server.TestReverse.test_selfconnection ... /usr/lib64/python3.6/site-packages/nose/case.py:197: RuntimeWarning: coroutine 'TestReverse.test_selfconnection' was never awaited
  self.test(*self.arg)
ok
test.mitmproxy.proxy.test_server.TestReverse.test_sni ... ok
test.mitmproxy.proxy.test_server.TestReverse.test_tcp ... ok
test.mitmproxy.proxy.test_server.TestReverseSSL.test_http ... ok
test.mitmproxy.proxy.test_server.TestReverseSSL.test_ignore ... ok
test.mitmproxy.proxy.test_server.TestReverseSSL.test_invalid_http ... ok
test.mitmproxy.proxy.test_server.TestReverseSSL.test_large ... ok
test.mitmproxy.proxy.test_server.TestReverseSSL.test_sni ... ok
test.mitmproxy.proxy.test_server.TestReverseSSL.test_tcp ... ok
A replayed/fake response with no upstream_cert should not connect to an upstream server ... /usr/lib64/python3.6/site-packages/nose/case.py:197: RuntimeWarning: coroutine 'TestServerConnect.test_unnecessary_serverconnect' was never awaited
  self.test(*self.arg)
ok
mitmproxy doesn't support UDP or BIND SOCKS CMDs ... ok
test.mitmproxy.proxy.test_server.TestSocks5.test_simple ... ok
test.mitmproxy.proxy.test_server.TestSocks5.test_with_authentication ... ok
test.mitmproxy.proxy.test_server.TestSocks5.test_with_authentication_only ... ok
test.mitmproxy.proxy.test_server.TestSocks5SSL.test_simple ... ok
test.mitmproxy.proxy.test_server.TestStreamRequest.test_stream_chunked ... ok
test.mitmproxy.proxy.test_server.TestStreamRequest.test_stream_multiple ... ok
test.mitmproxy.proxy.test_server.TestStreamRequest.test_stream_simple ... ok
test.mitmproxy.proxy.test_server.TestTransparent.test_http ... ok
test.mitmproxy.proxy.test_server.TestTransparent.test_ignore ... ok
test.mitmproxy.proxy.test_server.TestTransparent.test_invalid_http ... ok
test.mitmproxy.proxy.test_server.TestTransparent.test_large ... ok
test.mitmproxy.proxy.test_server.TestTransparent.test_sni ... ok
test.mitmproxy.proxy.test_server.TestTransparent.test_tcp ... ok
test.mitmproxy.proxy.test_server.TestTransparent.test_tcp_stream_modify ... ERROR
test.mitmproxy.proxy.test_server.TestTransparentResolveError.test_resolve_error ... ok
test.mitmproxy.proxy.test_server.TestTransparentSSL.test_http ... ok
test.mitmproxy.proxy.test_server.TestTransparentSSL.test_ignore ... ok
test.mitmproxy.proxy.test_server.TestTransparentSSL.test_invalid_http ... ok
test.mitmproxy.proxy.test_server.TestTransparentSSL.test_large ... ok
test.mitmproxy.proxy.test_server.TestTransparentSSL.test_sni ... ok
test.mitmproxy.proxy.test_server.TestTransparentSSL.test_sslerr ... ok
test.mitmproxy.proxy.test_server.TestTransparentSSL.test_tcp ... ok
test.mitmproxy.proxy.test_server.TestUpstreamProxy.test_http ... ok
test.mitmproxy.proxy.test_server.TestUpstreamProxy.test_invalid_http ... ok
test.mitmproxy.proxy.test_server.TestUpstreamProxy.test_large ... ok
test.mitmproxy.proxy.test_server.TestUpstreamProxy.test_sni ... ok
test.mitmproxy.proxy.test_server.TestUpstreamProxySSL.test_change_upstream_proxy_connect ... ok
https://github.com/mitmproxy/mitmproxy/issues/2329 ... ok
test.mitmproxy.proxy.test_server.TestUpstreamProxySSL.test_http ... ok
test.mitmproxy.proxy.test_server.TestUpstreamProxySSL.test_ignore ... ok
test.mitmproxy.proxy.test_server.TestUpstreamProxySSL.test_invalid_http ... ok
test.mitmproxy.proxy.test_server.TestUpstreamProxySSL.test_large ... ok
test.mitmproxy.proxy.test_server.TestUpstreamProxySSL.test_simple ... ok
test.mitmproxy.proxy.test_server.TestUpstreamProxySSL.test_sni ... ok
test.mitmproxy.proxy.test_server.TestUpstreamProxySSL.test_tcp ... ok
test.mitmproxy.script.test_concurrent.TestConcurrent.test_concurrent ... ERROR
test.mitmproxy.script.test_concurrent.TestConcurrent.test_concurrent_class ... ERROR
test.mitmproxy.script.test_concurrent.TestConcurrent.test_concurrent_err ... ERROR
test.mitmproxy.tools.console.test_commander.TestCommandBuffer.test_backspace ... ok
test.mitmproxy.tools.console.test_commander.TestCommandBuffer.test_cycle_completion ... ok
test.mitmproxy.tools.console.test_commander.TestCommandBuffer.test_flatten ... ok
test.mitmproxy.tools.console.test_commander.TestCommandBuffer.test_insert ... ok
test.mitmproxy.tools.console.test_commander.TestCommandBuffer.test_left ... ok
test.mitmproxy.tools.console.test_commander.TestCommandBuffer.test_render ... ok
test.mitmproxy.tools.console.test_commander.TestCommandBuffer.test_right ... ok
test.mitmproxy.tools.console.test_commander.TestListCompleter.test_cycle ... ok
test.mitmproxy.tools.console.test_common.test_format_flow ... ok
test.mitmproxy.tools.console.test_common.test_format_keyvals ... ok
test.mitmproxy.tools.console.test_defaultkeys.test_commands_exist ... /usr/lib64/python3.6/site-packages/nose/case.py:197: RuntimeWarning: coroutine 'test_commands_exist' was never awaited
  self.test(*self.arg)
ok
test.mitmproxy.tools.console.test_keymap.test_binding ... ok
test.mitmproxy.tools.console.test_keymap.test_bind ... ok
test.mitmproxy.tools.console.test_keymap.test_join ... ok
test.mitmproxy.tools.console.test_keymap.test_remove ... ok
test.mitmproxy.tools.console.test_keymap.test_load_path ... ERROR
test.mitmproxy.tools.console.test_keymap.test_parse ... ok
test.mitmproxy.tools.console.test_master.TestMaster.test_basic ... /usr/lib64/python3.6/site-packages/nose/case.py:197: RuntimeWarning: coroutine 'TestMaster.test_basic' was never awaited
  self.test(*self.arg)
ok
test.mitmproxy.tools.console.test_palettes.TestPalette.test_helptext ... ok
test.mitmproxy.tools.console.test_statusbar.test_statusbar ... ERROR
test.mitmproxy.tools.console.test_statusbar.test_shorten_message ... ERROR
test.mitmproxy.tools.console.test_statusbar.test_shorten_message_narrow ... ok
test_clear (test.mitmproxy.tools.web.test_app.TestApp) ... ok
test_err (test.mitmproxy.tools.web.test_app.TestApp) ... ok
test_events (test.mitmproxy.tools.web.test_app.TestApp) ... ok
test_filter_help (test.mitmproxy.tools.web.test_app.TestApp) ... ok
test_flow_content (test.mitmproxy.tools.web.test_app.TestApp) ... ok
test_flow_content_view (test.mitmproxy.tools.web.test_app.TestApp) ... ok
test_flow_delete (test.mitmproxy.tools.web.test_app.TestApp) ... ok
test_flow_duplicate (test.mitmproxy.tools.web.test_app.TestApp) ... ok
test_flow_replay (test.mitmproxy.tools.web.test_app.TestApp) ... ok
test_flow_revert (test.mitmproxy.tools.web.test_app.TestApp) ... ok
test_flow_update (test.mitmproxy.tools.web.test_app.TestApp) ... ok
test_flows (test.mitmproxy.tools.web.test_app.TestApp) ... ok
test_flows_dump (test.mitmproxy.tools.web.test_app.TestApp) ... ok
test_index (test.mitmproxy.tools.web.test_app.TestApp) ... ok
test_kill (test.mitmproxy.tools.web.test_app.TestApp) ... ok
test_option_save (test.mitmproxy.tools.web.test_app.TestApp) ... ok
test_option_update (test.mitmproxy.tools.web.test_app.TestApp) ... ok
test_options (test.mitmproxy.tools.web.test_app.TestApp) ... ok
test_resume (test.mitmproxy.tools.web.test_app.TestApp) ... ok
test_settings (test.mitmproxy.tools.web.test_app.TestApp) ... ok
test_settings_update (test.mitmproxy.tools.web.test_app.TestApp) ... ok
test_update_flow_content (test.mitmproxy.tools.web.test_app.TestApp) ... ok
test_update_flow_content_multipart (test.mitmproxy.tools.web.test_app.TestApp) ... ok
test_websocket (test.mitmproxy.tools.web.test_app.TestApp) ... ok
test.mitmproxy.tools.web.test_master.TestWebMaster.test_basic ... /usr/lib64/python3.6/site-packages/nose/case.py:197: RuntimeWarning: coroutine 'TestWebMaster.test_basic' was never awaited
  self.test(*self.arg)
ok
test.mitmproxy.tools.web.test_static_viewer.test_save_static ... ERROR
test.mitmproxy.tools.web.test_static_viewer.test_save_filter_help ... ERROR
test.mitmproxy.tools.web.test_static_viewer.test_save_settings ... ERROR
test.mitmproxy.tools.web.test_static_viewer.test_save_flows ... ERROR
test.mitmproxy.tools.web.test_static_viewer.test_static_viewer ... ERROR
test.mitmproxy.tools.web.test_static_viewer.test_save_flows_content ... ERROR
test.mitmproxy.tools.test_cmdline.test_common ... ok
test.mitmproxy.tools.test_cmdline.test_mitmproxy ... ok
test.mitmproxy.tools.test_cmdline.test_mitmdump ... ok
test.mitmproxy.tools.test_cmdline.test_mitmweb ... ok
test.mitmproxy.tools.test_dump.TestDumpMaster.test_addons_dumper ... ERROR
test.mitmproxy.tools.test_dump.TestDumpMaster.test_addons_termlog ... ERROR
test.mitmproxy.tools.test_dump.TestDumpMaster.test_has_error ... ok
test.mitmproxy.tools.test_main.test_mitmweb ... ERROR
test.mitmproxy.tools.test_main.test_mitmdump ... ERROR
test.mitmproxy.utils.test_arg_check.test_check_args ... ERROR
test.mitmproxy.utils.test_data.test_pkg_data ... ok
test.mitmproxy.utils.test_debug.test_dump_system_info_precompiled ... ERROR
test.mitmproxy.utils.test_debug.test_dump_info ... ok
test.mitmproxy.utils.test_debug.test_dump_stacks ... ok
test.mitmproxy.utils.test_debug.test_register_info_dumpers ... ok
test.mitmproxy.utils.test_human.test_format_timestamp ... ok
test.mitmproxy.utils.test_human.test_format_timestamp_with_milli ... ok
test.mitmproxy.utils.test_human.test_parse_size ... ok
test.mitmproxy.utils.test_human.test_pretty_size ... ok
test.mitmproxy.utils.test_human.test_pretty_duration ... ok
test.mitmproxy.utils.test_human.test_format_address ... ok
test.mitmproxy.utils.test_sliding_window.test_simple ... ok
test.mitmproxy.utils.test_sliding_window.test_is_lazy ... ok
test.mitmproxy.utils.test_strutils.test_always_bytes ... ok
test.mitmproxy.utils.test_strutils.test_always_str ... ok
test.mitmproxy.utils.test_strutils.test_escape_control_characters ... ok
test.mitmproxy.utils.test_strutils.test_bytes_to_escaped_str ... ok
test.mitmproxy.utils.test_strutils.test_escaped_str_to_bytes ... ok
test.mitmproxy.utils.test_strutils.test_is_mostly_bin ... ok
test.mitmproxy.utils.test_strutils.test_is_xml ... ok
test.mitmproxy.utils.test_strutils.test_clean_hanging_newline ... ok
test.mitmproxy.utils.test_strutils.test_hexdump ... ok
test.mitmproxy.utils.test_strutils.test_split_special_areas ... ok
test.mitmproxy.utils.test_strutils.test_escape_special_areas ... ok
test.mitmproxy.utils.test_typecheck.test_check_option_type ... ok
test.mitmproxy.utils.test_typecheck.test_check_union ... ok
test.mitmproxy.utils.test_typecheck.test_check_tuple ... ok
test.mitmproxy.utils.test_typecheck.test_check_sequence ... ok
test.mitmproxy.utils.test_typecheck.test_check_io ... ok
test.mitmproxy.utils.test_typecheck.test_check_any ... ok
test.mitmproxy.utils.test_typecheck.test_typesec_to_str ... ok
test.mitmproxy.utils.test_typecheck.test_mapping_types ... ok
test.mitmproxy.test_addonmanager.test_command ... ok
test.mitmproxy.test_addonmanager.test_halt ... ok
test.mitmproxy.test_addonmanager.test_lifecycle ... /usr/lib64/python3.6/site-packages/nose/case.py:197: RuntimeWarning: coroutine 'test_lifecycle' was never awaited
  self.test(*self.arg)
ok
test.mitmproxy.test_addonmanager.test_defaults ... ok
test.mitmproxy.test_addonmanager.test_loader ... /usr/lib64/python3.6/site-packages/nose/case.py:197: RuntimeWarning: coroutine 'test_loader' was never awaited
  self.test(*self.arg)
ok
test.mitmproxy.test_addonmanager.test_simple ... /usr/lib64/python3.6/site-packages/nose/case.py:197: RuntimeWarning: coroutine 'test_simple' was never awaited
  self.test(*self.arg)
ok
test.mitmproxy.test_addonmanager.test_load_option ... ok
test.mitmproxy.test_addonmanager.test_nesting ... ok
test.mitmproxy.test_certs.TestCert.test_der ... ERROR
test.mitmproxy.test_certs.TestCert.test_err_broken_sans ... ERROR
test.mitmproxy.test_certs.TestCert.test_simple ... ERROR
test.mitmproxy.test_certs.TestCert.test_state ... ERROR
test.mitmproxy.test_certs.TestCertStore.test_create_dhparams ... ERROR
test.mitmproxy.test_certs.TestCertStore.test_create_explicit ... ERROR
test.mitmproxy.test_certs.TestCertStore.test_create_no_common_name ... ERROR
test.mitmproxy.test_certs.TestCertStore.test_create_tmp ... ERROR
test.mitmproxy.test_certs.TestCertStore.test_expire ... ERROR
test.mitmproxy.test_certs.TestCertStore.test_overrides ... ERROR
test.mitmproxy.test_certs.TestCertStore.test_sans ... ERROR
test.mitmproxy.test_certs.TestCertStore.test_sans_change ... ERROR
test.mitmproxy.test_certs.TestDummyCert.test_with_ca ... ERROR
test.mitmproxy.test_command.TestCommand.test_call ... ok
test.mitmproxy.test_command.TestCommand.test_parse_partial ... ok
test.mitmproxy.test_command.TestCommand.test_typecheck ... ok
test.mitmproxy.test_command.TestCommand.test_varargs ... ok
test.mitmproxy.test_command.test_simple ... ok
test.mitmproxy.test_command.test_typename ... ok
test.mitmproxy.test_command.test_parsearg ... ok
This tests for the error thrown by hasattr() ... /usr/lib64/python3.6/site-packages/nose/case.py:197: RuntimeWarning: coroutine 'test_collect_commands' was never awaited
  self.test(*self.arg)
ok
test.mitmproxy.test_command.test_decorator ... ok
test.mitmproxy.test_command.test_verify_arg_signature ... ok
test.mitmproxy.test_connections.TestClientConnection.test_eq ... ok
test.mitmproxy.test_connections.TestClientConnection.test_make_dummy ... ok
test.mitmproxy.test_connections.TestClientConnection.test_repr ... ok
test.mitmproxy.test_connections.TestClientConnection.test_send ... ok
test.mitmproxy.test_connections.TestClientConnection.test_state ... ok
test.mitmproxy.test_connections.TestClientConnection.test_tls_established_property ... ok
test.mitmproxy.test_connections.TestClientConnectionTLS.test_tls_with_sni ... ERROR
test.mitmproxy.test_connections.TestServerConnection.test_eq ... ok
test.mitmproxy.test_connections.TestServerConnection.test_make_dummy ... ok
test.mitmproxy.test_connections.TestServerConnection.test_repr ... ok
test.mitmproxy.test_connections.TestServerConnection.test_send ... ok
test.mitmproxy.test_connections.TestServerConnection.test_simple ... ok
test.mitmproxy.test_connections.TestServerConnection.test_sni ... ok
test.mitmproxy.test_connections.TestServerConnection.test_state ... ok
test.mitmproxy.test_connections.TestServerConnection.test_terminate_error ... ok
test.mitmproxy.test_connections.TestServerConnection.test_tls_established_property ... ok
test.mitmproxy.test_connections.TestServerConnectionTLS.test_tls ... ERROR
test.mitmproxy.test_controller.TestDummyReply.test_del ... ok
test.mitmproxy.test_controller.TestDummyReply.test_reset ... ok
test.mitmproxy.test_controller.TestDummyReply.test_simple ... ok
test.mitmproxy.test_controller.TestReply.test_ack ... ok
test.mitmproxy.test_controller.TestReply.test_commit_no_reply ... ok
test.mitmproxy.test_controller.TestReply.test_del ... ok
test.mitmproxy.test_controller.TestReply.test_double_send ... ok
test.mitmproxy.test_controller.TestReply.test_kill ... ok
test.mitmproxy.test_controller.TestReply.test_reply_none ... ok
test.mitmproxy.test_controller.TestReply.test_simple ... ok
test.mitmproxy.test_controller.TestReply.test_state_transitions ... ok
test.mitmproxy.test_controller.test_master ... /usr/lib64/python3.6/site-packages/nose/case.py:197: RuntimeWarning: coroutine 'test_master' was never awaited
  self.test(*self.arg)
ok
test.mitmproxy.test_eventsequence.test_http_flow ... ERROR
test.mitmproxy.test_eventsequence.test_websocket_flow ... ERROR
test.mitmproxy.test_eventsequence.test_tcp_flow ... ERROR
test.mitmproxy.test_eventsequence.test_invalid ... ok
test.mitmproxy.test_flow.TestError.test_getset_state ... ok
test.mitmproxy.test_flow.TestError.test_repr ... ok
test.mitmproxy.test_flow.TestFlowMaster.test_all ... /usr/lib64/python3.6/site-packages/nose/case.py:197: RuntimeWarning: coroutine 'TestFlowMaster.test_all' was never awaited
  self.test(*self.arg)
ok
test.mitmproxy.test_flow.TestFlowMaster.test_load_http_flow_reverse ... /usr/lib64/python3.6/site-packages/nose/case.py:197: RuntimeWarning: coroutine 'TestFlowMaster.test_load_http_flow_reverse' was never awaited
  self.test(*self.arg)
ok
test.mitmproxy.test_flow.TestFlowMaster.test_load_websocket_flow ... /usr/lib64/python3.6/site-packages/nose/case.py:197: RuntimeWarning: coroutine 'TestFlowMaster.test_load_websocket_flow' was never awaited
  self.test(*self.arg)
ok
_backup may be shared across instances. That should not raise errors. ... ok
test.mitmproxy.test_flow.TestSerialize.test_error ... ok
test.mitmproxy.test_flow.TestSerialize.test_filter ... ok
test.mitmproxy.test_flow.TestSerialize.test_roundtrip ... ok
test.mitmproxy.test_flow.TestSerialize.test_versioncheck ... ok
test.mitmproxy.test_flowfilter.TestMatchingDummyFlow.test_filters ... ok
test.mitmproxy.test_flowfilter.TestMatchingHTTPFlow.test_and ... ok
test.mitmproxy.test_flowfilter.TestMatchingHTTPFlow.test_asset ... ok
test.mitmproxy.test_flowfilter.TestMatchingHTTPFlow.test_body ... ok
test.mitmproxy.test_flowfilter.TestMatchingHTTPFlow.test_code ... ok
test.mitmproxy.test_flowfilter.TestMatchingHTTPFlow.test_domain ... ok
test.mitmproxy.test_flowfilter.TestMatchingHTTPFlow.test_dst ... ok
test.mitmproxy.test_flowfilter.TestMatchingHTTPFlow.test_fcontenttype ... ok
test.mitmproxy.test_flowfilter.TestMatchingHTTPFlow.test_ferr ... ok
test.mitmproxy.test_flowfilter.TestMatchingHTTPFlow.test_fmarked ... ok
test.mitmproxy.test_flowfilter.TestMatchingHTTPFlow.test_freq_fresp ... ok
test.mitmproxy.test_flowfilter.TestMatchingHTTPFlow.test_head ... ok
test.mitmproxy.test_flowfilter.TestMatchingHTTPFlow.test_http ... ok
test.mitmproxy.test_flowfilter.TestMatchingHTTPFlow.test_method ... ok
test.mitmproxy.test_flowfilter.TestMatchingHTTPFlow.test_not ... ok
test.mitmproxy.test_flowfilter.TestMatchingHTTPFlow.test_or ... ok
test.mitmproxy.test_flowfilter.TestMatchingHTTPFlow.test_src ... ok
test.mitmproxy.test_flowfilter.TestMatchingHTTPFlow.test_url ... ok
test.mitmproxy.test_flowfilter.TestMatchingTCPFlow.test_and ... ok
test.mitmproxy.test_flowfilter.TestMatchingTCPFlow.test_body ... ok
test.mitmproxy.test_flowfilter.TestMatchingTCPFlow.test_code ... ok
test.mitmproxy.test_flowfilter.TestMatchingTCPFlow.test_content_type ... ok
test.mitmproxy.test_flowfilter.TestMatchingTCPFlow.test_domain ... ok
test.mitmproxy.test_flowfilter.TestMatchingTCPFlow.test_dst ... ok
test.mitmproxy.test_flowfilter.TestMatchingTCPFlow.test_ferr ... ok
test.mitmproxy.test_flowfilter.TestMatchingTCPFlow.test_headers ... ok
test.mitmproxy.test_flowfilter.TestMatchingTCPFlow.test_method ... ok
test.mitmproxy.test_flowfilter.TestMatchingTCPFlow.test_not ... ok
test.mitmproxy.test_flowfilter.TestMatchingTCPFlow.test_or ... ok
test.mitmproxy.test_flowfilter.TestMatchingTCPFlow.test_request ... ok
test.mitmproxy.test_flowfilter.TestMatchingTCPFlow.test_response ... ok
test.mitmproxy.test_flowfilter.TestMatchingTCPFlow.test_src ... ok
test.mitmproxy.test_flowfilter.TestMatchingTCPFlow.test_tcp ... ok
test.mitmproxy.test_flowfilter.TestMatchingTCPFlow.test_url ... ok
test.mitmproxy.test_flowfilter.TestMatchingWebSocketFlow.test_and ... ok
test.mitmproxy.test_flowfilter.TestMatchingWebSocketFlow.test_body ... ok
test.mitmproxy.test_flowfilter.TestMatchingWebSocketFlow.test_domain ... ok
test.mitmproxy.test_flowfilter.TestMatchingWebSocketFlow.test_dst ... ok
test.mitmproxy.test_flowfilter.TestMatchingWebSocketFlow.test_ferr ... ok
test.mitmproxy.test_flowfilter.TestMatchingWebSocketFlow.test_not ... ok
test.mitmproxy.test_flowfilter.TestMatchingWebSocketFlow.test_or ... ok
test.mitmproxy.test_flowfilter.TestMatchingWebSocketFlow.test_src ... ok
test.mitmproxy.test_flowfilter.TestMatchingWebSocketFlow.test_url ... ok
test.mitmproxy.test_flowfilter.TestMatchingWebSocketFlow.test_websocket ... ok
test.mitmproxy.test_flowfilter.TestParsing.test_binaryops ... ok
test.mitmproxy.test_flowfilter.TestParsing.test_naked_url ... ok
test.mitmproxy.test_flowfilter.TestParsing.test_nesting ... ok
test.mitmproxy.test_flowfilter.TestParsing.test_not ... ok
test.mitmproxy.test_flowfilter.TestParsing.test_parse_err ... ok
test.mitmproxy.test_flowfilter.TestParsing.test_quoting ... ok
test.mitmproxy.test_flowfilter.TestParsing.test_simple ... ok
test.mitmproxy.test_flowfilter.TestParsing.test_wideops ... ok
test.mitmproxy.test_flowfilter.test_match ... ok
https://github.com/mitmproxy/mitmproxy/issues/1087 ... ok
test.mitmproxy.test_fuzzing.TestFuzzy.test_idna_err ... ok
test.mitmproxy.test_fuzzing.TestFuzzy.test_invalid_ipv6_url ... ok
test.mitmproxy.test_fuzzing.TestFuzzy.test_nullbytes ... ok
test.mitmproxy.test_http.TestHTTPFlow.test_backup ... ok
test.mitmproxy.test_http.TestHTTPFlow.test_backup_idempotence ... ok
test.mitmproxy.test_http.TestHTTPFlow.test_copy ... ok
test.mitmproxy.test_http.TestHTTPFlow.test_getset_state ... ok
test.mitmproxy.test_http.TestHTTPFlow.test_intercept ... ok
test.mitmproxy.test_http.TestHTTPFlow.test_kill ... ok
test.mitmproxy.test_http.TestHTTPFlow.test_match ... ok
test.mitmproxy.test_http.TestHTTPFlow.test_replace ... ok
test.mitmproxy.test_http.TestHTTPFlow.test_replace_encoded ... ok
test.mitmproxy.test_http.TestHTTPFlow.test_replace_no_content ... ok
test.mitmproxy.test_http.TestHTTPFlow.test_replace_unicode ... ok
test.mitmproxy.test_http.TestHTTPFlow.test_resume ... ok
test.mitmproxy.test_http.TestHTTPFlow.test_resume_duplicated ... ok
test.mitmproxy.test_http.TestHTTPRequest.test_constrain_encoding ... ok
test.mitmproxy.test_http.TestHTTPRequest.test_get_content_type ... ok
test.mitmproxy.test_http.TestHTTPRequest.test_get_url ... ok
test.mitmproxy.test_http.TestHTTPRequest.test_replace ... ok
test.mitmproxy.test_http.TestHTTPRequest.test_simple ... ok
test.mitmproxy.test_http.TestHTTPResponse.test_get_content_type ... ok
test.mitmproxy.test_http.TestHTTPResponse.test_replace ... ok
test.mitmproxy.test_http.TestHTTPResponse.test_simple ... ok
test.mitmproxy.test_http.test_make_error_response ... ok
test.mitmproxy.test_http.test_make_connect_request ... ok
test.mitmproxy.test_http.test_make_connect_response ... ok
test.mitmproxy.test_http.test_expect_continue_response ... ok
test.mitmproxy.test_log.test_logentry ... ok
test.mitmproxy.test_optmanager.test_defaults ... ok
test.mitmproxy.test_optmanager.test_required_int ... ok
test.mitmproxy.test_optmanager.test_deepcopy ... ok
test.mitmproxy.test_optmanager.test_options ... ok
test.mitmproxy.test_optmanager.test_setter ... ok
test.mitmproxy.test_optmanager.test_toggler ... ok
test.mitmproxy.test_optmanager.test_subscribe ... ok
test.mitmproxy.test_optmanager.test_rollback ... ok
test.mitmproxy.test_optmanager.test_simple ... ok
test.mitmproxy.test_optmanager.test_items ... ok
test.mitmproxy.test_optmanager.test_serialize ... ok
test.mitmproxy.test_optmanager.test_serialize_defaults ... ok
test.mitmproxy.test_optmanager.test_saving ... ERROR
test.mitmproxy.test_optmanager.test_merge ... ok
test.mitmproxy.test_optmanager.test_option ... ok
test.mitmproxy.test_optmanager.test_dump_defaults ... ok
test.mitmproxy.test_optmanager.test_dump_dicts ... ok
test.mitmproxy.test_optmanager.test_make_parser ... ok
test.mitmproxy.test_optmanager.test_set ... ok
test.mitmproxy.test_proxy.TestConnectionHandler.test_fatal_error ... ERROR
test.mitmproxy.test_proxy.TestDummyServer.test_simple ... ok
test.mitmproxy.test_proxy.TestProcessProxyOptions.test_certs ... ERROR
test.mitmproxy.test_proxy.TestProcessProxyOptions.test_simple ... ok
test.mitmproxy.test_proxy.TestProxyServer.test_err ... ok
test.mitmproxy.test_proxy.TestProxyServer.test_err_2 ... ok
test.mitmproxy.test_stateobject.test_simple ... ok
test.mitmproxy.test_stateobject.test_serializable_child ... ok
test.mitmproxy.test_stateobject.test_tuple ... ok
test.mitmproxy.test_stateobject.test_tuple_err ... ok
test.mitmproxy.test_stateobject.test_list ... ok
test.mitmproxy.test_stateobject.test_dict ... ok
test.mitmproxy.test_stateobject.test_any ... ok
test.mitmproxy.test_stateobject.test_too_much_state ... ok
test.mitmproxy.test_stateobject.test_none ... ok
test.mitmproxy.test_taddons.test_recordingmaster ... /usr/lib64/python3.6/site-packages/nose/case.py:197: RuntimeWarning: coroutine 'test_recordingmaster' was never awaited
  self.test(*self.arg)
ok
test.mitmproxy.test_taddons.test_dumplog ... /usr/lib64/python3.6/site-packages/nose/case.py:197: RuntimeWarning: coroutine 'test_dumplog' was never awaited
  self.test(*self.arg)
ok
test.mitmproxy.test_taddons.test_load_script ... ERROR
test.mitmproxy.test_tcp.TestTCPFlow.test_copy ... ok
test.mitmproxy.test_tcp.TestTCPFlow.test_match ... ok
test.mitmproxy.test_tcp.TestTCPFlow.test_repr ... ok
test.mitmproxy.test_types.test_bool ... ok
test.mitmproxy.test_types.test_str ... ok
test.mitmproxy.test_types.test_unknown ... ok
test.mitmproxy.test_types.test_int ... ok
test.mitmproxy.test_types.test_path ... ERROR
test.mitmproxy.test_types.test_cmd ... ok
test.mitmproxy.test_types.test_cutspec ... ok
test.mitmproxy.test_types.test_arg ... ok
test.mitmproxy.test_types.test_strseq ... ok
test.mitmproxy.test_types.test_flow ... ok
test.mitmproxy.test_types.test_flows ... ok
test.mitmproxy.test_types.test_data ... ok
test.mitmproxy.test_types.test_choice ... ok
test.mitmproxy.test_types.test_typemanager ... ok
test.mitmproxy.test_version.test_version ... ERROR
test.mitmproxy.test_version.test_get_version_hardcoded ... ok
test.mitmproxy.test_version.test_get_version ... ok
test.mitmproxy.test_websocket.TestWebSocketFlow.test_copy ... ok
test.mitmproxy.test_websocket.TestWebSocketFlow.test_inject_message ... ok
test.mitmproxy.test_websocket.TestWebSocketFlow.test_kill ... ok
test.mitmproxy.test_websocket.TestWebSocketFlow.test_match ... ok
test.mitmproxy.test_websocket.TestWebSocketFlow.test_message_kill ... ok
test.mitmproxy.test_websocket.TestWebSocketFlow.test_repr ... ok
test.mitmproxy.test_websocket.TestWebSocketFlow.test_serialize ... ok
test.pathod.language.test_actions.TestDisconnects.test_at ... ok
test.pathod.language.test_actions.TestDisconnects.test_parse_pathod ... ok
test.pathod.language.test_actions.TestDisconnects.test_spec ... ok
test.pathod.language.test_actions.TestInject.test_at ... ok
test.pathod.language.test_actions.TestInject.test_parse_pathod ... ok
test.pathod.language.test_actions.TestInject.test_serve ... ok
test.pathod.language.test_actions.TestInject.test_spec ... ok
test.pathod.language.test_actions.TestInject.test_spec2 ... ok
test.pathod.language.test_actions.TestPauses.test_freeze ... ok
test.pathod.language.test_actions.TestPauses.test_parse_pathod ... ok
test.pathod.language.test_actions.TestPauses.test_request ... ok
test.pathod.language.test_actions.TestPauses.test_spec ... ok
test.pathod.language.test_actions.Test_Action.test_cmp ... ok
test.pathod.language.test_actions.Test_Action.test_freeze ... ok
test.pathod.language.test_actions.Test_Action.test_repr ... ok
test.pathod.language.test_actions.Test_Action.test_resolve ... ok
test.pathod.language.test_actions.test_unique_name ... ok
test.pathod.language.test_base.TestKeyValue.test_freeze ... ok
test.pathod.language.test_base.TestKeyValue.test_simple ... ok
test.pathod.language.test_base.TestMisc.test_fixedlengthvalue ... ERROR
test.pathod.language.test_base.TestMisc.test_generators ... ok
test.pathod.language.test_base.TestMisc.test_value ... ok
test.pathod.language.test_base.TestMisc.test_value2 ... ok
test.pathod.language.test_base.TestTokValueFile.test_access_control ... ERROR
test.pathod.language.test_base.TestTokValueFile.test_file_value ... ok
test.pathod.language.test_base.TestTokValueFile.test_freeze ... ok
test.pathod.language.test_base.TestTokValueFile.test_spec ... ok
test.pathod.language.test_base.TestTokValueGenerate.test_basic ... ok
test.pathod.language.test_base.TestTokValueGenerate.test_freeze ... ok
test.pathod.language.test_base.TestTokValueGenerate.test_spec ... ok
test.pathod.language.test_base.TestTokValueLiteral.test_expr ... ok
test.pathod.language.test_base.TestTokValueLiteral.test_roundtrip ... ok
test.pathod.language.test_base.TestTokValueLiteral.test_spec ... ok
test.pathod.language.test_base.TestTokValueNakedLiteral.test_expr ... ok
test.pathod.language.test_base.TestTokValueNakedLiteral.test_spec ... ok
test.pathod.language.test_base.test_times ... ok
test.pathod.language.test_base.test_caseless_literal ... ok
test.pathod.language.test_base.test_intfield ... ok
test.pathod.language.test_base.test_options_or_value ... ok
test.pathod.language.test_base.test_integer ... ok
test.pathod.language.test_base.test_unique_name ... ok
test.pathod.language.test_generators.test_randomgenerator ... ok
test.pathod.language.test_generators.test_filegenerator ... ERROR
test.pathod.language.test_generators.test_transform_generator ... ok
test.pathod.language.test_http.TestRequest.test_err ... ok
test.pathod.language.test_http.TestRequest.test_freeze ... ok
test.pathod.language.test_http.TestRequest.test_multiline ... ok
test.pathod.language.test_http.TestRequest.test_multiple ... ok
test.pathod.language.test_http.TestRequest.test_nested_response ... ok
test.pathod.language.test_http.TestRequest.test_nonascii ... ok
test.pathod.language.test_http.TestRequest.test_path_generator ... ok
test.pathod.language.test_http.TestRequest.test_render ... ok
test.pathod.language.test_http.TestRequest.test_simple ... ok
test.pathod.language.test_http.TestRequest.test_spec ... ok
test.pathod.language.test_http.TestRequest.test_websocket ... ok
test.pathod.language.test_http.TestResponse.test_length ... ok
test.pathod.language.test_http.TestResponse.test_maximum_length ... ok
test.pathod.language.test_http.TestResponse.test_nonascii ... ok
test.pathod.language.test_http.TestResponse.test_parse_err ... ok
test.pathod.language.test_http.TestResponse.test_parse_header ... ok
test.pathod.language.test_http.TestResponse.test_parse_pause_after ... ok
test.pathod.language.test_http.TestResponse.test_parse_pause_before ... ok
test.pathod.language.test_http.TestResponse.test_parse_pause_random ... ok
test.pathod.language.test_http.TestResponse.test_parse_stress ... ok
test.pathod.language.test_http.TestResponse.test_raw ... ok
test.pathod.language.test_http.TestResponse.test_render ... ok
test.pathod.language.test_http.TestResponse.test_response ... ok
test.pathod.language.test_http.TestResponse.test_spec ... ok
test.pathod.language.test_http.TestResponse.test_websockets ... ok
test.pathod.language.test_http.test_make_error_response ... ok
test.pathod.language.test_http.test_ctype_shortcut ... ok
test.pathod.language.test_http.test_location_shortcut ... ok
test.pathod.language.test_http.test_shortcuts ... ok
test.pathod.language.test_http.test_user_agent ... ok
test.pathod.language.test_http.test_nested_response ... ok
test.pathod.language.test_http.test_nested_response_freeze ... ok
test.pathod.language.test_http.test_unique_components ... ok
test.pathod.language.test_http2.TestRequest.test_cached_values ... ok
test.pathod.language.test_http2.TestRequest.test_content_type ... ok
test.pathod.language.test_http2.TestRequest.test_err ... ok
test.pathod.language.test_http2.TestRequest.test_multiple ... ok
test.pathod.language.test_http2.TestRequest.test_nested_response ... ok
test.pathod.language.test_http2.TestRequest.test_nonascii ... ok
test.pathod.language.test_http2.TestRequest.test_raw_content_length ... ok
test.pathod.language.test_http2.TestRequest.test_render_simple ... ok
test.pathod.language.test_http2.TestRequest.test_render_with_body ... ok
test.pathod.language.test_http2.TestRequest.test_render_with_headers ... ok
test.pathod.language.test_http2.TestRequest.test_simple ... ok
test.pathod.language.test_http2.TestRequest.test_spec ... ok
test.pathod.language.test_http2.TestRequest.test_user_agent ... ok
test.pathod.language.test_http2.TestResponse.test_cached_values ... ok
test.pathod.language.test_http2.TestResponse.test_content_type ... ok
test.pathod.language.test_http2.TestResponse.test_err ... ok
test.pathod.language.test_http2.TestResponse.test_nonascii ... ok
test.pathod.language.test_http2.TestResponse.test_raw_content_length ... ok
test.pathod.language.test_http2.TestResponse.test_render_simple ... ok
test.pathod.language.test_http2.TestResponse.test_render_with_body ... ok
test.pathod.language.test_http2.TestResponse.test_render_with_headers ... ok
test.pathod.language.test_http2.TestResponse.test_simple ... ok
test.pathod.language.test_http2.TestResponse.test_spec ... ok
test.pathod.language.test_http2.test_make_error_response ... ok
test.pathod.language.test_websockets.TestWebsocketFrame.test_client_values ... ok
test.pathod.language.test_websockets.TestWebsocketFrame.test_construction ... ok
test.pathod.language.test_websockets.TestWebsocketFrame.test_construction_2 ... ok
test.pathod.language.test_websockets.TestWebsocketFrame.test_flags ... ok
test.pathod.language.test_websockets.TestWebsocketFrame.test_knone ... ok
test.pathod.language.test_websockets.TestWebsocketFrame.test_length ... ok
test.pathod.language.test_websockets.TestWebsocketFrame.test_nested_frame ... ok
test.pathod.language.test_websockets.TestWebsocketFrame.test_parse_websocket_frames ... ok
test.pathod.language.test_websockets.TestWebsocketFrame.test_rawbody ... ok
test.pathod.language.test_websockets.TestWebsocketFrame.test_server_values ... ok
test.pathod.language.test_writer.test_send_chunk ... ok
test.pathod.language.test_writer.test_write_values_inject ... ok
test.pathod.language.test_writer.test_write_values_disconnects ... ok
test.pathod.language.test_writer.test_write_values ... ok
test.pathod.language.test_writer.test_write_values_pauses ... ok
test.pathod.language.test_writer.test_write_values_after ... ok
test.pathod.protocols.test_http2.TestApplySettings.test_apply_settings ... ok
test.pathod.protocols.test_http2.TestAssembleRequest.test_request_simple ... ok
test.pathod.protocols.test_http2.TestAssembleRequest.test_request_with_body ... ok
test.pathod.protocols.test_http2.TestAssembleRequest.test_request_with_stream_id ... ok
test.pathod.protocols.test_http2.TestAssembleResponse.test_simple ... ok
test.pathod.protocols.test_http2.TestAssembleResponse.test_with_body ... ok
test.pathod.protocols.test_http2.TestAssembleResponse.test_with_stream_id ... ok
test.pathod.protocols.test_http2.TestCheckALPNMatch.test_check_alpn ... ok
test.pathod.protocols.test_http2.TestCheckALPNMismatch.test_check_alpn ... ok
test.pathod.protocols.test_http2.TestClientStreamIds.test_client_stream_ids ... ok
test.pathod.protocols.test_http2.TestCreateBody.test_create_body_empty ... ok
test.pathod.protocols.test_http2.TestCreateBody.test_create_body_multiple_frames ... ok
test.pathod.protocols.test_http2.TestCreateBody.test_create_body_single_frame ... ok
test.pathod.protocols.test_http2.TestCreateHeaders.test_create_headers ... ok
test.pathod.protocols.test_http2.TestCreateHeaders.test_create_headers_multiple_frames ... ok
test.pathod.protocols.test_http2.TestPerformClientConnectionPreface.test_perform_client_connection_preface ... ok
test.pathod.protocols.test_http2.TestPerformServerConnectionPreface.test_perform_server_connection_preface ... ok
test.pathod.protocols.test_http2.TestProtocol.test_perform_connection_preface ... ok
test.pathod.protocols.test_http2.TestProtocol.test_perform_connection_preface_server ... ok
test.pathod.protocols.test_http2.TestReadEmptyResponse.test_read_empty_response ... ok
test.pathod.protocols.test_http2.TestReadRequest.test_read_request ... ok
test.pathod.protocols.test_http2.TestReadRequestAbsolute.test_absolute_form ... ok
test.pathod.protocols.test_http2.TestReadRequestRelative.test_asterisk_form ... ok
test.pathod.protocols.test_http2.TestReadResponse.test_read_response ... ok
test.pathod.protocols.test_http2.TestTCPHandlerWrapper.test_direct ... ok
test.pathod.protocols.test_http2.TestTCPHandlerWrapper.test_wrapped ... ok
test.pathod.protocols.test_http2.TestserverstreamIds.test_server_stream_ids ... ok
test.pathod.test_log.test_disconnect ... ok
test.pathod.test_pathoc.TestDaemon.test_conn_err ... ok
test.pathod.test_pathoc.TestDaemon.test_connect_fail ... ok
test.pathod.test_pathoc.TestDaemon.test_explain ... ok
test.pathod.test_pathoc.TestDaemon.test_ignorecodes ... ok
test.pathod.test_pathoc.TestDaemon.test_showreq ... ok
test.pathod.test_pathoc.TestDaemon.test_showresp ... ok
test.pathod.test_pathoc.TestDaemon.test_showresp_httperr ... ok
test.pathod.test_pathoc.TestDaemon.test_showssl ... ok
test.pathod.test_pathoc.TestDaemon.test_socks_connect ... ok
test.pathod.test_pathoc.TestDaemon.test_ssl_error ... ok
test.pathod.test_pathoc.TestDaemon.test_wait_finish ... ok
test.pathod.test_pathoc.TestDaemon.test_websocket_shutdown ... ok
test.pathod.test_pathoc.TestDaemonHTTP2.test_http2 ... ok
test.pathod.test_pathoc.TestDaemonHTTP2.test_http2_alpn ... ok
test.pathod.test_pathoc.TestDaemonHTTP2.test_request ... ok
test.pathod.test_pathoc.TestDaemonSSL.test_clientcert ... ERROR
test.pathod.test_pathoc.TestDaemonSSL.test_http2_without_ssl ... ok
test.pathod.test_pathoc.TestDaemonSSL.test_showssl ... ok
test.pathod.test_pathoc.TestDaemonSSL.test_sni ... ok
test.pathod.test_pathoc.test_response ... ok
test.pathod.test_pathoc_cmdline.test_pathoc ... ERROR
test.pathod.test_pathod.TestCustomCert.test_connect ... ok
test.pathod.test_pathod.TestDaemon.test_access_denied ... ok
test.pathod.test_pathod.TestDaemon.test_anchor ... ok
test.pathod.test_pathod.TestDaemon.test_binarydata ... ok
test.pathod.test_pathod.TestDaemon.test_connect ... ok
test.pathod.test_pathod.TestDaemon.test_connect_err ... ok
test.pathod.test_pathod.TestDaemon.test_disconnect ... ok
test.pathod.test_pathod.TestDaemon.test_invalid_content_length ... ok
test.pathod.test_pathod.TestDaemon.test_invalid_first_line ... ok
test.pathod.test_pathod.TestDaemon.test_invalid_headers ... ok
test.pathod.test_pathod.TestDaemon.test_logs ... ok
test.pathod.test_pathod.TestDaemon.test_parserr ... ok
test.pathod.test_pathod.TestDaemon.test_preline ... ok
test.pathod.test_pathod.TestDaemon.test_proxy ... ok
test.pathod.test_pathod.TestDaemon.test_sizelimit ... ok
test.pathod.test_pathod.TestDaemon.test_source_access_denied ... ok
test.pathod.test_pathod.TestDaemon.test_static ... ok
test.pathod.test_pathod.TestDaemon.test_websocket ... ok
test.pathod.test_pathod.TestDaemon.test_websocket_frame ... ok
test.pathod.test_pathod.TestDaemon.test_websocket_frame_disconnect_error ... ok
test.pathod.test_pathod.TestDaemon.test_websocket_frame_reflect_error ... ok
test.pathod.test_pathod.TestDaemonSSL.test_access_denied ... ok
test.pathod.test_pathod.TestDaemonSSL.test_anchor ... ok
test.pathod.test_pathod.TestDaemonSSL.test_binarydata ... ok
test.pathod.test_pathod.TestDaemonSSL.test_disconnect ... ok
test.pathod.test_pathod.TestDaemonSSL.test_invalid_content_length ... ok
test.pathod.test_pathod.TestDaemonSSL.test_invalid_first_line ... ok
test.pathod.test_pathod.TestDaemonSSL.test_invalid_headers ... ok
test.pathod.test_pathod.TestDaemonSSL.test_logs ... ok
test.pathod.test_pathod.TestDaemonSSL.test_parserr ... ok
test.pathod.test_pathod.TestDaemonSSL.test_preline ... ok
test.pathod.test_pathod.TestDaemonSSL.test_proxy ... ok
test.pathod.test_pathod.TestDaemonSSL.test_sizelimit ... ok
test.pathod.test_pathod.TestDaemonSSL.test_source_access_denied ... ok
test.pathod.test_pathod.TestDaemonSSL.test_ssl_cipher ... ok
test.pathod.test_pathod.TestDaemonSSL.test_ssl_conn_failure ... ok
test.pathod.test_pathod.TestDaemonSSL.test_static ... ok
test.pathod.test_pathod.TestDaemonSSL.test_websocket ... ok
test.pathod.test_pathod.TestDaemonSSL.test_websocket_frame ... ok
test.pathod.test_pathod.TestDaemonSSL.test_websocket_frame_disconnect_error ... ok
test.pathod.test_pathod.TestDaemonSSL.test_websocket_frame_reflect_error ... ok
test.pathod.test_pathod.TestHTTP2.test_http2 ... ok
test.pathod.test_pathod.TestHexdump.test_hexdump ... ok
test.pathod.test_pathod.TestNocraft.test_nocraft ... ok
test.pathod.test_pathod.TestNohang.test_nohang ... ok
test.pathod.test_pathod.TestNotAfterConnect.test_connect ... ok
test.pathod.test_pathod.TestPathod.test_logging ... ok
test.pathod.test_pathod.TestSSLCN.test_connect ... ok
test.pathod.test_pathod.TestTimeout.test_timeout ... ok
test.pathod.test_pathod_cmdline.test_parse_anchor_spec ... ok
test.pathod.test_pathod_cmdline.test_pathod ... ERROR
test.pathod.test_test.TestDaemonManual.test_simple ... ok
test.pathod.test_test.TestDaemonManual.test_startstop_ssl ... ERROR
test.pathod.test_utils.test_membool ... ok
test.pathod.test_utils.test_data_path ... ok

======================================================================
ERROR: test.examples.test_examples.TestScripts.test_add_header
----------------------------------------------------------------------
Traceback (most recent call last):
  File "/usr/lib64/python3.6/site-packages/nose/case.py", line 197, in runTest
    self.test(*self.arg)
TypeError: test_add_header() missing 1 required positional argument: 'tdata'
-------------------- >> begin captured logging << --------------------
passlib.utils.compat: DEBUG: loaded lazy attr 'SafeConfigParser': <class 'configparser.ConfigParser'>
passlib.utils.compat: DEBUG: loaded lazy attr 'NativeStringIO': <class '_io.StringIO'>
passlib.utils.compat: DEBUG: loaded lazy attr 'BytesIO': <class '_io.BytesIO'>
passlib.registry: DEBUG: registered 'htdigest' handler: <class 'passlib.handlers.digests.htdigest'>
passlib.registry: DEBUG: registered 'bcrypt' handler: <class 'passlib.handlers.bcrypt.bcrypt'>
passlib.registry: DEBUG: registered 'sha256_crypt' handler: <class 'passlib.handlers.sha2_crypt.sha256_crypt'>
passlib.handlers.bcrypt: DEBUG: detected 'bcrypt' backend, version '3.1.3'
passlib.handlers.bcrypt: DEBUG: 'bcrypt' backend lacks $2$ support, enabling workaround
passlib.registry: DEBUG: registered 'sha512_crypt' handler: <class 'passlib.handlers.sha2_crypt.sha512_crypt'>
passlib.registry: DEBUG: registered 'sha1_crypt' handler: <class 'passlib.handlers.sha1_crypt.sha1_crypt'>
passlib.registry: DEBUG: registered 'md5_crypt' handler: <class 'passlib.handlers.md5_crypt.md5_crypt'>
passlib.registry: DEBUG: registered 'bsdi_crypt' handler: <class 'passlib.handlers.des_crypt.bsdi_crypt'>
passlib.registry: DEBUG: registered 'des_crypt' handler: <class 'passlib.handlers.des_crypt.des_crypt'>
passlib.registry: DEBUG: registered 'apr_md5_crypt' handler: <class 'passlib.handlers.md5_crypt.apr_md5_crypt'>
passlib.registry: DEBUG: registered 'ldap_sha1' handler: <class 'passlib.handlers.ldap_digests.ldap_sha1'>
passlib.registry: DEBUG: registered 'plaintext' handler: <class 'passlib.handlers.misc.plaintext'>
--------------------- >> end captured logging << ---------------------

======================================================================
ERROR: test.examples.test_examples.TestScripts.test_custom_contentviews
----------------------------------------------------------------------
Traceback (most recent call last):
  File "/usr/lib64/python3.6/site-packages/nose/case.py", line 197, in runTest
    self.test(*self.arg)
TypeError: test_custom_contentviews() missing 1 required positional argument: 'tdata'

======================================================================
ERROR: test.examples.test_examples.TestScripts.test_dns_spoofing
----------------------------------------------------------------------
Traceback (most recent call last):
  File "/usr/lib64/python3.6/site-packages/nose/case.py", line 197, in runTest
    self.test(*self.arg)
TypeError: test_dns_spoofing() missing 1 required positional argument: 'tdata'

======================================================================
ERROR: test.examples.test_examples.TestScripts.test_iframe_injector
----------------------------------------------------------------------
Traceback (most recent call last):
  File "/usr/lib64/python3.6/site-packages/nose/case.py", line 197, in runTest
    self.test(*self.arg)
TypeError: test_iframe_injector() missing 1 required positional argument: 'tdata'

======================================================================
ERROR: test.examples.test_examples.TestScripts.test_modify_form
----------------------------------------------------------------------
Traceback (most recent call last):
  File "/usr/lib64/python3.6/site-packages/nose/case.py", line 197, in runTest
    self.test(*self.arg)
TypeError: test_modify_form() missing 1 required positional argument: 'tdata'

======================================================================
ERROR: test.examples.test_examples.TestScripts.test_modify_querystring
----------------------------------------------------------------------
Traceback (most recent call last):
  File "/usr/lib64/python3.6/site-packages/nose/case.py", line 197, in runTest
    self.test(*self.arg)
TypeError: test_modify_querystring() missing 1 required positional argument: 'tdata'

======================================================================
ERROR: test.examples.test_examples.TestScripts.test_redirect_requests
----------------------------------------------------------------------
Traceback (most recent call last):
  File "/usr/lib64/python3.6/site-packages/nose/case.py", line 197, in runTest
    self.test(*self.arg)
TypeError: test_redirect_requests() missing 1 required positional argument: 'tdata'

======================================================================
ERROR: test.examples.test_examples.TestScripts.test_send_reply_from_proxy
----------------------------------------------------------------------
Traceback (most recent call last):
  File "/usr/lib64/python3.6/site-packages/nose/case.py", line 197, in runTest
    self.test(*self.arg)
TypeError: test_send_reply_from_proxy() missing 1 required positional argument: 'tdata'

======================================================================
ERROR: test.examples.test_har_dump.TestHARDump.test_base64
----------------------------------------------------------------------
Traceback (most recent call last):
  File "/usr/lib64/python3.6/site-packages/nose/case.py", line 197, in runTest
    self.test(*self.arg)
TypeError: test_base64() missing 2 required positional arguments: 'tmpdir' and 'tdata'

======================================================================
ERROR: test.examples.test_har_dump.TestHARDump.test_binary
----------------------------------------------------------------------
Traceback (most recent call last):
  File "/usr/lib64/python3.6/site-packages/nose/case.py", line 197, in runTest
    self.test(*self.arg)
TypeError: test_binary() missing 2 required positional arguments: 'tmpdir' and 'tdata'

======================================================================
ERROR: test.examples.test_har_dump.TestHARDump.test_format_cookies
----------------------------------------------------------------------
Traceback (most recent call last):
  File "/usr/lib64/python3.6/site-packages/nose/case.py", line 197, in runTest
    self.test(*self.arg)
TypeError: test_format_cookies() missing 1 required positional argument: 'tdata'

======================================================================
ERROR: test.examples.test_har_dump.TestHARDump.test_simple
----------------------------------------------------------------------
Traceback (most recent call last):
  File "/usr/lib64/python3.6/site-packages/nose/case.py", line 197, in runTest
    self.test(*self.arg)
TypeError: test_simple() missing 2 required positional arguments: 'tmpdir' and 'tdata'

======================================================================
ERROR: test.examples.test_xss_scanner.TestXSSScanner.test_find_unclaimed_URLs
----------------------------------------------------------------------
Traceback (most recent call last):
  File "/usr/lib64/python3.6/site-packages/nose/case.py", line 197, in runTest
    self.test(*self.arg)
TypeError: test_find_unclaimed_URLs() missing 2 required positional arguments: 'monkeypatch' and 'logger'

======================================================================
ERROR: test.examples.test_xss_scanner.TestXSSScanner.test_log_SQLi_data
----------------------------------------------------------------------
Traceback (most recent call last):
  File "/usr/lib64/python3.6/site-packages/nose/case.py", line 197, in runTest
    self.test(*self.arg)
TypeError: test_log_SQLi_data() missing 2 required positional arguments: 'monkeypatch' and 'logger'

======================================================================
ERROR: test.examples.test_xss_scanner.TestXSSScanner.test_log_XSS_data
----------------------------------------------------------------------
Traceback (most recent call last):
  File "/usr/lib64/python3.6/site-packages/nose/case.py", line 197, in runTest
    self.test(*self.arg)
TypeError: test_log_XSS_data() missing 2 required positional arguments: 'monkeypatch' and 'logger'

======================================================================
ERROR: test.examples.test_xss_scanner.TestXSSScanner.test_response
----------------------------------------------------------------------
Traceback (most recent call last):
  File "/usr/lib64/python3.6/site-packages/nose/case.py", line 197, in runTest
    self.test(*self.arg)
TypeError: test_response() missing 2 required positional arguments: 'monkeypatch' and 'logger'

======================================================================
ERROR: test.examples.test_xss_scanner.TestXSSScanner.test_test_end_of_url_injection
----------------------------------------------------------------------
Traceback (most recent call last):
  File "/usr/lib64/python3.6/site-packages/nose/case.py", line 197, in runTest
    self.test(*self.arg)
TypeError: test_test_end_of_url_injection() missing 1 required positional argument: 'monkeypatch'

======================================================================
ERROR: test.examples.test_xss_scanner.TestXSSScanner.test_test_query_injection
----------------------------------------------------------------------
Traceback (most recent call last):
  File "/usr/lib64/python3.6/site-packages/nose/case.py", line 197, in runTest
    self.test(*self.arg)
TypeError: test_test_query_injection() missing 1 required positional argument: 'monkeypatch'

======================================================================
ERROR: test.examples.test_xss_scanner.TestXSSScanner.test_test_referer_injection
----------------------------------------------------------------------
Traceback (most recent call last):
  File "/usr/lib64/python3.6/site-packages/nose/case.py", line 197, in runTest
    self.test(*self.arg)
TypeError: test_test_referer_injection() missing 1 required positional argument: 'monkeypatch'

======================================================================
ERROR: test.examples.test_xss_scanner.TestXSSScanner.test_test_user_agent_injection
----------------------------------------------------------------------
Traceback (most recent call last):
  File "/usr/lib64/python3.6/site-packages/nose/case.py", line 197, in runTest
    self.test(*self.arg)
TypeError: test_test_user_agent_injection() missing 1 required positional argument: 'monkeypatch'

======================================================================
ERROR: test.mitmproxy.addons.test_block.test_block_global
----------------------------------------------------------------------
Traceback (most recent call last):
  File "/usr/lib64/python3.6/site-packages/nose/case.py", line 197, in runTest
    self.test(*self.arg)
TypeError: test_block_global() missing 4 required positional arguments: 'block_global', 'block_private', 'should_be_killed', and 'address'

======================================================================
ERROR: test.mitmproxy.addons.test_check_ca.TestCheckCA.test_check_ca
----------------------------------------------------------------------
Traceback (most recent call last):
  File "/usr/lib64/python3.6/site-packages/nose/case.py", line 197, in runTest
    self.test(*self.arg)
TypeError: test_check_ca() missing 1 required positional argument: 'expired'

======================================================================
ERROR: test.mitmproxy.addons.test_clientplayback.TestClientPlayback.test_configure
----------------------------------------------------------------------
Traceback (most recent call last):
  File "/usr/lib64/python3.6/site-packages/nose/case.py", line 197, in runTest
    self.test(*self.arg)
TypeError: test_configure() missing 1 required positional argument: 'tmpdir'

======================================================================
ERROR: test.mitmproxy.addons.test_clientplayback.TestClientPlayback.test_load_file
----------------------------------------------------------------------
Traceback (most recent call last):
  File "/usr/lib64/python3.6/site-packages/nose/case.py", line 197, in runTest
    self.test(*self.arg)
TypeError: test_load_file() missing 1 required positional argument: 'tmpdir'

======================================================================
ERROR: test.mitmproxy.addons.test_core.test_options
----------------------------------------------------------------------
Traceback (most recent call last):
  File "/usr/lib64/python3.6/site-packages/nose/case.py", line 197, in runTest
    self.test(*self.arg)
TypeError: test_options() missing 1 required positional argument: 'tmpdir'

======================================================================
ERROR: test.mitmproxy.addons.test_core.test_client_certs
----------------------------------------------------------------------
Traceback (most recent call last):
  File "/usr/lib64/python3.6/site-packages/nose/case.py", line 197, in runTest
    self.test(*self.arg)
TypeError: test_client_certs() missing 1 required positional argument: 'tdata'

======================================================================
ERROR: test.mitmproxy.addons.test_cut.test_extract
----------------------------------------------------------------------
Traceback (most recent call last):
  File "/usr/lib64/python3.6/site-packages/nose/case.py", line 197, in runTest
    self.test(*self.arg)
TypeError: test_extract() missing 1 required positional argument: 'tdata'

======================================================================
ERROR: test.mitmproxy.addons.test_cut.test_cut_save
----------------------------------------------------------------------
Traceback (most recent call last):
  File "/usr/lib64/python3.6/site-packages/nose/case.py", line 197, in runTest
    self.test(*self.arg)
TypeError: test_cut_save() missing 1 required positional argument: 'tmpdir'

======================================================================
ERROR: test.mitmproxy.addons.test_cut.test_cut_save_open
----------------------------------------------------------------------
Traceback (most recent call last):
  File "/usr/lib64/python3.6/site-packages/nose/case.py", line 197, in runTest
    self.test(*self.arg)
TypeError: test_cut_save_open() missing 3 required positional arguments: 'exception', 'log_message', and 'tmpdir'

======================================================================
ERROR: test.mitmproxy.addons.test_export.TestExportCurlCommand.test_get
----------------------------------------------------------------------
Traceback (most recent call last):
  File "/usr/lib64/python3.6/site-packages/nose/case.py", line 197, in runTest
    self.test(*self.arg)
TypeError: test_get() missing 1 required positional argument: 'get_request'

======================================================================
ERROR: test.mitmproxy.addons.test_export.TestExportCurlCommand.test_patch
----------------------------------------------------------------------
Traceback (most recent call last):
  File "/usr/lib64/python3.6/site-packages/nose/case.py", line 197, in runTest
    self.test(*self.arg)
TypeError: test_patch() missing 1 required positional argument: 'patch_request'

======================================================================
ERROR: test.mitmproxy.addons.test_export.TestExportCurlCommand.test_post
----------------------------------------------------------------------
Traceback (most recent call last):
  File "/usr/lib64/python3.6/site-packages/nose/case.py", line 197, in runTest
    self.test(*self.arg)
TypeError: test_post() missing 1 required positional argument: 'post_request'

======================================================================
ERROR: test.mitmproxy.addons.test_export.TestExportCurlCommand.test_tcp
----------------------------------------------------------------------
Traceback (most recent call last):
  File "/usr/lib64/python3.6/site-packages/nose/case.py", line 197, in runTest
    self.test(*self.arg)
TypeError: test_tcp() missing 1 required positional argument: 'tcp_flow'

======================================================================
ERROR: test.mitmproxy.addons.test_export.TestExportHttpieCommand.test_get
----------------------------------------------------------------------
Traceback (most recent call last):
  File "/usr/lib64/python3.6/site-packages/nose/case.py", line 197, in runTest
    self.test(*self.arg)
TypeError: test_get() missing 1 required positional argument: 'get_request'

======================================================================
ERROR: test.mitmproxy.addons.test_export.TestExportHttpieCommand.test_patch
----------------------------------------------------------------------
Traceback (most recent call last):
  File "/usr/lib64/python3.6/site-packages/nose/case.py", line 197, in runTest
    self.test(*self.arg)
TypeError: test_patch() missing 1 required positional argument: 'patch_request'

======================================================================
ERROR: test.mitmproxy.addons.test_export.TestExportHttpieCommand.test_post
----------------------------------------------------------------------
Traceback (most recent call last):
  File "/usr/lib64/python3.6/site-packages/nose/case.py", line 197, in runTest
    self.test(*self.arg)
TypeError: test_post() missing 1 required positional argument: 'post_request'

======================================================================
ERROR: test.mitmproxy.addons.test_export.TestExportHttpieCommand.test_tcp
----------------------------------------------------------------------
Traceback (most recent call last):
  File "/usr/lib64/python3.6/site-packages/nose/case.py", line 197, in runTest
    self.test(*self.arg)
TypeError: test_tcp() missing 1 required positional argument: 'tcp_flow'

======================================================================
ERROR: test.mitmproxy.addons.test_export.TestRaw.test_get
----------------------------------------------------------------------
Traceback (most recent call last):
  File "/usr/lib64/python3.6/site-packages/nose/case.py", line 197, in runTest
    self.test(*self.arg)
TypeError: test_get() missing 1 required positional argument: 'get_request'

======================================================================
ERROR: test.mitmproxy.addons.test_export.TestRaw.test_tcp
----------------------------------------------------------------------
Traceback (most recent call last):
  File "/usr/lib64/python3.6/site-packages/nose/case.py", line 197, in runTest
    self.test(*self.arg)
TypeError: test_tcp() missing 1 required positional argument: 'tcp_flow'

======================================================================
ERROR: test.mitmproxy.addons.test_export.test_export
----------------------------------------------------------------------
Traceback (most recent call last):
  File "/usr/lib64/python3.6/site-packages/nose/case.py", line 197, in runTest
    self.test(*self.arg)
TypeError: test_export() missing 1 required positional argument: 'tmpdir'

======================================================================
ERROR: test.mitmproxy.addons.test_export.test_export_open
----------------------------------------------------------------------
Traceback (most recent call last):
  File "/usr/lib64/python3.6/site-packages/nose/case.py", line 197, in runTest
    self.test(*self.arg)
TypeError: test_export_open() missing 3 required positional arguments: 'exception', 'log_message', and 'tmpdir'

======================================================================
ERROR: test.mitmproxy.addons.test_export.test_clip
----------------------------------------------------------------------
Traceback (most recent call last):
  File "/usr/lib64/python3.6/site-packages/nose/case.py", line 197, in runTest
    self.test(*self.arg)
TypeError: test_clip() missing 1 required positional argument: 'tmpdir'

======================================================================
ERROR: test.mitmproxy.addons.test_onboarding.TestApp.test_cert
----------------------------------------------------------------------
Traceback (most recent call last):
  File "/usr/lib64/python3.6/site-packages/nose/case.py", line 197, in runTest
    self.test(*self.arg)
TypeError: test_cert() missing 1 required positional argument: 'ext'

======================================================================
ERROR: test.mitmproxy.addons.test_onboarding.TestApp.test_head
----------------------------------------------------------------------
Traceback (most recent call last):
  File "/usr/lib64/python3.6/site-packages/nose/case.py", line 197, in runTest
    self.test(*self.arg)
TypeError: test_head() missing 1 required positional argument: 'ext'

======================================================================
ERROR: test.mitmproxy.addons.test_proxyauth.TestMkauth.test_mkauth
----------------------------------------------------------------------
Traceback (most recent call last):
  File "/usr/lib64/python3.6/site-packages/nose/case.py", line 197, in runTest
    self.test(*self.arg)
TypeError: test_mkauth() missing 2 required positional arguments: 'scheme' and 'expected'

======================================================================
ERROR: test.mitmproxy.addons.test_proxyauth.TestParseHttpBasicAuth.test_parse_http_basic_auth_error
----------------------------------------------------------------------
Traceback (most recent call last):
  File "/usr/lib64/python3.6/site-packages/nose/case.py", line 197, in runTest
    self.test(*self.arg)
TypeError: test_parse_http_basic_auth_error() missing 1 required positional argument: 'input'

======================================================================
ERROR: test.mitmproxy.addons.test_proxyauth.TestProxyAuth.test_auth_required_response
----------------------------------------------------------------------
Traceback (most recent call last):
  File "/usr/lib64/python3.6/site-packages/nose/case.py", line 197, in runTest
    self.test(*self.arg)
TypeError: test_auth_required_response() missing 3 required positional arguments: 'is_proxy_auth', 'expected_status_code', and 'expected_header'

======================================================================
ERROR: test.mitmproxy.addons.test_proxyauth.TestProxyAuth.test_check
----------------------------------------------------------------------
Traceback (most recent call last):
  File "/usr/lib64/python3.6/site-packages/nose/case.py", line 197, in runTest
    self.test(*self.arg)
TypeError: test_check() missing 1 required positional argument: 'tdata'

======================================================================
ERROR: test.mitmproxy.addons.test_proxyauth.TestProxyAuth.test_configure
----------------------------------------------------------------------
Traceback (most recent call last):
  File "/usr/lib64/python3.6/site-packages/nose/case.py", line 197, in runTest
    self.test(*self.arg)
TypeError: test_configure() missing 1 required positional argument: 'tdata'

======================================================================
ERROR: test.mitmproxy.addons.test_proxyauth.TestProxyAuth.test_is_proxy_auth
----------------------------------------------------------------------
Traceback (most recent call last):
  File "/usr/lib64/python3.6/site-packages/nose/case.py", line 197, in runTest
    self.test(*self.arg)
TypeError: test_is_proxy_auth() missing 2 required positional arguments: 'mode' and 'expected'

======================================================================
ERROR: test.mitmproxy.addons.test_proxyauth.TestProxyAuth.test_which_auth_header
----------------------------------------------------------------------
Traceback (most recent call last):
  File "/usr/lib64/python3.6/site-packages/nose/case.py", line 197, in runTest
    self.test(*self.arg)
TypeError: test_which_auth_header() missing 2 required positional arguments: 'is_proxy_auth' and 'expected'

======================================================================
ERROR: Failure: ModuleNotFoundError (No module named 'asynctest')
----------------------------------------------------------------------
Traceback (most recent call last):
  File "/usr/lib64/python3.6/site-packages/nose/failure.py", line 39, in runTest
    raise self.exc_val.with_traceback(self.tb)
  File "/usr/lib64/python3.6/site-packages/nose/loader.py", line 417, in loadTestsFromName
    addr.filename, addr.module)
  File "/usr/lib64/python3.6/site-packages/nose/importer.py", line 47, in importFromPath
    return self.importFromDir(dir_path, fqname)
  File "/usr/lib64/python3.6/site-packages/nose/importer.py", line 94, in importFromDir
    mod = load_module(part_fqname, fh, filename, desc)
  File "/usr/lib64/python3.6/imp.py", line 235, in load_module
    return load_source(name, filename, file)
  File "/usr/lib64/python3.6/imp.py", line 172, in load_source
    module = _load(spec)
  File "<frozen importlib._bootstrap>", line 684, in _load
  File "<frozen importlib._bootstrap>", line 665, in _load_unlocked
  File "<frozen importlib._bootstrap_external>", line 678, in exec_module
  File "<frozen importlib._bootstrap>", line 219, in _call_with_frames_removed
  File "/var/tmp/portage/net-proxy/mitmproxy-4.0.1/work/mitmproxy-4.0.1/test/mitmproxy/addons/test_readfile.py", line 5, in <module>
    import asynctest
ModuleNotFoundError: No module named 'asynctest'

======================================================================
ERROR: test.mitmproxy.addons.test_replace.TestReplaceFile.test_nonexistent
----------------------------------------------------------------------
Traceback (most recent call last):
  File "/usr/lib64/python3.6/site-packages/nose/case.py", line 197, in runTest
    self.test(*self.arg)
TypeError: test_nonexistent() missing 1 required positional argument: 'tmpdir'

======================================================================
ERROR: test.mitmproxy.addons.test_replace.TestReplaceFile.test_simple
----------------------------------------------------------------------
Traceback (most recent call last):
  File "/usr/lib64/python3.6/site-packages/nose/case.py", line 197, in runTest
    self.test(*self.arg)
TypeError: test_simple() missing 1 required positional argument: 'tmpdir'

======================================================================
ERROR: test.mitmproxy.addons.test_save.test_configure
----------------------------------------------------------------------
Traceback (most recent call last):
  File "/usr/lib64/python3.6/site-packages/nose/case.py", line 197, in runTest
    self.test(*self.arg)
TypeError: test_configure() missing 1 required positional argument: 'tmpdir'

======================================================================
ERROR: test.mitmproxy.addons.test_save.test_tcp
----------------------------------------------------------------------
Traceback (most recent call last):
  File "/usr/lib64/python3.6/site-packages/nose/case.py", line 197, in runTest
    self.test(*self.arg)
TypeError: test_tcp() missing 1 required positional argument: 'tmpdir'

======================================================================
ERROR: test.mitmproxy.addons.test_save.test_websocket
----------------------------------------------------------------------
Traceback (most recent call last):
  File "/usr/lib64/python3.6/site-packages/nose/case.py", line 197, in runTest
    self.test(*self.arg)
TypeError: test_websocket() missing 1 required positional argument: 'tmpdir'

======================================================================
ERROR: test.mitmproxy.addons.test_save.test_save_command
----------------------------------------------------------------------
Traceback (most recent call last):
  File "/usr/lib64/python3.6/site-packages/nose/case.py", line 197, in runTest
    self.test(*self.arg)
TypeError: test_save_command() missing 1 required positional argument: 'tmpdir'

======================================================================
ERROR: test.mitmproxy.addons.test_save.test_simple
----------------------------------------------------------------------
Traceback (most recent call last):
  File "/usr/lib64/python3.6/site-packages/nose/case.py", line 197, in runTest
    self.test(*self.arg)
TypeError: test_simple() missing 1 required positional argument: 'tmpdir'

======================================================================
ERROR: test.mitmproxy.addons.test_script.TestScript.test_addon
----------------------------------------------------------------------
Traceback (most recent call last):
  File "/usr/lib64/python3.6/site-packages/nose/case.py", line 197, in runTest
    self.test(*self.arg)
TypeError: test_addon() missing 1 required positional argument: 'tdata'

======================================================================
ERROR: test.mitmproxy.addons.test_script.TestScript.test_exception
----------------------------------------------------------------------
Traceback (most recent call last):
  File "/usr/lib64/python3.6/site-packages/nose/case.py", line 197, in runTest
    self.test(*self.arg)
TypeError: test_exception() missing 1 required positional argument: 'tdata'

======================================================================
ERROR: Test that a script specified as '"foo.py"' works to support the calling convention of
----------------------------------------------------------------------
Traceback (most recent call last):
  File "/usr/lib64/python3.6/site-packages/nose/case.py", line 197, in runTest
    self.test(*self.arg)
TypeError: test_quotes_around_filename() missing 1 required positional argument: 'tdata'

======================================================================
ERROR: test.mitmproxy.addons.test_script.TestScript.test_reload
----------------------------------------------------------------------
Traceback (most recent call last):
  File "/usr/lib64/python3.6/site-packages/nose/case.py", line 197, in runTest
    self.test(*self.arg)
TypeError: test_reload() missing 1 required positional argument: 'tmpdir'

======================================================================
ERROR: test.mitmproxy.addons.test_script.TestScript.test_simple
----------------------------------------------------------------------
Traceback (most recent call last):
  File "/usr/lib64/python3.6/site-packages/nose/case.py", line 197, in runTest
    self.test(*self.arg)
TypeError: test_simple() missing 1 required positional argument: 'tdata'

======================================================================
ERROR: test.mitmproxy.addons.test_script.TestScriptLoader.test_order
----------------------------------------------------------------------
Traceback (most recent call last):
  File "/usr/lib64/python3.6/site-packages/nose/case.py", line 197, in runTest
    self.test(*self.arg)
TypeError: test_order() missing 1 required positional argument: 'tdata'

======================================================================
ERROR: test.mitmproxy.addons.test_script.TestScriptLoader.test_script_deletion
----------------------------------------------------------------------
Traceback (most recent call last):
  File "/usr/lib64/python3.6/site-packages/nose/case.py", line 197, in runTest
    self.test(*self.arg)
TypeError: test_script_deletion() missing 1 required positional argument: 'tdata'

======================================================================
ERROR: test.mitmproxy.addons.test_script.TestScriptLoader.test_script_run
----------------------------------------------------------------------
Traceback (most recent call last):
  File "/usr/lib64/python3.6/site-packages/nose/case.py", line 197, in runTest
    self.test(*self.arg)
TypeError: test_script_run() missing 1 required positional argument: 'tdata'

======================================================================
ERROR: test.mitmproxy.addons.test_script.TestScriptLoader.test_simple
----------------------------------------------------------------------
Traceback (most recent call last):
  File "/usr/lib64/python3.6/site-packages/nose/case.py", line 197, in runTest
    self.test(*self.arg)
TypeError: test_simple() missing 1 required positional argument: 'tdata'

======================================================================
ERROR: test.mitmproxy.addons.test_script.test_load_script
----------------------------------------------------------------------
Traceback (most recent call last):
  File "/usr/lib64/python3.6/site-packages/nose/case.py", line 197, in runTest
    self.test(*self.arg)
TypeError: test_load_script() missing 1 required positional argument: 'tdata'

======================================================================
ERROR: Test that loading two scripts at locations a/foo.py and b/foo.py works.
----------------------------------------------------------------------
Traceback (most recent call last):
  File "/usr/lib64/python3.6/site-packages/nose/case.py", line 197, in runTest
    self.test(*self.arg)
TypeError: test_load_fullname() missing 1 required positional argument: 'tdata'

======================================================================
ERROR: test.mitmproxy.addons.test_serverplayback.test_load_file
----------------------------------------------------------------------
Traceback (most recent call last):
  File "/usr/lib64/python3.6/site-packages/nose/case.py", line 197, in runTest
    self.test(*self.arg)
TypeError: test_load_file() missing 1 required positional argument: 'tmpdir'

======================================================================
ERROR: test.mitmproxy.addons.test_serverplayback.test_config
----------------------------------------------------------------------
Traceback (most recent call last):
  File "/usr/lib64/python3.6/site-packages/nose/case.py", line 197, in runTest
    self.test(*self.arg)
TypeError: test_config() missing 1 required positional argument: 'tmpdir'

======================================================================
ERROR: test.mitmproxy.addons.test_termlog.TestTermLog.test_output
----------------------------------------------------------------------
Traceback (most recent call last):
  File "/usr/lib64/python3.6/site-packages/nose/case.py", line 197, in runTest
    self.test(*self.arg)
TypeError: test_output() missing 4 required positional arguments: 'outfile', 'expected_out', 'expected_err', and 'capfd'

======================================================================
ERROR: test.mitmproxy.addons.test_view.test_load
----------------------------------------------------------------------
Traceback (most recent call last):
  File "/usr/lib64/python3.6/site-packages/nose/case.py", line 197, in runTest
    self.test(*self.arg)
TypeError: test_load() missing 1 required positional argument: 'tmpdir'

======================================================================
ERROR: test.mitmproxy.contentviews.image.test_image_parser.test_parse_png
----------------------------------------------------------------------
Traceback (most recent call last):
  File "/usr/lib64/python3.6/site-packages/nose/case.py", line 197, in runTest
    self.test(*self.arg)
TypeError: test_parse_png() missing 3 required positional arguments: 'filename', 'metadata', and 'tdata'

======================================================================
ERROR: test.mitmproxy.contentviews.image.test_image_parser.test_parse_gif
----------------------------------------------------------------------
Traceback (most recent call last):
  File "/usr/lib64/python3.6/site-packages/nose/case.py", line 197, in runTest
    self.test(*self.arg)
TypeError: test_parse_gif() missing 3 required positional arguments: 'filename', 'metadata', and 'tdata'

======================================================================
ERROR: test.mitmproxy.contentviews.image.test_image_parser.test_parse_jpeg
----------------------------------------------------------------------
Traceback (most recent call last):
  File "/usr/lib64/python3.6/site-packages/nose/case.py", line 197, in runTest
    self.test(*self.arg)
TypeError: test_parse_jpeg() missing 3 required positional arguments: 'filename', 'metadata', and 'tdata'

======================================================================
ERROR: test.mitmproxy.contentviews.image.test_image_parser.test_ico
----------------------------------------------------------------------
Traceback (most recent call last):
  File "/usr/lib64/python3.6/site-packages/nose/case.py", line 197, in runTest
    self.test(*self.arg)
TypeError: test_ico() missing 3 required positional arguments: 'filename', 'metadata', and 'tdata'

======================================================================
ERROR: test.mitmproxy.contentviews.image.test_view.test_view_image
----------------------------------------------------------------------
Traceback (most recent call last):
  File "/usr/lib64/python3.6/site-packages/nose/case.py", line 197, in runTest
    self.test(*self.arg)
TypeError: test_view_image() missing 1 required positional argument: 'tdata'

======================================================================
ERROR: test.mitmproxy.contentviews.test_css.test_beautify
----------------------------------------------------------------------
Traceback (most recent call last):
  File "/usr/lib64/python3.6/site-packages/nose/case.py", line 197, in runTest
    self.test(*self.arg)
TypeError: test_beautify() missing 2 required positional arguments: 'filename' and 'tdata'

======================================================================
ERROR: test.mitmproxy.contentviews.test_javascript.test_format_xml
----------------------------------------------------------------------
Traceback (most recent call last):
  File "/usr/lib64/python3.6/site-packages/nose/case.py", line 197, in runTest
    self.test(*self.arg)
TypeError: test_format_xml() missing 2 required positional arguments: 'filename' and 'tdata'

======================================================================
ERROR: test.mitmproxy.contentviews.test_protobuf.test_view_protobuf_request
----------------------------------------------------------------------
Traceback (most recent call last):
  File "/usr/lib64/python3.6/site-packages/nose/case.py", line 197, in runTest
    self.test(*self.arg)
TypeError: test_view_protobuf_request() missing 1 required positional argument: 'tdata'

======================================================================
ERROR: test.mitmproxy.contentviews.test_protobuf.test_format_pbuf
----------------------------------------------------------------------
Traceback (most recent call last):
  File "/usr/lib64/python3.6/site-packages/nose/case.py", line 197, in runTest
    self.test(*self.arg)
TypeError: test_format_pbuf() missing 2 required positional arguments: 'filename' and 'tdata'

======================================================================
ERROR: test.mitmproxy.contentviews.test_wbxml.test_wbxml
----------------------------------------------------------------------
Traceback (most recent call last):
  File "/usr/lib64/python3.6/site-packages/nose/case.py", line 197, in runTest
    self.test(*self.arg)
TypeError: test_wbxml() missing 1 required positional argument: 'tdata'

======================================================================
ERROR: test.mitmproxy.contentviews.test_xml_html.test_simple
----------------------------------------------------------------------
Traceback (most recent call last):
  File "/usr/lib64/python3.6/site-packages/nose/case.py", line 197, in runTest
    self.test(*self.arg)
TypeError: test_simple() missing 1 required positional argument: 'tdata'

======================================================================
ERROR: test.mitmproxy.contentviews.test_xml_html.test_format_xml
----------------------------------------------------------------------
Traceback (most recent call last):
  File "/usr/lib64/python3.6/site-packages/nose/case.py", line 197, in runTest
    self.test(*self.arg)
TypeError: test_format_xml() missing 2 required positional arguments: 'filename' and 'tdata'

======================================================================
ERROR: test.mitmproxy.net.http.http1.test_read.test_read_request
----------------------------------------------------------------------
Traceback (most recent call last):
  File "/usr/lib64/python3.6/site-packages/nose/case.py", line 197, in runTest
    self.test(*self.arg)
TypeError: test_read_request() missing 1 required positional argument: 'input'

======================================================================
ERROR: test.mitmproxy.net.http.http1.test_read.test_read_request_error
----------------------------------------------------------------------
Traceback (most recent call last):
  File "/usr/lib64/python3.6/site-packages/nose/case.py", line 197, in runTest
    self.test(*self.arg)
TypeError: test_read_request_error() missing 1 required positional argument: 'input'

======================================================================
ERROR: test.mitmproxy.net.http.http1.test_read.test_read_response
----------------------------------------------------------------------
Traceback (most recent call last):
  File "/usr/lib64/python3.6/site-packages/nose/case.py", line 197, in runTest
    self.test(*self.arg)
TypeError: test_read_response() missing 1 required positional argument: 'input'

======================================================================
ERROR: test.mitmproxy.net.http.http2.test_utils.TestHttp2ParseHeaders.test_without_port
----------------------------------------------------------------------
Traceback (most recent call last):
  File "/usr/lib64/python3.6/site-packages/nose/case.py", line 197, in runTest
    self.test(*self.arg)
TypeError: test_without_port() missing 2 required positional arguments: 'scheme' and 'expected_port'

======================================================================
ERROR: test.mitmproxy.net.http.test_encoding.test_identity
----------------------------------------------------------------------
Traceback (most recent call last):
  File "/usr/lib64/python3.6/site-packages/nose/case.py", line 197, in runTest
    self.test(*self.arg)
TypeError: test_identity() missing 1 required positional argument: 'encoder'

======================================================================
ERROR: This test is for testing byte->byte encoding/decoding
----------------------------------------------------------------------
Traceback (most recent call last):
  File "/usr/lib64/python3.6/site-packages/nose/case.py", line 197, in runTest
    self.test(*self.arg)
TypeError: test_encoders() missing 1 required positional argument: 'encoder'

======================================================================
ERROR: This test is for testing byte->str decoding
----------------------------------------------------------------------
Traceback (most recent call last):
  File "/usr/lib64/python3.6/site-packages/nose/case.py", line 197, in runTest
    self.test(*self.arg)
TypeError: test_encoders_strings() missing 1 required positional argument: 'encoder'

======================================================================
ERROR: test.mitmproxy.net.websockets.test_frame.TestFrame.test_serialization_bijection
----------------------------------------------------------------------
Traceback (most recent call last):
  File "/usr/lib64/python3.6/site-packages/nose/case.py", line 197, in runTest
    self.test(*self.arg)
TypeError: test_serialization_bijection() missing 2 required positional arguments: 'masked' and 'length'

======================================================================
ERROR: test.mitmproxy.net.websockets.test_frame.TestFrameHeader.test_deserialization_length
----------------------------------------------------------------------
Traceback (most recent call last):
  File "/usr/lib64/python3.6/site-packages/nose/case.py", line 197, in runTest
    self.test(*self.arg)
TypeError: test_deserialization_length() missing 2 required positional arguments: 'input' and 'expected'

======================================================================
ERROR: test.mitmproxy.net.websockets.test_frame.TestFrameHeader.test_deserialization_masking
----------------------------------------------------------------------
Traceback (most recent call last):
  File "/usr/lib64/python3.6/site-packages/nose/case.py", line 197, in runTest
    self.test(*self.arg)
TypeError: test_deserialization_masking() missing 2 required positional arguments: 'input' and 'expected'

======================================================================
ERROR: test.mitmproxy.net.websockets.test_frame.TestFrameHeader.test_serialization_length
----------------------------------------------------------------------
Traceback (most recent call last):
  File "/usr/lib64/python3.6/site-packages/nose/case.py", line 197, in runTest
    self.test(*self.arg)
TypeError: test_serialization_length() missing 2 required positional arguments: 'input' and 'expected'

======================================================================
ERROR: test.mitmproxy.net.websockets.test_masker.TestMasker.test_masker
----------------------------------------------------------------------
Traceback (most recent call last):
  File "/usr/lib64/python3.6/site-packages/nose/case.py", line 197, in runTest
    self.test(*self.arg)
TypeError: test_masker() missing 2 required positional arguments: 'input' and 'expected'

======================================================================
ERROR: test.mitmproxy.net.websockets.test_utils.TestUtils.test_check_client_version
----------------------------------------------------------------------
Traceback (most recent call last):
  File "/usr/lib64/python3.6/site-packages/nose/case.py", line 197, in runTest
    self.test(*self.arg)
TypeError: test_check_client_version() missing 2 required positional arguments: 'input' and 'expected'

======================================================================
ERROR: test.mitmproxy.net.websockets.test_utils.TestUtils.test_check_handshake
----------------------------------------------------------------------
Traceback (most recent call last):
  File "/usr/lib64/python3.6/site-packages/nose/case.py", line 197, in runTest
    self.test(*self.arg)
TypeError: test_check_handshake() missing 2 required positional arguments: 'input' and 'expected'

======================================================================
ERROR: test.mitmproxy.net.websockets.test_utils.TestUtils.test_create_server_nonce
----------------------------------------------------------------------
Traceback (most recent call last):
  File "/usr/lib64/python3.6/site-packages/nose/case.py", line 197, in runTest
    self.test(*self.arg)
TypeError: test_create_server_nonce() missing 2 required positional arguments: 'input' and 'expected'

======================================================================
ERROR: test.mitmproxy.net.websockets.test_utils.TestUtils.test_get_client_key
----------------------------------------------------------------------
Traceback (most recent call last):
  File "/usr/lib64/python3.6/site-packages/nose/case.py", line 197, in runTest
    self.test(*self.arg)
TypeError: test_get_client_key() missing 2 required positional arguments: 'input' and 'expected'

======================================================================
ERROR: test.mitmproxy.net.websockets.test_utils.TestUtils.test_get_extensions
----------------------------------------------------------------------
Traceback (most recent call last):
  File "/usr/lib64/python3.6/site-packages/nose/case.py", line 197, in runTest
    self.test(*self.arg)
TypeError: test_get_extensions() missing 2 required positional arguments: 'input' and 'expected'

======================================================================
ERROR: test.mitmproxy.net.websockets.test_utils.TestUtils.test_get_protocol
----------------------------------------------------------------------
Traceback (most recent call last):
  File "/usr/lib64/python3.6/site-packages/nose/case.py", line 197, in runTest
    self.test(*self.arg)
TypeError: test_get_protocol() missing 2 required positional arguments: 'input' and 'expected'

======================================================================
ERROR: test.mitmproxy.net.websockets.test_utils.TestUtils.test_get_server_accept
----------------------------------------------------------------------
Traceback (most recent call last):
  File "/usr/lib64/python3.6/site-packages/nose/case.py", line 197, in runTest
    self.test(*self.arg)
TypeError: test_get_server_accept() missing 2 required positional arguments: 'input' and 'expected'

======================================================================
ERROR: test.mitmproxy.net.test_tcp.TestALPNClient.test_alpn
----------------------------------------------------------------------
Traceback (most recent call last):
  File "/usr/lib64/python3.6/site-packages/nose/case.py", line 197, in runTest
    self.test(*self.arg)
TypeError: test_alpn() missing 4 required positional arguments: 'monkeypatch', 'alpn_protos', 'expected_negotiated', and 'expected_response'

======================================================================
ERROR: test.mitmproxy.net.test_tcp.TestInvalidTrustFile.test_invalid_trust_file_should_fail
----------------------------------------------------------------------
Traceback (most recent call last):
  File "/usr/lib64/python3.6/site-packages/nose/case.py", line 197, in runTest
    self.test(*self.arg)
TypeError: test_invalid_trust_file_should_fail() missing 1 required positional argument: 'tdata'

======================================================================
ERROR: test.mitmproxy.net.test_tcp.TestSSLClientCert.test_clientcert
----------------------------------------------------------------------
Traceback (most recent call last):
  File "/usr/lib64/python3.6/site-packages/nose/case.py", line 197, in runTest
    self.test(*self.arg)
TypeError: test_clientcert() missing 1 required positional argument: 'tdata'

======================================================================
ERROR: test.mitmproxy.net.test_tcp.TestSSLClientCert.test_clientcert_err
----------------------------------------------------------------------
Traceback (most recent call last):
  File "/usr/lib64/python3.6/site-packages/nose/case.py", line 197, in runTest
    self.test(*self.arg)
TypeError: test_clientcert_err() missing 1 required positional argument: 'tdata'

======================================================================
ERROR: test.mitmproxy.net.test_tcp.TestSSLUpstreamCertVerificationWBadHostname.test_mode_none_should_pass_without_sni
----------------------------------------------------------------------
Traceback (most recent call last):
  File "/usr/lib64/python3.6/site-packages/nose/case.py", line 197, in runTest
    self.test(*self.arg)
TypeError: test_mode_none_should_pass_without_sni() missing 1 required positional argument: 'tdata'

======================================================================
ERROR: test.mitmproxy.net.test_tcp.TestSSLUpstreamCertVerificationWBadHostname.test_should_fail
----------------------------------------------------------------------
Traceback (most recent call last):
  File "/usr/lib64/python3.6/site-packages/nose/case.py", line 197, in runTest
    self.test(*self.arg)
TypeError: test_should_fail() missing 1 required positional argument: 'tdata'

======================================================================
ERROR: test.mitmproxy.net.test_tcp.TestSSLUpstreamCertVerificationWBadHostname.test_should_fail_without_sni
----------------------------------------------------------------------
Traceback (most recent call last):
  File "/usr/lib64/python3.6/site-packages/nose/case.py", line 197, in runTest
    self.test(*self.arg)
TypeError: test_should_fail_without_sni() missing 1 required positional argument: 'tdata'

======================================================================
ERROR: test.mitmproxy.net.test_tcp.TestSSLUpstreamCertVerificationWBadServerCert.test_mode_strict_should_fail
----------------------------------------------------------------------
Traceback (most recent call last):
  File "/usr/lib64/python3.6/site-packages/nose/case.py", line 197, in runTest
    self.test(*self.arg)
TypeError: test_mode_strict_should_fail() missing 1 required positional argument: 'tdata'

======================================================================
ERROR: test.mitmproxy.net.test_tcp.TestSSLUpstreamCertVerificationWValidCertChain.test_mode_strict_w_confdir_should_pass
----------------------------------------------------------------------
Traceback (most recent call last):
  File "/usr/lib64/python3.6/site-packages/nose/case.py", line 197, in runTest
    self.test(*self.arg)
TypeError: test_mode_strict_w_confdir_should_pass() missing 1 required positional argument: 'tdata'

======================================================================
ERROR: test.mitmproxy.net.test_tcp.TestSSLUpstreamCertVerificationWValidCertChain.test_mode_strict_w_pemfile_should_pass
----------------------------------------------------------------------
Traceback (most recent call last):
  File "/usr/lib64/python3.6/site-packages/nose/case.py", line 197, in runTest
    self.test(*self.arg)
TypeError: test_mode_strict_w_pemfile_should_pass() missing 1 required positional argument: 'tdata'

======================================================================
ERROR: test.mitmproxy.net.test_tls.TestMasterSecretLogger.test_log
----------------------------------------------------------------------
Traceback (most recent call last):
  File "/usr/lib64/python3.6/site-packages/nose/case.py", line 197, in runTest
    self.test(*self.arg)
TypeError: test_log() missing 1 required positional argument: 'tmpdir'

======================================================================
ERROR: test.mitmproxy.platform.test_pf.TestLookup.test_simple
----------------------------------------------------------------------
Traceback (most recent call last):
  File "/usr/lib64/python3.6/site-packages/nose/case.py", line 197, in runTest
    self.test(*self.arg)
TypeError: test_simple() missing 1 required positional argument: 'tdata'

======================================================================
ERROR: test.mitmproxy.proxy.protocol.test_http1.TestStreaming.test_streaming
----------------------------------------------------------------------
Traceback (most recent call last):
  File "/usr/lib64/python3.6/site-packages/nose/case.py", line 197, in runTest
    self.test(*self.arg)
TypeError: test_streaming() missing 1 required positional argument: 'streaming'

======================================================================
ERROR: test.mitmproxy.proxy.protocol.test_http2.TestPriority.test_priority
----------------------------------------------------------------------
Traceback (most recent call last):
  File "/usr/lib64/python3.6/site-packages/nose/case.py", line 197, in runTest
    self.test(*self.arg)
TypeError: test_priority() missing 4 required positional arguments: 'prioritize_before', 'http2_priority_enabled', 'priority', and 'expected_priority'

======================================================================
ERROR: test.mitmproxy.proxy.protocol.test_http2.TestPriority.test_priority
----------------------------------------------------------------------
Traceback (most recent call last):
  File "/usr/lib64/python3.6/site-packages/nose/case.py", line 384, in tearDown
    try_run(self.inst, ('teardown', 'tearDown'))
  File "/usr/lib64/python3.6/site-packages/nose/util.py", line 471, in try_run
    return func()
  File "/var/tmp/portage/net-proxy/mitmproxy-4.0.1/work/mitmproxy-4.0.1/test/mitmproxy/proxy/protocol/test_http2.py", line 118, in teardown
    if self.client:
AttributeError: 'TestPriority' object has no attribute 'client'

======================================================================
ERROR: test.mitmproxy.proxy.protocol.test_http2.TestRequestStreaming.test_request_streaming
----------------------------------------------------------------------
Traceback (most recent call last):
  File "/usr/lib64/python3.6/site-packages/nose/case.py", line 197, in runTest
    self.test(*self.arg)
TypeError: test_request_streaming() missing 1 required positional argument: 'streaming'

======================================================================
ERROR: test.mitmproxy.proxy.protocol.test_http2.TestRequestStreaming.test_request_streaming
----------------------------------------------------------------------
Traceback (most recent call last):
  File "/usr/lib64/python3.6/site-packages/nose/case.py", line 384, in tearDown
    try_run(self.inst, ('teardown', 'tearDown'))
  File "/usr/lib64/python3.6/site-packages/nose/util.py", line 471, in try_run
    return func()
  File "/var/tmp/portage/net-proxy/mitmproxy-4.0.1/work/mitmproxy-4.0.1/test/mitmproxy/proxy/protocol/test_http2.py", line 118, in teardown
    if self.client:
AttributeError: 'TestRequestStreaming' object has no attribute 'client'

======================================================================
ERROR: test.mitmproxy.proxy.protocol.test_http2.TestRequestWithPriority.test_request_with_priority
----------------------------------------------------------------------
Traceback (most recent call last):
  File "/usr/lib64/python3.6/site-packages/nose/case.py", line 197, in runTest
    self.test(*self.arg)
TypeError: test_request_with_priority() missing 3 required positional arguments: 'http2_priority_enabled', 'priority', and 'expected_priority'

======================================================================
ERROR: test.mitmproxy.proxy.protocol.test_http2.TestRequestWithPriority.test_request_with_priority
----------------------------------------------------------------------
Traceback (most recent call last):
  File "/usr/lib64/python3.6/site-packages/nose/case.py", line 384, in tearDown
    try_run(self.inst, ('teardown', 'tearDown'))
  File "/usr/lib64/python3.6/site-packages/nose/util.py", line 471, in try_run
    return func()
  File "/var/tmp/portage/net-proxy/mitmproxy-4.0.1/work/mitmproxy-4.0.1/test/mitmproxy/proxy/protocol/test_http2.py", line 118, in teardown
    if self.client:
AttributeError: 'TestRequestWithPriority' object has no attribute 'client'

======================================================================
ERROR: test.mitmproxy.proxy.protocol.test_http2.TestResponseStreaming.test_response_streaming
----------------------------------------------------------------------
Traceback (most recent call last):
  File "/usr/lib64/python3.6/site-packages/nose/case.py", line 197, in runTest
    self.test(*self.arg)
TypeError: test_response_streaming() missing 1 required positional argument: 'streaming'

======================================================================
ERROR: test.mitmproxy.proxy.protocol.test_http2.TestResponseStreaming.test_response_streaming
----------------------------------------------------------------------
Traceback (most recent call last):
  File "/usr/lib64/python3.6/site-packages/nose/case.py", line 384, in tearDown
    try_run(self.inst, ('teardown', 'tearDown'))
  File "/usr/lib64/python3.6/site-packages/nose/util.py", line 471, in try_run
    return func()
  File "/var/tmp/portage/net-proxy/mitmproxy-4.0.1/work/mitmproxy-4.0.1/test/mitmproxy/proxy/protocol/test_http2.py", line 118, in teardown
    if self.client:
AttributeError: 'TestResponseStreaming' object has no attribute 'client'

======================================================================
ERROR: test.mitmproxy.proxy.protocol.test_websocket.TestSimple.test_simple
----------------------------------------------------------------------
Traceback (most recent call last):
  File "/usr/lib64/python3.6/site-packages/nose/case.py", line 197, in runTest
    self.test(*self.arg)
TypeError: test_simple() missing 1 required positional argument: 'streaming'

======================================================================
ERROR: test.mitmproxy.proxy.protocol.test_websocket.TestStreaming.test_streaming
----------------------------------------------------------------------
Traceback (most recent call last):
  File "/usr/lib64/python3.6/site-packages/nose/case.py", line 197, in runTest
    self.test(*self.arg)
TypeError: test_streaming() missing 1 required positional argument: 'streaming'

======================================================================
ERROR: test.mitmproxy.proxy.test_config.TestProxyConfig.test_invalid_certificate
----------------------------------------------------------------------
Traceback (most recent call last):
  File "/usr/lib64/python3.6/site-packages/nose/case.py", line 197, in runTest
    self.test(*self.arg)
TypeError: test_invalid_certificate() missing 1 required positional argument: 'tdata'

======================================================================
ERROR: test.mitmproxy.proxy.test_server.TestHTTP.test_stream_modify
----------------------------------------------------------------------
Traceback (most recent call last):
  File "/usr/lib64/python3.6/site-packages/nose/case.py", line 197, in runTest
    self.test(*self.arg)
TypeError: test_stream_modify() missing 1 required positional argument: 'tdata'

======================================================================
ERROR: test.mitmproxy.proxy.test_server.TestHTTPS.test_clientcert_dir
----------------------------------------------------------------------
Traceback (most recent call last):
  File "/usr/lib64/python3.6/site-packages/nose/case.py", line 197, in runTest
    self.test(*self.arg)
TypeError: test_clientcert_dir() missing 1 required positional argument: 'tdata'

======================================================================
ERROR: test.mitmproxy.proxy.test_server.TestHTTPS.test_clientcert_file
----------------------------------------------------------------------
Traceback (most recent call last):
  File "/usr/lib64/python3.6/site-packages/nose/case.py", line 197, in runTest
    self.test(*self.arg)
TypeError: test_clientcert_file() missing 1 required positional argument: 'tdata'

======================================================================
ERROR: test.mitmproxy.proxy.test_server.TestHTTPSUpstreamServerVerificationWTrustedCert.test_verification_w_confdir
----------------------------------------------------------------------
Traceback (most recent call last):
  File "/usr/lib64/python3.6/site-packages/nose/case.py", line 197, in runTest
    self.test(*self.arg)
TypeError: test_verification_w_confdir() missing 1 required positional argument: 'tdata'

======================================================================
ERROR: test.mitmproxy.proxy.test_server.TestHTTPSUpstreamServerVerificationWTrustedCert.test_verification_w_pemfile
----------------------------------------------------------------------
Traceback (most recent call last):
  File "/usr/lib64/python3.6/site-packages/nose/case.py", line 197, in runTest
    self.test(*self.arg)
TypeError: test_verification_w_pemfile() missing 1 required positional argument: 'tdata'

======================================================================
ERROR: test.mitmproxy.proxy.test_server.TestTransparent.test_tcp_stream_modify
----------------------------------------------------------------------
Traceback (most recent call last):
  File "/usr/lib64/python3.6/site-packages/nose/case.py", line 197, in runTest
    self.test(*self.arg)
TypeError: test_tcp_stream_modify() missing 1 required positional argument: 'tdata'

======================================================================
ERROR: test.mitmproxy.script.test_concurrent.TestConcurrent.test_concurrent
----------------------------------------------------------------------
Traceback (most recent call last):
  File "/usr/lib64/python3.6/site-packages/nose/case.py", line 197, in runTest
    self.test(*self.arg)
TypeError: test_concurrent() missing 1 required positional argument: 'tdata'

======================================================================
ERROR: test.mitmproxy.script.test_concurrent.TestConcurrent.test_concurrent_class
----------------------------------------------------------------------
Traceback (most recent call last):
  File "/usr/lib64/python3.6/site-packages/nose/case.py", line 197, in runTest
    self.test(*self.arg)
TypeError: test_concurrent_class() missing 1 required positional argument: 'tdata'

======================================================================
ERROR: test.mitmproxy.script.test_concurrent.TestConcurrent.test_concurrent_err
----------------------------------------------------------------------
Traceback (most recent call last):
  File "/usr/lib64/python3.6/site-packages/nose/case.py", line 197, in runTest
    self.test(*self.arg)
TypeError: test_concurrent_err() missing 1 required positional argument: 'tdata'

======================================================================
ERROR: test.mitmproxy.tools.console.test_keymap.test_load_path
----------------------------------------------------------------------
Traceback (most recent call last):
  File "/usr/lib64/python3.6/site-packages/nose/case.py", line 197, in runTest
    self.test(*self.arg)
TypeError: test_load_path() missing 1 required positional argument: 'tmpdir'

======================================================================
ERROR: test.mitmproxy.tools.console.test_statusbar.test_statusbar
----------------------------------------------------------------------
Traceback (most recent call last):
  File "/usr/lib64/python3.6/site-packages/nose/case.py", line 197, in runTest
    self.test(*self.arg)
TypeError: test_statusbar() missing 1 required positional argument: 'monkeypatch'

======================================================================
ERROR: test.mitmproxy.tools.console.test_statusbar.test_shorten_message
----------------------------------------------------------------------
Traceback (most recent call last):
  File "/usr/lib64/python3.6/site-packages/nose/case.py", line 197, in runTest
    self.test(*self.arg)
TypeError: test_shorten_message() missing 2 required positional arguments: 'message' and 'ready_message'

======================================================================
ERROR: test.mitmproxy.tools.web.test_static_viewer.test_save_static
----------------------------------------------------------------------
Traceback (most recent call last):
  File "/usr/lib64/python3.6/site-packages/nose/case.py", line 197, in runTest
    self.test(*self.arg)
TypeError: test_save_static() missing 1 required positional argument: 'tmpdir'

======================================================================
ERROR: test.mitmproxy.tools.web.test_static_viewer.test_save_filter_help
----------------------------------------------------------------------
Traceback (most recent call last):
  File "/usr/lib64/python3.6/site-packages/nose/case.py", line 197, in runTest
    self.test(*self.arg)
TypeError: test_save_filter_help() missing 1 required positional argument: 'tmpdir'

======================================================================
ERROR: test.mitmproxy.tools.web.test_static_viewer.test_save_settings
----------------------------------------------------------------------
Traceback (most recent call last):
  File "/usr/lib64/python3.6/site-packages/nose/case.py", line 197, in runTest
    self.test(*self.arg)
TypeError: test_save_settings() missing 1 required positional argument: 'tmpdir'

======================================================================
ERROR: test.mitmproxy.tools.web.test_static_viewer.test_save_flows
----------------------------------------------------------------------
Traceback (most recent call last):
  File "/usr/lib64/python3.6/site-packages/nose/case.py", line 197, in runTest
    self.test(*self.arg)
TypeError: test_save_flows() missing 1 required positional argument: 'tmpdir'

======================================================================
ERROR: test.mitmproxy.tools.web.test_static_viewer.test_static_viewer
----------------------------------------------------------------------
Traceback (most recent call last):
  File "/usr/lib64/python3.6/site-packages/nose/case.py", line 197, in runTest
    self.test(*self.arg)
TypeError: test_static_viewer() missing 1 required positional argument: 'tmpdir'

======================================================================
ERROR: test.mitmproxy.tools.web.test_static_viewer.test_save_flows_content
----------------------------------------------------------------------
Traceback (most recent call last):
  File "/usr/lib64/python3.6/site-packages/nose/case.py", line 197, in runTest
    self.test(*self.arg)
  File "/usr/lib64/python3.6/unittest/mock.py", line 1179, in patched
    return func(*args, **keywargs)
TypeError: test_save_flows_content() missing 1 required positional argument: 'tmpdir'

======================================================================
ERROR: test.mitmproxy.tools.test_dump.TestDumpMaster.test_addons_dumper
----------------------------------------------------------------------
Traceback (most recent call last):
  File "/usr/lib64/python3.6/site-packages/nose/case.py", line 197, in runTest
    self.test(*self.arg)
TypeError: test_addons_dumper() missing 1 required positional argument: 'dumper'

======================================================================
ERROR: test.mitmproxy.tools.test_dump.TestDumpMaster.test_addons_termlog
----------------------------------------------------------------------
Traceback (most recent call last):
  File "/usr/lib64/python3.6/site-packages/nose/case.py", line 197, in runTest
    self.test(*self.arg)
TypeError: test_addons_termlog() missing 1 required positional argument: 'termlog'

======================================================================
ERROR: test.mitmproxy.tools.test_main.test_mitmweb
----------------------------------------------------------------------
Traceback (most recent call last):
  File "/usr/lib64/python3.6/site-packages/nose/case.py", line 197, in runTest
    self.test(*self.arg)
TypeError: test_mitmweb() missing 2 required positional arguments: 'event_loop' and 'tdata'

======================================================================
ERROR: test.mitmproxy.tools.test_main.test_mitmdump
----------------------------------------------------------------------
Traceback (most recent call last):
  File "/usr/lib64/python3.6/site-packages/nose/case.py", line 197, in runTest
    self.test(*self.arg)
TypeError: test_mitmdump() missing 2 required positional arguments: 'event_loop' and 'tdata'

======================================================================
ERROR: test.mitmproxy.utils.test_arg_check.test_check_args
----------------------------------------------------------------------
Traceback (most recent call last):
  File "/usr/lib64/python3.6/site-packages/nose/case.py", line 197, in runTest
    self.test(*self.arg)
TypeError: test_check_args() missing 2 required positional arguments: 'arg' and 'output'

======================================================================
ERROR: test.mitmproxy.utils.test_debug.test_dump_system_info_precompiled
----------------------------------------------------------------------
Traceback (most recent call last):
  File "/usr/lib64/python3.6/site-packages/nose/case.py", line 197, in runTest
    self.test(*self.arg)
TypeError: test_dump_system_info_precompiled() missing 1 required positional argument: 'precompiled'

======================================================================
ERROR: test.mitmproxy.test_certs.TestCert.test_der
----------------------------------------------------------------------
Traceback (most recent call last):
  File "/usr/lib64/python3.6/site-packages/nose/case.py", line 197, in runTest
    self.test(*self.arg)
TypeError: test_der() missing 1 required positional argument: 'tdata'

======================================================================
ERROR: test.mitmproxy.test_certs.TestCert.test_err_broken_sans
----------------------------------------------------------------------
Traceback (most recent call last):
  File "/usr/lib64/python3.6/site-packages/nose/case.py", line 197, in runTest
    self.test(*self.arg)
TypeError: test_err_broken_sans() missing 1 required positional argument: 'tdata'

======================================================================
ERROR: test.mitmproxy.test_certs.TestCert.test_simple
----------------------------------------------------------------------
Traceback (most recent call last):
  File "/usr/lib64/python3.6/site-packages/nose/case.py", line 197, in runTest
    self.test(*self.arg)
TypeError: test_simple() missing 1 required positional argument: 'tdata'

======================================================================
ERROR: test.mitmproxy.test_certs.TestCert.test_state
----------------------------------------------------------------------
Traceback (most recent call last):
  File "/usr/lib64/python3.6/site-packages/nose/case.py", line 197, in runTest
    self.test(*self.arg)
TypeError: test_state() missing 1 required positional argument: 'tdata'

======================================================================
ERROR: test.mitmproxy.test_certs.TestCertStore.test_create_dhparams
----------------------------------------------------------------------
Traceback (most recent call last):
  File "/usr/lib64/python3.6/site-packages/nose/case.py", line 197, in runTest
    self.test(*self.arg)
TypeError: test_create_dhparams() missing 1 required positional argument: 'tmpdir'

======================================================================
ERROR: test.mitmproxy.test_certs.TestCertStore.test_create_explicit
----------------------------------------------------------------------
Traceback (most recent call last):
  File "/usr/lib64/python3.6/site-packages/nose/case.py", line 197, in runTest
    self.test(*self.arg)
TypeError: test_create_explicit() missing 1 required positional argument: 'tmpdir'

======================================================================
ERROR: test.mitmproxy.test_certs.TestCertStore.test_create_no_common_name
----------------------------------------------------------------------
Traceback (most recent call last):
  File "/usr/lib64/python3.6/site-packages/nose/case.py", line 197, in runTest
    self.test(*self.arg)
TypeError: test_create_no_common_name() missing 1 required positional argument: 'tmpdir'

======================================================================
ERROR: test.mitmproxy.test_certs.TestCertStore.test_create_tmp
----------------------------------------------------------------------
Traceback (most recent call last):
  File "/usr/lib64/python3.6/site-packages/nose/case.py", line 197, in runTest
    self.test(*self.arg)
TypeError: test_create_tmp() missing 1 required positional argument: 'tmpdir'

======================================================================
ERROR: test.mitmproxy.test_certs.TestCertStore.test_expire
----------------------------------------------------------------------
Traceback (most recent call last):
  File "/usr/lib64/python3.6/site-packages/nose/case.py", line 197, in runTest
    self.test(*self.arg)
TypeError: test_expire() missing 1 required positional argument: 'tmpdir'

======================================================================
ERROR: test.mitmproxy.test_certs.TestCertStore.test_overrides
----------------------------------------------------------------------
Traceback (most recent call last):
  File "/usr/lib64/python3.6/site-packages/nose/case.py", line 197, in runTest
    self.test(*self.arg)
TypeError: test_overrides() missing 1 required positional argument: 'tmpdir'

======================================================================
ERROR: test.mitmproxy.test_certs.TestCertStore.test_sans
----------------------------------------------------------------------
Traceback (most recent call last):
  File "/usr/lib64/python3.6/site-packages/nose/case.py", line 197, in runTest
    self.test(*self.arg)
TypeError: test_sans() missing 1 required positional argument: 'tmpdir'

======================================================================
ERROR: test.mitmproxy.test_certs.TestCertStore.test_sans_change
----------------------------------------------------------------------
Traceback (most recent call last):
  File "/usr/lib64/python3.6/site-packages/nose/case.py", line 197, in runTest
    self.test(*self.arg)
TypeError: test_sans_change() missing 1 required positional argument: 'tmpdir'

======================================================================
ERROR: test.mitmproxy.test_certs.TestDummyCert.test_with_ca
----------------------------------------------------------------------
Traceback (most recent call last):
  File "/usr/lib64/python3.6/site-packages/nose/case.py", line 197, in runTest
    self.test(*self.arg)
TypeError: test_with_ca() missing 1 required positional argument: 'tmpdir'

======================================================================
ERROR: test.mitmproxy.test_connections.TestClientConnectionTLS.test_tls_with_sni
----------------------------------------------------------------------
Traceback (most recent call last):
  File "/usr/lib64/python3.6/site-packages/nose/case.py", line 197, in runTest
    self.test(*self.arg)
TypeError: test_tls_with_sni() missing 2 required positional arguments: 'sni' and 'tdata'

======================================================================
ERROR: test.mitmproxy.test_connections.TestServerConnectionTLS.test_tls
----------------------------------------------------------------------
Traceback (most recent call last):
  File "/usr/lib64/python3.6/site-packages/nose/case.py", line 197, in runTest
    self.test(*self.arg)
TypeError: test_tls() missing 2 required positional arguments: 'client_certs' and 'tdata'

======================================================================
ERROR: test.mitmproxy.test_eventsequence.test_http_flow
----------------------------------------------------------------------
Traceback (most recent call last):
  File "/usr/lib64/python3.6/site-packages/nose/case.py", line 197, in runTest
    self.test(*self.arg)
TypeError: test_http_flow() missing 2 required positional arguments: 'resp' and 'err'

======================================================================
ERROR: test.mitmproxy.test_eventsequence.test_websocket_flow
----------------------------------------------------------------------
Traceback (most recent call last):
  File "/usr/lib64/python3.6/site-packages/nose/case.py", line 197, in runTest
    self.test(*self.arg)
TypeError: test_websocket_flow() missing 1 required positional argument: 'err'

======================================================================
ERROR: test.mitmproxy.test_eventsequence.test_tcp_flow
----------------------------------------------------------------------
Traceback (most recent call last):
  File "/usr/lib64/python3.6/site-packages/nose/case.py", line 197, in runTest
    self.test(*self.arg)
TypeError: test_tcp_flow() missing 1 required positional argument: 'err'

======================================================================
ERROR: test.mitmproxy.test_optmanager.test_saving
----------------------------------------------------------------------
Traceback (most recent call last):
  File "/usr/lib64/python3.6/site-packages/nose/case.py", line 197, in runTest
    self.test(*self.arg)
TypeError: test_saving() missing 1 required positional argument: 'tmpdir'

======================================================================
ERROR: test.mitmproxy.test_proxy.TestConnectionHandler.test_fatal_error
----------------------------------------------------------------------
Traceback (most recent call last):
  File "/usr/lib64/python3.6/site-packages/nose/case.py", line 197, in runTest
    self.test(*self.arg)
TypeError: test_fatal_error() missing 1 required positional argument: 'capsys'

======================================================================
ERROR: test.mitmproxy.test_proxy.TestProcessProxyOptions.test_certs
----------------------------------------------------------------------
Traceback (most recent call last):
  File "/usr/lib64/python3.6/site-packages/nose/case.py", line 197, in runTest
    self.test(*self.arg)
TypeError: test_certs() missing 1 required positional argument: 'tdata'

======================================================================
ERROR: test.mitmproxy.test_taddons.test_load_script
----------------------------------------------------------------------
Traceback (most recent call last):
  File "/usr/lib64/python3.6/site-packages/nose/case.py", line 197, in runTest
    self.test(*self.arg)
TypeError: test_load_script() missing 1 required positional argument: 'tdata'

======================================================================
ERROR: test.mitmproxy.test_types.test_path
----------------------------------------------------------------------
Traceback (most recent call last):
  File "/usr/lib64/python3.6/site-packages/nose/case.py", line 197, in runTest
    self.test(*self.arg)
TypeError: test_path() missing 1 required positional argument: 'tdata'

======================================================================
ERROR: test.mitmproxy.test_version.test_version
----------------------------------------------------------------------
Traceback (most recent call last):
  File "/usr/lib64/python3.6/site-packages/nose/case.py", line 197, in runTest
    self.test(*self.arg)
TypeError: test_version() missing 1 required positional argument: 'capsys'

======================================================================
ERROR: test.pathod.language.test_base.TestMisc.test_fixedlengthvalue
----------------------------------------------------------------------
Traceback (most recent call last):
  File "/usr/lib64/python3.6/site-packages/nose/case.py", line 197, in runTest
    self.test(*self.arg)
TypeError: test_fixedlengthvalue() missing 1 required positional argument: 'tmpdir'

======================================================================
ERROR: test.pathod.language.test_base.TestTokValueFile.test_access_control
----------------------------------------------------------------------
Traceback (most recent call last):
  File "/usr/lib64/python3.6/site-packages/nose/case.py", line 197, in runTest
    self.test(*self.arg)
TypeError: test_access_control() missing 1 required positional argument: 'tmpdir'

======================================================================
ERROR: test.pathod.language.test_generators.test_filegenerator
----------------------------------------------------------------------
Traceback (most recent call last):
  File "/usr/lib64/python3.6/site-packages/nose/case.py", line 197, in runTest
    self.test(*self.arg)
TypeError: test_filegenerator() missing 1 required positional argument: 'tmpdir'

======================================================================
ERROR: test.pathod.test_pathoc.TestDaemonSSL.test_clientcert
----------------------------------------------------------------------
Traceback (most recent call last):
  File "/usr/lib64/python3.6/site-packages/nose/case.py", line 197, in runTest
    self.test(*self.arg)
TypeError: test_clientcert() missing 1 required positional argument: 'tdata'

======================================================================
ERROR: test.pathod.test_pathoc_cmdline.test_pathoc
----------------------------------------------------------------------
Traceback (most recent call last):
  File "/usr/lib64/python3.6/site-packages/nose/case.py", line 197, in runTest
    self.test(*self.arg)
  File "/usr/lib64/python3.6/unittest/mock.py", line 1179, in patched
    return func(*args, **keywargs)
TypeError: test_pathoc() missing 1 required positional argument: 'tdata'

======================================================================
ERROR: test.pathod.test_pathod_cmdline.test_pathod
----------------------------------------------------------------------
Traceback (most recent call last):
  File "/usr/lib64/python3.6/site-packages/nose/case.py", line 197, in runTest
    self.test(*self.arg)
  File "/usr/lib64/python3.6/unittest/mock.py", line 1179, in patched
    return func(*args, **keywargs)
TypeError: test_pathod() missing 1 required positional argument: 'tdata'

======================================================================
ERROR: test.pathod.test_test.TestDaemonManual.test_startstop_ssl
----------------------------------------------------------------------
Traceback (most recent call last):
  File "/usr/lib64/python3.6/site-packages/nose/case.py", line 197, in runTest
    self.test(*self.arg)
TypeError: test_startstop_ssl() missing 1 required positional argument: 'not_after_connect'

----------------------------------------------------------------------
Ran 1180 tests in 57.662s

FAILED (errors=184)