jeretc commented on 27 Oct 2017
Steps to reproduce the problem:
sudo pip install --user mitmproxy
Any other comments? What have you tried so far?
mitmproxy error shows failed building cryptography wheel ..error: command 'x86_64-linux-gnu-gcc' failed with exit status 1
i have installed, cryptography without errors:
└──╼ $sudo pip install -U cryptography
Requirement already up-to-date: cryptography in /usr/local/lib/python2.7/dist-packages
Collecting six>=1.4.1 (from cryptography)
Using cached six-1.11.0-py2.py3-none-any.whl
Requirement already up-to-date: cffi>=1.7; platform_python_implementation != "PyPy" in /usr/local/lib/python2.7/dist-packages (from cryptography)
Requirement already up-to-date: enum34; python_version < "3" in /usr/lib/python2.7/dist-packages (from cryptography)
Requirement already up-to-date: idna>=2.1 in /usr/local/lib/python2.7/dist-packages (from cryptography)
Requirement already up-to-date: asn1crypto>=0.21.0 in /usr/local/lib/python2.7/dist-packages (from cryptography)
Requirement already up-to-date: ipaddress; python_version < "3" in /usr/local/lib/python2.7/dist-packages (from cryptography)
Requirement already up-to-date: pycparser in /usr/local/lib/python2.7/dist-packages (from cffi>=1.7; platform_python_implementation != "PyPy"->cryptography)
Installing collected packages: six
Found existing installation: six 1.10.0
Uninstalling six-1.10.0:
Successfully uninstalled six-1.10.0
Successfully installed six-1.11.0
System information
Mitmproxy version: 2.0.2 (release version)
Python version: 3.5.4
Platform: Linux-4.12.0-parrot6-amd64-x86_64-with-Parrot-3.9-intruder
SSL version: OpenSSL 1.1.0f 25 May 2017
Linux distro: Parrot 3.9 intruder
$sudo pip install --user mitmproxy
Collecting mitmproxy
Using cached mitmproxy-0.18.3-py2.py3-none-any.whl
Requirement already satisfied: hyperframe<5,>=4.0.1 in /usr/local/lib/python2.7/dist-packages (from mitmproxy)
Requirement already satisfied: h2<2.5,>=2.4.1 in /usr/local/lib/python2.7/dist-packages (from mitmproxy)
Requirement already satisfied: Flask<0.12,>=0.10.1 in /usr/local/lib/python2.7/dist-packages (from mitmproxy)
Requirement already satisfied: tornado<4.5,>=4.3 in /usr/local/lib/python2.7/dist-packages (from mitmproxy)
Requirement already satisfied: configargparse<0.12,>=0.10 in /usr/local/lib/python2.7/dist-packages (from mitmproxy)
Requirement already satisfied: pyperclip<1.6,>=1.5.22 in /usr/local/lib/python2.7/dist-packages (from mitmproxy)
Requirement already satisfied: certifi>=2015.11.20.1 in /usr/lib/python2.7/dist-packages (from mitmproxy)
Requirement already satisfied: Pillow<3.5,>=3.2 in /usr/local/lib/python2.7/dist-packages (from mitmproxy)
Requirement already satisfied: watchdog<0.9,>=0.8.3 in /usr/lib/python2.7/dist-packages (from mitmproxy)
Requirement already satisfied: urwid<1.4,>=1.3.1 in /usr/local/lib/python2.7/dist-packages (from mitmproxy)
Requirement already satisfied: pyasn1<0.2,>=0.1.9 in /usr/lib/python2.7/dist-packages (from mitmproxy)
Requirement already satisfied: cssutils<1.1,>=1.0.1 in /usr/local/lib/python2.7/dist-packages (from mitmproxy)
Requirement already satisfied: passlib<1.7,>=1.6.5 in /usr/local/lib/python2.7/dist-packages (from mitmproxy)
Requirement already satisfied: click<7.0,>=6.2 in /usr/lib/python2.7/dist-packages (from mitmproxy)
Requirement already satisfied: html2text<=2016.9.19,>=2016.1.8 in /usr/local/lib/python2.7/dist-packages (from mitmproxy)
Collecting cryptography<1.6,>=1.3 (from mitmproxy)
Using cached cryptography-1.5.3.tar.gz
Requirement already satisfied: construct<2.6,>=2.5.2 in /usr/local/lib/python2.7/dist-packages (from mitmproxy)
Collecting lxml<=3.6.0,>=3.5.0 (from mitmproxy)
Collecting brotlipy<0.7,>=0.5.1 (from mitmproxy)
Using cached brotlipy-0.6.0-cp27-cp27mu-manylinux1_x86_64.whl
Requirement already satisfied: requests<2.12,>=2.9.1 in /usr/local/lib/python2.7/dist-packages (from mitmproxy)
Requirement already satisfied: pyOpenSSL<17.0,>=16.0 in /usr/lib/python2.7/dist-packages (from mitmproxy)
Requirement already satisfied: pyparsing<2.2,>=2.1.3 in /usr/lib/python2.7/dist-packages (from mitmproxy)
Requirement already satisfied: six<1.11,>=1.10 in /root/.local/lib/python2.7/site-packages (from mitmproxy)
Collecting blinker<1.5,>=1.4 (from mitmproxy)
Requirement already satisfied: enum34<2,>=1.0.4; python_version == "2.7" in /usr/lib/python2.7/dist-packages (from mitmproxy)
Requirement already satisfied: backports.ssl-match-hostname<3.6,>=3.5.0.1 in /usr/local/lib/python2.7/dist-packages (from mitmproxy)
Collecting typing==3.5.2.2; python_version == "2.7" (from mitmproxy)
Requirement already satisfied: ipaddress<1.1,>=1.0.15; python_version == "2.7" in /usr/local/lib/python2.7/dist-packages (from mitmproxy)
Collecting jsbeautifier<1.7,>=1.6.3 (from mitmproxy)
Requirement already satisfied: hpack<3,>=2.2 in /usr/local/lib/python2.7/dist-packages (from h2<2.5,>=2.4.1->mitmproxy)
Requirement already satisfied: itsdangerous>=0.21 in /usr/lib/python2.7/dist-packages (from Flask<0.12,>=0.10.1->mitmproxy)
Requirement already satisfied: Werkzeug>=0.7 in /usr/lib/python2.7/dist-packages (from Flask<0.12,>=0.10.1->mitmproxy)
Requirement already satisfied: Jinja2>=2.4 in /usr/lib/python2.7/dist-packages (from Flask<0.12,>=0.10.1->mitmproxy)
Requirement already satisfied: singledispatch in /usr/lib/python2.7/dist-packages (from tornado<4.5,>=4.3->mitmproxy)
Requirement already satisfied: backports-abc>=0.4 in /usr/lib/python2.7/dist-packages (from tornado<4.5,>=4.3->mitmproxy)
Requirement already satisfied: PyYAML>=3.10 in /usr/lib/python2.7/dist-packages (from watchdog<0.9,>=0.8.3->mitmproxy)
Requirement already satisfied: argh>=0.24.1 in /usr/lib/python2.7/dist-packages (from watchdog<0.9,>=0.8.3->mitmproxy)
Requirement already satisfied: pathtools>=0.1.1 in /usr/lib/python2.7/dist-packages (from watchdog<0.9,>=0.8.3->mitmproxy)
Requirement already satisfied: cffi>=1.4.1 in /usr/local/lib/python2.7/dist-packages (from cryptography<1.6,>=1.3->mitmproxy)
Requirement already satisfied: idna>=2.0 in /usr/local/lib/python2.7/dist-packages (from cryptography<1.6,>=1.3->mitmproxy)
Requirement already satisfied: setuptools>=11.3 in /usr/lib/python2.7/dist-packages (from cryptography<1.6,>=1.3->mitmproxy)
Collecting editorconfig>=0.12.0 (from jsbeautifier<1.7,>=1.6.3->mitmproxy)
Requirement already satisfied: pycparser in /usr/local/lib/python2.7/dist-packages (from cffi>=1.4.1->cryptography<1.6,>=1.3->mitmproxy)
Building wheels for collected packages: cryptography
Running setup.py bdist_wheel for cryptography ... error
Complete output from command /usr/bin/python -u -c "import setuptools, tokenize;file='/tmp/pip-build-pnm9yn/cryptography/setup.py';f=getattr(tokenize, 'open', open)(file);code=f.read().replace('\r\n', '\n');f.close();exec(compile(code, file, 'exec'))" bdist_wheel -d /tmp/tmpwI_HEBpip-wheel- --python-tag cp27:
running bdist_wheel
running build
running build_py
creating build
creating build/lib.linux-x86_64-2.7
creating build/lib.linux-x86_64-2.7/cryptography
copying src/cryptography/exceptions.py -> build/lib.linux-x86_64-2.7/cryptography
copying src/cryptography/fernet.py -> build/lib.linux-x86_64-2.7/cryptography
copying src/cryptography/init.py -> build/lib.linux-x86_64-2.7/cryptography
copying src/cryptography/utils.py -> build/lib.linux-x86_64-2.7/cryptography
copying src/cryptography/about.py -> build/lib.linux-x86_64-2.7/cryptography
creating build/lib.linux-x86_64-2.7/cryptography/hazmat
copying src/cryptography/hazmat/init.py -> build/lib.linux-x86_64-2.7/cryptography/hazmat
creating build/lib.linux-x86_64-2.7/cryptography/x509
copying src/cryptography/x509/extensions.py -> build/lib.linux-x86_64-2.7/cryptography/x509
copying src/cryptography/x509/init.py -> build/lib.linux-x86_64-2.7/cryptography/x509
copying src/cryptography/x509/base.py -> build/lib.linux-x86_64-2.7/cryptography/x509
copying src/cryptography/x509/oid.py -> build/lib.linux-x86_64-2.7/cryptography/x509
copying src/cryptography/x509/general_name.py -> build/lib.linux-x86_64-2.7/cryptography/x509
copying src/cryptography/x509/name.py -> build/lib.linux-x86_64-2.7/cryptography/x509
creating build/lib.linux-x86_64-2.7/cryptography/hazmat/backends
copying src/cryptography/hazmat/backends/interfaces.py -> build/lib.linux-x86_64-2.7/cryptography/hazmat/backends
copying src/cryptography/hazmat/backends/init.py -> build/lib.linux-x86_64-2.7/cryptography/hazmat/backends
copying src/cryptography/hazmat/backends/multibackend.py -> build/lib.linux-x86_64-2.7/cryptography/hazmat/backends
creating build/lib.linux-x86_64-2.7/cryptography/hazmat/bindings
copying src/cryptography/hazmat/bindings/init.py -> build/lib.linux-x86_64-2.7/cryptography/hazmat/bindings
creating build/lib.linux-x86_64-2.7/cryptography/hazmat/primitives
copying src/cryptography/hazmat/primitives/cmac.py -> build/lib.linux-x86_64-2.7/cryptography/hazmat/primitives
copying src/cryptography/hazmat/primitives/init.py -> build/lib.linux-x86_64-2.7/cryptography/hazmat/primitives
copying src/cryptography/hazmat/primitives/serialization.py -> build/lib.linux-x86_64-2.7/cryptography/hazmat/primitives
copying src/cryptography/hazmat/primitives/hashes.py -> build/lib.linux-x86_64-2.7/cryptography/hazmat/primitives
copying src/cryptography/hazmat/primitives/constant_time.py -> build/lib.linux-x86_64-2.7/cryptography/hazmat/primitives
copying src/cryptography/hazmat/primitives/padding.py -> build/lib.linux-x86_64-2.7/cryptography/hazmat/primitives
copying src/cryptography/hazmat/primitives/keywrap.py -> build/lib.linux-x86_64-2.7/cryptography/hazmat/primitives
copying src/cryptography/hazmat/primitives/hmac.py -> build/lib.linux-x86_64-2.7/cryptography/hazmat/primitives
creating build/lib.linux-x86_64-2.7/cryptography/hazmat/backends/openssl
copying src/cryptography/hazmat/backends/openssl/cmac.py -> build/lib.linux-x86_64-2.7/cryptography/hazmat/backends/openssl
copying src/cryptography/hazmat/backends/openssl/encode_asn1.py -> build/lib.linux-x86_64-2.7/cryptography/hazmat/backends/openssl
copying src/cryptography/hazmat/backends/openssl/decode_asn1.py -> build/lib.linux-x86_64-2.7/cryptography/hazmat/backends/openssl
copying src/cryptography/hazmat/backends/openssl/init.py -> build/lib.linux-x86_64-2.7/cryptography/hazmat/backends/openssl
copying src/cryptography/hazmat/backends/openssl/hashes.py -> build/lib.linux-x86_64-2.7/cryptography/hazmat/backends/openssl
copying src/cryptography/hazmat/backends/openssl/rsa.py -> build/lib.linux-x86_64-2.7/cryptography/hazmat/backends/openssl
copying src/cryptography/hazmat/backends/openssl/utils.py -> build/lib.linux-x86_64-2.7/cryptography/hazmat/backends/openssl
copying src/cryptography/hazmat/backends/openssl/ciphers.py -> build/lib.linux-x86_64-2.7/cryptography/hazmat/backends/openssl
copying src/cryptography/hazmat/backends/openssl/ec.py -> build/lib.linux-x86_64-2.7/cryptography/hazmat/backends/openssl
copying src/cryptography/hazmat/backends/openssl/dsa.py -> build/lib.linux-x86_64-2.7/cryptography/hazmat/backends/openssl
copying src/cryptography/hazmat/backends/openssl/hmac.py -> build/lib.linux-x86_64-2.7/cryptography/hazmat/backends/openssl
copying src/cryptography/hazmat/backends/openssl/backend.py -> build/lib.linux-x86_64-2.7/cryptography/hazmat/backends/openssl
copying src/cryptography/hazmat/backends/openssl/x509.py -> build/lib.linux-x86_64-2.7/cryptography/hazmat/backends/openssl
creating build/lib.linux-x86_64-2.7/cryptography/hazmat/backends/commoncrypto
copying src/cryptography/hazmat/backends/commoncrypto/init.py -> build/lib.linux-x86_64-2.7/cryptography/hazmat/backends/commoncrypto
copying src/cryptography/hazmat/backends/commoncrypto/hashes.py -> build/lib.linux-x86_64-2.7/cryptography/hazmat/backends/commoncrypto
copying src/cryptography/hazmat/backends/commoncrypto/ciphers.py -> build/lib.linux-x86_64-2.7/cryptography/hazmat/backends/commoncrypto
copying src/cryptography/hazmat/backends/commoncrypto/hmac.py -> build/lib.linux-x86_64-2.7/cryptography/hazmat/backends/commoncrypto
copying src/cryptography/hazmat/backends/commoncrypto/backend.py -> build/lib.linux-x86_64-2.7/cryptography/hazmat/backends/commoncrypto
creating build/lib.linux-x86_64-2.7/cryptography/hazmat/bindings/openssl
copying src/cryptography/hazmat/bindings/openssl/init.py -> build/lib.linux-x86_64-2.7/cryptography/hazmat/bindings/openssl
copying src/cryptography/hazmat/bindings/openssl/binding.py -> build/lib.linux-x86_64-2.7/cryptography/hazmat/bindings/openssl
copying src/cryptography/hazmat/bindings/openssl/_conditional.py -> build/lib.linux-x86_64-2.7/cryptography/hazmat/bindings/openssl
creating build/lib.linux-x86_64-2.7/cryptography/hazmat/bindings/commoncrypto
copying src/cryptography/hazmat/bindings/commoncrypto/init.py -> build/lib.linux-x86_64-2.7/cryptography/hazmat/bindings/commoncrypto
copying src/cryptography/hazmat/bindings/commoncrypto/binding.py -> build/lib.linux-x86_64-2.7/cryptography/hazmat/bindings/commoncrypto
creating build/lib.linux-x86_64-2.7/cryptography/hazmat/primitives/ciphers
copying src/cryptography/hazmat/primitives/ciphers/algorithms.py -> build/lib.linux-x86_64-2.7/cryptography/hazmat/primitives/ciphers
copying src/cryptography/hazmat/primitives/ciphers/init.py -> build/lib.linux-x86_64-2.7/cryptography/hazmat/primitives/ciphers
copying src/cryptography/hazmat/primitives/ciphers/modes.py -> build/lib.linux-x86_64-2.7/cryptography/hazmat/primitives/ciphers
copying src/cryptography/hazmat/primitives/ciphers/base.py -> build/lib.linux-x86_64-2.7/cryptography/hazmat/primitives/ciphers
creating build/lib.linux-x86_64-2.7/cryptography/hazmat/primitives/twofactor
copying src/cryptography/hazmat/primitives/twofactor/init.py -> build/lib.linux-x86_64-2.7/cryptography/hazmat/primitives/twofactor
copying src/cryptography/hazmat/primitives/twofactor/hotp.py -> build/lib.linux-x86_64-2.7/cryptography/hazmat/primitives/twofactor
copying src/cryptography/hazmat/primitives/twofactor/utils.py -> build/lib.linux-x86_64-2.7/cryptography/hazmat/primitives/twofactor
copying src/cryptography/hazmat/primitives/twofactor/totp.py -> build/lib.linux-x86_64-2.7/cryptography/hazmat/primitives/twofactor
creating build/lib.linux-x86_64-2.7/cryptography/hazmat/primitives/kdf
copying src/cryptography/hazmat/primitives/kdf/kbkdf.py -> build/lib.linux-x86_64-2.7/cryptography/hazmat/primitives/kdf
copying src/cryptography/hazmat/primitives/kdf/hkdf.py -> build/lib.linux-x86_64-2.7/cryptography/hazmat/primitives/kdf
copying src/cryptography/hazmat/primitives/kdf/init.py -> build/lib.linux-x86_64-2.7/cryptography/hazmat/primitives/kdf
copying src/cryptography/hazmat/primitives/kdf/pbkdf2.py -> build/lib.linux-x86_64-2.7/cryptography/hazmat/primitives/kdf
copying src/cryptography/hazmat/primitives/kdf/concatkdf.py -> build/lib.linux-x86_64-2.7/cryptography/hazmat/primitives/kdf
copying src/cryptography/hazmat/primitives/kdf/x963kdf.py -> build/lib.linux-x86_64-2.7/cryptography/hazmat/primitives/kdf
creating build/lib.linux-x86_64-2.7/cryptography/hazmat/primitives/interfaces
copying src/cryptography/hazmat/primitives/interfaces/init.py -> build/lib.linux-x86_64-2.7/cryptography/hazmat/primitives/interfaces
creating build/lib.linux-x86_64-2.7/cryptography/hazmat/primitives/asymmetric
copying src/cryptography/hazmat/primitives/asymmetric/init.py -> build/lib.linux-x86_64-2.7/cryptography/hazmat/primitives/asymmetric
copying src/cryptography/hazmat/primitives/asymmetric/rsa.py -> build/lib.linux-x86_64-2.7/cryptography/hazmat/primitives/asymmetric
copying src/cryptography/hazmat/primitives/asymmetric/padding.py -> build/lib.linux-x86_64-2.7/cryptography/hazmat/primitives/asymmetric
copying src/cryptography/hazmat/primitives/asymmetric/utils.py -> build/lib.linux-x86_64-2.7/cryptography/hazmat/primitives/asymmetric
copying src/cryptography/hazmat/primitives/asymmetric/ec.py -> build/lib.linux-x86_64-2.7/cryptography/hazmat/primitives/asymmetric
copying src/cryptography/hazmat/primitives/asymmetric/dh.py -> build/lib.linux-x86_64-2.7/cryptography/hazmat/primitives/asymmetric
copying src/cryptography/hazmat/primitives/asymmetric/dsa.py -> build/lib.linux-x86_64-2.7/cryptography/hazmat/primitives/asymmetric
running egg_info
writing requirements to src/cryptography.egg-info/requires.txt
writing src/cryptography.egg-info/PKG-INFO
writing top-level names to src/cryptography.egg-info/top_level.txt
writing dependency_links to src/cryptography.egg-info/dependency_links.txt
writing entry points to src/cryptography.egg-info/entry_points.txt
reading manifest file 'src/cryptography.egg-info/SOURCES.txt'
reading manifest template 'MANIFEST.in'
no previously-included directories found matching 'docs/_build'
warning: no previously-included files matching '*' found under directory 'vectors'
writing manifest file 'src/cryptography.egg-info/SOURCES.txt'
running build_ext
generating cffi module 'build/temp.linux-x86_64-2.7/_padding.c'
creating build/temp.linux-x86_64-2.7
generating cffi module 'build/temp.linux-x86_64-2.7/_constant_time.c'
generating cffi module 'build/temp.linux-x86_64-2.7/_openssl.c'
building '_openssl' extension
creating build/temp.linux-x86_64-2.7/build
creating build/temp.linux-x86_64-2.7/build/temp.linux-x86_64-2.7
x86_64-linux-gnu-gcc -pthread -DNDEBUG -g -fwrapv -O2 -Wall -Wstrict-prototypes -fno-strict-aliasing -Wdate-time -D_FORTIFY_SOURCE=2 -g -fdebug-prefix-map=/build/python2.7-HVkOs2/python2.7-2.7.13=. -fstack-protector-strong -Wformat -Werror=format-security -fPIC -I/usr/include/python2.7 -c build/temp.linux-x86_64-2.7/_openssl.c -o build/temp.linux-x86_64-2.7/build/temp.linux-x86_64-2.7/_openssl.o
build/temp.linux-x86_64-2.7/_openssl.c:708:23: error: conflicting types for ‘ASN1_TIME_to_generalizedtime’
ASN1_GENERALIZEDTIME *ASN1_TIME_to_generalizedtime(ASN1_TIME *,
^~~~~~~~~~~~~~~~~~~~~~~~~~~~
In file included from build/temp.linux-x86_64-2.7/_openssl.c:517:0:
/usr/include/openssl/asn1.h:628:23: note: previous declaration of ‘ASN1_TIME_to_generalizedtime’ was here
ASN1_GENERALIZEDTIME *ASN1_TIME_to_generalizedtime(const ASN1_TIME *t,
^~~~~~~~~~~~~~~~~~~~~~~~~~~~
build/temp.linux-x86_64-2.7/_openssl.c: In function ‘_cffi_d_ASN1_STRING_data’:
build/temp.linux-x86_64-2.7/_openssl.c:13445:3: warning: ‘ASN1_STRING_data’ is deprecated [-Wdeprecated-declarations]
return ASN1_STRING_data(x0);
^~~~~~
In file included from /usr/include/openssl/bn.h:31:0,
from /usr/include/openssl/asn1.h:24,
from build/temp.linux-x86_64-2.7/_openssl.c:517:
/usr/include/openssl/asn1.h:553:1: note: declared here
DEPRECATEDIN_1_1_0(unsigned char *ASN1_STRING_data(ASN1_STRING *x))
^
build/temp.linux-x86_64-2.7/_openssl.c: In function ‘_cffi_f_ASN1_STRING_data’:
build/temp.linux-x86_64-2.7/_openssl.c:13468:3: warning: ‘ASN1_STRING_data’ is deprecated [-Wdeprecated-declarations]
{ result = ASN1_STRING_data(x0); }
^
In file included from /usr/include/openssl/bn.h:31:0,
from /usr/include/openssl/asn1.h:24,
from build/temp.linux-x86_64-2.7/_openssl.c:517:
/usr/include/openssl/asn1.h:553:1: note: declared here
DEPRECATEDIN_1_1_0(unsigned char *ASN1_STRING_data(ASN1_STRING *x))
^
build/temp.linux-x86_64-2.7/_openssl.c: In function ‘_cffi_d_BIO_f_buffer’:
build/temp.linux-x86_64-2.7/_openssl.c:14808:10: warning: return discards ‘const’ qualifier from pointer target type [-Wdiscarded-qualifiers]
return BIO_f_buffer();
^~~~~~~~~~~~~~
build/temp.linux-x86_64-2.7/_openssl.c: In function ‘_cffi_f_BIO_f_buffer’:
build/temp.linux-x86_64-2.7/_openssl.c:14818:12: warning: assignment discards ‘const’ qualifier from pointer target type [-Wdiscarded-qualifiers]
{ result = BIO_f_buffer(); }
^
build/temp.linux-x86_64-2.7/_openssl.c: In function ‘_cffi_d_BIO_f_null’:
build/temp.linux-x86_64-2.7/_openssl.c:14832:10: warning: return discards ‘const’ qualifier from pointer target type [-Wdiscarded-qualifiers]
return BIO_f_null();
^~~~~~~~~~~~
build/temp.linux-x86_64-2.7/_openssl.c: In function ‘_cffi_f_BIO_f_null’:
build/temp.linux-x86_64-2.7/_openssl.c:14842:12: warning: assignment discards ‘const’ qualifier from pointer target type [-Wdiscarded-qualifiers]
{ result = BIO_f_null(); }
^
build/temp.linux-x86_64-2.7/_openssl.c: In function ‘_cffi_d_BIO_s_fd’:
build/temp.linux-x86_64-2.7/_openssl.c:16261:10: warning: return discards ‘const’ qualifier from pointer target type [-Wdiscarded-qualifiers]
return BIO_s_fd();
^~~~~~~~~~
build/temp.linux-x86_64-2.7/_openssl.c: In function ‘_cffi_f_BIO_s_fd’:
build/temp.linux-x86_64-2.7/_openssl.c:16271:12: warning: assignment discards ‘const’ qualifier from pointer target type [-Wdiscarded-qualifiers]
{ result = BIO_s_fd(); }
^
build/temp.linux-x86_64-2.7/_openssl.c: In function ‘_cffi_d_BIO_s_file’:
build/temp.linux-x86_64-2.7/_openssl.c:16285:10: warning: return discards ‘const’ qualifier from pointer target type [-Wdiscarded-qualifiers]
return BIO_s_file();
^~~~~~~~~~~~
build/temp.linux-x86_64-2.7/_openssl.c: In function ‘_cffi_f_BIO_s_file’:
build/temp.linux-x86_64-2.7/_openssl.c:16295:12: warning: assignment discards ‘const’ qualifier from pointer target type [-Wdiscarded-qualifiers]
{ result = BIO_s_file(); }
^
build/temp.linux-x86_64-2.7/_openssl.c: In function ‘_cffi_d_BIO_s_mem’:
build/temp.linux-x86_64-2.7/_openssl.c:16309:10: warning: return discards ‘const’ qualifier from pointer target type [-Wdiscarded-qualifiers]
return BIO_s_mem();
^~~~~~~~~~~
build/temp.linux-x86_64-2.7/_openssl.c: In function ‘_cffi_f_BIO_s_mem’:
build/temp.linux-x86_64-2.7/_openssl.c:16319:12: warning: assignment discards ‘const’ qualifier from pointer target type [-Wdiscarded-qualifiers]
{ result = BIO_s_mem(); }
^
build/temp.linux-x86_64-2.7/_openssl.c: In function ‘_cffi_d_BIO_s_null’:
build/temp.linux-x86_64-2.7/_openssl.c:16333:10: warning: return discards ‘const’ qualifier from pointer target type [-Wdiscarded-qualifiers]
return BIO_s_null();
^~~~~~~~~~~~
build/temp.linux-x86_64-2.7/_openssl.c: In function ‘_cffi_f_BIO_s_null’:
build/temp.linux-x86_64-2.7/_openssl.c:16343:12: warning: assignment discards ‘const’ qualifier from pointer target type [-Wdiscarded-qualifiers]
{ result = BIO_s_null(); }
^
build/temp.linux-x86_64-2.7/_openssl.c: In function ‘_cffi_d_BIO_s_socket’:
build/temp.linux-x86_64-2.7/_openssl.c:16357:10: warning: return discards ‘const’ qualifier from pointer target type [-Wdiscarded-qualifiers]
return BIO_s_socket();
^~~~~~~~~~~~~~
build/temp.linux-x86_64-2.7/_openssl.c: In function ‘_cffi_f_BIO_s_socket’:
build/temp.linux-x86_64-2.7/_openssl.c:16367:12: warning: assignment discards ‘const’ qualifier from pointer target type [-Wdiscarded-qualifiers]
{ result = BIO_s_socket(); }
^
build/temp.linux-x86_64-2.7/_openssl.c: In function ‘_cffi_d_DTLSv1_client_method’:
build/temp.linux-x86_64-2.7/_openssl.c:22839:3: warning: ‘DTLSv1_client_method’ is deprecated [-Wdeprecated-declarations]
return DTLSv1_client_method();
^~~~~~
In file included from /usr/include/openssl/ct.h:13:0,
from /usr/include/openssl/ssl.h:61,
from build/temp.linux-x86_64-2.7/_openssl.c:601:
/usr/include/openssl/ssl.h:1632:1: note: declared here
DEPRECATEDIN_1_1_0(__owur const SSL_METHOD DTLSv1_client_method(void)) / DTLSv1.0 */
^
build/temp.linux-x86_64-2.7/_openssl.c: In function ‘_cffi_f_DTLSv1_client_method’:
build/temp.linux-x86_64-2.7/_openssl.c:22849:3: warning: ‘DTLSv1_client_method’ is deprecated [-Wdeprecated-declarations]
{ result = DTLSv1_client_method(); }
^
In file included from /usr/include/openssl/ct.h:13:0,
from /usr/include/openssl/ssl.h:61,
from build/temp.linux-x86_64-2.7/_openssl.c:601:
/usr/include/openssl/ssl.h:1632:1: note: declared here
DEPRECATEDIN_1_1_0(__owur const SSL_METHOD DTLSv1_client_method(void)) / DTLSv1.0 */
^
build/temp.linux-x86_64-2.7/_openssl.c: In function ‘_cffi_d_DTLSv1_method’:
build/temp.linux-x86_64-2.7/_openssl.c:22863:3: warning: ‘DTLSv1_method’ is deprecated [-Wdeprecated-declarations]
return DTLSv1_method();
^~~~~~
In file included from /usr/include/openssl/ct.h:13:0,
from /usr/include/openssl/ssl.h:61,
from build/temp.linux-x86_64-2.7/_openssl.c:601:
/usr/include/openssl/ssl.h:1630:1: note: declared here
DEPRECATEDIN_1_1_0(__owur const SSL_METHOD DTLSv1_method(void)) / DTLSv1.0 */
^
build/temp.linux-x86_64-2.7/_openssl.c: In function ‘_cffi_f_DTLSv1_method’:
build/temp.linux-x86_64-2.7/_openssl.c:22873:3: warning: ‘DTLSv1_method’ is deprecated [-Wdeprecated-declarations]
{ result = DTLSv1_method(); }
^
In file included from /usr/include/openssl/ct.h:13:0,
from /usr/include/openssl/ssl.h:61,
from build/temp.linux-x86_64-2.7/_openssl.c:601:
/usr/include/openssl/ssl.h:1630:1: note: declared here
DEPRECATEDIN_1_1_0(__owur const SSL_METHOD DTLSv1_method(void)) / DTLSv1.0 */
^
build/temp.linux-x86_64-2.7/_openssl.c: In function ‘_cffi_d_DTLSv1_server_method’:
build/temp.linux-x86_64-2.7/_openssl.c:22887:3: warning: ‘DTLSv1_server_method’ is deprecated [-Wdeprecated-declarations]
return DTLSv1_server_method();
^~~~~~
In file included from /usr/include/openssl/ct.h:13:0,
from /usr/include/openssl/ssl.h:61,
from build/temp.linux-x86_64-2.7/_openssl.c:601:
/usr/include/openssl/ssl.h:1631:1: note: declared here
DEPRECATEDIN_1_1_0(__owur const SSL_METHOD DTLSv1_server_method(void)) / DTLSv1.0 */
^
build/temp.linux-x86_64-2.7/_openssl.c: In function ‘_cffi_f_DTLSv1_server_method’:
build/temp.linux-x86_64-2.7/_openssl.c:22897:3: warning: ‘DTLSv1_server_method’ is deprecated [-Wdeprecated-declarations]
{ result = DTLSv1_server_method(); }
^
In file included from /usr/include/openssl/ct.h:13:0,
from /usr/include/openssl/ssl.h:61,
from build/temp.linux-x86_64-2.7/_openssl.c:601:
/usr/include/openssl/ssl.h:1631:1: note: declared here
DEPRECATEDIN_1_1_0(__owur const SSL_METHOD DTLSv1_server_method(void)) / DTLSv1.0 */
^
build/temp.linux-x86_64-2.7/_openssl.c: In function ‘_cffi_d_OPENSSL_config’:
build/temp.linux-x86_64-2.7/_openssl.c:39568:3: warning: ‘OPENSSL_config’ is deprecated [-Wdeprecated-declarations]
OPENSSL_config(x0);
^~~~~~~~~~~~~~
In file included from /usr/include/openssl/x509_vfy.h:20:0,
from /usr/include/openssl/x509.h:309,
from /usr/include/openssl/cms.h:16,
from build/temp.linux-x86_64-2.7/_openssl.c:532:
/usr/include/openssl/conf.h:92:1: note: declared here
DEPRECATEDIN_1_1_0(void OPENSSL_config(const char *config_name))
^
build/temp.linux-x86_64-2.7/_openssl.c: In function ‘_cffi_f_OPENSSL_config’:
build/temp.linux-x86_64-2.7/_openssl.c:39590:3: warning: ‘OPENSSL_config’ is deprecated [-Wdeprecated-declarations]
{ OPENSSL_config(x0); }
^
In file included from /usr/include/openssl/x509_vfy.h:20:0,
from /usr/include/openssl/x509.h:309,
from /usr/include/openssl/cms.h:16,
from build/temp.linux-x86_64-2.7/_openssl.c:532:
/usr/include/openssl/conf.h:92:1: note: declared here
DEPRECATEDIN_1_1_0(void OPENSSL_config(const char *config_name))
^
build/temp.linux-x86_64-2.7/_openssl.c: In function ‘_cffi_d_TLSv1_1_client_method’:
build/temp.linux-x86_64-2.7/_openssl.c:52764:3: warning: ‘TLSv1_1_client_method’ is deprecated [-Wdeprecated-declarations]
return TLSv1_1_client_method();
^~~~~~
In file included from /usr/include/openssl/ct.h:13:0,
from /usr/include/openssl/ssl.h:61,
from build/temp.linux-x86_64-2.7/_openssl.c:601:
/usr/include/openssl/ssl.h:1620:1: note: declared here
DEPRECATEDIN_1_1_0(__owur const SSL_METHOD TLSv1_1_client_method(void)) / TLSv1.1 */
^
build/temp.linux-x86_64-2.7/_openssl.c: In function ‘_cffi_f_TLSv1_1_client_method’:
build/temp.linux-x86_64-2.7/_openssl.c:52774:3: warning: ‘TLSv1_1_client_method’ is deprecated [-Wdeprecated-declarations]
{ result = TLSv1_1_client_method(); }
^
In file included from /usr/include/openssl/ct.h:13:0,
from /usr/include/openssl/ssl.h:61,
from build/temp.linux-x86_64-2.7/_openssl.c:601:
/usr/include/openssl/ssl.h:1620:1: note: declared here
DEPRECATEDIN_1_1_0(__owur const SSL_METHOD TLSv1_1_client_method(void)) / TLSv1.1 */
^
build/temp.linux-x86_64-2.7/_openssl.c: In function ‘_cffi_d_TLSv1_1_method’:
build/temp.linux-x86_64-2.7/_openssl.c:52788:3: warning: ‘TLSv1_1_method’ is deprecated [-Wdeprecated-declarations]
return TLSv1_1_method();
^~~~~~
In file included from /usr/include/openssl/ct.h:13:0,
from /usr/include/openssl/ssl.h:61,
from build/temp.linux-x86_64-2.7/_openssl.c:601:
/usr/include/openssl/ssl.h:1618:1: note: declared here
DEPRECATEDIN_1_1_0(__owur const SSL_METHOD TLSv1_1_method(void)) / TLSv1.1 */
^
build/temp.linux-x86_64-2.7/_openssl.c: In function ‘_cffi_f_TLSv1_1_method’:
build/temp.linux-x86_64-2.7/_openssl.c:52798:3: warning: ‘TLSv1_1_method’ is deprecated [-Wdeprecated-declarations]
{ result = TLSv1_1_method(); }
^
In file included from /usr/include/openssl/ct.h:13:0,
from /usr/include/openssl/ssl.h:61,
from build/temp.linux-x86_64-2.7/_openssl.c:601:
/usr/include/openssl/ssl.h:1618:1: note: declared here
DEPRECATEDIN_1_1_0(__owur const SSL_METHOD TLSv1_1_method(void)) / TLSv1.1 */
^
build/temp.linux-x86_64-2.7/_openssl.c: In function ‘_cffi_d_TLSv1_1_server_method’:
build/temp.linux-x86_64-2.7/_openssl.c:52812:3: warning: ‘TLSv1_1_server_method’ is deprecated [-Wdeprecated-declarations]
return TLSv1_1_server_method();
^~~~~~
In file included from /usr/include/openssl/ct.h:13:0,
from /usr/include/openssl/ssl.h:61,
from build/temp.linux-x86_64-2.7/_openssl.c:601:
/usr/include/openssl/ssl.h:1619:1: note: declared here
DEPRECATEDIN_1_1_0(__owur const SSL_METHOD TLSv1_1_server_method(void)) / TLSv1.1 */
^
build/temp.linux-x86_64-2.7/_openssl.c: In function ‘_cffi_f_TLSv1_1_server_method’:
build/temp.linux-x86_64-2.7/_openssl.c:52822:3: warning: ‘TLSv1_1_server_method’ is deprecated [-Wdeprecated-declarations]
{ result = TLSv1_1_server_method(); }
^
In file included from /usr/include/openssl/ct.h:13:0,
from /usr/include/openssl/ssl.h:61,
from build/temp.linux-x86_64-2.7/_openssl.c:601:
/usr/include/openssl/ssl.h:1619:1: note: declared here
DEPRECATEDIN_1_1_0(__owur const SSL_METHOD TLSv1_1_server_method(void)) / TLSv1.1 */
^
build/temp.linux-x86_64-2.7/_openssl.c: In function ‘_cffi_d_TLSv1_2_client_method’:
build/temp.linux-x86_64-2.7/_openssl.c:52836:3: warning: ‘TLSv1_2_client_method’ is deprecated [-Wdeprecated-declarations]
return TLSv1_2_client_method();
^~~~~~
In file included from /usr/include/openssl/ct.h:13:0,
from /usr/include/openssl/ssl.h:61,
from build/temp.linux-x86_64-2.7/_openssl.c:601:
/usr/include/openssl/ssl.h:1626:1: note: declared here
DEPRECATEDIN_1_1_0(__owur const SSL_METHOD TLSv1_2_client_method(void)) / TLSv1.2 */
^
build/temp.linux-x86_64-2.7/_openssl.c: In function ‘_cffi_f_TLSv1_2_client_method’:
build/temp.linux-x86_64-2.7/_openssl.c:52846:3: warning: ‘TLSv1_2_client_method’ is deprecated [-Wdeprecated-declarations]
{ result = TLSv1_2_client_method(); }
^
In file included from /usr/include/openssl/ct.h:13:0,
from /usr/include/openssl/ssl.h:61,
from build/temp.linux-x86_64-2.7/_openssl.c:601:
/usr/include/openssl/ssl.h:1626:1: note: declared here
DEPRECATEDIN_1_1_0(__owur const SSL_METHOD TLSv1_2_client_method(void)) / TLSv1.2 */
^
build/temp.linux-x86_64-2.7/_openssl.c: In function ‘_cffi_d_TLSv1_2_method’:
build/temp.linux-x86_64-2.7/_openssl.c:52860:3: warning: ‘TLSv1_2_method’ is deprecated [-Wdeprecated-declarations]
return TLSv1_2_method();
^~~~~~
In file included from /usr/include/openssl/ct.h:13:0,
from /usr/include/openssl/ssl.h:61,
from build/temp.linux-x86_64-2.7/_openssl.c:601:
/usr/include/openssl/ssl.h:1624:1: note: declared here
DEPRECATEDIN_1_1_0(__owur const SSL_METHOD TLSv1_2_method(void)) / TLSv1.2 */
^
build/temp.linux-x86_64-2.7/_openssl.c: In function ‘_cffi_f_TLSv1_2_method’:
build/temp.linux-x86_64-2.7/_openssl.c:52870:3: warning: ‘TLSv1_2_method’ is deprecated [-Wdeprecated-declarations]
{ result = TLSv1_2_method(); }
^
In file included from /usr/include/openssl/ct.h:13:0,
from /usr/include/openssl/ssl.h:61,
from build/temp.linux-x86_64-2.7/_openssl.c:601:
/usr/include/openssl/ssl.h:1624:1: note: declared here
DEPRECATEDIN_1_1_0(__owur const SSL_METHOD TLSv1_2_method(void)) / TLSv1.2 */
^
build/temp.linux-x86_64-2.7/_openssl.c: In function ‘_cffi_d_TLSv1_2_server_method’:
build/temp.linux-x86_64-2.7/_openssl.c:52884:3: warning: ‘TLSv1_2_server_method’ is deprecated [-Wdeprecated-declarations]
return TLSv1_2_server_method();
^~~~~~
In file included from /usr/include/openssl/ct.h:13:0,
from /usr/include/openssl/ssl.h:61,
from build/temp.linux-x86_64-2.7/_openssl.c:601:
/usr/include/openssl/ssl.h:1625:1: note: declared here
DEPRECATEDIN_1_1_0(__owur const SSL_METHOD TLSv1_2_server_method(void)) / TLSv1.2 */
^
build/temp.linux-x86_64-2.7/_openssl.c: In function ‘_cffi_f_TLSv1_2_server_method’:
build/temp.linux-x86_64-2.7/_openssl.c:52894:3: warning: ‘TLSv1_2_server_method’ is deprecated [-Wdeprecated-declarations]
{ result = TLSv1_2_server_method(); }
^
In file included from /usr/include/openssl/ct.h:13:0,
from /usr/include/openssl/ssl.h:61,
from build/temp.linux-x86_64-2.7/_openssl.c:601:
/usr/include/openssl/ssl.h:1625:1: note: declared here
DEPRECATEDIN_1_1_0(__owur const SSL_METHOD TLSv1_2_server_method(void)) / TLSv1.2 */
^
build/temp.linux-x86_64-2.7/_openssl.c: In function ‘_cffi_d_TLSv1_client_method’:
build/temp.linux-x86_64-2.7/_openssl.c:52908:3: warning: ‘TLSv1_client_method’ is deprecated [-Wdeprecated-declarations]
return TLSv1_client_method();
^~~~~~
In file included from /usr/include/openssl/ct.h:13:0,
from /usr/include/openssl/ssl.h:61,
from build/temp.linux-x86_64-2.7/_openssl.c:601:
/usr/include/openssl/ssl.h:1614:1: note: declared here
DEPRECATEDIN_1_1_0(__owur const SSL_METHOD TLSv1_client_method(void)) / TLSv1.0 */
^
build/temp.linux-x86_64-2.7/_openssl.c: In function ‘_cffi_f_TLSv1_client_method’:
build/temp.linux-x86_64-2.7/_openssl.c:52918:3: warning: ‘TLSv1_client_method’ is deprecated [-Wdeprecated-declarations]
{ result = TLSv1_client_method(); }
^
In file included from /usr/include/openssl/ct.h:13:0,
from /usr/include/openssl/ssl.h:61,
from build/temp.linux-x86_64-2.7/_openssl.c:601:
/usr/include/openssl/ssl.h:1614:1: note: declared here
DEPRECATEDIN_1_1_0(__owur const SSL_METHOD TLSv1_client_method(void)) / TLSv1.0 */
^
build/temp.linux-x86_64-2.7/_openssl.c: In function ‘_cffi_d_TLSv1_method’:
build/temp.linux-x86_64-2.7/_openssl.c:52932:3: warning: ‘TLSv1_method’ is deprecated [-Wdeprecated-declarations]
return TLSv1_method();
^~~~~~
In file included from /usr/include/openssl/ct.h:13:0,
from /usr/include/openssl/ssl.h:61,
from build/temp.linux-x86_64-2.7/_openssl.c:601:
/usr/include/openssl/ssl.h:1612:1: note: declared here
DEPRECATEDIN_1_1_0(__owur const SSL_METHOD TLSv1_method(void)) / TLSv1.0 */
^
build/temp.linux-x86_64-2.7/_openssl.c: In function ‘_cffi_f_TLSv1_method’:
build/temp.linux-x86_64-2.7/_openssl.c:52942:3: warning: ‘TLSv1_method’ is deprecated [-Wdeprecated-declarations]
{ result = TLSv1_method(); }
^
In file included from /usr/include/openssl/ct.h:13:0,
from /usr/include/openssl/ssl.h:61,
from build/temp.linux-x86_64-2.7/_openssl.c:601:
/usr/include/openssl/ssl.h:1612:1: note: declared here
DEPRECATEDIN_1_1_0(__owur const SSL_METHOD TLSv1_method(void)) / TLSv1.0 */
^
build/temp.linux-x86_64-2.7/_openssl.c: In function ‘_cffi_d_TLSv1_server_method’:
build/temp.linux-x86_64-2.7/_openssl.c:52956:3: warning: ‘TLSv1_server_method’ is deprecated [-Wdeprecated-declarations]
return TLSv1_server_method();
^~~~~~
In file included from /usr/include/openssl/ct.h:13:0,
from /usr/include/openssl/ssl.h:61,
from build/temp.linux-x86_64-2.7/_openssl.c:601:
/usr/include/openssl/ssl.h:1613:1: note: declared here
DEPRECATEDIN_1_1_0(__owur const SSL_METHOD TLSv1_server_method(void)) / TLSv1.0 */
^
build/temp.linux-x86_64-2.7/_openssl.c: In function ‘_cffi_f_TLSv1_server_method’:
build/temp.linux-x86_64-2.7/_openssl.c:52966:3: warning: ‘TLSv1_server_method’ is deprecated [-Wdeprecated-declarations]
{ result = TLSv1_server_method(); }
^
In file included from /usr/include/openssl/ct.h:13:0,
from /usr/include/openssl/ssl.h:61,
from build/temp.linux-x86_64-2.7/_openssl.c:601:
/usr/include/openssl/ssl.h:1613:1: note: declared here
DEPRECATEDIN_1_1_0(__owur const SSL_METHOD TLSv1_server_method(void)) / TLSv1.0 */
^
build/temp.linux-x86_64-2.7/_openssl.c: In function ‘_cffi_d_X509_CRL_get_lastUpdate’:
build/temp.linux-x86_64-2.7/_openssl.c:54001:3: warning: ‘X509_CRL_get_lastUpdate’ is deprecated [-Wdeprecated-declarations]
return X509_CRL_get_lastUpdate(x0);
^~~~~~
In file included from /usr/include/openssl/x509_vfy.h:20:0,
from /usr/include/openssl/x509.h:309,
from /usr/include/openssl/cms.h:16,
from build/temp.linux-x86_64-2.7/_openssl.c:532:
/usr/include/openssl/x509.h:708:1: note: declared here
DEPRECATEDIN_1_1_0(ASN1_TIME *X509_CRL_get_lastUpdate(X509_CRL *crl))
^
build/temp.linux-x86_64-2.7/_openssl.c: In function ‘_cffi_f_X509_CRL_get_lastUpdate’:
build/temp.linux-x86_64-2.7/_openssl.c:54024:3: warning: ‘X509_CRL_get_lastUpdate’ is deprecated [-Wdeprecated-declarations]
{ result = X509_CRL_get_lastUpdate(x0); }
^
In file included from /usr/include/openssl/x509_vfy.h:20:0,
from /usr/include/openssl/x509.h:309,
from /usr/include/openssl/cms.h:16,
from build/temp.linux-x86_64-2.7/_openssl.c:532:
/usr/include/openssl/x509.h:708:1: note: declared here
DEPRECATEDIN_1_1_0(ASN1_TIME *X509_CRL_get_lastUpdate(X509_CRL *crl))
^
build/temp.linux-x86_64-2.7/_openssl.c: In function ‘_cffi_d_X509_CRL_get_nextUpdate’:
build/temp.linux-x86_64-2.7/_openssl.c:54037:3: warning: ‘X509_CRL_get_nextUpdate’ is deprecated [-Wdeprecated-declarations]
return X509_CRL_get_nextUpdate(x0);
^~~~~~
In file included from /usr/include/openssl/x509_vfy.h:20:0,
from /usr/include/openssl/x509.h:309,
from /usr/include/openssl/cms.h:16,
from build/temp.linux-x86_64-2.7/_openssl.c:532:
/usr/include/openssl/x509.h:709:1: note: declared here
DEPRECATEDIN_1_1_0(ASN1_TIME *X509_CRL_get_nextUpdate(X509_CRL *crl))
^
build/temp.linux-x86_64-2.7/_openssl.c: In function ‘_cffi_f_X509_CRL_get_nextUpdate’:
build/temp.linux-x86_64-2.7/_openssl.c:54060:3: warning: ‘X509_CRL_get_nextUpdate’ is deprecated [-Wdeprecated-declarations]
{ result = X509_CRL_get_nextUpdate(x0); }
^
In file included from /usr/include/openssl/x509_vfy.h:20:0,
from /usr/include/openssl/x509.h:309,
from /usr/include/openssl/cms.h:16,
from build/temp.linux-x86_64-2.7/_openssl.c:532:
/usr/include/openssl/x509.h:709:1: note: declared here
DEPRECATEDIN_1_1_0(ASN1_TIME *X509_CRL_get_nextUpdate(X509_CRL *crl))
^
build/temp.linux-x86_64-2.7/_openssl.c: In function ‘_cffi_d_X509_get0_signature’:
build/temp.linux-x86_64-2.7/_openssl.c:59497:23: warning: passing argument 1 of ‘X509_get0_signature’ from incompatible pointer type [-Wincompatible-pointer-types]
X509_get0_signature(x0, x1, x2);
^~
In file included from /usr/include/openssl/cms.h:16:0,
from build/temp.linux-x86_64-2.7/_openssl.c:532:
/usr/include/openssl/x509.h:552:6: note: expected ‘const ASN1_BIT_STRING ** {aka const struct asn1_string_st **}’ but argument is of type ‘ASN1_OCTET_STRING ** {aka struct asn1_string_st **}’
void X509_get0_signature(const ASN1_BIT_STRING **psig,
^~~~~~~~~~~~~~~~~~~
build/temp.linux-x86_64-2.7/_openssl.c:59497:27: warning: passing argument 2 of ‘X509_get0_signature’ from incompatible pointer type [-Wincompatible-pointer-types]
X509_get0_signature(x0, x1, x2);
^~
In file included from /usr/include/openssl/cms.h:16:0,
from build/temp.linux-x86_64-2.7/_openssl.c:532:
/usr/include/openssl/x509.h:552:6: note: expected ‘const X509_ALGOR ** {aka const struct X509_algor_st **}’ but argument is of type ‘X509_ALGOR ** {aka struct X509_algor_st **}’
void X509_get0_signature(const ASN1_BIT_STRING **psig,
^~~~~~~~~~~~~~~~~~~
build/temp.linux-x86_64-2.7/_openssl.c: In function ‘_cffi_f_X509_get0_signature’:
build/temp.linux-x86_64-2.7/_openssl.c:59549:25: warning: passing argument 1 of ‘X509_get0_signature’ from incompatible pointer type [-Wincompatible-pointer-types]
{ X509_get0_signature(x0, x1, x2); }
^~
In file included from /usr/include/openssl/cms.h:16:0,
from build/temp.linux-x86_64-2.7/_openssl.c:532:
/usr/include/openssl/x509.h:552:6: note: expected ‘const ASN1_BIT_STRING ** {aka const struct asn1_string_st **}’ but argument is of type ‘ASN1_OCTET_STRING ** {aka struct asn1_string_st **}’
void X509_get0_signature(const ASN1_BIT_STRING **psig,
^~~~~~~~~~~~~~~~~~~
build/temp.linux-x86_64-2.7/_openssl.c:59549:29: warning: passing argument 2 of ‘X509_get0_signature’ from incompatible pointer type [-Wincompatible-pointer-types]
{ X509_get0_signature(x0, x1, x2); }
^~
In file included from /usr/include/openssl/cms.h:16:0,
from build/temp.linux-x86_64-2.7/_openssl.c:532:
/usr/include/openssl/x509.h:552:6: note: expected ‘const X509_ALGOR ** {aka const struct X509_algor_st **}’ but argument is of type ‘X509_ALGOR ** {aka struct X509_algor_st **}’
void X509_get0_signature(const ASN1_BIT_STRING **psig,
^~~~~~~~~~~~~~~~~~~
error: command 'x86_64-linux-gnu-gcc' failed with exit status 1
Failed building wheel for cryptography
Running setup.py clean for cryptography
Failed to build cryptography
Installing collected packages: cryptography, lxml, brotlipy, blinker, typing, editorconfig, jsbeautifier, mitmproxy
Running setup.py install for cryptography ... error
Complete output from command /usr/bin/python -u -c "import setuptools, tokenize;file='/tmp/pip-build-pnm9yn/cryptography/setup.py';f=getattr(tokenize, 'open', open)(file);code=f.read().replace('\r\n', '\n');f.close();exec(compile(code, file, 'exec'))" install --record /tmp/pip-CuCMQF-record/install-record.txt --single-version-externally-managed --compile --user --prefix=:
running install
running build
running build_py
creating build
creating build/lib.linux-x86_64-2.7
creating build/lib.linux-x86_64-2.7/cryptography
copying src/cryptography/exceptions.py -> build/lib.linux-x86_64-2.7/cryptography
copying src/cryptography/fernet.py -> build/lib.linux-x86_64-2.7/cryptography
copying src/cryptography/init.py -> build/lib.linux-x86_64-2.7/cryptography
copying src/cryptography/utils.py -> build/lib.linux-x86_64-2.7/cryptography
copying src/cryptography/about.py -> build/lib.linux-x86_64-2.7/cryptography
creating build/lib.linux-x86_64-2.7/cryptography/hazmat
copying src/cryptography/hazmat/init.py -> build/lib.linux-x86_64-2.7/cryptography/hazmat
creating build/lib.linux-x86_64-2.7/cryptography/x509
copying src/cryptography/x509/extensions.py -> build/lib.linux-x86_64-2.7/cryptography/x509
copying src/cryptography/x509/init.py -> build/lib.linux-x86_64-2.7/cryptography/x509
copying src/cryptography/x509/base.py -> build/lib.linux-x86_64-2.7/cryptography/x509
copying src/cryptography/x509/oid.py -> build/lib.linux-x86_64-2.7/cryptography/x509
copying src/cryptography/x509/general_name.py -> build/lib.linux-x86_64-2.7/cryptography/x509
copying src/cryptography/x509/name.py -> build/lib.linux-x86_64-2.7/cryptography/x509
creating build/lib.linux-x86_64-2.7/cryptography/hazmat/backends
copying src/cryptography/hazmat/backends/interfaces.py -> build/lib.linux-x86_64-2.7/cryptography/hazmat/backends
copying src/cryptography/hazmat/backends/init.py -> build/lib.linux-x86_64-2.7/cryptography/hazmat/backends
copying src/cryptography/hazmat/backends/multibackend.py -> build/lib.linux-x86_64-2.7/cryptography/hazmat/backends
creating build/lib.linux-x86_64-2.7/cryptography/hazmat/bindings
copying src/cryptography/hazmat/bindings/init.py -> build/lib.linux-x86_64-2.7/cryptography/hazmat/bindings
creating build/lib.linux-x86_64-2.7/cryptography/hazmat/primitives
copying src/cryptography/hazmat/primitives/cmac.py -> build/lib.linux-x86_64-2.7/cryptography/hazmat/primitives
copying src/cryptography/hazmat/primitives/init.py -> build/lib.linux-x86_64-2.7/cryptography/hazmat/primitives
copying src/cryptography/hazmat/primitives/serialization.py -> build/lib.linux-x86_64-2.7/cryptography/hazmat/primitives
copying src/cryptography/hazmat/primitives/hashes.py -> build/lib.linux-x86_64-2.7/cryptography/hazmat/primitives
copying src/cryptography/hazmat/primitives/constant_time.py -> build/lib.linux-x86_64-2.7/cryptography/hazmat/primitives
copying src/cryptography/hazmat/primitives/padding.py -> build/lib.linux-x86_64-2.7/cryptography/hazmat/primitives
copying src/cryptography/hazmat/primitives/keywrap.py -> build/lib.linux-x86_64-2.7/cryptography/hazmat/primitives
copying src/cryptography/hazmat/primitives/hmac.py -> build/lib.linux-x86_64-2.7/cryptography/hazmat/primitives
creating build/lib.linux-x86_64-2.7/cryptography/hazmat/backends/openssl
copying src/cryptography/hazmat/backends/openssl/cmac.py -> build/lib.linux-x86_64-2.7/cryptography/hazmat/backends/openssl
copying src/cryptography/hazmat/backends/openssl/encode_asn1.py -> build/lib.linux-x86_64-2.7/cryptography/hazmat/backends/openssl
copying src/cryptography/hazmat/backends/openssl/decode_asn1.py -> build/lib.linux-x86_64-2.7/cryptography/hazmat/backends/openssl
copying src/cryptography/hazmat/backends/openssl/init.py -> build/lib.linux-x86_64-2.7/cryptography/hazmat/backends/openssl
copying src/cryptography/hazmat/backends/openssl/hashes.py -> build/lib.linux-x86_64-2.7/cryptography/hazmat/backends/openssl
copying src/cryptography/hazmat/backends/openssl/rsa.py -> build/lib.linux-x86_64-2.7/cryptography/hazmat/backends/openssl
copying src/cryptography/hazmat/backends/openssl/utils.py -> build/lib.linux-x86_64-2.7/cryptography/hazmat/backends/openssl
copying src/cryptography/hazmat/backends/openssl/ciphers.py -> build/lib.linux-x86_64-2.7/cryptography/hazmat/backends/openssl
copying src/cryptography/hazmat/backends/openssl/ec.py -> build/lib.linux-x86_64-2.7/cryptography/hazmat/backends/openssl
copying src/cryptography/hazmat/backends/openssl/dsa.py -> build/lib.linux-x86_64-2.7/cryptography/hazmat/backends/openssl
copying src/cryptography/hazmat/backends/openssl/hmac.py -> build/lib.linux-x86_64-2.7/cryptography/hazmat/backends/openssl
copying src/cryptography/hazmat/backends/openssl/backend.py -> build/lib.linux-x86_64-2.7/cryptography/hazmat/backends/openssl
copying src/cryptography/hazmat/backends/openssl/x509.py -> build/lib.linux-x86_64-2.7/cryptography/hazmat/backends/openssl
creating build/lib.linux-x86_64-2.7/cryptography/hazmat/backends/commoncrypto
copying src/cryptography/hazmat/backends/commoncrypto/init.py -> build/lib.linux-x86_64-2.7/cryptography/hazmat/backends/commoncrypto
copying src/cryptography/hazmat/backends/commoncrypto/hashes.py -> build/lib.linux-x86_64-2.7/cryptography/hazmat/backends/commoncrypto
copying src/cryptography/hazmat/backends/commoncrypto/ciphers.py -> build/lib.linux-x86_64-2.7/cryptography/hazmat/backends/commoncrypto
copying src/cryptography/hazmat/backends/commoncrypto/hmac.py -> build/lib.linux-x86_64-2.7/cryptography/hazmat/backends/commoncrypto
copying src/cryptography/hazmat/backends/commoncrypto/backend.py -> build/lib.linux-x86_64-2.7/cryptography/hazmat/backends/commoncrypto
creating build/lib.linux-x86_64-2.7/cryptography/hazmat/bindings/openssl
copying src/cryptography/hazmat/bindings/openssl/init.py -> build/lib.linux-x86_64-2.7/cryptography/hazmat/bindings/openssl
copying src/cryptography/hazmat/bindings/openssl/binding.py -> build/lib.linux-x86_64-2.7/cryptography/hazmat/bindings/openssl
copying src/cryptography/hazmat/bindings/openssl/_conditional.py -> build/lib.linux-x86_64-2.7/cryptography/hazmat/bindings/openssl
creating build/lib.linux-x86_64-2.7/cryptography/hazmat/bindings/commoncrypto
copying src/cryptography/hazmat/bindings/commoncrypto/init.py -> build/lib.linux-x86_64-2.7/cryptography/hazmat/bindings/commoncrypto
copying src/cryptography/hazmat/bindings/commoncrypto/binding.py -> build/lib.linux-x86_64-2.7/cryptography/hazmat/bindings/commoncrypto
creating build/lib.linux-x86_64-2.7/cryptography/hazmat/primitives/ciphers
copying src/cryptography/hazmat/primitives/ciphers/algorithms.py -> build/lib.linux-x86_64-2.7/cryptography/hazmat/primitives/ciphers
copying src/cryptography/hazmat/primitives/ciphers/init.py -> build/lib.linux-x86_64-2.7/cryptography/hazmat/primitives/ciphers
copying src/cryptography/hazmat/primitives/ciphers/modes.py -> build/lib.linux-x86_64-2.7/cryptography/hazmat/primitives/ciphers
copying src/cryptography/hazmat/primitives/ciphers/base.py -> build/lib.linux-x86_64-2.7/cryptography/hazmat/primitives/ciphers
creating build/lib.linux-x86_64-2.7/cryptography/hazmat/primitives/twofactor
copying src/cryptography/hazmat/primitives/twofactor/init.py -> build/lib.linux-x86_64-2.7/cryptography/hazmat/primitives/twofactor
copying src/cryptography/hazmat/primitives/twofactor/hotp.py -> build/lib.linux-x86_64-2.7/cryptography/hazmat/primitives/twofactor
copying src/cryptography/hazmat/primitives/twofactor/utils.py -> build/lib.linux-x86_64-2.7/cryptography/hazmat/primitives/twofactor
copying src/cryptography/hazmat/primitives/twofactor/totp.py -> build/lib.linux-x86_64-2.7/cryptography/hazmat/primitives/twofactor
creating build/lib.linux-x86_64-2.7/cryptography/hazmat/primitives/kdf
copying src/cryptography/hazmat/primitives/kdf/kbkdf.py -> build/lib.linux-x86_64-2.7/cryptography/hazmat/primitives/kdf
copying src/cryptography/hazmat/primitives/kdf/hkdf.py -> build/lib.linux-x86_64-2.7/cryptography/hazmat/primitives/kdf
copying src/cryptography/hazmat/primitives/kdf/init.py -> build/lib.linux-x86_64-2.7/cryptography/hazmat/primitives/kdf
copying src/cryptography/hazmat/primitives/kdf/pbkdf2.py -> build/lib.linux-x86_64-2.7/cryptography/hazmat/primitives/kdf
copying src/cryptography/hazmat/primitives/kdf/concatkdf.py -> build/lib.linux-x86_64-2.7/cryptography/hazmat/primitives/kdf
copying src/cryptography/hazmat/primitives/kdf/x963kdf.py -> build/lib.linux-x86_64-2.7/cryptography/hazmat/primitives/kdf
creating build/lib.linux-x86_64-2.7/cryptography/hazmat/primitives/interfaces
copying src/cryptography/hazmat/primitives/interfaces/init.py -> build/lib.linux-x86_64-2.7/cryptography/hazmat/primitives/interfaces
creating build/lib.linux-x86_64-2.7/cryptography/hazmat/primitives/asymmetric
copying src/cryptography/hazmat/primitives/asymmetric/init.py -> build/lib.linux-x86_64-2.7/cryptography/hazmat/primitives/asymmetric
copying src/cryptography/hazmat/primitives/asymmetric/rsa.py -> build/lib.linux-x86_64-2.7/cryptography/hazmat/primitives/asymmetric
copying src/cryptography/hazmat/primitives/asymmetric/padding.py -> build/lib.linux-x86_64-2.7/cryptography/hazmat/primitives/asymmetric
copying src/cryptography/hazmat/primitives/asymmetric/utils.py -> build/lib.linux-x86_64-2.7/cryptography/hazmat/primitives/asymmetric
copying src/cryptography/hazmat/primitives/asymmetric/ec.py -> build/lib.linux-x86_64-2.7/cryptography/hazmat/primitives/asymmetric
copying src/cryptography/hazmat/primitives/asymmetric/dh.py -> build/lib.linux-x86_64-2.7/cryptography/hazmat/primitives/asymmetric
copying src/cryptography/hazmat/primitives/asymmetric/dsa.py -> build/lib.linux-x86_64-2.7/cryptography/hazmat/primitives/asymmetric
running egg_info
writing requirements to src/cryptography.egg-info/requires.txt
writing src/cryptography.egg-info/PKG-INFO
writing top-level names to src/cryptography.egg-info/top_level.txt
writing dependency_links to src/cryptography.egg-info/dependency_links.txt
writing entry points to src/cryptography.egg-info/entry_points.txt
reading manifest file 'src/cryptography.egg-info/SOURCES.txt'
reading manifest template 'MANIFEST.in'
no previously-included directories found matching 'docs/_build'
warning: no previously-included files matching '*' found under directory 'vectors'
writing manifest file 'src/cryptography.egg-info/SOURCES.txt'
running build_ext
generating cffi module 'build/temp.linux-x86_64-2.7/_padding.c'
creating build/temp.linux-x86_64-2.7
generating cffi module 'build/temp.linux-x86_64-2.7/_constant_time.c'
generating cffi module 'build/temp.linux-x86_64-2.7/_openssl.c'
building '_openssl' extension
creating build/temp.linux-x86_64-2.7/build
creating build/temp.linux-x86_64-2.7/build/temp.linux-x86_64-2.7
x86_64-linux-gnu-gcc -pthread -DNDEBUG -g -fwrapv -O2 -Wall -Wstrict-prototypes -fno-strict-aliasing -Wdate-time -D_FORTIFY_SOURCE=2 -g -fdebug-prefix-map=/build/python2.7-HVkOs2/python2.7-2.7.13=. -fstack-protector-strong -Wformat -Werror=format-security -fPIC -I/usr/include/python2.7 -c build/temp.linux-x86_64-2.7/_openssl.c -o build/temp.linux-x86_64-2.7/build/temp.linux-x86_64-2.7/_openssl.o
build/temp.linux-x86_64-2.7/_openssl.c:708:23: error: conflicting types for ‘ASN1_TIME_to_generalizedtime’
ASN1_GENERALIZEDTIME *ASN1_TIME_to_generalizedtime(ASN1_TIME *,
^~~~~~~~~~~~~~~~~~~~~~~~~~~~
In file included from build/temp.linux-x86_64-2.7/_openssl.c:517:0:
/usr/include/openssl/asn1.h:628:23: note: previous declaration of ‘ASN1_TIME_to_generalizedtime’ was here
ASN1_GENERALIZEDTIME *ASN1_TIME_to_generalizedtime(const ASN1_TIME *t,
^~~~~~~~~~~~~~~~~~~~~~~~~~~~
build/temp.linux-x86_64-2.7/_openssl.c: In function ‘_cffi_d_ASN1_STRING_data’:
build/temp.linux-x86_64-2.7/_openssl.c:13445:3: warning: ‘ASN1_STRING_data’ is deprecated [-Wdeprecated-declarations]
return ASN1_STRING_data(x0);
^~~~~~
In file included from /usr/include/openssl/bn.h:31:0,
from /usr/include/openssl/asn1.h:24,
from build/temp.linux-x86_64-2.7/_openssl.c:517:
/usr/include/openssl/asn1.h:553:1: note: declared here
DEPRECATEDIN_1_1_0(unsigned char *ASN1_STRING_data(ASN1_STRING *x))
^
build/temp.linux-x86_64-2.7/_openssl.c: In function ‘_cffi_f_ASN1_STRING_data’:
build/temp.linux-x86_64-2.7/_openssl.c:13468:3: warning: ‘ASN1_STRING_data’ is deprecated [-Wdeprecated-declarations]
{ result = ASN1_STRING_data(x0); }
^
In file included from /usr/include/openssl/bn.h:31:0,
from /usr/include/openssl/asn1.h:24,
from build/temp.linux-x86_64-2.7/_openssl.c:517:
/usr/include/openssl/asn1.h:553:1: note: declared here
DEPRECATEDIN_1_1_0(unsigned char *ASN1_STRING_data(ASN1_STRING *x))
^
build/temp.linux-x86_64-2.7/_openssl.c: In function ‘_cffi_d_BIO_f_buffer’:
build/temp.linux-x86_64-2.7/_openssl.c:14808:10: warning: return discards ‘const’ qualifier from pointer target type [-Wdiscarded-qualifiers]
return BIO_f_buffer();
^~~~~~~~~~~~~~
build/temp.linux-x86_64-2.7/_openssl.c: In function ‘_cffi_f_BIO_f_buffer’:
build/temp.linux-x86_64-2.7/_openssl.c:14818:12: warning: assignment discards ‘const’ qualifier from pointer target type [-Wdiscarded-qualifiers]
{ result = BIO_f_buffer(); }
^
build/temp.linux-x86_64-2.7/_openssl.c: In function ‘_cffi_d_BIO_f_null’:
build/temp.linux-x86_64-2.7/_openssl.c:14832:10: warning: return discards ‘const’ qualifier from pointer target type [-Wdiscarded-qualifiers]
return BIO_f_null();
^~~~~~~~~~~~
build/temp.linux-x86_64-2.7/_openssl.c: In function ‘_cffi_f_BIO_f_null’:
build/temp.linux-x86_64-2.7/_openssl.c:14842:12: warning: assignment discards ‘const’ qualifier from pointer target type [-Wdiscarded-qualifiers]
{ result = BIO_f_null(); }
^
build/temp.linux-x86_64-2.7/_openssl.c: In function ‘_cffi_d_BIO_s_fd’:
build/temp.linux-x86_64-2.7/_openssl.c:16261:10: warning: return discards ‘const’ qualifier from pointer target type [-Wdiscarded-qualifiers]
return BIO_s_fd();
^~~~~~~~~~
build/temp.linux-x86_64-2.7/_openssl.c: In function ‘_cffi_f_BIO_s_fd’:
build/temp.linux-x86_64-2.7/_openssl.c:16271:12: warning: assignment discards ‘const’ qualifier from pointer target type [-Wdiscarded-qualifiers]
{ result = BIO_s_fd(); }
^
build/temp.linux-x86_64-2.7/_openssl.c: In function ‘_cffi_d_BIO_s_file’:
build/temp.linux-x86_64-2.7/_openssl.c:16285:10: warning: return discards ‘const’ qualifier from pointer target type [-Wdiscarded-qualifiers]
return BIO_s_file();
^~~~~~~~~~~~
build/temp.linux-x86_64-2.7/_openssl.c: In function ‘_cffi_f_BIO_s_file’:
build/temp.linux-x86_64-2.7/_openssl.c:16295:12: warning: assignment discards ‘const’ qualifier from pointer target type [-Wdiscarded-qualifiers]
{ result = BIO_s_file(); }
^
build/temp.linux-x86_64-2.7/_openssl.c: In function ‘_cffi_d_BIO_s_mem’:
build/temp.linux-x86_64-2.7/_openssl.c:16309:10: warning: return discards ‘const’ qualifier from pointer target type [-Wdiscarded-qualifiers]
return BIO_s_mem();
^~~~~~~~~~~
build/temp.linux-x86_64-2.7/_openssl.c: In function ‘_cffi_f_BIO_s_mem’:
build/temp.linux-x86_64-2.7/_openssl.c:16319:12: warning: assignment discards ‘const’ qualifier from pointer target type [-Wdiscarded-qualifiers]
{ result = BIO_s_mem(); }
^
build/temp.linux-x86_64-2.7/_openssl.c: In function ‘_cffi_d_BIO_s_null’:
build/temp.linux-x86_64-2.7/_openssl.c:16333:10: warning: return discards ‘const’ qualifier from pointer target type [-Wdiscarded-qualifiers]
return BIO_s_null();
^~~~~~~~~~~~
build/temp.linux-x86_64-2.7/_openssl.c: In function ‘_cffi_f_BIO_s_null’:
build/temp.linux-x86_64-2.7/_openssl.c:16343:12: warning: assignment discards ‘const’ qualifier from pointer target type [-Wdiscarded-qualifiers]
{ result = BIO_s_null(); }
^
build/temp.linux-x86_64-2.7/_openssl.c: In function ‘_cffi_d_BIO_s_socket’:
build/temp.linux-x86_64-2.7/_openssl.c:16357:10: warning: return discards ‘const’ qualifier from pointer target type [-Wdiscarded-qualifiers]
return BIO_s_socket();
^~~~~~~~~~~~~~
build/temp.linux-x86_64-2.7/_openssl.c: In function ‘_cffi_f_BIO_s_socket’:
build/temp.linux-x86_64-2.7/_openssl.c:16367:12: warning: assignment discards ‘const’ qualifier from pointer target type [-Wdiscarded-qualifiers]
{ result = BIO_s_socket(); }
^
build/temp.linux-x86_64-2.7/_openssl.c: In function ‘_cffi_d_DTLSv1_client_method’:
build/temp.linux-x86_64-2.7/_openssl.c:22839:3: warning: ‘DTLSv1_client_method’ is deprecated [-Wdeprecated-declarations]
return DTLSv1_client_method();
^~~~~~
In file included from /usr/include/openssl/ct.h:13:0,
from /usr/include/openssl/ssl.h:61,
from build/temp.linux-x86_64-2.7/_openssl.c:601:
/usr/include/openssl/ssl.h:1632:1: note: declared here
DEPRECATEDIN_1_1_0(__owur const SSL_METHOD DTLSv1_client_method(void)) / DTLSv1.0 */
^
build/temp.linux-x86_64-2.7/_openssl.c: In function ‘_cffi_f_DTLSv1_client_method’:
build/temp.linux-x86_64-2.7/_openssl.c:22849:3: warning: ‘DTLSv1_client_method’ is deprecated [-Wdeprecated-declarations]
{ result = DTLSv1_client_method(); }
^
In file included from /usr/include/openssl/ct.h:13:0,
from /usr/include/openssl/ssl.h:61,
from build/temp.linux-x86_64-2.7/_openssl.c:601:
/usr/include/openssl/ssl.h:1632:1: note: declared here
DEPRECATEDIN_1_1_0(__owur const SSL_METHOD DTLSv1_client_method(void)) / DTLSv1.0 */
^
build/temp.linux-x86_64-2.7/_openssl.c: In function ‘_cffi_d_DTLSv1_method’:
build/temp.linux-x86_64-2.7/_openssl.c:22863:3: warning: ‘DTLSv1_method’ is deprecated [-Wdeprecated-declarations]
return DTLSv1_method();
^~~~~~
In file included from /usr/include/openssl/ct.h:13:0,
from /usr/include/openssl/ssl.h:61,
from build/temp.linux-x86_64-2.7/_openssl.c:601:
/usr/include/openssl/ssl.h:1630:1: note: declared here
DEPRECATEDIN_1_1_0(__owur const SSL_METHOD DTLSv1_method(void)) / DTLSv1.0 */
^
build/temp.linux-x86_64-2.7/_openssl.c: In function ‘_cffi_f_DTLSv1_method’:
build/temp.linux-x86_64-2.7/_openssl.c:22873:3: warning: ‘DTLSv1_method’ is deprecated [-Wdeprecated-declarations]
{ result = DTLSv1_method(); }
^
In file included from /usr/include/openssl/ct.h:13:0,
from /usr/include/openssl/ssl.h:61,
from build/temp.linux-x86_64-2.7/_openssl.c:601:
/usr/include/openssl/ssl.h:1630:1: note: declared here
DEPRECATEDIN_1_1_0(__owur const SSL_METHOD DTLSv1_method(void)) / DTLSv1.0 */
^
build/temp.linux-x86_64-2.7/_openssl.c: In function ‘_cffi_d_DTLSv1_server_method’:
build/temp.linux-x86_64-2.7/_openssl.c:22887:3: warning: ‘DTLSv1_server_method’ is deprecated [-Wdeprecated-declarations]
return DTLSv1_server_method();
^~~~~~
In file included from /usr/include/openssl/ct.h:13:0,
from /usr/include/openssl/ssl.h:61,
from build/temp.linux-x86_64-2.7/_openssl.c:601:
/usr/include/openssl/ssl.h:1631:1: note: declared here
DEPRECATEDIN_1_1_0(__owur const SSL_METHOD DTLSv1_server_method(void)) / DTLSv1.0 */
^
build/temp.linux-x86_64-2.7/_openssl.c: In function ‘_cffi_f_DTLSv1_server_method’:
build/temp.linux-x86_64-2.7/_openssl.c:22897:3: warning: ‘DTLSv1_server_method’ is deprecated [-Wdeprecated-declarations]
{ result = DTLSv1_server_method(); }
^
In file included from /usr/include/openssl/ct.h:13:0,
from /usr/include/openssl/ssl.h:61,
from build/temp.linux-x86_64-2.7/_openssl.c:601:
/usr/include/openssl/ssl.h:1631:1: note: declared here
DEPRECATEDIN_1_1_0(__owur const SSL_METHOD DTLSv1_server_method(void)) / DTLSv1.0 */
^
build/temp.linux-x86_64-2.7/_openssl.c: In function ‘_cffi_d_OPENSSL_config’:
build/temp.linux-x86_64-2.7/_openssl.c:39568:3: warning: ‘OPENSSL_config’ is deprecated [-Wdeprecated-declarations]
OPENSSL_config(x0);
^~~~~~~~~~~~~~
In file included from /usr/include/openssl/x509_vfy.h:20:0,
from /usr/include/openssl/x509.h:309,
from /usr/include/openssl/cms.h:16,
from build/temp.linux-x86_64-2.7/_openssl.c:532:
/usr/include/openssl/conf.h:92:1: note: declared here
DEPRECATEDIN_1_1_0(void OPENSSL_config(const char *config_name))
^
build/temp.linux-x86_64-2.7/_openssl.c: In function ‘_cffi_f_OPENSSL_config’:
build/temp.linux-x86_64-2.7/_openssl.c:39590:3: warning: ‘OPENSSL_config’ is deprecated [-Wdeprecated-declarations]
{ OPENSSL_config(x0); }
^
In file included from /usr/include/openssl/x509_vfy.h:20:0,
from /usr/include/openssl/x509.h:309,
from /usr/include/openssl/cms.h:16,
from build/temp.linux-x86_64-2.7/_openssl.c:532:
/usr/include/openssl/conf.h:92:1: note: declared here
DEPRECATEDIN_1_1_0(void OPENSSL_config(const char *config_name))
^
build/temp.linux-x86_64-2.7/_openssl.c: In function ‘_cffi_d_TLSv1_1_client_method’:
build/temp.linux-x86_64-2.7/_openssl.c:52764:3: warning: ‘TLSv1_1_client_method’ is deprecated [-Wdeprecated-declarations]
return TLSv1_1_client_method();
^~~~~~
In file included from /usr/include/openssl/ct.h:13:0,
from /usr/include/openssl/ssl.h:61,
from build/temp.linux-x86_64-2.7/_openssl.c:601:
/usr/include/openssl/ssl.h:1620:1: note: declared here
DEPRECATEDIN_1_1_0(__owur const SSL_METHOD TLSv1_1_client_method(void)) / TLSv1.1 */
^
build/temp.linux-x86_64-2.7/_openssl.c: In function ‘_cffi_f_TLSv1_1_client_method’:
build/temp.linux-x86_64-2.7/_openssl.c:52774:3: warning: ‘TLSv1_1_client_method’ is deprecated [-Wdeprecated-declarations]
{ result = TLSv1_1_client_method(); }
^
In file included from /usr/include/openssl/ct.h:13:0,
from /usr/include/openssl/ssl.h:61,
from build/temp.linux-x86_64-2.7/_openssl.c:601:
/usr/include/openssl/ssl.h:1620:1: note: declared here
DEPRECATEDIN_1_1_0(__owur const SSL_METHOD TLSv1_1_client_method(void)) / TLSv1.1 */
^
build/temp.linux-x86_64-2.7/_openssl.c: In function ‘_cffi_d_TLSv1_1_method’:
build/temp.linux-x86_64-2.7/_openssl.c:52788:3: warning: ‘TLSv1_1_method’ is deprecated [-Wdeprecated-declarations]
return TLSv1_1_method();
^~~~~~
In file included from /usr/include/openssl/ct.h:13:0,
from /usr/include/openssl/ssl.h:61,
from build/temp.linux-x86_64-2.7/_openssl.c:601:
/usr/include/openssl/ssl.h:1618:1: note: declared here
DEPRECATEDIN_1_1_0(__owur const SSL_METHOD TLSv1_1_method(void)) / TLSv1.1 */
^
build/temp.linux-x86_64-2.7/_openssl.c: In function ‘_cffi_f_TLSv1_1_method’:
build/temp.linux-x86_64-2.7/_openssl.c:52798:3: warning: ‘TLSv1_1_method’ is deprecated [-Wdeprecated-declarations]
{ result = TLSv1_1_method(); }
^
In file included from /usr/include/openssl/ct.h:13:0,
from /usr/include/openssl/ssl.h:61,
from build/temp.linux-x86_64-2.7/_openssl.c:601:
/usr/include/openssl/ssl.h:1618:1: note: declared here
DEPRECATEDIN_1_1_0(__owur const SSL_METHOD TLSv1_1_method(void)) / TLSv1.1 */
^
build/temp.linux-x86_64-2.7/_openssl.c: In function ‘_cffi_d_TLSv1_1_server_method’:
build/temp.linux-x86_64-2.7/_openssl.c:52812:3: warning: ‘TLSv1_1_server_method’ is deprecated [-Wdeprecated-declarations]
return TLSv1_1_server_method();
^~~~~~
In file included from /usr/include/openssl/ct.h:13:0,
from /usr/include/openssl/ssl.h:61,
from build/temp.linux-x86_64-2.7/_openssl.c:601:
/usr/include/openssl/ssl.h:1619:1: note: declared here
DEPRECATEDIN_1_1_0(__owur const SSL_METHOD TLSv1_1_server_method(void)) / TLSv1.1 */
^
build/temp.linux-x86_64-2.7/_openssl.c: In function ‘_cffi_f_TLSv1_1_server_method’:
build/temp.linux-x86_64-2.7/_openssl.c:52822:3: warning: ‘TLSv1_1_server_method’ is deprecated [-Wdeprecated-declarations]
{ result = TLSv1_1_server_method(); }
^
In file included from /usr/include/openssl/ct.h:13:0,
from /usr/include/openssl/ssl.h:61,
from build/temp.linux-x86_64-2.7/_openssl.c:601:
/usr/include/openssl/ssl.h:1619:1: note: declared here
DEPRECATEDIN_1_1_0(__owur const SSL_METHOD TLSv1_1_server_method(void)) / TLSv1.1 */
^
build/temp.linux-x86_64-2.7/_openssl.c: In function ‘_cffi_d_TLSv1_2_client_method’:
build/temp.linux-x86_64-2.7/_openssl.c:52836:3: warning: ‘TLSv1_2_client_method’ is deprecated [-Wdeprecated-declarations]
return TLSv1_2_client_method();
^~~~~~
In file included from /usr/include/openssl/ct.h:13:0,
from /usr/include/openssl/ssl.h:61,
from build/temp.linux-x86_64-2.7/_openssl.c:601:
/usr/include/openssl/ssl.h:1626:1: note: declared here
DEPRECATEDIN_1_1_0(__owur const SSL_METHOD TLSv1_2_client_method(void)) / TLSv1.2 */
^
build/temp.linux-x86_64-2.7/_openssl.c: In function ‘_cffi_f_TLSv1_2_client_method’:
build/temp.linux-x86_64-2.7/_openssl.c:52846:3: warning: ‘TLSv1_2_client_method’ is deprecated [-Wdeprecated-declarations]
{ result = TLSv1_2_client_method(); }
^
In file included from /usr/include/openssl/ct.h:13:0,
from /usr/include/openssl/ssl.h:61,
from build/temp.linux-x86_64-2.7/_openssl.c:601:
/usr/include/openssl/ssl.h:1626:1: note: declared here
DEPRECATEDIN_1_1_0(__owur const SSL_METHOD TLSv1_2_client_method(void)) / TLSv1.2 */
^
build/temp.linux-x86_64-2.7/_openssl.c: In function ‘_cffi_d_TLSv1_2_method’:
build/temp.linux-x86_64-2.7/_openssl.c:52860:3: warning: ‘TLSv1_2_method’ is deprecated [-Wdeprecated-declarations]
return TLSv1_2_method();
^~~~~~
In file included from /usr/include/openssl/ct.h:13:0,
from /usr/include/openssl/ssl.h:61,
from build/temp.linux-x86_64-2.7/_openssl.c:601:
/usr/include/openssl/ssl.h:1624:1: note: declared here
DEPRECATEDIN_1_1_0(__owur const SSL_METHOD TLSv1_2_method(void)) / TLSv1.2 */
^
build/temp.linux-x86_64-2.7/_openssl.c: In function ‘_cffi_f_TLSv1_2_method’:
build/temp.linux-x86_64-2.7/_openssl.c:52870:3: warning: ‘TLSv1_2_method’ is deprecated [-Wdeprecated-declarations]
{ result = TLSv1_2_method(); }
^
In file included from /usr/include/openssl/ct.h:13:0,
from /usr/include/openssl/ssl.h:61,
from build/temp.linux-x86_64-2.7/_openssl.c:601:
/usr/include/openssl/ssl.h:1624:1: note: declared here
DEPRECATEDIN_1_1_0(__owur const SSL_METHOD TLSv1_2_method(void)) / TLSv1.2 */
^
build/temp.linux-x86_64-2.7/_openssl.c: In function ‘_cffi_d_TLSv1_2_server_method’:
build/temp.linux-x86_64-2.7/_openssl.c:52884:3: warning: ‘TLSv1_2_server_method’ is deprecated [-Wdeprecated-declarations]
return TLSv1_2_server_method();
^~~~~~
In file included from /usr/include/openssl/ct.h:13:0,
from /usr/include/openssl/ssl.h:61,
from build/temp.linux-x86_64-2.7/_openssl.c:601:
/usr/include/openssl/ssl.h:1625:1: note: declared here
DEPRECATEDIN_1_1_0(__owur const SSL_METHOD TLSv1_2_server_method(void)) / TLSv1.2 */
^
build/temp.linux-x86_64-2.7/_openssl.c: In function ‘_cffi_f_TLSv1_2_server_method’:
build/temp.linux-x86_64-2.7/_openssl.c:52894:3: warning: ‘TLSv1_2_server_method’ is deprecated [-Wdeprecated-declarations]
{ result = TLSv1_2_server_method(); }
^
In file included from /usr/include/openssl/ct.h:13:0,
from /usr/include/openssl/ssl.h:61,
from build/temp.linux-x86_64-2.7/_openssl.c:601:
/usr/include/openssl/ssl.h:1625:1: note: declared here
DEPRECATEDIN_1_1_0(__owur const SSL_METHOD TLSv1_2_server_method(void)) / TLSv1.2 */
^
build/temp.linux-x86_64-2.7/_openssl.c: In function ‘_cffi_d_TLSv1_client_method’:
build/temp.linux-x86_64-2.7/_openssl.c:52908:3: warning: ‘TLSv1_client_method’ is deprecated [-Wdeprecated-declarations]
return TLSv1_client_method();
^~~~~~
In file included from /usr/include/openssl/ct.h:13:0,
from /usr/include/openssl/ssl.h:61,
from build/temp.linux-x86_64-2.7/_openssl.c:601:
/usr/include/openssl/ssl.h:1614:1: note: declared here
DEPRECATEDIN_1_1_0(__owur const SSL_METHOD TLSv1_client_method(void)) / TLSv1.0 */
^
build/temp.linux-x86_64-2.7/_openssl.c: In function ‘_cffi_f_TLSv1_client_method’:
build/temp.linux-x86_64-2.7/_openssl.c:52918:3: warning: ‘TLSv1_client_method’ is deprecated [-Wdeprecated-declarations]
{ result = TLSv1_client_method(); }
^
In file included from /usr/include/openssl/ct.h:13:0,
from /usr/include/openssl/ssl.h:61,
from build/temp.linux-x86_64-2.7/_openssl.c:601:
/usr/include/openssl/ssl.h:1614:1: note: declared here
DEPRECATEDIN_1_1_0(__owur const SSL_METHOD TLSv1_client_method(void)) / TLSv1.0 */
^
build/temp.linux-x86_64-2.7/_openssl.c: In function ‘_cffi_d_TLSv1_method’:
build/temp.linux-x86_64-2.7/_openssl.c:52932:3: warning: ‘TLSv1_method’ is deprecated [-Wdeprecated-declarations]
return TLSv1_method();
^~~~~~
In file included from /usr/include/openssl/ct.h:13:0,
from /usr/include/openssl/ssl.h:61,
from build/temp.linux-x86_64-2.7/_openssl.c:601:
/usr/include/openssl/ssl.h:1612:1: note: declared here
DEPRECATEDIN_1_1_0(__owur const SSL_METHOD TLSv1_method(void)) / TLSv1.0 */
^
build/temp.linux-x86_64-2.7/_openssl.c: In function ‘_cffi_f_TLSv1_method’:
build/temp.linux-x86_64-2.7/_openssl.c:52942:3: warning: ‘TLSv1_method’ is deprecated [-Wdeprecated-declarations]
{ result = TLSv1_method(); }
^
In file included from /usr/include/openssl/ct.h:13:0,
from /usr/include/openssl/ssl.h:61,
from build/temp.linux-x86_64-2.7/_openssl.c:601:
/usr/include/openssl/ssl.h:1612:1: note: declared here
DEPRECATEDIN_1_1_0(__owur const SSL_METHOD TLSv1_method(void)) / TLSv1.0 */
^
build/temp.linux-x86_64-2.7/_openssl.c: In function ‘_cffi_d_TLSv1_server_method’:
build/temp.linux-x86_64-2.7/_openssl.c:52956:3: warning: ‘TLSv1_server_method’ is deprecated [-Wdeprecated-declarations]
return TLSv1_server_method();
^~~~~~
In file included from /usr/include/openssl/ct.h:13:0,
from /usr/include/openssl/ssl.h:61,
from build/temp.linux-x86_64-2.7/_openssl.c:601:
/usr/include/openssl/ssl.h:1613:1: note: declared here
DEPRECATEDIN_1_1_0(__owur const SSL_METHOD TLSv1_server_method(void)) / TLSv1.0 */
^
build/temp.linux-x86_64-2.7/_openssl.c: In function ‘_cffi_f_TLSv1_server_method’:
build/temp.linux-x86_64-2.7/_openssl.c:52966:3: warning: ‘TLSv1_server_method’ is deprecated [-Wdeprecated-declarations]
{ result = TLSv1_server_method(); }
^
In file included from /usr/include/openssl/ct.h:13:0,
from /usr/include/openssl/ssl.h:61,
from build/temp.linux-x86_64-2.7/_openssl.c:601:
/usr/include/openssl/ssl.h:1613:1: note: declared here
DEPRECATEDIN_1_1_0(__owur const SSL_METHOD TLSv1_server_method(void)) / TLSv1.0 */
^
build/temp.linux-x86_64-2.7/_openssl.c: In function ‘_cffi_d_X509_CRL_get_lastUpdate’:
build/temp.linux-x86_64-2.7/_openssl.c:54001:3: warning: ‘X509_CRL_get_lastUpdate’ is deprecated [-Wdeprecated-declarations]
return X509_CRL_get_lastUpdate(x0);
^~~~~~
In file included from /usr/include/openssl/x509_vfy.h:20:0,
from /usr/include/openssl/x509.h:309,
from /usr/include/openssl/cms.h:16,
from build/temp.linux-x86_64-2.7/_openssl.c:532:
/usr/include/openssl/x509.h:708:1: note: declared here
DEPRECATEDIN_1_1_0(ASN1_TIME *X509_CRL_get_lastUpdate(X509_CRL *crl))
^
build/temp.linux-x86_64-2.7/_openssl.c: In function ‘_cffi_f_X509_CRL_get_lastUpdate’:
build/temp.linux-x86_64-2.7/_openssl.c:54024:3: warning: ‘X509_CRL_get_lastUpdate’ is deprecated [-Wdeprecated-declarations]
{ result = X509_CRL_get_lastUpdate(x0); }
^
In file included from /usr/include/openssl/x509_vfy.h:20:0,
from /usr/include/openssl/x509.h:309,
from /usr/include/openssl/cms.h:16,
from build/temp.linux-x86_64-2.7/_openssl.c:532:
/usr/include/openssl/x509.h:708:1: note: declared here
DEPRECATEDIN_1_1_0(ASN1_TIME *X509_CRL_get_lastUpdate(X509_CRL *crl))
^
build/temp.linux-x86_64-2.7/_openssl.c: In function ‘_cffi_d_X509_CRL_get_nextUpdate’:
build/temp.linux-x86_64-2.7/_openssl.c:54037:3: warning: ‘X509_CRL_get_nextUpdate’ is deprecated [-Wdeprecated-declarations]
return X509_CRL_get_nextUpdate(x0);
^~~~~~
In file included from /usr/include/openssl/x509_vfy.h:20:0,
from /usr/include/openssl/x509.h:309,
from /usr/include/openssl/cms.h:16,
from build/temp.linux-x86_64-2.7/_openssl.c:532:
/usr/include/openssl/x509.h:709:1: note: declared here
DEPRECATEDIN_1_1_0(ASN1_TIME *X509_CRL_get_nextUpdate(X509_CRL *crl))
^
build/temp.linux-x86_64-2.7/_openssl.c: In function ‘_cffi_f_X509_CRL_get_nextUpdate’:
build/temp.linux-x86_64-2.7/_openssl.c:54060:3: warning: ‘X509_CRL_get_nextUpdate’ is deprecated [-Wdeprecated-declarations]
{ result = X509_CRL_get_nextUpdate(x0); }
^
In file included from /usr/include/openssl/x509_vfy.h:20:0,
from /usr/include/openssl/x509.h:309,
from /usr/include/openssl/cms.h:16,
from build/temp.linux-x86_64-2.7/_openssl.c:532:
/usr/include/openssl/x509.h:709:1: note: declared here
DEPRECATEDIN_1_1_0(ASN1_TIME *X509_CRL_get_nextUpdate(X509_CRL *crl))
^
build/temp.linux-x86_64-2.7/_openssl.c: In function ‘_cffi_d_X509_get0_signature’:
build/temp.linux-x86_64-2.7/_openssl.c:59497:23: warning: passing argument 1 of ‘X509_get0_signature’ from incompatible pointer type [-Wincompatible-pointer-types]
X509_get0_signature(x0, x1, x2);
^~
In file included from /usr/include/openssl/cms.h:16:0,
from build/temp.linux-x86_64-2.7/_openssl.c:532:
/usr/include/openssl/x509.h:552:6: note: expected ‘const ASN1_BIT_STRING ** {aka const struct asn1_string_st **}’ but argument is of type ‘ASN1_OCTET_STRING ** {aka struct asn1_string_st **}’
void X509_get0_signature(const ASN1_BIT_STRING **psig,
^~~~~~~~~~~~~~~~~~~
build/temp.linux-x86_64-2.7/_openssl.c:59497:27: warning: passing argument 2 of ‘X509_get0_signature’ from incompatible pointer type [-Wincompatible-pointer-types]
X509_get0_signature(x0, x1, x2);
^~
In file included from /usr/include/openssl/cms.h:16:0,
from build/temp.linux-x86_64-2.7/_openssl.c:532:
/usr/include/openssl/x509.h:552:6: note: expected ‘const X509_ALGOR ** {aka const struct X509_algor_st **}’ but argument is of type ‘X509_ALGOR ** {aka struct X509_algor_st **}’
void X509_get0_signature(const ASN1_BIT_STRING **psig,
^~~~~~~~~~~~~~~~~~~
build/temp.linux-x86_64-2.7/_openssl.c: In function ‘_cffi_f_X509_get0_signature’:
build/temp.linux-x86_64-2.7/_openssl.c:59549:25: warning: passing argument 1 of ‘X509_get0_signature’ from incompatible pointer type [-Wincompatible-pointer-types]
{ X509_get0_signature(x0, x1, x2); }
^~
In file included from /usr/include/openssl/cms.h:16:0,
from build/temp.linux-x86_64-2.7/_openssl.c:532:
/usr/include/openssl/x509.h:552:6: note: expected ‘const ASN1_BIT_STRING ** {aka const struct asn1_string_st **}’ but argument is of type ‘ASN1_OCTET_STRING ** {aka struct asn1_string_st **}’
void X509_get0_signature(const ASN1_BIT_STRING **psig,
^~~~~~~~~~~~~~~~~~~
build/temp.linux-x86_64-2.7/_openssl.c:59549:29: warning: passing argument 2 of ‘X509_get0_signature’ from incompatible pointer type [-Wincompatible-pointer-types]
{ X509_get0_signature(x0, x1, x2); }
^~
In file included from /usr/include/openssl/cms.h:16:0,
from build/temp.linux-x86_64-2.7/_openssl.c:532:
/usr/include/openssl/x509.h:552:6: note: expected ‘const X509_ALGOR ** {aka const struct X509_algor_st **}’ but argument is of type ‘X509_ALGOR ** {aka struct X509_algor_st **}’
void X509_get0_signature(const ASN1_BIT_STRING **psig,
^~~~~~~~~~~~~~~~~~~
error: command 'x86_64-linux-gnu-gcc' failed with exit status 1
----------------------------------------
Command "/usr/bin/python -u -c "import setuptools, tokenize;file='/tmp/pip-build-pnm9yn/cryptography/setup.py';f=getattr(tokenize, 'open', open)(file);code=f.read().replace('\r\n', '\n');f.close();exec(compile(code, file, 'exec'))" install --record /tmp/pip-CuCMQF-record/install-record.txt --single-version-externally-managed --compile --user --prefix=" failed with error code 1 in /tmp/pip-build-pnm9yn/cryptography/