gdparker commented on Sep 2, 2014
Hi there! When i'm trying to execute the code:
import requests
requests.get('https://www.atarisupport.com/')
i get the error:
Traceback (most recent call last):
  File "C:\Python34\lib\site-packages\requests\packages\urllib3\connectionpool.py", line 516, in urlopen
    body=body, headers=headers)
  File "C:\Python34\lib\site-packages\requests\packages\urllib3\connectionpool.py", line 304, in _make_request
    self._validate_conn(conn)
  File "C:\Python34\lib\site-packages\requests\packages\urllib3\connectionpool.py", line 722, in _validate_conn
    conn.connect()
  File "C:\Python34\lib\site-packages\requests\packages\urllib3\connection.py", line 229, in connect
    ssl_version=resolved_ssl_version)
  File "C:\Python34\lib\site-packages\requests\packages\urllib3\util\ssl_.py", line 123, in ssl_wrap_socket
    return context.wrap_socket(sock, server_hostname=server_hostname)
  File "C:\Python34\lib\ssl.py", line 364, in wrap_socket
    _context=self)
  File "C:\Python34\lib\ssl.py", line 578, in __init__
    self.do_handshake()
  File "C:\Python34\lib\ssl.py", line 805, in do_handshake
    self._sslobj.do_handshake()
ssl.SSLEOFError: EOF occurred in violation of protocol (_ssl.c:598)

During handling of the above exception, another exception occurred:

Traceback (most recent call last):
  File "C:\Python34\lib\site-packages\requests\adapters.py", line 359, in send
    timeout=timeout
  File "C:\Python34\lib\site-packages\requests\packages\urllib3\connectionpool.py", line 543, in urlopen
    raise SSLError(e)
requests.packages.urllib3.exceptions.SSLError: EOF occurred in violation of protocol (_ssl.c:598)

During handling of the above exception, another exception occurred:

Traceback (most recent call last):
  File "<stdin>", line 1, in <module>
  File "C:\Python34\lib\site-packages\requests\api.py", line 55, in get
    return request('get', url, **kwargs)
  File "C:\Python34\lib\site-packages\requests\api.py", line 44, in request
    return session.request(method=method, url=url, **kwargs)
  File "C:\Python34\lib\site-packages\requests\sessions.py", line 448, in request
    resp = self.send(prep, **send_kwargs)
  File "C:\Python34\lib\site-packages\requests\sessions.py", line 554, in send
    r = adapter.send(request, **kwargs)
  File "C:\Python34\lib\site-packages\requests\adapters.py", line 417, in send
    raise SSLError(e, request=request)
requests.exceptions.SSLError: EOF occurred in violation of protocol (_ssl.c:598)
Any suggestions?