allmoney commented on Apr 25, 2018
See this error in Logs. I have no proxy, VPN. Direct Internet.
Expected Result
No errors
Actual Result
Log Details (ERROR)
Wed Apr 25 2018 17:13:39 GMT+0300 (RTZ 2 (зима))
Error doing job: Future exception was never retrieved
Traceback (most recent call last):
File "/usr/lib/python3.6/site-packages/urllib3/connectionpool.py", line 387, in _make_request
six.raise_from(e, None)
File "", line 2, in raise_from
File "/usr/lib/python3.6/site-packages/urllib3/connectionpool.py", line 383, in _make_request
httplib_response = conn.getresponse()
File "/usr/lib/python3.6/http/client.py", line 1331, in getresponse
response.begin()
File "/usr/lib/python3.6/http/client.py", line 297, in begin
version, status, reason = self._read_status()
File "/usr/lib/python3.6/http/client.py", line 258, in _read_status
line = str(self.fp.readline(_MAXLINE + 1), "iso-8859-1")
File "/usr/lib/python3.6/socket.py", line 586, in readinto
return self._sock.recv_into(b)
File "/usr/lib/python3.6/ssl.py", line 1009, in recv_into
return self.read(nbytes, buffer)
File "/usr/lib/python3.6/ssl.py", line 871, in read
return self._sslobj.read(len, buffer)
File "/usr/lib/python3.6/ssl.py", line 631, in read
v = self._sslobj.read(len, buffer)
TimeoutError: [Errno 110] Operation timed out
During handling of the above exception, another exception occurred:
Traceback (most recent call last):
File "/usr/lib/python3.6/site-packages/requests/adapters.py", line 440, in send
timeout=timeout
File "/usr/lib/python3.6/site-packages/urllib3/connectionpool.py", line 639, in urlopen
_stacktrace=sys.exc_info()[2])
File "/usr/lib/python3.6/site-packages/urllib3/util/retry.py", line 357, in increment
raise six.reraise(type(error), error, _stacktrace)
File "/usr/lib/python3.6/site-packages/urllib3/packages/six.py", line 686, in reraise
raise value
File "/usr/lib/python3.6/site-packages/urllib3/connectionpool.py", line 601, in urlopen
chunked=chunked)
File "/usr/lib/python3.6/site-packages/urllib3/connectionpool.py", line 389, in _make_request
self._raise_timeout(err=e, url=url, timeout_value=read_timeout)
File "/usr/lib/python3.6/site-packages/urllib3/connectionpool.py", line 320, in _raise_timeout
raise ReadTimeoutError(self, url, "Read timed out. (read timeout=%s)" % timeout_value)
urllib3.exceptions.ReadTimeoutError: HTTPSConnectionPool(host='www.google.com', port=443): Read timed out. (read timeout=None)
During handling of the above exception, another exception occurred:
Traceback (most recent call last):
File "/usr/lib/python3.6/concurrent/futures/thread.py", line 56, in run
result = self.fn(*self.args, **self.kwargs)
File "/usr/lib/python3.6/site-packages/homeassistant/components/device_tracker/google_maps.py", line 67, in _update_info
for person in self.service.get_all_people():
File "/usr/lib/python3.6/site-packages/locationsharinglib/locationsharinglib.py", line 292, in get_all_people
return self._get_data()
File "/usr/lib/python3.6/site-packages/cachetools/init.py", line 46, in wrapper
v = func(*args, **kwargs)
File "/usr/lib/python3.6/site-packages/locationsharinglib/locationsharinglib.py", line 281, in _get_data
response = self._session.get(url, params=payload)
File "/usr/lib/python3.6/site-packages/requests/sessions.py", line 521, in get
return self.request('GET', url, **kwargs)
File "/usr/lib/python3.6/site-packages/requests/sessions.py", line 508, in request
resp = self.send(prep, **send_kwargs)
File "/usr/lib/python3.6/site-packages/requests/sessions.py", line 618, in send
r = adapter.send(request, **kwargs)
File "/usr/lib/python3.6/site-packages/requests/adapters.py", line 521, in send
raise ReadTimeout(e, request=request)
requests.exceptions.ReadTimeout: HTTPSConnectionPool(host='www.google.com', port=443): Read timed out. (read timeout=None)
Reproduction Steps
import requests
System Information
Home Assistant
0.67.1