newinh commented on 28 Jul 2019
Issue description
Installing mysqlclient with pip succeeds, but with pipenv it fails.
Expected result
Install musqlclient of latest version.
Actual result
$ pipenv install mysqlclient
Installing mysqlclientâ€¦
âœ” Installation Succeeded 
Installing dependencies from Pipfile.lock (e7ba11)â€¦
An error occurred while installing mysqlclient==1.4.2.post1 --hash=sha256:425e733b05e359a714d6007c0fc44582be66b63e5a3df0a50949274ae16f4bc6 --hash=sha256:62e4770b6a797b9416bcf70488365b7d6b9c9066878108499c559293bb464380 --hash=sha256:f257d250f2675d0ef99bd318906f3cfc05cef4a2f385ea695ff32a3f04b9f9a7! Will try again.
  ðŸ   â–‰â–‰â–‰â–‰â–‰â–‰â–‰â–‰â–‰â–‰â–‰â–‰â–‰â–‰â–‰â–‰â–‰â–‰â–‰â–‰â–‰â–‰â–‰â–‰â–‰â–‰â–‰â–‰â–‰â–‰â–‰â–‰ 5/5 â€” 00:00:02
Installing initially failed dependenciesâ€¦
[pipenv.exceptions.InstallError]:   File "/usr/local/var/pyenv/versions/3.7.1/lib/python3.7/site-packages/pipenv/core.py", line 1992, in do_install
[pipenv.exceptions.InstallError]:       skip_lock=skip_lock,
[pipenv.exceptions.InstallError]:   File "/usr/local/var/pyenv/versions/3.7.1/lib/python3.7/site-packages/pipenv/core.py", line 1253, in do_init
[pipenv.exceptions.InstallError]:       pypi_mirror=pypi_mirror,
[pipenv.exceptions.InstallError]:   File "/usr/local/var/pyenv/versions/3.7.1/lib/python3.7/site-packages/pipenv/core.py", line 859, in do_install_dependencies
[pipenv.exceptions.InstallError]:       retry_list, procs, failed_deps_queue, requirements_dir, **install_kwargs
[pipenv.exceptions.InstallError]:   File "/usr/local/var/pyenv/versions/3.7.1/lib/python3.7/site-packages/pipenv/core.py", line 763, in batch_install
[pipenv.exceptions.InstallError]:       _cleanup_procs(procs, not blocking, failed_deps_queue, retry=retry)
[pipenv.exceptions.InstallError]:   File "/usr/local/var/pyenv/versions/3.7.1/lib/python3.7/site-packages/pipenv/core.py", line 681, in _cleanup_procs
[pipenv.exceptions.InstallError]:       raise exceptions.InstallError(c.dep.name, extra=err_lines)
[pipenv.exceptions.InstallError]: ['Collecting mysqlclient==1.4.2.post1 (from -r /var/folders/3l/x67d1f3x2475tj3yyvy47jqh0000gn/T/pipenv-67gcd6l9-requirements/pipenv-qg291cj4-requirement.txt (line 1))', '  Using cached https://files.pythonhosted.org/packages/f4/f1/3bb6f64ca7a429729413e6556b7ba5976df06019a5245a43d36032f1061e/mysqlclient-1.4.2.post1.tar.gz', 'Building wheels for collected packages: mysqlclient', '  Building wheel for mysqlclient (setup.py): started', "  Building wheel for mysqlclient (setup.py): finished with status 'error'", '  Running setup.py clean for mysqlclient', 'Failed to build mysqlclient', 'Installing collected packages: mysqlclient', '  Running setup.py install for mysqlclient: started', "    Running setup.py install for mysqlclient: finished with status 'error'"]
[pipenv.exceptions.InstallError]: ['ERROR: Command errored out with exit status 1:', '   command: /Users/shinseunghoon/repository/toy/sample-backoffice/.venv/bin/python3.7 -u -c \'import sys, setuptools, tokenize; sys.argv[0] = \'"\'"\'/private/var/folders/3l/x67d1f3x2475tj3yyvy47jqh0000gn/T/pip-install-5jqjaych/mysqlclient/setup.py\'"\'"\'; __file__=\'"\'"\'/private/var/folders/3l/x67d1f3x2475tj3yyvy47jqh0000gn/T/pip-install-5jqjaych/mysqlclient/setup.py\'"\'"\';f=getattr(tokenize, \'"\'"\'open\'"\'"\', open)(__file__);code=f.read().replace(\'"\'"\'\\r\\n\'"\'"\', \'"\'"\'\\n\'"\'"\');f.close();exec(compile(code, __file__, \'"\'"\'exec\'"\'"\'))\' bdist_wheel -d /private/var/folders/3l/x67d1f3x2475tj3yyvy47jqh0000gn/T/pip-wheel-85d24i4b --python-tag cp37', '       cwd: /private/var/folders/3l/x67d1f3x2475tj3yyvy47jqh0000gn/T/pip-install-5jqjaych/mysqlclient/', '  Complete output (32 lines):', '  running bdist_wheel', '  running build', '  running build_py', '  creating build', '  creating build/lib.macosx-10.14-x86_64-3.7', '  creating build/lib.macosx-10.14-x86_64-3.7/MySQLdb', '  copying MySQLdb/__init__.py -> build/lib.macosx-10.14-x86_64-3.7/MySQLdb', '  copying MySQLdb/_exceptions.py -> build/lib.macosx-10.14-x86_64-3.7/MySQLdb', '  copying MySQLdb/compat.py -> build/lib.macosx-10.14-x86_64-3.7/MySQLdb', '  copying MySQLdb/connections.py -> build/lib.macosx-10.14-x86_64-3.7/MySQLdb', '  copying MySQLdb/converters.py -> build/lib.macosx-10.14-x86_64-3.7/MySQLdb', '  copying MySQLdb/cursors.py -> build/lib.macosx-10.14-x86_64-3.7/MySQLdb', '  copying MySQLdb/release.py -> build/lib.macosx-10.14-x86_64-3.7/MySQLdb', '  copying MySQLdb/times.py -> build/lib.macosx-10.14-x86_64-3.7/MySQLdb', '  creating build/lib.macosx-10.14-x86_64-3.7/MySQLdb/constants', '  copying MySQLdb/constants/__init__.py -> build/lib.macosx-10.14-x86_64-3.7/MySQLdb/constants', '  copying MySQLdb/constants/CLIENT.py -> build/lib.macosx-10.14-x86_64-3.7/MySQLdb/constants', '  copying MySQLdb/constants/CR.py -> build/lib.macosx-10.14-x86_64-3.7/MySQLdb/constants', '  copying MySQLdb/constants/ER.py -> build/lib.macosx-10.14-x86_64-3.7/MySQLdb/constants', '  copying MySQLdb/constants/FIELD_TYPE.py -> build/lib.macosx-10.14-x86_64-3.7/MySQLdb/constants', '  copying MySQLdb/constants/FLAG.py -> build/lib.macosx-10.14-x86_64-3.7/MySQLdb/constants', '  warning: build_py: byte-compiling is disabled, skipping.', '  ', '  running build_ext', "  building 'MySQLdb._mysql' extension", '  creating build/temp.macosx-10.14-x86_64-3.7', '  creating build/temp.macosx-10.14-x86_64-3.7/MySQLdb', "  clang -Wno-unused-result -Wsign-compare -Wunreachable-code -fno-common -dynamic -DNDEBUG -g -fwrapv -O3 -Wall -I/Applications/Xcode.app/Contents/Developer/Platforms/MacOSX.platform/Developer/SDKs/MacOSX10.14.sdk/usr/include -I/Applications/Xcode.app/Contents/Developer/Platforms/MacOSX.platform/Developer/SDKs/MacOSX10.14.sdk/System/Library/Frameworks/Tk.framework/Versions/8.5/Headers -Dversion_info=(1,4,2,'post',1) -D__version__=1.4.2.post1 -I/usr/local/Cellar/mysql/8.0.16/include/mysql -I/usr/local/Cellar/python/3.7.4/Frameworks/Python.framework/Versions/3.7/include/python3.7m -c MySQLdb/_mysql.c -o build/temp.macosx-10.14-x86_64-3.7/MySQLdb/_mysql.o", '  clang -bundle -undefined dynamic_lookup build/temp.macosx-10.14-x86_64-3.7/MySQLdb/_mysql.o -L/usr/local/Cellar/mysql/8.0.16/lib -lmysqlclient -lssl -lcrypto -o build/lib.macosx-10.14-x86_64-3.7/MySQLdb/_mysql.cpython-37m-darwin.so', '  ld: library not found for -lssl', '  clang: error: linker command failed with exit code 1 (use -v to see invocation)', "  error: command 'clang' failed with exit status 1", '  ----------------------------------------', '  ERROR: Failed building wheel for mysqlclient', '    ERROR: Command errored out with exit status 1:', '     command: /Users/shinseunghoon/repository/toy/sample-backoffice/.venv/bin/python3.7 -u -c \'import sys, setuptools, tokenize; sys.argv[0] = \'"\'"\'/private/var/folders/3l/x67d1f3x2475tj3yyvy47jqh0000gn/T/pip-install-5jqjaych/mysqlclient/setup.py\'"\'"\'; __file__=\'"\'"\'/private/var/folders/3l/x67d1f3x2475tj3yyvy47jqh0000gn/T/pip-install-5jqjaych/mysqlclient/setup.py\'"\'"\';f=getattr(tokenize, \'"\'"\'open\'"\'"\', open)(__file__);code=f.read().replace(\'"\'"\'\\r\\n\'"\'"\', \'"\'"\'\\n\'"\'"\');f.close();exec(compile(code, __file__, \'"\'"\'exec\'"\'"\'))\' install --record /private/var/folders/3l/x67d1f3x2475tj3yyvy47jqh0000gn/T/pip-record-1hops9ch/install-record.txt --single-version-externally-managed --compile --install-headers /Users/shinseunghoon/repository/toy/sample-backoffice/.venv/bin/../include/site/python3.7/mysqlclient', '         cwd: /private/var/folders/3l/x67d1f3x2475tj3yyvy47jqh0000gn/T/pip-install-5jqjaych/mysqlclient/', '    Complete output (32 lines):', '    running install', '    running build', '    running build_py', '    creating build', '    creating build/lib.macosx-10.14-x86_64-3.7', '    creating build/lib.macosx-10.14-x86_64-3.7/MySQLdb', '    copying MySQLdb/__init__.py -> build/lib.macosx-10.14-x86_64-3.7/MySQLdb', '    copying MySQLdb/_exceptions.py -> build/lib.macosx-10.14-x86_64-3.7/MySQLdb', '    copying MySQLdb/compat.py -> build/lib.macosx-10.14-x86_64-3.7/MySQLdb', '    copying MySQLdb/connections.py -> build/lib.macosx-10.14-x86_64-3.7/MySQLdb', '    copying MySQLdb/converters.py -> build/lib.macosx-10.14-x86_64-3.7/MySQLdb', '    copying MySQLdb/cursors.py -> build/lib.macosx-10.14-x86_64-3.7/MySQLdb', '    copying MySQLdb/release.py -> build/lib.macosx-10.14-x86_64-3.7/MySQLdb', '    copying MySQLdb/times.py -> build/lib.macosx-10.14-x86_64-3.7/MySQLdb', '    creating build/lib.macosx-10.14-x86_64-3.7/MySQLdb/constants', '    copying MySQLdb/constants/__init__.py -> build/lib.macosx-10.14-x86_64-3.7/MySQLdb/constants', '    copying MySQLdb/constants/CLIENT.py -> build/lib.macosx-10.14-x86_64-3.7/MySQLdb/constants', '    copying MySQLdb/constants/CR.py -> build/lib.macosx-10.14-x86_64-3.7/MySQLdb/constants', '    copying MySQLdb/constants/ER.py -> build/lib.macosx-10.14-x86_64-3.7/MySQLdb/constants', '    copying MySQLdb/constants/FIELD_TYPE.py -> build/lib.macosx-10.14-x86_64-3.7/MySQLdb/constants', '    copying MySQLdb/constants/FLAG.py -> build/lib.macosx-10.14-x86_64-3.7/MySQLdb/constants', '    warning: build_py: byte-compiling is disabled, skipping.', '    ', '    running build_ext', "    building 'MySQLdb._mysql' extension", '    creating build/temp.macosx-10.14-x86_64-3.7', '    creating build/temp.macosx-10.14-x86_64-3.7/MySQLdb', "    clang -Wno-unused-result -Wsign-compare -Wunreachable-code -fno-common -dynamic -DNDEBUG -g -fwrapv -O3 -Wall -I/Applications/Xcode.app/Contents/Developer/Platforms/MacOSX.platform/Developer/SDKs/MacOSX10.14.sdk/usr/include -I/Applications/Xcode.app/Contents/Developer/Platforms/MacOSX.platform/Developer/SDKs/MacOSX10.14.sdk/System/Library/Frameworks/Tk.framework/Versions/8.5/Headers -Dversion_info=(1,4,2,'post',1) -D__version__=1.4.2.post1 -I/usr/local/Cellar/mysql/8.0.16/include/mysql -I/usr/local/Cellar/python/3.7.4/Frameworks/Python.framework/Versions/3.7/include/python3.7m -c MySQLdb/_mysql.c -o build/temp.macosx-10.14-x86_64-3.7/MySQLdb/_mysql.o", '    clang -bundle -undefined dynamic_lookup build/temp.macosx-10.14-x86_64-3.7/MySQLdb/_mysql.o -L/usr/local/Cellar/mysql/8.0.16/lib -lmysqlclient -lssl -lcrypto -o build/lib.macosx-10.14-x86_64-3.7/MySQLdb/_mysql.cpython-37m-darwin.so', '    ld: library not found for -lssl', '    clang: error: linker command failed with exit code 1 (use -v to see invocation)', "    error: command 'clang' failed with exit status 1", '    ----------------------------------------', 'ERROR: Command errored out with exit status 1: /Users/shinseunghoon/repository/toy/sample-backoffice/.venv/bin/python3.7 -u -c \'import sys, setuptools, tokenize; sys.argv[0] = \'"\'"\'/private/var/folders/3l/x67d1f3x2475tj3yyvy47jqh0000gn/T/pip-install-5jqjaych/mysqlclient/setup.py\'"\'"\'; __file__=\'"\'"\'/private/var/folders/3l/x67d1f3x2475tj3yyvy47jqh0000gn/T/pip-install-5jqjaych/mysqlclient/setup.py\'"\'"\';f=getattr(tokenize, \'"\'"\'open\'"\'"\', open)(__file__);code=f.read().replace(\'"\'"\'\\r\\n\'"\'"\', \'"\'"\'\\n\'"\'"\');f.close();exec(compile(code, __file__, \'"\'"\'exec\'"\'"\'))\' install --record /private/var/folders/3l/x67d1f3x2475tj3yyvy47jqh0000gn/T/pip-record-1hops9ch/install-record.txt --single-version-externally-managed --compile --install-headers /Users/shinseunghoon/repository/toy/sample-backoffice/.venv/bin/../include/site/python3.7/mysqlclient Check the logs for full command output.']
ERROR: ERROR: Package installation failed...
  â˜¤  â–‰â–‰â–‰â–‰â–‰â–‰â–‰â–‰â–‰â–‰â–‰â–‰â–‰â–‰â–‰â–‰â–‰â–‰â–‰â–‰â–‰â–‰â–‰â–‰â–‰â–‰â–‰â–‰â–‰â–‰â–‰â–‰ 0/1 â€” 00:00:02
Steps to replicate
Pipfile
[[source]]
name = "pypi"
url = "https://pypi.org/simple"
verify_ssl = true

[dev-packages]
flake8 = "*"
autopep8 = "*"

[packages]
django = "*"
django-mysql = "*"
mysqlclient = "*"

[requires]
python_version = "3.7"
I don't know this information would be helpful, I installed mysql client using brew.
$ brew install mysql
$ pipenv --support