pglombardo commented on 15 Mar 2018 â€¢
edited
When running pipenv I'm getting a syntax error. python -m pipenv.help also results in a Syntax error.
This might be due to pipenv although I'm not completely convinced. Any direction, hints or ideas would be appreciated
Python 3.5.2 (via pyenv)
pip 9.0.1 from /Users/pglombardo/.pyenv/versions/3.5.2/lib/python3.5/site-packages (python 3.5)
pipenv (11.8.0) installed via pip
MacOS Sierra
Expected result
No syntax errors
Actual result
Stacktrace output:
$ python -m pipenv.help                                                                                                                                                     [17:06:06]
Traceback (most recent call last):
  File "/Users/pglombardo/.pyenv/versions/3.5.2/lib/python3.5/runpy.py", line 184, in _run_module_as_main
    "__main__", mod_spec)
  File "/Users/pglombardo/.pyenv/versions/3.5.2/lib/python3.5/runpy.py", line 85, in _run_code
    exec(code, run_globals)
  File "/Users/pglombardo/.pyenv/versions/3.5.2/lib/python3.5/site-packages/pipenv/help.py", line 9, in <module>
    from .core import project, system_which, find_python_in_path, python_version
  File "/Users/pglombardo/.pyenv/versions/3.5.2/lib/python3.5/site-packages/pipenv/core.py", line 24, in <module>
    import pipdeptree
  File "/Users/pglombardo/.pyenv/versions/3.5.2/lib/python3.5/site-packages/pipenv/vendor/pipdeptree.py", line 16, in <module>
    import pip9
  File "/Users/pglombardo/.pyenv/versions/3.5.2/lib/python3.5/site-packages/pipenv/vendor/pip9/__init__.py", line 28, in <module>
    from pip9.vcs import git, mercurial, subversion, bazaar  # noqa
  File "/Users/pglombardo/.pyenv/versions/3.5.2/lib/python3.5/site-packages/pipenv/vendor/pip9/vcs/subversion.py", line 9, in <module>
    from pip9.index import Link
  File "/Users/pglombardo/.pyenv/versions/3.5.2/lib/python3.5/site-packages/pipenv/vendor/pip9/index.py", line 31, in <module>
    from pip9.wheel import Wheel, wheel_ext
  File "/Users/pglombardo/.pyenv/versions/3.5.2/lib/python3.5/site-packages/pipenv/vendor/pip9/wheel.py", line 6, in <module>
    import compileall
  File "/Users/pglombardo/.pyenv/versions/3.5.2/lib/python3.5/compileall.py", line 20, in <module>
    from concurrent.futures import ProcessPoolExecutor
  File "/Users/pglombardo/.pyenv/versions/3.5.2/lib/python3.5/site-packages/pipenv/../concurrent/futures/__init__.py", line 8, in <module>
    from concurrent.futures._base import (FIRST_COMPLETED,
  File "/Users/pglombardo/.pyenv/versions/3.5.2/lib/python3.5/site-packages/pipenv/../concurrent/futures/_base.py", line 414
    raise exception_type, self._exception, self._traceback
                        ^
SyntaxError: invalid syntax
FAIL: 1


$ pipenv                                                                                                                                                                    [17:15:16]
Traceback (most recent call last):
  File "/Users/pglombardo/.pyenv/versions/3.5.2/bin/pipenv", line 11, in <module>
    load_entry_point('pipenv==11.8.0', 'console_scripts', 'pipenv')()
  File "/Users/pglombardo/.pyenv/versions/3.5.2/lib/python3.5/site-packages/pipenv/vendor/click/core.py", line 722, in __call__
    return self.main(*args, **kwargs)
  File "/Users/pglombardo/.pyenv/versions/3.5.2/lib/python3.5/site-packages/pipenv/vendor/click/core.py", line 696, in main
    with self.make_context(prog_name, args, **extra) as ctx:
  File "/Users/pglombardo/.pyenv/versions/3.5.2/lib/python3.5/site-packages/pipenv/vendor/click/core.py", line 621, in make_context
    self.parse_args(ctx, args)
  File "/Users/pglombardo/.pyenv/versions/3.5.2/lib/python3.5/site-packages/pipenv/vendor/click/core.py", line 1018, in parse_args
    rest = Command.parse_args(self, ctx, args)
  File "/Users/pglombardo/.pyenv/versions/3.5.2/lib/python3.5/site-packages/pipenv/vendor/click/core.py", line 875, in parse_args
    parser = self.make_parser(ctx)
  File "/Users/pglombardo/.pyenv/versions/3.5.2/lib/python3.5/site-packages/pipenv/vendor/click/core.py", line 821, in make_parser
    for param in self.get_params(ctx):
  File "/Users/pglombardo/.pyenv/versions/3.5.2/lib/python3.5/site-packages/pipenv/vendor/click/core.py", line 774, in get_params
    help_option = self.get_help_option(ctx)
  File "/Users/pglombardo/.pyenv/versions/3.5.2/lib/python3.5/site-packages/pipenv/cli.py", line 26, in get_help_option
    from .import core
  File "/Users/pglombardo/.pyenv/versions/3.5.2/lib/python3.5/site-packages/pipenv/core.py", line 23, in <module>
    import pipdeptree
  File "/Users/pglombardo/.pyenv/versions/3.5.2/lib/python3.5/site-packages/pipenv/vendor/pipdeptree.py", line 16, in <module>
    import pip9
  File "/Users/pglombardo/.pyenv/versions/3.5.2/lib/python3.5/site-packages/pipenv/vendor/pip9/__init__.py", line 28, in <module>
    from pip9.vcs import git, mercurial, subversion, bazaar  # noqa
  File "/Users/pglombardo/.pyenv/versions/3.5.2/lib/python3.5/site-packages/pipenv/vendor/pip9/vcs/subversion.py", line 9, in <module>
    from pip9.index import Link
  File "/Users/pglombardo/.pyenv/versions/3.5.2/lib/python3.5/site-packages/pipenv/vendor/pip9/index.py", line 31, in <module>
    from pip9.wheel import Wheel, wheel_ext
  File "/Users/pglombardo/.pyenv/versions/3.5.2/lib/python3.5/site-packages/pipenv/vendor/pip9/wheel.py", line 6, in <module>
    import compileall
  File "/Users/pglombardo/.pyenv/versions/3.5.2/lib/python3.5/compileall.py", line 20, in <module>
    from concurrent.futures import ProcessPoolExecutor
  File "/Users/pglombardo/.pyenv/versions/3.5.2/lib/python3.5/site-packages/pipenv/../concurrent/futures/__init__.py", line 8, in <module>
    from concurrent.futures._base import (FIRST_COMPLETED,
  File "/Users/pglombardo/.pyenv/versions/3.5.2/lib/python3.5/site-packages/pipenv/../concurrent/futures/_base.py", line 414
    raise exception_type, self._exception, self._traceback
                        ^
SyntaxError: invalid syntax
FAIL: 1
Steps to replicate
run any command with pipenv